======================================================================================================================
DESCRIPTION:

MB-19302 Use visible logging on couchstore_open_local_document error

This change ensures that CouchKVStore::readVBState will log an
error at a default visible level in the event that
couchstore_open_local_document fails. In addition any serious error
(i.e. any not DOC_NOT_FOUND) will be logged at WARNING.

Change-Id: I1479fc6ee2c830e5d1b1e52324617a81ae1434fe

======================================================================================================================
COMMENTS
======================================================================================================================
Author: Build Bot
Date: 2016-05-03 17:11:11.000000000
Message: 
Patch Set 7:

Build Started http://cv.jenkins.couchbase.com/job/ep-engine-gerrit-master/643/ (1/3)
----------------------------------------------------------------------------------------------------------------------
Author: Build Bot
Date: 2016-05-03 17:19:33.000000000
Message: 
Patch Set 7:

Build Started http://cv.jenkins.couchbase.com/job/ep-engine-clang_analyzer-master/496/ (2/3)
----------------------------------------------------------------------------------------------------------------------
Author: Build Bot
Date: 2016-05-03 17:25:25.000000000
Message: 
Patch Set 7:

Build Started http://cv.jenkins.couchbase.com/job/ep-engine-threadsanitizer-master/591/ (3/3)
----------------------------------------------------------------------------------------------------------------------
Author: Build Bot
Date: 2016-05-03 18:01:20.000000000
Message: 
Patch Set 7: Verified-1

Build Failed 

http://cv.jenkins.couchbase.com/job/ep-engine-gerrit-master/643/ : FAILURE

http://cv.jenkins.couchbase.com/job/ep-engine-threadsanitizer-master/591/ : FAILURE

Failure of a CTest test  ( http://cv.jenkins.couchbase.com//job/ep-engine-threadsanitizer-master/591/ )

http://cv.jenkins.couchbase.com/job/ep-engine-clang_analyzer-master/496/ : SUCCESS
----------------------------------------------------------------------------------------------------------------------
Author: Build Bot
Date: 2016-05-04 08:52:15.000000000
Message: 
Patch Set 7: -Verified

Build Started http://cv.jenkins.couchbase.com/job/ep-engine-gerrit-master/659/ (2/3)
----------------------------------------------------------------------------------------------------------------------
Author: Build Bot
Date: 2016-05-04 09:45:42.000000000
Message: 
Patch Set 7:

Build Started http://cv.jenkins.couchbase.com/job/ep-engine-threadsanitizer-master/609/ (3/3)
----------------------------------------------------------------------------------------------------------------------
Author: Build Bot
Date: 2016-05-04 10:20:25.000000000
Message: 
Patch Set 7: Verified-1

Build Failed 

http://cv.jenkins.couchbase.com/job/ep-engine-gerrit-master/659/ : FAILURE

http://cv.jenkins.couchbase.com/job/ep-engine-threadsanitizer-master/609/ : FAILURE

Failure of a CTest test  ( http://cv.jenkins.couchbase.com//job/ep-engine-threadsanitizer-master/609/ )

ThreadSanitizer issue: data race ??:0 operator delete(void*)  ( http://cv.jenkins.couchbase.com//job/ep-engine-threadsanitizer-master/609/ )

http://cv.jenkins.couchbase.com/job/ep-engine-clang_analyzer-master/496/ : SUCCESS
----------------------------------------------------------------------------------------------------------------------
Author: Build Bot
Date: 2016-05-04 10:45:32.000000000
Message: 
Patch Set 7: -Verified

Build Started http://cv.jenkins.couchbase.com/job/ep-engine-gerrit-master/670/ (2/3)
----------------------------------------------------------------------------------------------------------------------
Author: Build Bot
Date: 2016-05-04 11:35:23.000000000
Message: 
Patch Set 7:

Build Started http://cv.jenkins.couchbase.com/job/ep-engine-threadsanitizer-master/622/ (3/3)
----------------------------------------------------------------------------------------------------------------------
Author: Build Bot
Date: 2016-05-04 11:54:57.000000000
Message: 
Patch Set 7: Verified-1

Build Failed 

http://cv.jenkins.couchbase.com/job/ep-engine-gerrit-master/670/ : FAILURE

http://cv.jenkins.couchbase.com/job/ep-engine-threadsanitizer-master/622/ : FAILURE

Failure of a CTest test  ( http://cv.jenkins.couchbase.com//job/ep-engine-threadsanitizer-master/622/ )

http://cv.jenkins.couchbase.com/job/ep-engine-clang_analyzer-master/496/ : SUCCESS
----------------------------------------------------------------------------------------------------------------------
Author: Build Bot
Date: 2016-05-04 12:33:06.000000000
Message: 
Patch Set 7: -Verified

Build Started http://cv.jenkins.couchbase.com/job/ep-engine-gerrit-master/671/ (3/3)
----------------------------------------------------------------------------------------------------------------------
Author: Build Bot
Date: 2016-05-04 12:33:09.000000000
Message: 
Patch Set 7:

Build Started http://cv.jenkins.couchbase.com/job/ep-engine-threadsanitizer-master/627/ (3/3)
----------------------------------------------------------------------------------------------------------------------
Author: Build Bot
Date: 2016-05-04 13:03:48.000000000
Message: 
Patch Set 7: Verified-1

Build Failed 

http://cv.jenkins.couchbase.com/job/ep-engine-threadsanitizer-master/627/ : FAILURE

Failure of a CTest test  ( http://cv.jenkins.couchbase.com//job/ep-engine-threadsanitizer-master/627/ )

http://cv.jenkins.couchbase.com/job/ep-engine-gerrit-master/671/ : FAILURE

http://cv.jenkins.couchbase.com/job/ep-engine-clang_analyzer-master/496/ : SUCCESS
----------------------------------------------------------------------------------------------------------------------
Author: Build Bot
Date: 2016-05-04 13:20:41.000000000
Message: 
Patch Set 7: -Verified

Build Started http://cv.jenkins.couchbase.com/job/ep-engine-threadsanitizer-master/633/ (3/3)
----------------------------------------------------------------------------------------------------------------------
Author: Build Bot
Date: 2016-05-04 13:33:21.000000000
Message: 
Patch Set 7: Verified-1

Build Failed 

http://cv.jenkins.couchbase.com/job/ep-engine-gerrit-master/671/ : FAILURE

http://cv.jenkins.couchbase.com/job/ep-engine-threadsanitizer-master/633/ : FAILURE

Failure of a CTest test  ( http://cv.jenkins.couchbase.com//job/ep-engine-threadsanitizer-master/633/ )

http://cv.jenkins.couchbase.com/job/ep-engine-clang_analyzer-master/496/ : SUCCESS
----------------------------------------------------------------------------------------------------------------------
Author: Build Bot
Date: 2016-05-04 13:35:12.000000000
Message: 
Patch Set 7: -Verified

Build Started http://cv.jenkins.couchbase.com/job/ep-engine-gerrit-master/678/ (3/3)
----------------------------------------------------------------------------------------------------------------------
Author: Build Bot
Date: 2016-05-04 13:46:57.000000000
Message: 
Patch Set 7:

Build Started http://cv.jenkins.couchbase.com/job/ep-engine-threadsanitizer-master/637/ (3/3)
----------------------------------------------------------------------------------------------------------------------
Author: Build Bot
Date: 2016-05-04 14:06:54.000000000
Message: 
Patch Set 7: Verified+1

Build Successful 

http://cv.jenkins.couchbase.com/job/ep-engine-clang_analyzer-master/496/ : SUCCESS

http://cv.jenkins.couchbase.com/job/ep-engine-threadsanitizer-master/637/ : SUCCESS

http://cv.jenkins.couchbase.com/job/ep-engine-gerrit-master/678/ : SUCCESS
----------------------------------------------------------------------------------------------------------------------
Author: Will Gardner
Date: 2016-05-04 14:34:52.000000000
Message: 
Patch Set 8: Patch Set 7 was rebased
----------------------------------------------------------------------------------------------------------------------
