======================================================================================================================
DESCRIPTION:

Validate scope id as part of packet validation

Change-Id: Ice0e822903fd10fce8912318d088499d64fc2a5d

======================================================================================================================
COMMENTS
======================================================================================================================
Author: Trond Norbye
Date: 2020-01-24 10:50:40.000000000
Message: 
Uploaded patch set 1.
----------------------------------------------------------------------------------------------------------------------
Author: Build Bot
Date: 2020-01-24 11:20:50.000000000
Message: 
Patch Set 1: Verified-1

Build Failed 

http://cv.jenkins.couchbase.com/job/kv_engine-windows-master/25667/ : ABORTED

No problems were identified. If you know why this problem occurred, please add a suitable Cause for it. ( http://cv.jenkins.couchbase.com/job/kv_engine-windows-master/25667/ )

http://cv.jenkins.couchbase.com/job/kv_engine-clang_analyzer-master/21885/ : ABORTED

Build which was aborted due to a newer patch set being uploaded for the given review. ( http://cv.jenkins.couchbase.com/job/kv_engine-clang_analyzer-master/21885/ )

http://cv.jenkins.couchbase.com/job/kv_engine.linux/job/master/1288/ : ABORTED

http://cv.jenkins.couchbase.com/job/kv_engine.threadsanitizer/job/master/1363/ : ABORTED

http://cv.jenkins.couchbase.com/job/kv_engine.ASan-UBSan/job/master/9179/ : ABORTED

http://cv.jenkins.couchbase.com/job/kv_engine.linux-CE/job/master/1258/ : FAILURE

Failure of a CTest test [2020-01-24T11:09:55.816Z] 113/205 Test #115: memcached_testapp.default.TransportProtocols/BucketTest ...................... ( http://cv.jenkins.couchbase.com/job/kv_engine.linux-CE/job/master/1258/ )

http://cv.jenkins.couchbase.com/job/kv_engine.macos/job/master/458/ : FAILURE

Failure of a CTest test [2020-01-24T11:03:10.857Z] 120/212 Test #122: memcached_testapp.default.TransportProtocols/BucketTest ...................... ( http://cv.jenkins.couchbase.com/job/kv_engine.macos/job/master/458/ )

http://cv.jenkins.couchbase.com/job/kv_engine-clang_format/23872/ : SUCCESS
----------------------------------------------------------------------------------------------------------------------
