======================================================================================================================
DESCRIPTION:

Unite test should fail

Change-Id: I85d489f715a0b83604fe92643e07024ed4353fb8

======================================================================================================================
COMMENTS
======================================================================================================================
Author: Jim Walker
Date: 2021-05-25 20:25:03.000000000
Message: 
Uploaded patch set 1.
----------------------------------------------------------------------------------------------------------------------
Author: Build Bot
Date: 2021-05-25 20:25:10.000000000
Message: 
Patch Set 1: Well-Formed-1

Branch restricted. PLEASE READ this URL: 

http://server.jenkins.couchbase.com/job/restricted-branch-check/242191/artifact/restricted.html : FAILURE
----------------------------------------------------------------------------------------------------------------------
Author: Build Bot
Date: 2021-05-25 20:53:18.000000000
Message: 
Patch Set 1: Verified-1

Build Failed 

http://cv.jenkins.couchbase.com/job/kv_engine-windows-madhatter/2047/ : FAILURE

Failure of GoogleTest "DurabilityTest.Set":

<pre>
[ RUN      ] DurabilityTest.Set
..\kv_engine\tests\testapp_cluster\clustertest.cc(97): error: Value of: consumer
  Actual: "287"
Expected: producer
Which is: "288"
Producer eq_dcpq:n_0->n_1:total_bytes_sent compared with replica eq_dcpq:n_0->n_1:unacked_bytes
..\kv_engine\tests\testapp_cluster\clustertest.cc(97): error: Value of: consumer
  Actual: "287"
Expected: producer
Which is: "288"
Producer eq_dcpq:n_0->n_2:total_bytes_sent compared with replica eq_dcpq:n_0->n_2:unacked_bytes
[  FAILED  ] DurabilityTest.Set (22 ms)
DurabilityTest.Set
</pre>
 ( http://cv.jenkins.couchbase.com/job/kv_engine-windows-madhatter/2047/ )

http://cv.jenkins.couchbase.com/job/kv_engine.macos/job/mad-hatter/1273/ : FAILURE

Failure of GoogleTest "DurabilityTest.Set":

<pre>
[ RUN      ] DurabilityTest.Set
[2021-05-25T20:30:57.257Z] ../kv_engine/tests/testapp_cluster/clustertest.cc:97: Failure
[2021-05-25T20:30:57.257Z] Value of: consumer
[2021-05-25T20:30:57.257Z]   Actual: "287"
[2021-05-25T20:30:57.257Z] Expected: producer
[2021-05-25T20:30:57.257Z] Which is: "288"
[2021-05-25T20:30:57.257Z] Producer eq_dcpq:n_0->n_1:total_bytes_sent compared with replica eq_dcpq:n_0->n_1:unacked_bytes
[2021-05-25T20:30:57.257Z] ../kv_engine/tests/testapp_cluster/clustertest.cc:97: Failure
[2021-05-25T20:30:57.257Z] Value of: consumer
[2021-05-25T20:30:57.257Z]   Actual: "287"
[2021-05-25T20:30:57.257Z] Expected: producer
[2021-05-25T20:30:57.257Z] Which is: "288"
[2021-05-25T20:30:57.257Z] Producer eq_dcpq:n_0->n_2:total_bytes_sent compared with replica eq_dcpq:n_0->n_2:unacked_bytes
[2021-05-25T20:30:57.257Z] [  FAILED  ] DurabilityTest.Set (11 ms)
DurabilityTest.Set
</pre>
 ( http://cv.jenkins.couchbase.com/job/kv_engine.macos/job/mad-hatter/1273/ )

http://cv.jenkins.couchbase.com/job/kv_engine.linux-CE/job/mad-hatter/1929/ : FAILURE

Failure of GoogleTest "DurabilityTest.Set":

<pre>
[ RUN      ] DurabilityTest.Set
[2021-05-25T20:39:53.512Z] ../kv_engine/tests/testapp_cluster/clustertest.cc:97: Failure
[2021-05-25T20:39:53.512Z] Value of: consumer
[2021-05-25T20:39:53.512Z]   Actual: "287"
[2021-05-25T20:39:53.512Z] Expected: producer
[2021-05-25T20:39:53.512Z] Which is: "288"
[2021-05-25T20:39:53.512Z] Producer eq_dcpq:n_0->n_1:total_bytes_sent compared with replica eq_dcpq:n_0->n_1:unacked_bytes
[2021-05-25T20:39:53.512Z] ../kv_engine/tests/testapp_cluster/clustertest.cc:97: Failure
[2021-05-25T20:39:53.512Z] Value of: consumer
[2021-05-25T20:39:53.512Z]   Actual: "287"
[2021-05-25T20:39:53.512Z] Expected: producer
[2021-05-25T20:39:53.512Z] Which is: "288"
[2021-05-25T20:39:53.512Z] Producer eq_dcpq:n_0->n_2:total_bytes_sent compared with replica eq_dcpq:n_0->n_2:unacked_bytes
[2021-05-25T20:39:53.512Z] [  FAILED  ] DurabilityTest.Set (24 ms)
DurabilityTest.Set
</pre>
 ( http://cv.jenkins.couchbase.com/job/kv_engine.linux-CE/job/mad-hatter/1929/ )

http://cv.jenkins.couchbase.com/job/kv_engine.linux/job/mad-hatter/1926/ : FAILURE

http://cv.jenkins.couchbase.com/job/kv_engine.threadsanitizer/job/mad-hatter/1709/ : FAILURE

Failure of GoogleTest "DurabilityTest.Set":

<pre>
[ RUN      ] DurabilityTest.Set
[2021-05-25T20:35:56.786Z] ../kv_engine/tests/testapp_cluster/clustertest.cc:97: Failure
[2021-05-25T20:35:56.786Z] Value of: consumer
[2021-05-25T20:35:56.786Z]   Actual: "287"
[2021-05-25T20:35:56.786Z] Expected: producer
[2021-05-25T20:35:56.786Z] Which is: "288"
[2021-05-25T20:35:56.786Z] Producer eq_dcpq:n_0->n_1:total_bytes_sent compared with replica eq_dcpq:n_0->n_1:unacked_bytes
[2021-05-25T20:35:56.786Z] ../kv_engine/tests/testapp_cluster/clustertest.cc:97: Failure
[2021-05-25T20:35:56.786Z] Value of: consumer
[2021-05-25T20:35:56.786Z]   Actual: "287"
[2021-05-25T20:35:56.786Z] Expected: producer
[2021-05-25T20:35:56.786Z] Which is: "288"
[2021-05-25T20:35:56.786Z] Producer eq_dcpq:n_0->n_2:total_bytes_sent compared with replica eq_dcpq:n_0->n_2:unacked_bytes
[2021-05-25T20:35:56.786Z] [  FAILED  ] DurabilityTest.Set (106 ms)
DurabilityTest.Set
</pre>
 ( http://cv.jenkins.couchbase.com/job/kv_engine.threadsanitizer/job/mad-hatter/1709/ )

ThreadSanitizer issue: data race (/home/couchbase/jenkins/workspace/ngine.threadsanitizer_mad-hatter/build/kv_engine/memcached+0x43d4c6) in ServerCookieApi::store_engine_specific(gsl::not_null<void const*>, void*)  ( http://cv.jenkins.couchbase.com/job/kv_engine.threadsanitizer/job/mad-hatter/1709/ )

http://cv.jenkins.couchbase.com/job/kv_engine.ASan-UBSan/job/mad-hatter/1901/ : FAILURE

Failure of GoogleTest "DurabilityTest.Add":

<pre>
[ RUN      ] DurabilityTest.Add
[2021-05-25T20:32:26.016Z] ../kv_engine/tests/testapp_cluster/clustertest.cc:97: Failure
[2021-05-25T20:32:26.016Z] Value of: consumer
[2021-05-25T20:32:26.016Z]   Actual: "577"
[2021-05-25T20:32:26.016Z] Expected: producer
[2021-05-25T20:32:26.016Z] Which is: "579"
[2021-05-25T20:32:26.016Z] Producer eq_dcpq:n_0->n_1:total_bytes_sent compared with replica eq_dcpq:n_0->n_1:unacked_bytes
[2021-05-25T20:32:26.016Z] ../kv_engine/tests/testapp_cluster/clustertest.cc:97: Failure
[2021-05-25T20:32:26.016Z] Value of: consumer
[2021-05-25T20:32:26.016Z]   Actual: "516"
[2021-05-25T20:32:26.016Z] Expected: producer
[2021-05-25T20:32:26.016Z] Which is: "518"
[2021-05-25T20:32:26.016Z] Producer eq_dcpq:n_0->n_2:total_bytes_sent compared with replica eq_dcpq:n_0->n_2:unacked_bytes
[2021-05-25T20:32:26.016Z] [  FAILED  ] DurabilityTest.Add (35 ms)
DurabilityTest.Add
</pre>
 ( http://cv.jenkins.couchbase.com/job/kv_engine.ASan-UBSan/job/mad-hatter/1901/ )

http://cv.jenkins.couchbase.com/job/kv_engine-clang_analyzer-mad-hatter/1817/ : SUCCESS

http://cv.jenkins.couchbase.com/job/kv_engine-clang_format/26428/ : SUCCESS
----------------------------------------------------------------------------------------------------------------------
Author: Jim Walker
Date: 2021-05-27 13:35:03.000000000
Message: 
Abandoned
----------------------------------------------------------------------------------------------------------------------
