======================================================================================================================
DESCRIPTION:

MB-27457: [8/n] Add delete-times flag to DCP_OPEN

This commit updates dcp_open so that the client can request that
dcp_delete messages include the delete-time.

This commit only updates the connection boolean associated with the
feature, no code yet produces the delete-times.

Change-Id: I29a22b76618742b58d5b2e557da9d605e47fe8d3

======================================================================================================================
COMMENTS
======================================================================================================================
Author: Jim Walker
Date: 2018-01-30 10:37:46.000000000
Message: 
Uploaded patch set 6.
----------------------------------------------------------------------------------------------------------------------
Author: Build Bot
Date: 2018-01-30 13:23:02.000000000
Message: 
Patch Set 6: Verified-1

Build Failed 

http://cv.jenkins.couchbase.com/job/kv_engine-windows-master/6209/ : ABORTED

Timeout of a CTest test  39/116 Test  #33: ep_testsuite_dcp.value_eviction ................} ( http://cv.jenkins.couchbase.com/job/kv_engine-windows-master/6209/ )

http://cv.jenkins.couchbase.com/job/kv-engine-cv-perf/442/ : ABORTED

No problems were identified. If you know why this problem occurred, please add a suitable Cause for it. ( http://cv.jenkins.couchbase.com/job/kv-engine-cv-perf/442/ )

http://cv.jenkins.couchbase.com/job/kv_engine-addresssanitizer-master/5906/ : ABORTED

Timeout of a CTest test  43/110 Test  #35: ep_testsuite_dcp.value_eviction ..................} ( http://cv.jenkins.couchbase.com/job/kv_engine-addresssanitizer-master/5906/ )

http://cv.jenkins.couchbase.com/job/kv_engine-linux-master/6595/ : FAILURE

Timeout of a CTest test  41/131 Test  #41: ep_testsuite_dcp.value_eviction ..................} ( http://cv.jenkins.couchbase.com/job/kv_engine-linux-master/6595/ )

http://cv.jenkins.couchbase.com/job/kv_engine-threadsanitizer-master/6117/ : FAILURE

Timeout of a CTest test  37/112 Test  #37: ep_testsuite_dcp.value_eviction ..................} ( http://cv.jenkins.couchbase.com/job/kv_engine-threadsanitizer-master/6117/ )

http://cv.jenkins.couchbase.com/job/kv_engine-clang_format/4689/ : SUCCESS

http://cv.jenkins.couchbase.com/job/kv_engine-clang_analyzer-master/5677/ : SUCCESS
----------------------------------------------------------------------------------------------------------------------
Author: Build Bot
Date: 2018-01-30 15:33:07.000000000
Message: 
Patch Set 6:

Build Failed 

http://cv.jenkins.couchbase.com/job/kv_engine-windows-master/6218/ : ABORTED

Timeout of a CTest test  39/116 Test  #33: ep_testsuite_dcp.value_eviction ................} ( http://cv.jenkins.couchbase.com/job/kv_engine-windows-master/6218/ )

http://cv.jenkins.couchbase.com/job/kv-engine-cv-perf/447/ : ABORTED

No problems were identified. If you know why this problem occurred, please add a suitable Cause for it. ( http://cv.jenkins.couchbase.com/job/kv-engine-cv-perf/447/ )

http://cv.jenkins.couchbase.com/job/kv_engine-addresssanitizer-master/5912/ : ABORTED

Timeout of a CTest test  43/110 Test  #35: ep_testsuite_dcp.value_eviction ..................} ( http://cv.jenkins.couchbase.com/job/kv_engine-addresssanitizer-master/5912/ )

http://cv.jenkins.couchbase.com/job/kv_engine-linux-master/6602/ : FAILURE

Timeout of a CTest test  41/131 Test  #41: ep_testsuite_dcp.value_eviction ..................} ( http://cv.jenkins.couchbase.com/job/kv_engine-linux-master/6602/ )

http://cv.jenkins.couchbase.com/job/kv_engine-threadsanitizer-master/6123/ : FAILURE

Timeout of a CTest test  37/112 Test  #37: ep_testsuite_dcp.value_eviction ..................} ( http://cv.jenkins.couchbase.com/job/kv_engine-threadsanitizer-master/6123/ )

http://cv.jenkins.couchbase.com/job/kv_engine-clang_format/4695/ : SUCCESS

http://cv.jenkins.couchbase.com/job/kv_engine-clang_analyzer-master/5683/ : SUCCESS
----------------------------------------------------------------------------------------------------------------------
Author: Build Bot
Date: 2018-01-30 17:37:19.000000000
Message: 
Patch Set 6:

Build Failed 

http://cv.jenkins.couchbase.com/job/kv-engine-cv-perf/447/ : ABORTED

No problems were identified. If you know why this problem occurred, please add a suitable Cause for it. ( http://cv.jenkins.couchbase.com/job/kv-engine-cv-perf/447/ )

http://cv.jenkins.couchbase.com/job/kv_engine-addresssanitizer-master/5912/ : ABORTED

Timeout of a CTest test  43/110 Test  #35: ep_testsuite_dcp.value_eviction ..................} ( http://cv.jenkins.couchbase.com/job/kv_engine-addresssanitizer-master/5912/ )

http://cv.jenkins.couchbase.com/job/kv_engine-windows-master/6241/ : ABORTED

Timeout of a CTest test  39/116 Test  #33: ep_testsuite_dcp.value_eviction ................} ( http://cv.jenkins.couchbase.com/job/kv_engine-windows-master/6241/ )

http://cv.jenkins.couchbase.com/job/kv_engine-linux-master/6602/ : FAILURE

Timeout of a CTest test  41/131 Test  #41: ep_testsuite_dcp.value_eviction ..................} ( http://cv.jenkins.couchbase.com/job/kv_engine-linux-master/6602/ )

http://cv.jenkins.couchbase.com/job/kv_engine-threadsanitizer-master/6123/ : FAILURE

Timeout of a CTest test  37/112 Test  #37: ep_testsuite_dcp.value_eviction ..................} ( http://cv.jenkins.couchbase.com/job/kv_engine-threadsanitizer-master/6123/ )

http://cv.jenkins.couchbase.com/job/kv_engine-clang_format/4695/ : SUCCESS

http://cv.jenkins.couchbase.com/job/kv_engine-clang_analyzer-master/5683/ : SUCCESS
----------------------------------------------------------------------------------------------------------------------
