======================================================================================================================
DESCRIPTION:

Temp for MB-25622

Change-Id: I5fb148b6449439f6320bc4bd957ea2e1bb9274a0

======================================================================================================================
COMMENTS
======================================================================================================================
Author: Paolo Cocchi
Date: 2017-08-09 16:47:02.000000000
Message: 
Uploaded patch set 1.
----------------------------------------------------------------------------------------------------------------------
Author: Build Bot
Date: 2017-08-09 16:57:41.000000000
Message: 
Patch Set 1: Verified-1

Build Failed 

http://cv.jenkins.couchbase.com/job/kv_engine-addresssanitizer-master/1789/ : FAILURE

Compile error at /home/couchbase/jenkins/workspace/kv_engine-addresssanitizer-master/kv_engine/engines/ep/src/checkpoint.cc:683:56:
error: use of undeclared identifier 'itr'
 ( http://cv.jenkins.couchbase.com//job/kv_engine-addresssanitizer-master/1789/ )

http://cv.jenkins.couchbase.com/job/kv_engine-linux-master/1839/ : FAILURE

Compile error at /home/couchbase/jenkins/workspace/kv_engine-linux-master/kv_engine/engines/ep/src/checkpoint.cc:683:56:
error: 'itr' was not declared in this scope
 ( http://cv.jenkins.couchbase.com//job/kv_engine-linux-master/1839/ )

http://cv.jenkins.couchbase.com/job/kv_engine-windows-master/1833/ : FAILURE

Compile error at ..\kv_engine\engines\ep\src\checkpoint.cc(683): error C2065: 'itr': undeclared identifier ( http://cv.jenkins.couchbase.com//job/kv_engine-windows-master/1833/ )

http://cv.jenkins.couchbase.com/job/kv_engine-threadsanitizer-master/1869/ : FAILURE

Compile error at /home/couchbase/jenkins/workspace/kv_engine-threadsanitizer-master/kv_engine/engines/ep/src/checkpoint.cc:683:56:
error: use of undeclared identifier 'itr'
 ( http://cv.jenkins.couchbase.com//job/kv_engine-threadsanitizer-master/1869/ )

http://cv.jenkins.couchbase.com/job/kv_engine-clang_analyzer-master/1660/ : FAILURE

Compile error at /home/couchbase/jenkins/workspace/kv_engine-clang_analyzer-master/kv_engine/engines/ep/src/checkpoint.cc:683:56:
error: 'itr' was not declared in this scope
 ( http://cv.jenkins.couchbase.com//job/kv_engine-clang_analyzer-master/1660/ )
----------------------------------------------------------------------------------------------------------------------
