======================================================================================================================
DESCRIPTION:

MB-52633: Remove replica freq count histograms

They're no longer populated.

Change-Id: Id5012f2f3ccb5a86399594902c64ccd20a068996

======================================================================================================================
COMMENTS
======================================================================================================================
Author: Ben Huddleston
Date: 2022-07-12 21:16:28.000000000
Message: 
Uploaded patch set 4.
----------------------------------------------------------------------------------------------------------------------
Author: Build Bot
Date: 2022-07-12 22:16:35.000000000
Message: 
Patch Set 4: Verified-1

Build Failed 

http://cv.jenkins.couchbase.com/job/kv_engine-windows-master/47814/ : FAILURE

Failure of GoogleTest "WarmupDiskTest.noDataFileCollectionCountsTest":

<pre>
[ RUN      ] WarmupDiskTest.noDataFileCollectionCountsTest
unknown file: error: C++ exception with description "remove: Incorrect function.: "C:\Jenkins\workspace\kv_engine-windows-master\build\kv_engine\ep_engine_ep_unit_tests.db/test.080201\0.couch.1"" thrown in the test body.
[  FAILED  ] WarmupDiskTest.noDataFileCollectionCountsTest (30 ms)
WarmupDiskTest.noDataFileCollectionCountsTest
</pre>
 ( http://cv.jenkins.couchbase.com/job/kv_engine-windows-master/47814/ )

http://cv.jenkins.couchbase.com/job/kv_engine.aarch64-linux/job/master/8770/ : FAILURE

Failure of GoogleTest "EphemeralOrPersistent/STExpiryPagerTest.MB_25650/persistent_nexus_couchstore_magma_value_only":

<pre>
[ RUN      ] EphemeralOrPersistent/STExpiryPagerTest.MB_25650/persistent_nexus_couchstore_magma_value_only
[2022-07-12T21:45:58.122Z] ../kv_engine/engines/ep/tests/module_tests/item_pager_test.cc:1777: Failure
[2022-07-12T21:45:58.122Z] Expected equality of these values:
[2022-07-12T21:45:58.122Z]   err
[2022-07-12T21:45:58.122Z]     Which is: would block
[2022-07-12T21:45:58.122Z]   store->getMetaData( key_1, vbid, cookie, metadata, deleted, datatype)
[2022-07-12T21:45:58.122Z]     Which is: no memory
[2022-07-12T21:45:58.122Z] ../kv_engine/engines/ep/tests/module_tests/item_pager_test.cc:1782: Failure
[2022-07-12T21:45:58.122Z] Expected equality of these values:
[2022-07-12T21:45:58.122Z]   cb::engine_errc::success
[2022-07-12T21:45:58.122Z]     Which is: success
[2022-07-12T21:45:58.122Z]   store->getMetaData( key_1, vbid, cookie, metadata, deleted, datatype)
[2022-07-12T21:45:58.122Z]     Which is: no memory
[2022-07-12T21:45:58.122Z] ../kv_engine/engines/ep/tests/module_tests/item_pager_test.cc:1792: Failure
[2022-07-12T21:45:58.122Z] Expected equality of these values:
[2022-07-12T21:45:58.122Z]   err
[2022-07-12T21:45:58.122Z]     Which is: would block
[2022-07-12T21:45:58.122Z]   store->get(key_1, vbid, cookie, options).getStatus()
[2022-07-12T21:45:58.122Z]     Which is: no memory
[2022-07-12T21:45:58.122Z] Key with TTL:10 should be removed.
[2022-07-12T21:45:58.122Z] ../kv_engine/engines/ep/tests/module_tests/item_pager_test.cc:1801: Failure
[2022-07-12T21:45:58.122Z] Expected equality of these values:
[2022-07-12T21:45:58.122Z]   cb::engine_errc::success
[2022-07-12T21:45:58.122Z]     Which is: success
[2022-07-12T21:45:58.122Z]   item.getStatus()
[2022-07-12T21:45:58.122Z]     Which is: would block
[2022-07-12T21:45:58.122Z] [  FAILED  ] EphemeralOrPersistent/STExpiryPagerTest.MB_25650/persistent_nexus_couchstore_magma_value_only, where GetParam() = "bucket_type=persistent:backend=nexus:nexus_primary_backend=couchstore:nexus_secondary_backend=magma:item_eviction_policy=value_only" (24 ms)
EphemeralOrPersistent/STExpiryPagerTest.MB_25650/persistent_nexus_couchstore_magma_value_only
</pre>
 ( http://cv.jenkins.couchbase.com/job/kv_engine.aarch64-linux/job/master/8770/ )

http://cv.jenkins.couchbase.com/job/kv_engine-clang_format_9/18147/ : SUCCESS

http://cv.jenkins.couchbase.com/job/kv_engine-clang_tidy-master/18991/ : SUCCESS

http://cv.jenkins.couchbase.com/job/kv_engine-clang_analyzer-master/40168/ : SUCCESS

http://cv.jenkins.couchbase.com/job/kv_engine.linux-CE/job/master/20892/ : SUCCESS

http://cv.jenkins.couchbase.com/job/kv_engine.linux/job/master/21249/ : SUCCESS

http://cv.jenkins.couchbase.com/job/kv_engine.macos/job/master/20137/ : SUCCESS

http://cv.jenkins.couchbase.com/job/kv_engine.ASan-UBSan/job/master/29289/ : SUCCESS

http://cv.jenkins.couchbase.com/job/kv_engine.libFuzzer/job/master/8674/ : SUCCESS

http://cv.jenkins.couchbase.com/job/kv_engine.threadsanitizer/job/master/21941/ : SUCCESS
----------------------------------------------------------------------------------------------------------------------
