======================================================================================================================
DESCRIPTION:

Merge commit '8f4df8119' into couchbase/master

* commit '8f4df8119':
  MB-47516: Remove code that renumbers all queued set-vbstate items

Change-Id: I3982c17dfd8bcb74313e63304d283688bedd96fc

======================================================================================================================
COMMENTS
======================================================================================================================
Author: Jim Walker
Date: 2021-08-20 08:13:35.000000000
Message: 
Uploaded patch set 2.
----------------------------------------------------------------------------------------------------------------------
Author: Build Bot
Date: 2021-08-20 08:42:37.000000000
Message: 
Patch Set 2: Verified-1

Build Failed 

http://cv.jenkins.couchbase.com/job/kv_engine.linux/job/master/13329/ : FAILURE

http://cv.jenkins.couchbase.com/job/kv_engine.ASan-UBSan/job/master/21246/ : FAILURE

One of more core files found at the end of the build. Data for post-mortem saved to archived_core_dumps.tar.bz2 under "Build Artifacts". ( http://cv.jenkins.couchbase.com/job/kv_engine.ASan-UBSan/job/master/21246/ )

Timeout of a CTest test [2021-08-20T08:33:56.859Z] 404/404 Test #231: ep-engine_ep_unit_tests.KVStoreParam/KVStoreParamTest .......................................................} ( http://cv.jenkins.couchbase.com/job/kv_engine.ASan-UBSan/job/master/21246/ )

http://cv.jenkins.couchbase.com/job/kv_engine-windows-master/38835/ : SUCCESS

http://cv.jenkins.couchbase.com/job/kv_engine-clang_tidy-master/11512/ : SUCCESS

http://cv.jenkins.couchbase.com/job/kv_engine-clang_analyzer-master/33106/ : SUCCESS

http://cv.jenkins.couchbase.com/job/kv_engine-clang_format_9/10246/ : SUCCESS

http://cv.jenkins.couchbase.com/job/kv_engine.macos/job/master/12237/ : SUCCESS

http://cv.jenkins.couchbase.com/job/kv_engine.threadsanitizer/job/master/13711/ : SUCCESS

http://cv.jenkins.couchbase.com/job/kv_engine.libFuzzer/job/master/1150/ : SUCCESS

http://cv.jenkins.couchbase.com/job/kv_engine.linux-CE/job/master/13117/ : SUCCESS

http://cv.jenkins.couchbase.com/job/kv_engine.aarch64-linux/job/master/1159/ : SUCCESS
----------------------------------------------------------------------------------------------------------------------
Author: Trond Norbye
Date: 2021-08-20 08:54:52.000000000
Message: 
Patch Set 2: Code-Review+2
----------------------------------------------------------------------------------------------------------------------
Author: Jim Walker
Date: 2021-08-20 08:56:55.000000000
Message: 
Patch Set 2: Verified+1

Unrelated CV issues
----------------------------------------------------------------------------------------------------------------------
Author: Jim Walker
Date: 2021-08-20 08:56:57.000000000
Message: 
Removed Verified-1 by Build Bot <build@couchbase.com>

----------------------------------------------------------------------------------------------------------------------
Author: Jim Walker
Date: 2021-08-20 08:57:01.000000000
Message: 
Change has been successfully merged by Jim Walker
----------------------------------------------------------------------------------------------------------------------
Author: Build Bot
Date: 2021-08-20 09:10:17.000000000
Message: 
Patch Set 2:

Build Started http://cv.jenkins.couchbase.com/job/kv_engine-post-commit-TSan-master/5651/ (1/2)
----------------------------------------------------------------------------------------------------------------------
Author: Build Bot
Date: 2021-08-20 09:14:32.000000000
Message: 
Patch Set 2: Verified+1

Build Successful 

http://cv.jenkins.couchbase.com/job/kv_engine-windows-master/38835/ : SUCCESS

http://cv.jenkins.couchbase.com/job/kv_engine-clang_tidy-master/11512/ : SUCCESS

http://cv.jenkins.couchbase.com/job/kv_engine-clang_analyzer-master/33106/ : SUCCESS

http://cv.jenkins.couchbase.com/job/kv_engine-clang_format_9/10246/ : SUCCESS

http://cv.jenkins.couchbase.com/job/kv_engine.ASan-UBSan/job/master/21250/ : SUCCESS

http://cv.jenkins.couchbase.com/job/kv_engine.macos/job/master/12237/ : SUCCESS

http://cv.jenkins.couchbase.com/job/kv_engine.threadsanitizer/job/master/13711/ : SUCCESS

http://cv.jenkins.couchbase.com/job/kv_engine.libFuzzer/job/master/1150/ : SUCCESS

http://cv.jenkins.couchbase.com/job/kv_engine.linux-CE/job/master/13117/ : SUCCESS

http://cv.jenkins.couchbase.com/job/kv_engine.aarch64-linux/job/master/1159/ : SUCCESS

http://cv.jenkins.couchbase.com/job/kv_engine.linux/job/master/13333/ : SUCCESS
----------------------------------------------------------------------------------------------------------------------
Author: Build Bot
Date: 2021-08-20 09:37:33.000000000
Message: 
Patch Set 2:

Build Started http://cv.jenkins.couchbase.com/job/kv_engine-post-commit-master/8616/ (2/2)
----------------------------------------------------------------------------------------------------------------------
Author: Build Bot
Date: 2021-08-20 10:30:34.000000000
Message: 
Patch Set 2:

Build Unstable 

http://cv.jenkins.couchbase.com/job/kv_engine-post-commit-TSan-master/5651/ : UNSTABLE

ERROR: do_warmup_100k (memcapable.WarmUpMemcachedTest)
 ( http://cv.jenkins.couchbase.com/job/kv_engine-post-commit-TSan-master/5651/ )

Failure of a testrunner test ( http://cv.jenkins.couchbase.com/job/kv_engine-post-commit-TSan-master/5651/ )

http://cv.jenkins.couchbase.com/job/kv_engine-post-commit-master/8616/ : SUCCESS'
----------------------------------------------------------------------------------------------------------------------
