======================================================================================================================
DESCRIPTION:

[SR] Include chain details in ActiveDM::toOStream

Change-Id: If0d685430597150baffb5bda9f0ef2254d1fea27

======================================================================================================================
COMMENTS
======================================================================================================================
Author: Dave Rigby
Date: 2019-07-24 16:04:11.000000000
Message: 
Uploaded patch set 1.
----------------------------------------------------------------------------------------------------------------------
Author: Build Bot
Date: 2019-07-24 16:50:53.000000000
Message: 
Patch Set 1: Verified-1

Build Failed 

http://cv.jenkins.couchbase.com/job/kv_engine-windows-master/22110/ : FAILURE

Failure of a CTest test 128/184 Test #131: memcached_testapp.default.TransportProtocols/XattrDisabledTest ............... ( http://cv.jenkins.couchbase.com/job/kv_engine-windows-master/22110/ )

Failure of a GoogleTest test:

DurabilityTest.StoreWithDurability (0 ms) ( http://cv.jenkins.couchbase.com/job/kv_engine-windows-master/22110/ )

http://cv.jenkins.couchbase.com/job/kv_engine-clang_format/19928/ : SUCCESS

http://cv.jenkins.couchbase.com/job/kv-engine-cv-perf/12262/ : SUCCESS

http://cv.jenkins.couchbase.com/job/kv_engine-clang_analyzer-master/18955/ : SUCCESS

http://cv.jenkins.couchbase.com/job/kv_engine-threadsanitizer-master/13117/ : SUCCESS

http://cv.jenkins.couchbase.com/job/kv_engine-linux-master/21293/ : SUCCESS

http://cv.jenkins.couchbase.com/job/kv_engine-linux-master-CE/2945/ : SUCCESS

http://cv.jenkins.couchbase.com/job/kv_engine.ASan-UBSan/job/master/5856/ : SUCCESS
----------------------------------------------------------------------------------------------------------------------
Author: Build Bot
Date: 2019-07-25 09:19:28.000000000
Message: 
Patch Set 1:

Build Failed 

http://cv.jenkins.couchbase.com/job/kv_engine-windows-master/22113/ : FAILURE

Failure of a CTest test 133/184 Test #135: memcached_testapp.ep.ShutdownTest ............................................ ( http://cv.jenkins.couchbase.com/job/kv_engine-windows-master/22113/ )

Failure of a GoogleTest test:

TracingTest.FailOnFeatureRequestWhenDisabledOnServer (4 ms) ( http://cv.jenkins.couchbase.com/job/kv_engine-windows-master/22113/ )

http://cv.jenkins.couchbase.com/job/kv_engine-clang_format/19928/ : SUCCESS

http://cv.jenkins.couchbase.com/job/kv-engine-cv-perf/12262/ : SUCCESS

http://cv.jenkins.couchbase.com/job/kv_engine-clang_analyzer-master/18955/ : SUCCESS

http://cv.jenkins.couchbase.com/job/kv_engine-threadsanitizer-master/13117/ : SUCCESS

http://cv.jenkins.couchbase.com/job/kv_engine-linux-master/21293/ : SUCCESS

http://cv.jenkins.couchbase.com/job/kv_engine-linux-master-CE/2945/ : SUCCESS

http://cv.jenkins.couchbase.com/job/kv_engine.ASan-UBSan/job/master/5856/ : SUCCESS
----------------------------------------------------------------------------------------------------------------------
Author: Ben Huddleston
Date: 2019-07-25 10:01:50.000000000
Message: 
Patch Set 1: Code-Review+2
----------------------------------------------------------------------------------------------------------------------
Author: Build Bot
Date: 2019-07-25 12:12:40.000000000
Message: 
Patch Set 1:

Build Failed 

http://cv.jenkins.couchbase.com/job/kv_engine-windows-master/22120/ : FAILURE

Link error: fatal error LNK1168: cannot open platform\JSON_checker.dll for writing ( http://cv.jenkins.couchbase.com/job/kv_engine-windows-master/22120/ )

http://cv.jenkins.couchbase.com/job/kv_engine-clang_format/19928/ : SUCCESS

http://cv.jenkins.couchbase.com/job/kv-engine-cv-perf/12262/ : SUCCESS

http://cv.jenkins.couchbase.com/job/kv_engine-clang_analyzer-master/18955/ : SUCCESS

http://cv.jenkins.couchbase.com/job/kv_engine-threadsanitizer-master/13117/ : SUCCESS

http://cv.jenkins.couchbase.com/job/kv_engine-linux-master/21293/ : SUCCESS

http://cv.jenkins.couchbase.com/job/kv_engine-linux-master-CE/2945/ : SUCCESS

http://cv.jenkins.couchbase.com/job/kv_engine.ASan-UBSan/job/master/5856/ : SUCCESS
----------------------------------------------------------------------------------------------------------------------
Author: Build Bot
Date: 2019-07-25 14:49:20.000000000
Message: 
Patch Set 1: Verified+1

Build Successful 

http://cv.jenkins.couchbase.com/job/kv_engine-clang_format/19928/ : SUCCESS

http://cv.jenkins.couchbase.com/job/kv-engine-cv-perf/12262/ : SUCCESS

http://cv.jenkins.couchbase.com/job/kv_engine-clang_analyzer-master/18955/ : SUCCESS

http://cv.jenkins.couchbase.com/job/kv_engine-threadsanitizer-master/13117/ : SUCCESS

http://cv.jenkins.couchbase.com/job/kv_engine-linux-master/21293/ : SUCCESS

http://cv.jenkins.couchbase.com/job/kv_engine-linux-master-CE/2945/ : SUCCESS

http://cv.jenkins.couchbase.com/job/kv_engine.ASan-UBSan/job/master/5856/ : SUCCESS

http://cv.jenkins.couchbase.com/job/kv_engine-windows-master/22128/ : SUCCESS
----------------------------------------------------------------------------------------------------------------------
