======================================================================================================================
DESCRIPTION:

MB-50461: [1/N] Simplify completeBGFetchForSingleItem with early exits

Pull out some common checks to minimise repetition in various cases.

Change-Id: I4a2abd7c13d295bd2b53a5bc54de5eae99c2da31

======================================================================================================================
COMMENTS
======================================================================================================================
Author: James H
Date: 2022-01-21 16:24:07.000000000
Message: 
Uploaded patch set 1.
----------------------------------------------------------------------------------------------------------------------
Author: Build Bot
Date: 2022-01-21 18:00:28.000000000
Message: 
Patch Set 1: Verified-1

Build Failed 

http://cv.jenkins.couchbase.com/job/kv_engine-windows-master/43135/ : FAILURE

Failure of an engine_testapp test:

<pre>
Running [0043/0093]: test dcp reconnect full snapshot...(92 ms) OK


99% tests passed, 1 tests failed out of 419

Total Test time (real) = 343.77 sec

The following tests FAIL
</pre>
 ( http://cv.jenkins.couchbase.com/job/kv_engine-windows-master/43135/ )

Timeout of a CTest test 419/419 Test #284: ep_testsuite_dcp.value_eviction.comp_passive ..................................................................................} ( http://cv.jenkins.couchbase.com/job/kv_engine-windows-master/43135/ )

http://cv.jenkins.couchbase.com/job/kv_engine.aarch64-linux/job/master/4744/ : FAILURE

No problems were identified. If you know why this problem occurred, please add a suitable Cause for it. ( http://cv.jenkins.couchbase.com/job/kv_engine.aarch64-linux/job/master/4744/ )

http://cv.jenkins.couchbase.com/job/kv_engine-clang_format_9/13882/ : SUCCESS

http://cv.jenkins.couchbase.com/job/kv_engine-clang_tidy-master/15037/ : SUCCESS

http://cv.jenkins.couchbase.com/job/kv_engine-clang_analyzer-master/36492/ : SUCCESS

http://cv.jenkins.couchbase.com/job/kv_engine.ASan-UBSan/job/master/25131/ : SUCCESS

http://cv.jenkins.couchbase.com/job/kv_engine.libFuzzer/job/master/4682/ : SUCCESS

http://cv.jenkins.couchbase.com/job/kv_engine.linux/job/master/17024/ : SUCCESS

http://cv.jenkins.couchbase.com/job/kv_engine.macos/job/master/15848/ : SUCCESS

http://cv.jenkins.couchbase.com/job/kv_engine.linux-CE/job/master/16720/ : SUCCESS

http://cv.jenkins.couchbase.com/job/kv_engine.threadsanitizer/job/master/17797/ : SUCCESS
----------------------------------------------------------------------------------------------------------------------
Author: Build Bot
Date: 2022-01-24 12:24:10.000000000
Message: 
Patch Set 1: Verified+1

Build Successful 

http://cv.jenkins.couchbase.com/job/kv_engine-clang_format_9/13882/ : SUCCESS

http://cv.jenkins.couchbase.com/job/kv_engine-clang_tidy-master/15037/ : SUCCESS

http://cv.jenkins.couchbase.com/job/kv_engine-windows-master/43203/ : SUCCESS

http://cv.jenkins.couchbase.com/job/kv_engine-clang_analyzer-master/36492/ : SUCCESS

http://cv.jenkins.couchbase.com/job/kv_engine.ASan-UBSan/job/master/25131/ : SUCCESS

http://cv.jenkins.couchbase.com/job/kv_engine.libFuzzer/job/master/4682/ : SUCCESS

http://cv.jenkins.couchbase.com/job/kv_engine.linux/job/master/17024/ : SUCCESS

http://cv.jenkins.couchbase.com/job/kv_engine.macos/job/master/15848/ : SUCCESS

http://cv.jenkins.couchbase.com/job/kv_engine.linux-CE/job/master/16720/ : SUCCESS

http://cv.jenkins.couchbase.com/job/kv_engine.threadsanitizer/job/master/17797/ : SUCCESS

http://cv.jenkins.couchbase.com/job/kv_engine.aarch64-linux/job/master/4784/ : SUCCESS
----------------------------------------------------------------------------------------------------------------------
Author: Ben Huddleston
Date: 2022-01-24 16:53:07.000000000
Message: 
Patch Set 1: Code-Review+1

(1 comment)
Line:113, engines/ep/src/ep_vb.cc -> prefer non-wildcard capture

----------------------------------------------------------------------------------------------------------------------
