======================================================================================================================
DESCRIPTION:

Ephemeral: Enable certain DCP functional tests for Ephemeral Buckets

Enable certain DCP functional tests and also run some functional
tests differently when the bucket is Ephemeral.

Change-Id: I1d4e52e90b29ea889de17397ce6f907d82e9b10f

======================================================================================================================
COMMENTS
======================================================================================================================
Author: Manu Dhundi
Date: 2017-03-18 00:26:22.000000000
Message: 
Uploaded patch set 1.
----------------------------------------------------------------------------------------------------------------------
Author: Manu Dhundi
Date: 2017-03-18 00:26:50.000000000
Message: 
Topic set to Ephemeral
----------------------------------------------------------------------------------------------------------------------
Author: Build Bot
Date: 2017-03-18 01:07:10.000000000
Message: 
Patch Set 1: Verified-1

Build Failed 

http://cv.jenkins.couchbase.com/job/ep-engine-threadsanitizer-master/4861/ : ABORTED

ThreadSanitizer issue: data race ??:0 operator delete(void*)  ( http://cv.jenkins.couchbase.com//job/ep-engine-threadsanitizer-master/4861/ )

Timeout of a CTest test 12/24 Test #15: ep_testsuite_tap.value_eviction ..........} ( http://cv.jenkins.couchbase.com//job/ep-engine-threadsanitizer-master/4861/ )

Failure of a CTest test  ( http://cv.jenkins.couchbase.com//job/ep-engine-threadsanitizer-master/4861/ )

http://cv.jenkins.couchbase.com/job/ep-engine-addresssanitizer-master/3674/ : FAILURE

Timeout of a CTest test 12/24 Test #15: ep_testsuite_tap.value_eviction ..........} ( http://cv.jenkins.couchbase.com//job/ep-engine-addresssanitizer-master/3674/ )

Failure of a CTest test  ( http://cv.jenkins.couchbase.com//job/ep-engine-addresssanitizer-master/3674/ )

http://cv.jenkins.couchbase.com/job/ep-engine-gerrit-master/5090/ : FAILURE

http://cv.jenkins.couchbase.com/job/ep-engine-clang_analyzer-master/4418/ : SUCCESS
----------------------------------------------------------------------------------------------------------------------
Author: Build Bot
Date: 2017-03-18 13:00:21.000000000
Message: 
Patch Set 1:

Build Failed 

http://cv.jenkins.couchbase.com/job/ep-engine-addresssanitizer-master/3676/ : FAILURE

Timeout of a CTest test 24/24 Test #12: ep_testsuite_dcp.value_eviction ..........} ( http://cv.jenkins.couchbase.com//job/ep-engine-addresssanitizer-master/3676/ )

http://cv.jenkins.couchbase.com/job/ep-engine-gerrit-master/5092/ : FAILURE

http://cv.jenkins.couchbase.com/job/ep-engine-threadsanitizer-master/4863/ : SUCCESS

http://cv.jenkins.couchbase.com/job/ep-engine-clang_analyzer-master/4420/ : SUCCESS
----------------------------------------------------------------------------------------------------------------------
