======================================================================================================================
DESCRIPTION:

MB-51606: Pass VB State lock to PDM::notifySnapshotEndReceived()

In a future change we will pass the lock back when calling
PDM::sendSeqnoAck() as we rely on the lock being held in that
function.

Change-Id: Ia6a0bae5c9e5380ab872e9d257e4e954fc10d0d1

======================================================================================================================
COMMENTS
======================================================================================================================
Author: Ben Huddleston
Date: 2022-05-05 19:54:34.000000000
Message: 
Uploaded patch set 2: Patch Set 1 was rebased.
----------------------------------------------------------------------------------------------------------------------
Author: Restriction Checker
Date: 2022-05-05 19:54:52.000000000
Message: 
Patch Set 2: Well-Formed+1

Permission granted to commit: 

http://server.jenkins.couchbase.com/job/restricted-branch-check/297770/artifact/restricted.html : SUCCESS
----------------------------------------------------------------------------------------------------------------------
Author: Build Bot
Date: 2022-05-05 20:39:20.000000000
Message: 
Patch Set 2: Verified-1 -Code-Review

Build Failed 

http://cv.jenkins.couchbase.com/job/kv_engine.macos/job/neo/185/ : FAILURE

No problems were identified. If you know why this problem occurred, please add a suitable Cause for it. ( http://cv.jenkins.couchbase.com/job/kv_engine.macos/job/neo/185/ )

http://cv.jenkins.couchbase.com/job/kv_engine-windows-neo/207/ : SUCCESS

http://cv.jenkins.couchbase.com/job/kv_engine-clang_tidy-neo/165/ : SUCCESS

http://cv.jenkins.couchbase.com/job/kv_engine-clang_format_9/16308/ : SUCCESS

http://cv.jenkins.couchbase.com/job/kv_engine-clang_analyzer-neo/163/ : SUCCESS

http://cv.jenkins.couchbase.com/job/kv_engine.libFuzzer/job/neo/165/ : SUCCESS

http://cv.jenkins.couchbase.com/job/kv_engine.ASan-UBSan/job/neo/169/ : SUCCESS

http://cv.jenkins.couchbase.com/job/kv_engine.aarch64-linux/job/neo/159/ : SUCCESS

http://cv.jenkins.couchbase.com/job/kv_engine.linux-CE/job/neo/172/ : SUCCESS

http://cv.jenkins.couchbase.com/job/kv_engine.linux/job/neo/168/ : SUCCESS

http://cv.jenkins.couchbase.com/job/kv_engine.threadsanitizer/job/neo/168/ : SUCCESS
----------------------------------------------------------------------------------------------------------------------
Author: Build Bot
Date: 2022-05-05 21:09:12.000000000
Message: 
Patch Set 2:

Build Failed 

http://cv.jenkins.couchbase.com/job/kv_engine.macos/job/neo/189/ : FAILURE

Failure of an engine_testapp test:

<pre>
Running [42/159]: file stats post warmup...../kv_engine/engines/ep/tests/ep_testsuite.cc:2327 Test failed: `" (Expected `376013" to be less than or equal to `360448" - Unexpected fileSize for vbucket)
[2022-05-05T20:59:40.022Z] (350 ms) FAIL
</pre>
 ( http://cv.jenkins.couchbase.com/job/kv_engine.macos/job/neo/189/ )

http://cv.jenkins.couchbase.com/job/kv_engine-windows-neo/207/ : SUCCESS

http://cv.jenkins.couchbase.com/job/kv_engine-clang_tidy-neo/165/ : SUCCESS

http://cv.jenkins.couchbase.com/job/kv_engine-clang_format_9/16308/ : SUCCESS

http://cv.jenkins.couchbase.com/job/kv_engine-clang_analyzer-neo/163/ : SUCCESS

http://cv.jenkins.couchbase.com/job/kv_engine.libFuzzer/job/neo/165/ : SUCCESS

http://cv.jenkins.couchbase.com/job/kv_engine.ASan-UBSan/job/neo/169/ : SUCCESS

http://cv.jenkins.couchbase.com/job/kv_engine.aarch64-linux/job/neo/159/ : SUCCESS

http://cv.jenkins.couchbase.com/job/kv_engine.linux-CE/job/neo/172/ : SUCCESS

http://cv.jenkins.couchbase.com/job/kv_engine.linux/job/neo/168/ : SUCCESS

http://cv.jenkins.couchbase.com/job/kv_engine.threadsanitizer/job/neo/168/ : SUCCESS
----------------------------------------------------------------------------------------------------------------------
Author: Build Bot
Date: 2022-05-06 08:37:25.000000000
Message: 
Patch Set 2:

Build Failed 

http://cv.jenkins.couchbase.com/job/kv_engine.macos/job/neo/193/ : FAILURE

Failure of an engine_testapp test:

<pre>
Running [42/159]: file stats post warmup...../kv_engine/engines/ep/tests/ep_testsuite.cc:2327 Test failed: `" (Expected `317030" to be less than or equal to `286720" - Unexpected fileSize for vbucket)
[2022-05-06T08:27:40.812Z] (240 ms) FAIL
</pre>
 ( http://cv.jenkins.couchbase.com/job/kv_engine.macos/job/neo/193/ )

http://cv.jenkins.couchbase.com/job/kv_engine-windows-neo/207/ : SUCCESS

http://cv.jenkins.couchbase.com/job/kv_engine-clang_tidy-neo/165/ : SUCCESS

http://cv.jenkins.couchbase.com/job/kv_engine-clang_format_9/16308/ : SUCCESS

http://cv.jenkins.couchbase.com/job/kv_engine-clang_analyzer-neo/163/ : SUCCESS

http://cv.jenkins.couchbase.com/job/kv_engine.libFuzzer/job/neo/165/ : SUCCESS

http://cv.jenkins.couchbase.com/job/kv_engine.ASan-UBSan/job/neo/169/ : SUCCESS

http://cv.jenkins.couchbase.com/job/kv_engine.aarch64-linux/job/neo/159/ : SUCCESS

http://cv.jenkins.couchbase.com/job/kv_engine.linux-CE/job/neo/172/ : SUCCESS

http://cv.jenkins.couchbase.com/job/kv_engine.linux/job/neo/168/ : SUCCESS

http://cv.jenkins.couchbase.com/job/kv_engine.threadsanitizer/job/neo/168/ : SUCCESS
----------------------------------------------------------------------------------------------------------------------
Author: Build Bot
Date: 2022-05-06 09:13:25.000000000
Message: 
Patch Set 2:

Build Failed 

http://cv.jenkins.couchbase.com/job/kv_engine.macos/job/neo/198/ : FAILURE

Failure of an engine_testapp test:

<pre>
Running [42/159]: file stats post warmup...../kv_engine/engines/ep/tests/ep_testsuite.cc:2327 Test failed: `" (Expected `376013" to be less than or equal to `360448" - Unexpected fileSize for vbucket)
[2022-05-06T09:01:53.419Z] (276 ms) FAIL
</pre>
 ( http://cv.jenkins.couchbase.com/job/kv_engine.macos/job/neo/198/ )

http://cv.jenkins.couchbase.com/job/kv_engine-windows-neo/207/ : SUCCESS

http://cv.jenkins.couchbase.com/job/kv_engine-clang_tidy-neo/165/ : SUCCESS

http://cv.jenkins.couchbase.com/job/kv_engine-clang_format_9/16308/ : SUCCESS

http://cv.jenkins.couchbase.com/job/kv_engine-clang_analyzer-neo/163/ : SUCCESS

http://cv.jenkins.couchbase.com/job/kv_engine.libFuzzer/job/neo/165/ : SUCCESS

http://cv.jenkins.couchbase.com/job/kv_engine.ASan-UBSan/job/neo/169/ : SUCCESS

http://cv.jenkins.couchbase.com/job/kv_engine.aarch64-linux/job/neo/159/ : SUCCESS

http://cv.jenkins.couchbase.com/job/kv_engine.linux-CE/job/neo/172/ : SUCCESS

http://cv.jenkins.couchbase.com/job/kv_engine.linux/job/neo/168/ : SUCCESS

http://cv.jenkins.couchbase.com/job/kv_engine.threadsanitizer/job/neo/168/ : SUCCESS
----------------------------------------------------------------------------------------------------------------------
Author: Build Bot
Date: 2022-05-06 10:01:51.000000000
Message: 
Patch Set 2: Verified+1

Build Successful 

http://cv.jenkins.couchbase.com/job/kv_engine-windows-neo/207/ : SUCCESS

http://cv.jenkins.couchbase.com/job/kv_engine-clang_tidy-neo/165/ : SUCCESS

http://cv.jenkins.couchbase.com/job/kv_engine-clang_format_9/16308/ : SUCCESS

http://cv.jenkins.couchbase.com/job/kv_engine-clang_analyzer-neo/163/ : SUCCESS

http://cv.jenkins.couchbase.com/job/kv_engine.libFuzzer/job/neo/165/ : SUCCESS

http://cv.jenkins.couchbase.com/job/kv_engine.ASan-UBSan/job/neo/169/ : SUCCESS

http://cv.jenkins.couchbase.com/job/kv_engine.aarch64-linux/job/neo/159/ : SUCCESS

http://cv.jenkins.couchbase.com/job/kv_engine.linux-CE/job/neo/172/ : SUCCESS

http://cv.jenkins.couchbase.com/job/kv_engine.linux/job/neo/168/ : SUCCESS

http://cv.jenkins.couchbase.com/job/kv_engine.threadsanitizer/job/neo/168/ : SUCCESS

http://cv.jenkins.couchbase.com/job/kv_engine.macos/job/neo/202/ : SUCCESS
----------------------------------------------------------------------------------------------------------------------
Author: Jim Walker
Date: 2022-05-08 18:49:43.000000000
Message: 
Patch Set 2: Code-Review+2
----------------------------------------------------------------------------------------------------------------------
