======================================================================================================================
DESCRIPTION:

TEST

Change-Id: I98269834cfec9161a17a17d9467ad1d5e5971cd0

======================================================================================================================
COMMENTS
======================================================================================================================
Author: Richard de Mellow
Date: 2020-01-17 13:44:07.000000000
Message: 
Patch Set 3: Published edit on patch set 2.
----------------------------------------------------------------------------------------------------------------------
Author: Build Bot
Date: 2020-01-17 13:53:22.000000000
Message: 
Patch Set 3: Verified-1

Build Failed 

http://cv.jenkins.couchbase.com/job/kv_engine-windows-master/25557/ : FAILURE

Compile error at ..\kv_engine\engines\ep\src\access_scanner.cc(102): error C2059: syntax error: "<<" ( http://cv.jenkins.couchbase.com/job/kv_engine-windows-master/25557/ )

http://cv.jenkins.couchbase.com/job/kv_engine-clang_analyzer-master/21795/ : FAILURE

Compile error at /home/couchbase/jenkins/workspace/kv_engine-clang_analyzer-master/kv_engine/engines/ep/src/access_scanner.cc:102:9:
error: expected expression
 ( http://cv.jenkins.couchbase.com/job/kv_engine-clang_analyzer-master/21795/ )

http://cv.jenkins.couchbase.com/job/kv-engine-cv-perf/14957/ : FAILURE

Compile error at /home/couchbase/jenkins/workspace/kv-engine-cv-perf/kv_engine/engines/ep/src/access_scanner.cc:102:9:
error: expected primary-expression before "<<" token
 ( http://cv.jenkins.couchbase.com/job/kv-engine-cv-perf/14957/ )

http://cv.jenkins.couchbase.com/job/kv_engine.linux-CE/job/master/1160/ : FAILURE

Compile error at [2020-01-17T13:45:22.081Z] /home/couchbase/jenkins/workspace/kv_engine.linux-CE_master/kv_engine/engines/ep/src/access_scanner.cc:102:9:
error: expected primary-expression before ?<<? token
 ( http://cv.jenkins.couchbase.com/job/kv_engine.linux-CE/job/master/1160/ )

http://cv.jenkins.couchbase.com/job/kv_engine.linux/job/master/1188/ : FAILURE

Compile error at [2020-01-17T13:46:53.573Z] /home/couchbase/jenkins/workspace/kv_engine.linux_master/kv_engine/engines/ep/src/access_scanner.cc:102:9:
error: expected primary-expression before ?<<? token
 ( http://cv.jenkins.couchbase.com/job/kv_engine.linux/job/master/1188/ )

http://cv.jenkins.couchbase.com/job/kv_engine.threadsanitizer/job/master/1250/ : FAILURE

Compile error at [2020-01-17T13:46:02.955Z] /home/couchbase/jenkins/workspace/kv_engine.threadsanitizer_master/kv_engine/engines/ep/src/access_scanner.cc:102:9:
error: expected primary-expression before ?<<? token
 ( http://cv.jenkins.couchbase.com/job/kv_engine.threadsanitizer/job/master/1250/ )

http://cv.jenkins.couchbase.com/job/kv_engine.macos/job/master/357/ : FAILURE

Compile error at [2020-01-17T13:46:02.010Z] /Users/couchbase/workspace/workspace/kv_engine.macos_master/kv_engine/engines/ep/src/access_scanner.cc:102:9:
error: expected expression
 ( http://cv.jenkins.couchbase.com/job/kv_engine.macos/job/master/357/ )

http://cv.jenkins.couchbase.com/job/kv_engine.ASan-UBSan/job/master/9080/ : FAILURE

http://cv.jenkins.couchbase.com/job/kv_engine-clang_format/23756/ : SUCCESS
----------------------------------------------------------------------------------------------------------------------
