======================================================================================================================
DESCRIPTION:

WIP: Concurrent checkpoint removal tasks

Change-Id: I9325be2962cceb54a1838f6150dad4a0380a88a0

======================================================================================================================
COMMENTS
======================================================================================================================
Author: James H
Date: 2021-07-20 15:41:03.000000000
Message: 
Uploaded patch set 1.
----------------------------------------------------------------------------------------------------------------------
Author: Build Bot
Date: 2021-07-20 16:04:01.000000000
Message: 
Patch Set 1: Verified-1

Build Failed 

http://cv.jenkins.couchbase.com/job/kv_engine-windows-master/37910/ : FAILURE

Compile error at ..\kv_engine\engines\ep\tests\module_tests\evp_store_test.cc(26): fatal error C1083: Cannot open include file: "checkpoint_remover.h": No such file or directory ( http://cv.jenkins.couchbase.com/job/kv_engine-windows-master/37910/ )

http://cv.jenkins.couchbase.com/job/kv_engine.macos/job/master/11398/ : FAILURE

Compile error at [2021-07-20T15:50:57.305Z] ../kv_engine/engines/ep/tests/module_tests/evp_store_test.cc:26:10:
fatal error: "checkpoint_remover.h" file not found
 ( http://cv.jenkins.couchbase.com/job/kv_engine.macos/job/master/11398/ )

http://cv.jenkins.couchbase.com/job/kv_engine.aarch64-linux/job/master/314/ : FAILURE

Compile error at [2021-07-20T15:50:30.492Z] ../kv_engine/engines/ep/tests/module_tests/evp_store_test.cc:26:10:
fatal error: checkpoint_remover.h: No such file or directory
 ( http://cv.jenkins.couchbase.com/job/kv_engine.aarch64-linux/job/master/314/ )

http://cv.jenkins.couchbase.com/job/kv_engine.libFuzzer/job/master/341/ : FAILURE

Compile error at [2021-07-20T15:49:58.163Z] ../kv_engine/engines/ep/tests/module_tests/evp_store_test.cc:26:10:
fatal error: "checkpoint_remover.h" file not found
 ( http://cv.jenkins.couchbase.com/job/kv_engine.libFuzzer/job/master/341/ )

http://cv.jenkins.couchbase.com/job/kv_engine.linux/job/master/12485/ : FAILURE

Compile error at [2021-07-20T15:57:54.653Z] ../kv_engine/engines/ep/tests/module_tests/evp_store_test.cc:26:10:
fatal error: checkpoint_remover.h: No such file or directory
 ( http://cv.jenkins.couchbase.com/job/kv_engine.linux/job/master/12485/ )

http://cv.jenkins.couchbase.com/job/kv_engine.linux-CE/job/master/12312/ : FAILURE

Compile error at [2021-07-20T15:55:57.394Z] ../kv_engine/engines/ep/tests/module_tests/evp_store_test.cc:26:10:
fatal error: checkpoint_remover.h: No such file or directory
 ( http://cv.jenkins.couchbase.com/job/kv_engine.linux-CE/job/master/12312/ )

http://cv.jenkins.couchbase.com/job/kv_engine.ASan-UBSan/job/master/20384/ : FAILURE

http://cv.jenkins.couchbase.com/job/kv_engine.threadsanitizer/job/master/12835/ : FAILURE

Compile error at [2021-07-20T15:53:51.996Z] ../kv_engine/engines/ep/tests/module_tests/evp_store_test.cc:26:10:
fatal error: "checkpoint_remover.h" file not found
 ( http://cv.jenkins.couchbase.com/job/kv_engine.threadsanitizer/job/master/12835/ )

http://cv.jenkins.couchbase.com/job/kv_engine-clang_format_9/9385/ : SUCCESS

http://cv.jenkins.couchbase.com/job/kv_engine-clang_tidy-master/10724/ : SUCCESS

http://cv.jenkins.couchbase.com/job/kv_engine-clang_analyzer-master/32323/ : SUCCESS
----------------------------------------------------------------------------------------------------------------------
