======================================================================================================================
DESCRIPTION:

Merge commit '13fce2855a61a7301daaac47ecb162e2889e9498' into master

* commit '13fce2855a61a7301daaac47ecb162e2889e9498':
  MB-54386, MB-54455, MB-54452: Add ConnectionLimitMode::Recycle

Change-Id: Ifd50ddb552b3edc985b07cb3418ccf90a0ff642a

======================================================================================================================
COMMENTS
======================================================================================================================
Author: Trond Norbye
Date: 2022-12-14 16:19:31.000000000
Message: 
Uploaded patch set 1.
----------------------------------------------------------------------------------------------------------------------
Author: Build Bot
Date: 2022-12-14 16:49:38.000000000
Message: 
Patch Set 1: Verified-1

Build Failed 

https://cv.jenkins.couchbase.com/job/kv_engine.linux-debug/job/master/953/ : FAILURE

Failure of GoogleTest "EphemeralOrPersistent/STItemPagerTest.isEligible/persistent_magma_full_eviction_item_eviction_strategy_learning_age_and_mfu":

<pre>
[ RUN      ] EphemeralOrPersistent/STItemPagerTest.isEligible/persistent_magma_full_eviction_item_eviction_strategy_learning_age_and_mfu
[2022-12-14T16:27:10.579Z] 
[2022-12-14T16:27:10.579Z] GMOCK WARNING:
[2022-12-14T16:27:10.579Z] Uninteresting mock function call - taking default action specified at:
[2022-12-14T16:27:10.579Z] ../kv_engine/engines/ep/tests/module_tests/../mock/mock_paging_visitor.h:38:
[2022-12-14T16:27:10.579Z]     Function call: visitBucket(@0x7f5a81cada00 3296-byte object <90-CA E7-02 00-00 00-00 00-DA CA-81 5A-7F 00-00 40-6B C4-81 5A-7F 00-00 2F-00 00-00 00-00 00-00 2F-00 00-00 00-00 00-00 80-24 B4-81 5A-7F 00-00 F8-25 B4-81 5A-7F 00-00 F8-25 B4-81 5A-7F 00-00 ... A5-A5 A5-A5 A5-A5 A5-A5 A5-A5 A5-A5 A5-A5 A5-A5 00-00 00-00 00-00 00-00 A5-A5 A5-A5 A5-A5 A5-A5 A5-A5 A5-A5 A5-A5 A5-A5 A5-A5 A5-A5 A5-A5 A5-A5 00-00 00-00 00-00 00-00 A5-A5 A5-A5 A5-A5 A5-A5>)
[2022-12-14T16:27:10.579Z] NOTE: You can safely ignore the above warning unless this call should not happen.  Do not suppress it by blindly adding an EXPECT_CALL() if you don"t mean to enforce the call.  See https://github.com/google/googletest/blob/master/docs/gmock_cook_book.md#knowing-when-to-expect for details.
[2022-12-14T16:27:10.579Z] ../kv_engine/engines/ep/tests/module_tests/item_pager_test.cc:955: Failure
[2022-12-14T16:27:10.579Z] Expected: (initialCount) != (strategy.getThresholds(100.0, 0.0).first), actual: "\x4" (4) vs 4
[2022-12-14T16:27:10.579Z] [  FAILED  ] EphemeralOrPersistent/STItemPagerTest.isEligible/persistent_magma_full_eviction_item_eviction_strategy_learning_age_and_mfu, where GetParam() = "bucket_type=persistent:backend=magma:item_eviction_policy=full_eviction:item_eviction_strategy=learning_age_and_mfu" (226 ms)
EphemeralOrPersistent/STItemPagerTest.isEligible/persistent_magma_full_eviction_item_eviction_strategy_learning_age_and_mfu
</pre>
 ( https://cv.jenkins.couchbase.com/job/kv_engine.linux-debug/job/master/953/ )

https://cv.jenkins.couchbase.com/job/kv_engine.macos/job/master/23755/ : FAILURE

Failure of GoogleTest "TransportProtocols/StatsTest.MB37147_TestEWBReturnFromStat/McbpSsl":

<pre>
[ RUN      ] TransportProtocols/StatsTest.MB37147_TestEWBReturnFromStat/McbpSsl
[2022-12-14T16:41:09.147Z] /Users/couchbase/workspace/workspace/kv_engine.macos_master_2/kv_engine/tests/testapp/testapp_stats.cc:302: Failure
[2022-12-14T16:41:09.147Z] Value of: stats.empty()
[2022-12-14T16:41:09.147Z]   Actual: true
[2022-12-14T16:41:09.147Z] Expected: false
[2022-12-14T16:41:09.147Z] [  FAILED  ] TransportProtocols/StatsTest.MB37147_TestEWBReturnFromStat/McbpSsl, where GetParam() = McbpSsl (3 ms)
TransportProtocols/StatsTest.MB37147_TestEWBReturnFromStat/McbpSsl
</pre>
 ( https://cv.jenkins.couchbase.com/job/kv_engine.macos/job/master/23755/ )

https://cv.jenkins.couchbase.com/job/kv_engine.threadsanitizer/job/master/25517/ : FAILURE

Failure of GoogleTest "TransportProtocols/DcpConsumerBufferAckTest.DeleteWithManyCompressibleXattrs/Mcbp_XattrYes_JsonYes_SnappyYes_AlwaysBufferYes":

<pre>
[ RUN      ] TransportProtocols/DcpConsumerBufferAckTest.DeleteWithManyCompressibleXattrs/Mcbp_XattrYes_JsonYes_SnappyYes_AlwaysBufferYes
[2022-12-14T16:49:01.483Z] unknown file: Failure
[2022-12-14T16:49:01.483Z] C++ exception with description "MemcachedConnection::recvDcpBufferAck: Unexpected buffer bytes:0 expected:61" thrown in the test body.
[2022-12-14T16:49:01.483Z] [  FAILED  ] TransportProtocols/DcpConsumerBufferAckTest.DeleteWithManyCompressibleXattrs/Mcbp_XattrYes_JsonYes_SnappyYes_AlwaysBufferYes, where GetParam() = (Mcbp, XattrYes, 4-byte object <00-00 00-00>, 4-byte object <00-00 00-00>, 4-byte object <00-00 00-00>) (282 ms)
TransportProtocols/DcpConsumerBufferAckTest.DeleteWithManyCompressibleXattrs/Mcbp_XattrYes_JsonYes_SnappyYes_AlwaysBufferYes
</pre>
 ( https://cv.jenkins.couchbase.com/job/kv_engine.threadsanitizer/job/master/25517/ )

https://cv.jenkins.couchbase.com/job/kv_engine-clang_format_9/21784/ : SUCCESS

https://cv.jenkins.couchbase.com/job/kv_engine-clang_tidy-master/22197/ : SUCCESS

https://cv.jenkins.couchbase.com/job/kv_engine-windows-master/51505/ : SUCCESS

https://cv.jenkins.couchbase.com/job/kv_engine-clang_analyzer-master/43237/ : SUCCESS

https://cv.jenkins.couchbase.com/job/kv_engine.aarch64-linux/job/master/12004/ : SUCCESS

https://cv.jenkins.couchbase.com/job/kv_engine.libFuzzer/job/master/11914/ : SUCCESS

https://cv.jenkins.couchbase.com/job/kv_engine.ASan-UBSan/job/master/32656/ : SUCCESS

https://cv.jenkins.couchbase.com/job/kv_engine.linux-CE/job/master/24238/ : SUCCESS

https://cv.jenkins.couchbase.com/job/kv_engine.linux/job/master/24653/ : SUCCESS
----------------------------------------------------------------------------------------------------------------------
Author: Build Bot
Date: 2022-12-14 18:13:35.000000000
Message: 
Patch Set 1: Verified+1

Build Successful 

https://cv.jenkins.couchbase.com/job/kv_engine-clang_format_9/21784/ : SUCCESS

https://cv.jenkins.couchbase.com/job/kv_engine-clang_tidy-master/22197/ : SUCCESS

https://cv.jenkins.couchbase.com/job/kv_engine-windows-master/51505/ : SUCCESS

https://cv.jenkins.couchbase.com/job/kv_engine-clang_analyzer-master/43237/ : SUCCESS

https://cv.jenkins.couchbase.com/job/kv_engine.aarch64-linux/job/master/12004/ : SUCCESS

https://cv.jenkins.couchbase.com/job/kv_engine.libFuzzer/job/master/11914/ : SUCCESS

https://cv.jenkins.couchbase.com/job/kv_engine.ASan-UBSan/job/master/32656/ : SUCCESS

https://cv.jenkins.couchbase.com/job/kv_engine.linux-CE/job/master/24238/ : SUCCESS

https://cv.jenkins.couchbase.com/job/kv_engine.macos/job/master/23757/ : SUCCESS

https://cv.jenkins.couchbase.com/job/kv_engine.threadsanitizer/job/master/25519/ : SUCCESS

https://cv.jenkins.couchbase.com/job/kv_engine.linux/job/master/24653/ : SUCCESS

https://cv.jenkins.couchbase.com/job/kv_engine.linux-debug/job/master/955/ : SUCCESS
----------------------------------------------------------------------------------------------------------------------
Author: Jim Walker
Date: 2022-12-15 09:22:37.000000000
Message: 
Patch Set 1: Code-Review+2
----------------------------------------------------------------------------------------------------------------------
Author: Jim Walker
Date: 2022-12-15 09:49:43.000000000
Message: 
Change has been successfully merged
----------------------------------------------------------------------------------------------------------------------
Author: Build Bot
Date: 2022-12-15 09:49:49.000000000
Message: 
Patch Set 1:

Build Started https://cv.jenkins.couchbase.com/job/kv_engine-post-commit-master/12795/ (1/2)
----------------------------------------------------------------------------------------------------------------------
Author: Build Bot
Date: 2022-12-15 09:49:50.000000000
Message: 
Patch Set 1:

Build Started https://cv.jenkins.couchbase.com/job/kv_engine-post-commit-TSan-master/8487/ (2/2)
----------------------------------------------------------------------------------------------------------------------
Author: Build Bot
Date: 2022-12-15 09:52:03.000000000
Message: 
Patch Set 1:

Build Failed 

https://cv.jenkins.couchbase.com/job/kv_engine-post-commit-master/12795/ : FAILURE

No problems were identified. If you know why this problem occurred, please add a suitable Cause for it. ( https://cv.jenkins.couchbase.com/job/kv_engine-post-commit-master/12795/ )

https://cv.jenkins.couchbase.com/job/kv_engine-post-commit-TSan-master/8487/ : FAILURE

No problems were identified. If you know why this problem occurred, please add a suitable Cause for it. ( https://cv.jenkins.couchbase.com/job/kv_engine-post-commit-TSan-master/8487/ )
----------------------------------------------------------------------------------------------------------------------
