======================================================================================================================
DESCRIPTION:

Refactor: Move IOCTL tests to testapp_ioctl.cc

Change-Id: I384a7ffee683a8353296fa09514d077f788d4cbc

======================================================================================================================
COMMENTS
======================================================================================================================
Author: Trond Norbye
Date: 2021-03-19 11:32:23.000000000
Message: 
Uploaded patch set 1.
----------------------------------------------------------------------------------------------------------------------
Author: Build Bot
Date: 2021-03-19 14:18:03.000000000
Message: 
Patch Set 1: Verified-1

Build Failed 

http://cv.jenkins.couchbase.com/job/kv_engine-windows-master/34396/ : FAILURE

Compile error at ..\kv_engine\tests\testapp\testapp_logging.cc(54): error C2398: Element "3": conversion from "spdlog::level::level_enum" to "uint32_t" requires a narrowing conversion ( http://cv.jenkins.couchbase.com/job/kv_engine-windows-master/34396/ )

http://cv.jenkins.couchbase.com/job/kv_engine-clang_analyzer-master/29521/ : SUCCESS

http://cv.jenkins.couchbase.com/job/kv_engine-clang_tidy/7793/ : SUCCESS

http://cv.jenkins.couchbase.com/job/kv_engine-clang_format_9/6335/ : SUCCESS

http://cv.jenkins.couchbase.com/job/kv_engine.linux-CE/job/master/9357/ : SUCCESS

http://cv.jenkins.couchbase.com/job/kv_engine.linux/job/master/9503/ : SUCCESS

http://cv.jenkins.couchbase.com/job/kv_engine.threadsanitizer/job/master/9714/ : SUCCESS

http://cv.jenkins.couchbase.com/job/kv_engine.ASan-UBSan/job/master/17269/ : SUCCESS

http://cv.jenkins.couchbase.com/job/kv_engine.macos/job/master/8420/ : SUCCESS
----------------------------------------------------------------------------------------------------------------------
