======================================================================================================================
DESCRIPTION:

Revert "MB-33684: Convert VB::Manifest lock to folly::SharedMutex"

This reverts commit 0dfa08539f3eb1049fe5f75ec7f653f69281bc33.

Change-Id: If45017cbe923908e1cd52884b5266c8134a4289f

======================================================================================================================
COMMENTS
======================================================================================================================
Author: Ben Huddleston
Date: 2019-04-11 09:07:04.000000000
Message: 
Uploaded patch set 1.
----------------------------------------------------------------------------------------------------------------------
Author: Build Bot
Date: 2019-04-16 13:46:01.000000000
Message: 
Patch Set 1: Verified-1

Build Failed 

http://cv.jenkins.couchbase.com/job/kv_engine-linux-master-CE/317/ : FAILURE

Compile error at /home/couchbase/jenkins/workspace/kv_engine-linux-master-CE/kv_engine/engines/ep/src/rocksdb-kvstore/rocksdb-kvstore.h:61:14:
error: "CompactionEventListener" in namespace "rocksdb" does not name a type
 ( http://cv.jenkins.couchbase.com/job/kv_engine-linux-master-CE/317/ )

http://cv.jenkins.couchbase.com/job/kv_engine-clang_analyzer-master/16556/ : FAILURE

Compile error at /home/couchbase/jenkins/workspace/kv_engine-clang_analyzer-master/kv_engine/engines/ep/src/rocksdb-kvstore/rocksdb-kvstore.h:61:14:
error: no type named "CompactionEventListener" in namespace "rocksdb"
 ( http://cv.jenkins.couchbase.com/job/kv_engine-clang_analyzer-master/16556/ )

http://cv.jenkins.couchbase.com/job/kv_engine-linux-master/18654/ : FAILURE

Compile error at /home/couchbase/jenkins/workspace/kv_engine-linux-master/kv_engine/engines/ep/src/rocksdb-kvstore/rocksdb-kvstore.h:61:14:
error: "CompactionEventListener" in namespace "rocksdb" does not name a type
 ( http://cv.jenkins.couchbase.com/job/kv_engine-linux-master/18654/ )

http://cv.jenkins.couchbase.com/job/kv_engine-threadsanitizer-master/10435/ : FAILURE

Compile error at /home/couchbase/jenkins/workspace/kv_engine-threadsanitizer-master/kv_engine/engines/ep/src/rocksdb-kvstore/rocksdb-kvstore.h:61:14:
error: "CompactionEventListener" in namespace "rocksdb" does not name a type
 ( http://cv.jenkins.couchbase.com/job/kv_engine-threadsanitizer-master/10435/ )

http://cv.jenkins.couchbase.com/job/kv_engine.ASan-UBSan/job/master/3200/ : FAILURE

Compile error at [2019-04-16T13:43:16.573Z] /home/couchbase/jenkins/workspace/kv_engine.ASan-UBSan_master/kv_engine/engines/ep/src/rocksdb-kvstore/rocksdb-kvstore.h:61:14:
error: "CompactionEventListener" in namespace "rocksdb" does not name a type
 ( http://cv.jenkins.couchbase.com/job/kv_engine.ASan-UBSan/job/master/3200/ )

http://cv.jenkins.couchbase.com/job/kv_engine-clang_format/17223/ : SUCCESS

http://cv.jenkins.couchbase.com/job/kv_engine-windows-master/19305/ : SUCCESS
----------------------------------------------------------------------------------------------------------------------
