======================================================================================================================
DESCRIPTION:

MB-33563: Add support for getAllKeys for magma API

Change-Id: I7c24c63d709d8a19ea8bfa92ded46cdd5896b979

======================================================================================================================
COMMENTS
======================================================================================================================
Author: Scott Lashley
Date: 2019-05-23 02:27:09.000000000
Message: 
Uploaded patch set 2.
----------------------------------------------------------------------------------------------------------------------
Author: Build Bot
Date: 2019-05-23 02:55:22.000000000
Message: 
Patch Set 2: Verified-1

Build Failed 

http://cv.jenkins.couchbase.com/job/kv_engine-threadsanitizer-master/11371/ : FAILURE

ThreadSanitizer issue: lock-order-inversion (potential deadlock) (/home/couchbase/jenkins/workspace/kv_engine-threadsanitizer-master/install/lib/libtsan.so.0+0x3876f) in __interceptor_pthread_mutex_lock  ( http://cv.jenkins.couchbase.com/job/kv_engine-threadsanitizer-master/11371/ )

Failure of a CTest test  28/178 Test  #23: ep-engine_ep_unit_tests ...................................................... ( http://cv.jenkins.couchbase.com/job/kv_engine-threadsanitizer-master/11371/ )

http://cv.jenkins.couchbase.com/job/kv_engine-linux-master-CE/1250/ : FAILURE

One of more core files found at the end of the build. Data for post-mortem saved to archived_core_dumps.tar.bz2 under "Build Artifacts". ( http://cv.jenkins.couchbase.com/job/kv_engine-linux-master-CE/1250/ )

Failure of a CTest test  28/199 Test  #26: ep-engine_ep_unit_tests ...................................................... ( http://cv.jenkins.couchbase.com/job/kv_engine-linux-master-CE/1250/ )

http://cv.jenkins.couchbase.com/job/kv_engine-linux-master/19608/ : FAILURE

One of more core files found at the end of the build. Data for post-mortem saved to archived_core_dumps.tar.bz2 under "Build Artifacts". ( http://cv.jenkins.couchbase.com/job/kv_engine-linux-master/19608/ )

Failure of a CTest test  46/199 Test  #44: ep_testsuite_basic.full_eviction.rocksdb .....................................Child aborted ( http://cv.jenkins.couchbase.com/job/kv_engine-linux-master/19608/ )

http://cv.jenkins.couchbase.com/job/kv_engine-windows-master/20326/ : FAILURE

Failure of a CTest test  28/181 Test  #23: ep-engine_ep_unit_tests ...................................................... ( http://cv.jenkins.couchbase.com/job/kv_engine-windows-master/20326/ )

Failure of a GoogleTest test:

KVStoreParam/KVStoreParamTest.TestDataStoredInTheRightVBucket/magma, where GetParam() = "magma" (89 ms) ( http://cv.jenkins.couchbase.com/job/kv_engine-windows-master/20326/ )

http://cv.jenkins.couchbase.com/job/kv_engine-clang_format/18198/ : SUCCESS

http://cv.jenkins.couchbase.com/job/kv-engine-cv-perf/10733/ : SUCCESS

http://cv.jenkins.couchbase.com/job/kv_engine-clang_analyzer-master/17410/ : SUCCESS

http://cv.jenkins.couchbase.com/job/kv_engine.ASan-UBSan/job/master/4167/ : SUCCESS
----------------------------------------------------------------------------------------------------------------------
