======================================================================================================================
DESCRIPTION:

MB-29369: Obtain the streamMutex earlier in the snapshot task

Obtain the streamMutex and also check the stream is in-memory /
takeover-send before the task increments the cursor.

*some tests are failing*

Change-Id: I82ba9b959859921062f817f9f8e2c1452cb852e7

======================================================================================================================
COMMENTS
======================================================================================================================
Author: Dave Rigby
Date: 2018-04-30 19:57:38.000000000
Message: 
Uploaded patch set 2.
----------------------------------------------------------------------------------------------------------------------
Author: Build Bot
Date: 2018-04-30 20:30:39.000000000
Message: 
Patch Set 2: Verified-1

Build Failed 

http://cv.jenkins.couchbase.com/job/kv_engine-threadsanitizer-vulcan/163/ : FAILURE

Failure of a GoogleTest  ( http://cv.jenkins.couchbase.com/job/kv_engine-threadsanitizer-vulcan/163/ )

Failure of a CTest test  27/144 Test  #25: ep-engine_ep_unit_tests ...................................................... ( http://cv.jenkins.couchbase.com/job/kv_engine-threadsanitizer-vulcan/163/ )

http://cv.jenkins.couchbase.com/job/kv_engine-windows-vulcan/175/ : FAILURE

Failure of a GoogleTest  ( http://cv.jenkins.couchbase.com/job/kv_engine-windows-vulcan/175/ )

Failure of a CTest test  24/145 Test  #22: ep-engine_ep_unit_tests ...................................................... ( http://cv.jenkins.couchbase.com/job/kv_engine-windows-vulcan/175/ )

http://cv.jenkins.couchbase.com/job/kv_engine-linux-vulcan/152/ : FAILURE

Failure of a GoogleTest  ( http://cv.jenkins.couchbase.com/job/kv_engine-linux-vulcan/152/ )

Failure of a CTest test  26/162 Test  #25: ep-engine_ep_unit_tests ...................................................... ( http://cv.jenkins.couchbase.com/job/kv_engine-linux-vulcan/152/ )

http://cv.jenkins.couchbase.com/job/kv_engine-addresssanitizer-vulcan/143/ : FAILURE

Failure of a GoogleTest  ( http://cv.jenkins.couchbase.com/job/kv_engine-addresssanitizer-vulcan/143/ )

Failure of a CTest test  25/142 Test  #24: ep-engine_ep_unit_tests ...................................................... ( http://cv.jenkins.couchbase.com/job/kv_engine-addresssanitizer-vulcan/143/ )

http://cv.jenkins.couchbase.com/job/kv_engine-undefinedsanitizer-vulcan/158/ : FAILURE

Failure of a GoogleTest  ( http://cv.jenkins.couchbase.com/job/kv_engine-undefinedsanitizer-vulcan/158/ )

Failure of a CTest test  23/143 Test  #24: ep-engine_ep_unit_tests ...................................................... ( http://cv.jenkins.couchbase.com/job/kv_engine-undefinedsanitizer-vulcan/158/ )

http://cv.jenkins.couchbase.com/job/kv_engine-clang_analyzer-vulcan/148/ : SUCCESS

http://cv.jenkins.couchbase.com/job/kv_engine-clang_format/7675/ : SUCCESS
----------------------------------------------------------------------------------------------------------------------
