======================================================================================================================
DESCRIPTION:

ep-engine_sizes: display size of StoredValue including key

Display the size of a StoredValue object including the embedded
key. For example purposes chose a key size of 15 bytes:

    StoredValue     56
    StoredValue with 15 byte key    73

Change-Id: Ic510899c800cac0684959712f975427f3b8292b4

======================================================================================================================
COMMENTS
======================================================================================================================
Author: Dave Rigby
Date: 2018-06-01 11:19:32.000000000
Message: 
Uploaded patch set 1.
----------------------------------------------------------------------------------------------------------------------
Author: Build Bot
Date: 2018-06-01 11:36:06.000000000
Message: 
Patch Set 1: Verified-1

Build Failed 

http://cv.jenkins.couchbase.com/job/kv_engine-windows-master/9453/ : FAILURE

Compile error at C:\Jenkins\workspace\kv_engine-windows-master\kv_engine\engines\ep\src\stored_value_factories.h(77): error C2027: use of undefined type "Item" ( http://cv.jenkins.couchbase.com/job/kv_engine-windows-master/9453/ )

http://cv.jenkins.couchbase.com/job/kv_engine-threadsanitizer-master/1322/ : FAILURE

Compile error at /home/couchbase/jenkins/workspace/kv_engine-threadsanitizer-master/kv_engine/engines/ep/src/stored_value_factories.h:77:64:
error: invalid use of incomplete type "const class Item"
 ( http://cv.jenkins.couchbase.com/job/kv_engine-threadsanitizer-master/1322/ )

http://cv.jenkins.couchbase.com/job/kv_engine-linux-master/9529/ : FAILURE

Compile error at /home/couchbase/jenkins/workspace/kv_engine-linux-master/kv_engine/engines/ep/src/stored_value_factories.h:77:64:
error: invalid use of incomplete type "const class Item"
 ( http://cv.jenkins.couchbase.com/job/kv_engine-linux-master/9529/ )

http://cv.jenkins.couchbase.com/job/kv_engine-undefinedsanitizer-master/421/ : FAILURE

Compile error at /home/couchbase/jenkins/workspace/kv_engine-undefinedsanitizer-master/kv_engine/engines/ep/src/stored_value_factories.h:77:64:
error: invalid use of incomplete type "const class Item"
 ( http://cv.jenkins.couchbase.com/job/kv_engine-undefinedsanitizer-master/421/ )

http://cv.jenkins.couchbase.com/job/kv_engine-clang_analyzer-master/8436/ : FAILURE

Compile error at /home/couchbase/jenkins/workspace/kv_engine-clang_analyzer-master/kv_engine/engines/ep/src/stored_value_factories.h:77:67:
error: member access into incomplete type "const Item"
 ( http://cv.jenkins.couchbase.com/job/kv_engine-clang_analyzer-master/8436/ )

http://cv.jenkins.couchbase.com/job/kv_engine-addresssanitizer-master/1278/ : FAILURE

Compile error at /home/couchbase/jenkins/workspace/kv_engine-addresssanitizer-master/kv_engine/engines/ep/src/stored_value_factories.h:77:64:
error: invalid use of incomplete type "const class Item"
 ( http://cv.jenkins.couchbase.com/job/kv_engine-addresssanitizer-master/1278/ )

http://cv.jenkins.couchbase.com/job/kv_engine-clang_format/8325/ : SUCCESS
----------------------------------------------------------------------------------------------------------------------
