======================================================================================================================
DESCRIPTION:

MB-36860:

Change-Id: I286eaa52513fb8ee6b8e02f294e44c68dc991d29

======================================================================================================================
COMMENTS
======================================================================================================================
Author: Paolo Cocchi
Date: 2019-11-18 09:58:43.000000000
Message: 
Uploaded patch set 9.
----------------------------------------------------------------------------------------------------------------------
Author: Paolo Cocchi
Date: 2019-11-18 10:15:07.000000000
Message: 
Patch Set 9:

(1 comment)
Line:510, engines/ep/tests/module_tests/vbucket_test.cc -> .. and maybe move to CheckpointTest

----------------------------------------------------------------------------------------------------------------------
Author: Build Bot
Date: 2019-11-18 10:48:58.000000000
Message: 
Patch Set 9: Verified-1

Build Failed 

http://cv.jenkins.couchbase.com/job/kv_engine-windows-master/24730/ : FAILURE

CMake error: build/tlm/deps/jemalloc.exploded/CMakeLists.txt:5 (FILE) ( http://cv.jenkins.couchbase.com/job/kv_engine-windows-master/24730/ )

http://cv.jenkins.couchbase.com/job/kv_engine.linux-CE/job/master/399/ : FAILURE

Failure of a CTest test [2019-11-18T10:18:20.743Z]  29/203 Test  #26: ep-engine_ep_unit_tests ...................................................... ( http://cv.jenkins.couchbase.com/job/kv_engine.linux-CE/job/master/399/ )

http://cv.jenkins.couchbase.com/job/kv_engine.linux/job/master/410/ : FAILURE

Failure of a CTest test [2019-11-18T10:27:50.937Z]  29/211 Test  #26: ep-engine_ep_unit_tests ...................................................... ( http://cv.jenkins.couchbase.com/job/kv_engine.linux/job/master/410/ )

http://cv.jenkins.couchbase.com/job/kv_engine.threadsanitizer/job/master/453/ : FAILURE

Failure of a CTest test [2019-11-18T10:30:55.770Z]  30/188 Test  #23: ep-engine_ep_unit_tests ...................................................... ( http://cv.jenkins.couchbase.com/job/kv_engine.threadsanitizer/job/master/453/ )

http://cv.jenkins.couchbase.com/job/kv_engine.ASan-UBSan/job/master/8298/ : FAILURE

http://cv.jenkins.couchbase.com/job/kv_engine-clang_analyzer-master/21074/ : SUCCESS

http://cv.jenkins.couchbase.com/job/kv-engine-cv-perf/14287/ : SUCCESS

http://cv.jenkins.couchbase.com/job/kv_engine-clang_format/22509/ : SUCCESS
----------------------------------------------------------------------------------------------------------------------
