======================================================================================================================
DESCRIPTION:

DCP step should be accounted for in numEvents

Change-Id: Ib4467b820c269206d0cca888de2b09e3758e2601

======================================================================================================================
COMMENTS
======================================================================================================================
Author: Trond Norbye
Date: 2021-03-26 11:42:12.000000000
Message: 
Uploaded patch set 1.
----------------------------------------------------------------------------------------------------------------------
Author: Build Bot
Date: 2021-03-26 12:38:31.000000000
Message: 
Patch Set 1: Verified-1

Build Failed 

http://cv.jenkins.couchbase.com/job/kv_engine-windows-master/34571/ : ABORTED

Failure of GoogleTest "TransportProtocols/BucketTest.DeleteWhileSendDataAndFullWriteBuffer/McbpSsl":

<pre>
[ RUN      ] TransportProtocols/BucketTest.DeleteWhileSendDataAndFullWriteBuffer/McbpSsl
unknown file: error: C++ exception with description "Failed to write data, BIO_write returned -1" thrown in the test body.
[  FAILED  ] TransportProtocols/BucketTest.DeleteWhileSendDataAndFullWriteBuffer/McbpSsl, where GetParam() = McbpSsl (23 ms)
TransportProtocols/BucketTest.DeleteWhileSendDataAndFullWriteBuffer/McbpSsl
</pre>
 ( http://cv.jenkins.couchbase.com/job/kv_engine-windows-master/34571/ )

Build which was aborted due to a newer patch set being uploaded for the given review. ( http://cv.jenkins.couchbase.com/job/kv_engine-windows-master/34571/ )

http://cv.jenkins.couchbase.com/job/kv_engine.linux-CE/job/master/9523/ : ABORTED

http://cv.jenkins.couchbase.com/job/kv_engine.ASan-UBSan/job/master/17432/ : FAILURE

No problems were identified. If you know why this problem occurred, please add a suitable Cause for it. ( http://cv.jenkins.couchbase.com/job/kv_engine.ASan-UBSan/job/master/17432/ )

http://cv.jenkins.couchbase.com/job/kv_engine.macos/job/master/8589/ : FAILURE

Failure of GoogleTest "SDPerf/SubdocPerfTest.Array_RemoveFirst/Mcbp_JsonNo":

<pre>
[ RUN      ] SDPerf/SubdocPerfTest.Array_RemoveFirst/Mcbp_JsonNo
[2021-03-26T11:46:44.862Z] ../kv_engine/tests/testapp/testapp.cc:942: Failure
[2021-03-26T11:46:44.862Z] Expected: (0u) != (nr), actual: 0 vs 0
[2021-03-26T11:46:44.862Z] unknown file: Failure
[2021-03-26T11:46:44.862Z] C++ exception with description "to_string(cb::mcbp::Magic magic): Invalid value: 0" thrown in the test body.
[2021-03-26T11:46:44.862Z] [  FAILED  ] SDPerf/SubdocPerfTest.Array_RemoveFirst/Mcbp_JsonNo, where GetParam() = (Mcbp, 4-byte object <01-00 00-00>) (3 ms)
SDPerf/SubdocPerfTest.Array_RemoveFirst/Mcbp_JsonNo
</pre>
 ( http://cv.jenkins.couchbase.com/job/kv_engine.macos/job/master/8589/ )

http://cv.jenkins.couchbase.com/job/kv_engine.linux/job/master/9659/ : FAILURE

Failure of GoogleTest "SDPerf/SubdocPerfTest.Array_RemoveBaseline/Mcbp_JsonNo":

<pre>
[ RUN      ] SDPerf/SubdocPerfTest.Array_RemoveBaseline/Mcbp_JsonNo
[2021-03-26T12:07:04.794Z] ../kv_engine/tests/testapp/testapp.cc:940: Failure
[2021-03-26T12:07:04.794Z] Expected equality of these values:
[2021-03-26T12:07:04.794Z]   4
[2021-03-26T12:07:04.794Z]   (*__errno_location ())
[2021-03-26T12:07:04.794Z]     Which is: 104
[2021-03-26T12:07:04.794Z] Failed to read: Connection reset by peer
[2021-03-26T12:07:04.794Z] unknown file: Failure
[2021-03-26T12:07:04.794Z] C++ exception with description "to_string(cb::mcbp::Magic magic): Invalid value: 0" thrown in the test body.
[2021-03-26T12:07:04.794Z] [  FAILED  ] SDPerf/SubdocPerfTest.Array_RemoveBaseline/Mcbp_JsonNo, where GetParam() = (Mcbp, 4-byte object <01-00 00-00>) (3 ms)
SDPerf/SubdocPerfTest.Array_RemoveBaseline/Mcbp_JsonNo
</pre>
 ( http://cv.jenkins.couchbase.com/job/kv_engine.linux/job/master/9659/ )

One of more core files found at the end of the build. Data for post-mortem saved to archived_core_dumps.tar.bz2 under "Build Artifacts". ( http://cv.jenkins.couchbase.com/job/kv_engine.linux/job/master/9659/ )

Test exceeded the timeout:
[2021-03-26T12:08:07.828Z] /usr/bin/timeout: the monitored command dumped core ( http://cv.jenkins.couchbase.com/job/kv_engine.linux/job/master/9659/ )

http://cv.jenkins.couchbase.com/job/kv_engine.threadsanitizer/job/master/9884/ : FAILURE

Failure of GoogleTest "OutOfOrderClusterTest.OnlyReorderReordableCommands":

<pre>
[ RUN      ] OutOfOrderClusterTest.OnlyReorderReordableCommands
[2021-03-26T12:16:25.437Z] unknown file: Failure
[2021-03-26T12:16:25.437Z] C++ exception with description "MemcachedConnection::readPlain: failed to read data: Connection reset by peer" thrown in the test body.
[2021-03-26T12:16:25.437Z] [  FAILED  ] OutOfOrderClusterTest.OnlyReorderReordableCommands (276 ms)
OutOfOrderClusterTest.OnlyReorderReordableCommands
</pre>
 ( http://cv.jenkins.couchbase.com/job/kv_engine.threadsanitizer/job/master/9884/ )

ThreadSanitizer issue: data race ../kv_engine/daemon/cookie.h:435 in Cookie::setEngineStorage(void*)  ( http://cv.jenkins.couchbase.com/job/kv_engine.threadsanitizer/job/master/9884/ )

http://cv.jenkins.couchbase.com/job/kv_engine-clang_analyzer-master/29667/ : SUCCESS

http://cv.jenkins.couchbase.com/job/kv_engine-clang_tidy/7939/ : SUCCESS

http://cv.jenkins.couchbase.com/job/kv_engine-clang_format_9/6483/ : SUCCESS
----------------------------------------------------------------------------------------------------------------------
