======================================================================================================================
DESCRIPTION:

client_connection: Change Document::value to string

This was previously a vector<uint8_t>, but it is virutally always used
in conjuction with std::string. Change it's type to std::string, which
simplifies large amounts of test code.

Change-Id: I4ddec3da9af181a1e6397f4d1b10ffe23c1ea632

======================================================================================================================
COMMENTS
======================================================================================================================
Author: Trond Norbye
Date: 2017-11-22 10:09:02.000000000
Message: 
Patch Set 3: Patch Set 2 was rebased
----------------------------------------------------------------------------------------------------------------------
Author: Build Bot
Date: 2017-11-22 11:23:23.000000000
Message: 
Patch Set 3:

Build Failed 

http://cv.jenkins.couchbase.com/job/kv_engine-linux-master/4547/ : FAILURE

No problems were identified. If you know why this problem occurred, please add a suitable Cause for it. ( http://cv.jenkins.couchbase.com/job/kv_engine-linux-master/4547/ )

http://cv.jenkins.couchbase.com/job/kv_engine-clang_analyzer-master/3958/ : SUCCESS

http://cv.jenkins.couchbase.com/job/kv_engine-threadsanitizer-master/4308/ : SUCCESS

http://cv.jenkins.couchbase.com/job/kv_engine-addresssanitizer-master/4151/ : SUCCESS

http://cv.jenkins.couchbase.com/job/kv_engine-clang_format/2876/ : SUCCESS

http://cv.jenkins.couchbase.com/job/kv_engine-windows-master/4356/ : SUCCESS
----------------------------------------------------------------------------------------------------------------------
Author: Build Bot
Date: 2017-11-22 11:50:59.000000000
Message: 
Patch Set 3:

Build Failed 

http://cv.jenkins.couchbase.com/job/kv_engine-linux-master/4548/ : FAILURE

No problems were identified. If you know why this problem occurred, please add a suitable Cause for it. ( http://cv.jenkins.couchbase.com/job/kv_engine-linux-master/4548/ )

http://cv.jenkins.couchbase.com/job/kv_engine-clang_analyzer-master/3958/ : SUCCESS

http://cv.jenkins.couchbase.com/job/kv_engine-threadsanitizer-master/4308/ : SUCCESS

http://cv.jenkins.couchbase.com/job/kv_engine-addresssanitizer-master/4151/ : SUCCESS

http://cv.jenkins.couchbase.com/job/kv_engine-clang_format/2876/ : SUCCESS

http://cv.jenkins.couchbase.com/job/kv_engine-windows-master/4356/ : SUCCESS
----------------------------------------------------------------------------------------------------------------------
Author: Build Bot
Date: 2017-11-22 12:29:36.000000000
Message: 
Patch Set 3:

Build Failed 

http://cv.jenkins.couchbase.com/job/kv_engine-linux-master/4550/ : FAILURE

Timeout of a CTest test 25/83 MemCheck #74: memcached-xattr-ep-tests .......................} ( http://cv.jenkins.couchbase.com/job/kv_engine-linux-master/4550/ )

Failure of a CTest test 10/83 MemCheck #62: memcached-legacy-ssl-tests ..................... ( http://cv.jenkins.couchbase.com/job/kv_engine-linux-master/4550/ )

http://cv.jenkins.couchbase.com/job/kv_engine-clang_analyzer-master/3958/ : SUCCESS

http://cv.jenkins.couchbase.com/job/kv_engine-threadsanitizer-master/4308/ : SUCCESS

http://cv.jenkins.couchbase.com/job/kv_engine-addresssanitizer-master/4151/ : SUCCESS

http://cv.jenkins.couchbase.com/job/kv_engine-clang_format/2876/ : SUCCESS

http://cv.jenkins.couchbase.com/job/kv_engine-windows-master/4356/ : SUCCESS
----------------------------------------------------------------------------------------------------------------------
Author: Build Bot
Date: 2017-11-22 12:54:52.000000000
Message: 
Patch Set 3:

Build Failed 

http://cv.jenkins.couchbase.com/job/kv_engine-linux-master/4552/ : FAILURE

Timeout of a CTest test 28/83 MemCheck #74: memcached-xattr-ep-tests .......................} ( http://cv.jenkins.couchbase.com/job/kv_engine-linux-master/4552/ )

http://cv.jenkins.couchbase.com/job/kv_engine-clang_analyzer-master/3958/ : SUCCESS

http://cv.jenkins.couchbase.com/job/kv_engine-threadsanitizer-master/4308/ : SUCCESS

http://cv.jenkins.couchbase.com/job/kv_engine-addresssanitizer-master/4151/ : SUCCESS

http://cv.jenkins.couchbase.com/job/kv_engine-clang_format/2876/ : SUCCESS

http://cv.jenkins.couchbase.com/job/kv_engine-windows-master/4356/ : SUCCESS
----------------------------------------------------------------------------------------------------------------------
Author: Build Bot
Date: 2017-11-22 13:25:49.000000000
Message: 
Patch Set 3:

Build Failed 

http://cv.jenkins.couchbase.com/job/kv_engine-linux-master/4554/ : FAILURE

One of more core files found at the end of the build. Data for post-mortem saved to archived_core_dumps.tar.bz2 under "Build Artifacts". ( http://cv.jenkins.couchbase.com/job/kv_engine-linux-master/4554/ )

Timeout of a CTest test 23/83 MemCheck #74: memcached-xattr-ep-tests .......................} ( http://cv.jenkins.couchbase.com/job/kv_engine-linux-master/4554/ )

Failure of a CTest test  25/126 Test  #27: ep_testsuite.value_eviction.rocksdb .............. ( http://cv.jenkins.couchbase.com/job/kv_engine-linux-master/4554/ )

http://cv.jenkins.couchbase.com/job/kv_engine-clang_analyzer-master/3958/ : SUCCESS

http://cv.jenkins.couchbase.com/job/kv_engine-threadsanitizer-master/4308/ : SUCCESS

http://cv.jenkins.couchbase.com/job/kv_engine-addresssanitizer-master/4151/ : SUCCESS

http://cv.jenkins.couchbase.com/job/kv_engine-clang_format/2876/ : SUCCESS

http://cv.jenkins.couchbase.com/job/kv_engine-windows-master/4356/ : SUCCESS
----------------------------------------------------------------------------------------------------------------------
Author: Build Bot
Date: 2017-11-22 19:41:09.000000000
Message: 
Patch Set 3:

Build Failed 

http://cv.jenkins.couchbase.com/job/kv_engine-linux-master/4564/ : FAILURE

Timeout of a CTest test 18/83 MemCheck #74: memcached-xattr-ep-tests .......................} ( http://cv.jenkins.couchbase.com/job/kv_engine-linux-master/4564/ )

http://cv.jenkins.couchbase.com/job/kv_engine-clang_analyzer-master/3958/ : SUCCESS

http://cv.jenkins.couchbase.com/job/kv_engine-threadsanitizer-master/4308/ : SUCCESS

http://cv.jenkins.couchbase.com/job/kv_engine-addresssanitizer-master/4151/ : SUCCESS

http://cv.jenkins.couchbase.com/job/kv_engine-clang_format/2876/ : SUCCESS

http://cv.jenkins.couchbase.com/job/kv_engine-windows-master/4356/ : SUCCESS
----------------------------------------------------------------------------------------------------------------------
Author: Build Bot
Date: 2017-11-23 06:41:23.000000000
Message: 
Patch Set 3:

Build Failed 

http://cv.jenkins.couchbase.com/job/kv_engine-linux-master/4567/ : FAILURE

Timeout of a CTest test 18/83 MemCheck #74: memcached-xattr-ep-tests .......................} ( http://cv.jenkins.couchbase.com/job/kv_engine-linux-master/4567/ )

http://cv.jenkins.couchbase.com/job/kv_engine-clang_analyzer-master/3958/ : SUCCESS

http://cv.jenkins.couchbase.com/job/kv_engine-threadsanitizer-master/4308/ : SUCCESS

http://cv.jenkins.couchbase.com/job/kv_engine-addresssanitizer-master/4151/ : SUCCESS

http://cv.jenkins.couchbase.com/job/kv_engine-clang_format/2876/ : SUCCESS

http://cv.jenkins.couchbase.com/job/kv_engine-windows-master/4356/ : SUCCESS
----------------------------------------------------------------------------------------------------------------------
