======================================================================================================================
DESCRIPTION:

MB-47386: todo

Change-Id: I9d045d6ab58a2464be6e9868acce393eb438d1fd

======================================================================================================================
COMMENTS
======================================================================================================================
Author: Paolo Cocchi
Date: 2021-08-17 08:34:00.000000000
Message: 
Uploaded patch set 1.
----------------------------------------------------------------------------------------------------------------------
Author: Build Bot
Date: 2021-08-17 08:46:45.000000000
Message: 
Patch Set 1: Verified-1

Build Failed 

http://cv.jenkins.couchbase.com/job/kv_engine-windows-master/38638/ : ABORTED

No problems were identified. If you know why this problem occurred, please add a suitable Cause for it. ( http://cv.jenkins.couchbase.com/job/kv_engine-windows-master/38638/ )

http://cv.jenkins.couchbase.com/job/kv_engine.linux-CE/job/master/12947/ : ABORTED

Failure of an engine_testapp test:

<pre>
Running [0108/0157]: test vbucket destroy stats...WARNING: Logging before InitGoogleLogging() is written to STDERR
[2021-08-17T08:42:02.577Z] W0817 08:41:13.145381 68815 HazptrDomain.h:670] Using the default inline executor for asynchronous reclamation may be susceptible to deadlock if the current thread happens to hold a resource needed by the deleter of a reclaimable object
[2021-08-17T08:42:02.577Z] Exceeded maximum wait time of 60000000us waiting for stat "ep_overhead" to be 5369 (last value:52315) - aborting.
</pre>
 ( http://cv.jenkins.couchbase.com/job/kv_engine.linux-CE/job/master/12947/ )

Failure of GoogleTest "CheckpointRemoverEPTest.CheckpointManagerMemoryUsage":

<pre>
[ RUN      ] CheckpointRemoverEPTest.CheckpointManagerMemoryUsage
[2021-08-17T08:40:28.529Z] ../kv_engine/engines/ep/tests/module_tests/checkpoint_remover_test.cc:119: Failure
[2021-08-17T08:40:28.529Z] Expected equality of these values:
[2021-08-17T08:40:28.529Z]   expected_size
[2021-08-17T08:40:28.529Z]     Which is: 990
[2021-08-17T08:40:28.529Z]   checkpointManager->getMemoryUsage()
[2021-08-17T08:40:28.529Z]     Which is: 918
[2021-08-17T08:40:28.529Z] [  FAILED  ] CheckpointRemoverEPTest.CheckpointManagerMemoryUsage (3 ms)
CheckpointRemoverEPTest.CheckpointManagerMemoryUsage
</pre>
 ( http://cv.jenkins.couchbase.com/job/kv_engine.linux-CE/job/master/12947/ )

Build which was aborted due to a newer patch set being uploaded for the given review. ( http://cv.jenkins.couchbase.com/job/kv_engine.linux-CE/job/master/12947/ )

Test exceeded the timeout:
[2021-08-17T08:42:02.577Z] /usr/bin/timeout: the monitored command dumped core ( http://cv.jenkins.couchbase.com/job/kv_engine.linux-CE/job/master/12947/ )

http://cv.jenkins.couchbase.com/job/kv_engine.macos/job/master/12064/ : ABORTED

Failure of an engine_testapp test:

<pre>
Running [0108/0157]: test vbucket destroy stats...Exceeded maximum wait time of 60000000us waiting for stat "ep_overhead" to be 6881 (last value:53827) - aborting.
</pre>
 ( http://cv.jenkins.couchbase.com/job/kv_engine.macos/job/master/12064/ )

Build which was aborted due to a newer patch set being uploaded for the given review. ( http://cv.jenkins.couchbase.com/job/kv_engine.macos/job/master/12064/ )

http://cv.jenkins.couchbase.com/job/kv_engine.threadsanitizer/job/master/13518/ : ABORTED

Failure of an engine_testapp test:

<pre>
Running [0108/0157]: test vbucket destroy stats...Exceeded maximum wait time of 60000000us waiting for stat "ep_overhead" to be 5369 (last value:52315) - aborting.
</pre>
 ( http://cv.jenkins.couchbase.com/job/kv_engine.threadsanitizer/job/master/13518/ )

Failure of GoogleTest "TransportProtocols/GetSetTest.ServerRejectsLargeSizeWithXattr/McbpSsl_XattrYes_JsonNo_SnappyYes":

<pre>
[ RUN      ] TransportProtocols/GetSetTest.ServerRejectsLargeSizeWithXattr/McbpSsl_XattrYes_JsonNo_SnappyYes
[2021-08-17T08:46:39.553Z] unknown file: Failure
[2021-08-17T08:46:39.553Z] C++ exception with description "AsyncSocketException: Network error, type = Network error, errno = 104 (Connection reset by peer)" thrown in the test body.
[2021-08-17T08:46:39.553Z] [  FAILED  ] TransportProtocols/GetSetTest.ServerRejectsLargeSizeWithXattr/McbpSsl_XattrYes_JsonNo_SnappyYes, where GetParam() = (McbpSsl, XattrYes, 4-byte object <01-00 00-00>, 4-byte object <00-00 00-00>) (3855 ms)
TransportProtocols/GetSetTest.ServerRejectsLargeSizeWithXattr/McbpSsl_XattrYes_JsonNo_SnappyYes
</pre>
 ( http://cv.jenkins.couchbase.com/job/kv_engine.threadsanitizer/job/master/13518/ )

Build which was aborted due to a newer patch set being uploaded for the given review. ( http://cv.jenkins.couchbase.com/job/kv_engine.threadsanitizer/job/master/13518/ )

ThreadSanitizer issue: data race on vptr (ctor/dtor vs virtual call) /home/couchbase/jenkins/workspace/kv_engine.threadsanitizer_master/platform/src/process_monitor.cc:93 in ProcessMonitorImpl::~ProcessMonitorImpl()  ( http://cv.jenkins.couchbase.com/job/kv_engine.threadsanitizer/job/master/13518/ )

http://cv.jenkins.couchbase.com/job/kv_engine.linux/job/master/13146/ : ABORTED

Failure of an engine_testapp test:

<pre>
Running [0108/0157]: test vbucket destroy stats...WARNING: Logging before InitGoogleLogging() is written to STDERR
[2021-08-17T08:42:12.876Z] W0817 08:41:24.003995 101294 HazptrDomain.h:670] Using the default inline executor for asynchronous reclamation may be susceptible to deadlock if the current thread happens to hold a resource needed by the deleter of a reclaimable object
[2021-08-17T08:42:12.876Z] Exceeded maximum wait time of 60000000us waiting for stat "ep_overhead" to be 5369 (last value:52315) - aborting.
</pre>
 ( http://cv.jenkins.couchbase.com/job/kv_engine.linux/job/master/13146/ )

Failure of GoogleTest "CheckpointRemoverEPTest.CheckpointManagerMemoryUsage":

<pre>
[ RUN      ] CheckpointRemoverEPTest.CheckpointManagerMemoryUsage
[2021-08-17T08:43:07.630Z] ../kv_engine/engines/ep/tests/module_tests/checkpoint_remover_test.cc:119: Failure
[2021-08-17T08:43:07.630Z] Expected equality of these values:
[2021-08-17T08:43:07.630Z]   expected_size
[2021-08-17T08:43:07.630Z]     Which is: 989
[2021-08-17T08:43:07.630Z]   checkpointManager->getMemoryUsage()
[2021-08-17T08:43:07.630Z]     Which is: 917
[2021-08-17T08:43:07.630Z] [  FAILED  ] CheckpointRemoverEPTest.CheckpointManagerMemoryUsage (4 ms)
CheckpointRemoverEPTest.CheckpointManagerMemoryUsage
</pre>
 ( http://cv.jenkins.couchbase.com/job/kv_engine.linux/job/master/13146/ )

Build which was aborted due to a newer patch set being uploaded for the given review. ( http://cv.jenkins.couchbase.com/job/kv_engine.linux/job/master/13146/ )

Test exceeded the timeout:
[2021-08-17T08:42:12.876Z] /usr/bin/timeout: the monitored command dumped core ( http://cv.jenkins.couchbase.com/job/kv_engine.linux/job/master/13146/ )

http://cv.jenkins.couchbase.com/job/kv_engine.ASan-UBSan/job/master/21061/ : ABORTED

Failure of GoogleTest "CheckpointRemoverEPTest.CheckpointManagerMemoryUsage":

<pre>
[ RUN      ] CheckpointRemoverEPTest.CheckpointManagerMemoryUsage
[2021-08-17T08:44:21.628Z] ../kv_engine/engines/ep/tests/module_tests/checkpoint_remover_test.cc:119: Failure
[2021-08-17T08:44:21.628Z] Expected equality of these values:
[2021-08-17T08:44:21.628Z]   expected_size
[2021-08-17T08:44:21.628Z]     Which is: 989
[2021-08-17T08:44:21.628Z]   checkpointManager->getMemoryUsage()
[2021-08-17T08:44:21.628Z]     Which is: 917
[2021-08-17T08:44:21.628Z] [  FAILED  ] CheckpointRemoverEPTest.CheckpointManagerMemoryUsage (13 ms)
CheckpointRemoverEPTest.CheckpointManagerMemoryUsage
</pre>
 ( http://cv.jenkins.couchbase.com/job/kv_engine.ASan-UBSan/job/master/21061/ )

Build which was aborted due to a newer patch set being uploaded for the given review. ( http://cv.jenkins.couchbase.com/job/kv_engine.ASan-UBSan/job/master/21061/ )

http://cv.jenkins.couchbase.com/job/kv_engine.aarch64-linux/job/master/989/ : ABORTED

http://cv.jenkins.couchbase.com/job/kv_engine.libFuzzer/job/master/979/ : FAILURE

The warnings threshold for this job was exceeded - <a href="warningsResult">1 warnings</a> found. ( http://cv.jenkins.couchbase.com/job/kv_engine.libFuzzer/job/master/979/ )

http://cv.jenkins.couchbase.com/job/kv_engine-clang_analyzer-master/32942/ : UNSTABLE

Clang Analyser identified one or more potential bugs - see <a href="clangScanBuildBugs">clangScanBuildBugs</a> ( http://cv.jenkins.couchbase.com/job/kv_engine-clang_analyzer-master/32942/ )

http://cv.jenkins.couchbase.com/job/kv_engine-clang_tidy-master/11348/ : SUCCESS

http://cv.jenkins.couchbase.com/job/kv_engine-clang_format_9/10055/ : SUCCESS
----------------------------------------------------------------------------------------------------------------------
