======================================================================================================================
DESCRIPTION:

[Refactor] Add standalone unit test for GetKeys

Change-Id: Ie635671f3ab5cccc734ed6733b6d163405b05b61

======================================================================================================================
COMMENTS
======================================================================================================================
Author: Trond Norbye
Date: 2022-07-04 13:10:51.000000000
Message: 
Uploaded patch set 4: Patch Set 3 was rebased.
----------------------------------------------------------------------------------------------------------------------
Author: Build Bot
Date: 2022-07-04 17:33:44.000000000
Message: 
Patch Set 4: Verified-1

Build Failed 

http://cv.jenkins.couchbase.com/job/kv_engine-windows-master/47407/ : FAILURE

Failure of GoogleTest "EphemeralOrPersistent/STExpiryPagerTest.MB_25650/persistent_nexus_couchstore_magma_full_eviction":

<pre>
[ RUN      ] EphemeralOrPersistent/STExpiryPagerTest.MB_25650/persistent_nexus_couchstore_magma_full_eviction
..\kv_engine\engines\ep\tests\module_tests\item_pager_test.cc(1745): error: Expected equality of these values:
  cb::engine_errc::would_block
    Which is: would block
  getKeyFn(key_2)
    Which is: no memory
..\kv_engine\engines\ep\tests\module_tests\item_pager_test.cc(1748): error: Expected equality of these values:
  cb::engine_errc::no_such_key
    Which is: no such key
  getKeyFn(key_2)
    Which is: no memory
Key with TTL:20 should be removed.
[  FAILED  ] EphemeralOrPersistent/STExpiryPagerTest.MB_25650/persistent_nexus_couchstore_magma_full_eviction, where GetParam() = "bucket_type=persistent:backend=nexus:nexus_primary_backend=couchstore:nexus_secondary_backend=magma:item_eviction_policy=full_eviction" (1272 ms)
EphemeralOrPersistent/STExpiryPagerTest.MB_25650/persistent_nexus_couchstore_magma_full_eviction
</pre>
 ( http://cv.jenkins.couchbase.com/job/kv_engine-windows-master/47407/ )

http://cv.jenkins.couchbase.com/job/kv_engine.threadsanitizer/job/master/21519/ : FAILURE

ThreadSanitizer issue: data race /home/couchbase/jenkins/workspace/kv_engine.threadsanitizer_master/kv_engine/daemon/cookie.cc:207 in Cookie::getRequest() const  ( http://cv.jenkins.couchbase.com/job/kv_engine.threadsanitizer/job/master/21519/ )

http://cv.jenkins.couchbase.com/job/kv_engine-clang_format_9/17786/ : SUCCESS

http://cv.jenkins.couchbase.com/job/kv_engine-clang_tidy-master/18634/ : SUCCESS

http://cv.jenkins.couchbase.com/job/kv_engine-clang_analyzer-master/39836/ : SUCCESS

http://cv.jenkins.couchbase.com/job/kv_engine.libFuzzer/job/master/8308/ : SUCCESS

http://cv.jenkins.couchbase.com/job/kv_engine.linux-CE/job/master/20519/ : SUCCESS

http://cv.jenkins.couchbase.com/job/kv_engine.linux/job/master/20871/ : SUCCESS

http://cv.jenkins.couchbase.com/job/kv_engine.ASan-UBSan/job/master/28905/ : SUCCESS

http://cv.jenkins.couchbase.com/job/kv_engine.macos/job/master/19748/ : SUCCESS

http://cv.jenkins.couchbase.com/job/kv_engine.aarch64-linux/job/master/8406/ : SUCCESS
----------------------------------------------------------------------------------------------------------------------
Author: Build Bot
Date: 2022-07-04 21:04:19.000000000
Message: 
Patch Set 4:

Build Failed 

http://cv.jenkins.couchbase.com/job/kv_engine.threadsanitizer/job/master/21519/ : FAILURE

ThreadSanitizer issue: data race /home/couchbase/jenkins/workspace/kv_engine.threadsanitizer_master/kv_engine/daemon/cookie.cc:207 in Cookie::getRequest() const  ( http://cv.jenkins.couchbase.com/job/kv_engine.threadsanitizer/job/master/21519/ )

http://cv.jenkins.couchbase.com/job/kv_engine-clang_format_9/17786/ : SUCCESS

http://cv.jenkins.couchbase.com/job/kv_engine-clang_tidy-master/18634/ : SUCCESS

http://cv.jenkins.couchbase.com/job/kv_engine-clang_analyzer-master/39836/ : SUCCESS

http://cv.jenkins.couchbase.com/job/kv_engine.libFuzzer/job/master/8308/ : SUCCESS

http://cv.jenkins.couchbase.com/job/kv_engine.linux-CE/job/master/20519/ : SUCCESS

http://cv.jenkins.couchbase.com/job/kv_engine.linux/job/master/20871/ : SUCCESS

http://cv.jenkins.couchbase.com/job/kv_engine.ASan-UBSan/job/master/28905/ : SUCCESS

http://cv.jenkins.couchbase.com/job/kv_engine.macos/job/master/19748/ : SUCCESS

http://cv.jenkins.couchbase.com/job/kv_engine.aarch64-linux/job/master/8406/ : SUCCESS

http://cv.jenkins.couchbase.com/job/kv_engine-windows-master/47433/ : SUCCESS
----------------------------------------------------------------------------------------------------------------------
Author: Build Bot
Date: 2022-07-05 04:47:18.000000000
Message: 
Patch Set 4:

Build Failed 

http://cv.jenkins.couchbase.com/job/kv_engine.threadsanitizer/job/master/21545/ : FAILURE

ThreadSanitizer issue: data race /home/couchbase/jenkins/workspace/kv_engine.threadsanitizer_master/kv_engine/daemon/stats_tasks.cc:33 in StatsTaskBucketStats::run()  ( http://cv.jenkins.couchbase.com/job/kv_engine.threadsanitizer/job/master/21545/ )

http://cv.jenkins.couchbase.com/job/kv_engine-clang_format_9/17786/ : SUCCESS

http://cv.jenkins.couchbase.com/job/kv_engine-windows-master/47433/ : SUCCESS

http://cv.jenkins.couchbase.com/job/kv_engine-clang_tidy-master/18634/ : SUCCESS

http://cv.jenkins.couchbase.com/job/kv_engine-clang_analyzer-master/39836/ : SUCCESS

http://cv.jenkins.couchbase.com/job/kv_engine.libFuzzer/job/master/8308/ : SUCCESS

http://cv.jenkins.couchbase.com/job/kv_engine.linux-CE/job/master/20519/ : SUCCESS

http://cv.jenkins.couchbase.com/job/kv_engine.linux/job/master/20871/ : SUCCESS

http://cv.jenkins.couchbase.com/job/kv_engine.ASan-UBSan/job/master/28905/ : SUCCESS

http://cv.jenkins.couchbase.com/job/kv_engine.macos/job/master/19748/ : SUCCESS

http://cv.jenkins.couchbase.com/job/kv_engine.aarch64-linux/job/master/8406/ : SUCCESS
----------------------------------------------------------------------------------------------------------------------
Author: Build Bot
Date: 2022-07-05 06:40:15.000000000
Message: 
Patch Set 4:

Build Failed 

http://cv.jenkins.couchbase.com/job/kv_engine.threadsanitizer/job/master/21546/ : ABORTED

Timeout of a CTest test [2022-07-05T06:38:26.372Z]   1/421 Test #251: ep-engine_ep_unit_tests.RangeScanFullAndValueEviction/RangeScanTest .....................................} ( http://cv.jenkins.couchbase.com/job/kv_engine.threadsanitizer/job/master/21546/ )

http://cv.jenkins.couchbase.com/job/kv_engine-clang_format_9/17786/ : SUCCESS

http://cv.jenkins.couchbase.com/job/kv_engine-windows-master/47433/ : SUCCESS

http://cv.jenkins.couchbase.com/job/kv_engine-clang_tidy-master/18634/ : SUCCESS

http://cv.jenkins.couchbase.com/job/kv_engine-clang_analyzer-master/39836/ : SUCCESS

http://cv.jenkins.couchbase.com/job/kv_engine.libFuzzer/job/master/8308/ : SUCCESS

http://cv.jenkins.couchbase.com/job/kv_engine.linux-CE/job/master/20519/ : SUCCESS

http://cv.jenkins.couchbase.com/job/kv_engine.linux/job/master/20871/ : SUCCESS

http://cv.jenkins.couchbase.com/job/kv_engine.ASan-UBSan/job/master/28905/ : SUCCESS

http://cv.jenkins.couchbase.com/job/kv_engine.macos/job/master/19748/ : SUCCESS

http://cv.jenkins.couchbase.com/job/kv_engine.aarch64-linux/job/master/8406/ : SUCCESS
----------------------------------------------------------------------------------------------------------------------
Author: Build Bot
Date: 2022-07-05 07:13:36.000000000
Message: 
Patch Set 4:

Build Failed 

http://cv.jenkins.couchbase.com/job/kv_engine.threadsanitizer/job/master/21548/ : FAILURE

Timeout of a CTest test [2022-07-05T06:51:41.639Z]   6/421 Test #251: ep-engine_ep_unit_tests.RangeScanFullAndValueEviction/RangeScanTest .....................................} ( http://cv.jenkins.couchbase.com/job/kv_engine.threadsanitizer/job/master/21548/ )

http://cv.jenkins.couchbase.com/job/kv_engine-clang_format_9/17786/ : SUCCESS

http://cv.jenkins.couchbase.com/job/kv_engine-windows-master/47433/ : SUCCESS

http://cv.jenkins.couchbase.com/job/kv_engine-clang_tidy-master/18634/ : SUCCESS

http://cv.jenkins.couchbase.com/job/kv_engine-clang_analyzer-master/39836/ : SUCCESS

http://cv.jenkins.couchbase.com/job/kv_engine.libFuzzer/job/master/8308/ : SUCCESS

http://cv.jenkins.couchbase.com/job/kv_engine.linux-CE/job/master/20519/ : SUCCESS

http://cv.jenkins.couchbase.com/job/kv_engine.linux/job/master/20871/ : SUCCESS

http://cv.jenkins.couchbase.com/job/kv_engine.ASan-UBSan/job/master/28905/ : SUCCESS

http://cv.jenkins.couchbase.com/job/kv_engine.macos/job/master/19748/ : SUCCESS

http://cv.jenkins.couchbase.com/job/kv_engine.aarch64-linux/job/master/8406/ : SUCCESS
----------------------------------------------------------------------------------------------------------------------
Author: Build Bot
Date: 2022-07-05 10:36:12.000000000
Message: 
Patch Set 4: Verified+1

Build Successful 

http://cv.jenkins.couchbase.com/job/kv_engine-clang_format_9/17786/ : SUCCESS

http://cv.jenkins.couchbase.com/job/kv_engine-windows-master/47433/ : SUCCESS

http://cv.jenkins.couchbase.com/job/kv_engine-clang_tidy-master/18634/ : SUCCESS

http://cv.jenkins.couchbase.com/job/kv_engine-clang_analyzer-master/39836/ : SUCCESS

http://cv.jenkins.couchbase.com/job/kv_engine.libFuzzer/job/master/8308/ : SUCCESS

http://cv.jenkins.couchbase.com/job/kv_engine.linux-CE/job/master/20519/ : SUCCESS

http://cv.jenkins.couchbase.com/job/kv_engine.linux/job/master/20871/ : SUCCESS

http://cv.jenkins.couchbase.com/job/kv_engine.ASan-UBSan/job/master/28905/ : SUCCESS

http://cv.jenkins.couchbase.com/job/kv_engine.macos/job/master/19748/ : SUCCESS

http://cv.jenkins.couchbase.com/job/kv_engine.aarch64-linux/job/master/8406/ : SUCCESS

http://cv.jenkins.couchbase.com/job/kv_engine.threadsanitizer/job/master/21565/ : SUCCESS
----------------------------------------------------------------------------------------------------------------------
