======================================================================================================================
DESCRIPTION:

Fixes test for TLS enabled

Change-Id: Iaee4b3ae2c21e7e2de0a0d620f092ff84e48003f
Reviewed-on: https://review.couchbase.org/c/testrunner/+/173623
Tested-by: <pavan.pb@couchbase.com>
Reviewed-by: <pavan.pb@couchbase.com>
(cherry picked from commit d4ea075a25981fb408270a325f2ee01551226bbc)
Reviewed-on: https://review.couchbase.org/c/testrunner/+/174851

======================================================================================================================
COMMENTS
======================================================================================================================
Author: Hemant Kumar Rajput
Date: 2022-05-23 08:13:37.000000000
Message: 
Change has been successfully cherry-picked as f3c878f9305fc1d84c88273d964e343fe09d5bea
----------------------------------------------------------------------------------------------------------------------
Author: Build Bot
Date: 2022-05-23 08:15:39.000000000
Message: 
Patch Set 4:

Build Started http://cv.jenkins.couchbase.com/job/kv_engine-post-commit-cheshire-cat/978/
----------------------------------------------------------------------------------------------------------------------
Author: Build Bot
Date: 2022-05-23 08:38:21.000000000
Message: 
Patch Set 4:

Build Failed 

http://cv.jenkins.couchbase.com/job/kv_engine-post-commit-cheshire-cat/978/ : FAILURE

No problems were identified. If you know why this problem occurred, please add a suitable Cause for it. ( http://cv.jenkins.couchbase.com/job/kv_engine-post-commit-cheshire-cat/978/ )
----------------------------------------------------------------------------------------------------------------------
Author: Build Bot
Date: 2022-06-01 10:11:43.000000000
Message: 
Patch Set 4:

Build Started http://cv.jenkins.couchbase.com/job/kv_engine-post-commit-cheshire-cat/1004/
----------------------------------------------------------------------------------------------------------------------
Author: Build Bot
Date: 2022-06-01 10:14:16.000000000
Message: 
Patch Set 4:

Build Failed 

http://cv.jenkins.couchbase.com/job/kv_engine-post-commit-cheshire-cat/1004/ : FAILURE

No problems were identified. If you know why this problem occurred, please add a suitable Cause for it. ( http://cv.jenkins.couchbase.com/job/kv_engine-post-commit-cheshire-cat/1004/ )
----------------------------------------------------------------------------------------------------------------------
