======================================================================================================================
DESCRIPTION:

Refactor: Use a common method to validate mandatory header fields

Use the same method to validate the basic fields in the header
for all of the subdoc validators.

Change-Id: I1196d319cd267d32c5128fe809dc828467a371c6

======================================================================================================================
COMMENTS
======================================================================================================================
Author: Trond Norbye
Date: 2018-11-20 10:06:22.000000000
Message: 
Uploaded patch set 1.
----------------------------------------------------------------------------------------------------------------------
Author: Build Bot
Date: 2018-11-20 10:38:03.000000000
Message: 
Patch Set 1: Verified-1

Build Failed 

http://cv.jenkins.couchbase.com/job/kv_engine-linux-master/13583/ : FAILURE

Timeout of a CTest test 183/183 Test #133: memcached_testapp.default.Subdoc/SubdocTestappTest ...........................} ( http://cv.jenkins.couchbase.com/job/kv_engine-linux-master/13583/ )

http://cv.jenkins.couchbase.com/job/kv_engine-ASan-UBSan-master/3315/ : FAILURE

Failure of a CTest test  28/163 Test  #27: ep-engine_ep_unit_tests ...................................................... ( http://cv.jenkins.couchbase.com/job/kv_engine-ASan-UBSan-master/3315/ )

Undefined Sanitizer: home/couchbase/jenkins/workspace/kv_engine-ASan-UBSan-master/kv_engine/engines/ep/src/dcp/backfill-manager.cc:140:62: runtime error: member call on address 0x621000084900 which does not point to an object of type "DcpConnMap" ( http://cv.jenkins.couchbase.com/job/kv_engine-ASan-UBSan-master/3315/ )

http://cv.jenkins.couchbase.com/job/kv-engine-cv-perf/5810/ : SUCCESS

http://cv.jenkins.couchbase.com/job/kv_engine-windows-master/14144/ : SUCCESS

http://cv.jenkins.couchbase.com/job/kv_engine-threadsanitizer-master/5538/ : SUCCESS

http://cv.jenkins.couchbase.com/job/kv_engine-clang_analyzer-master/12278/ : SUCCESS

http://cv.jenkins.couchbase.com/job/kv_engine-clang_format/12613/ : SUCCESS
----------------------------------------------------------------------------------------------------------------------
Author: Build Bot
Date: 2018-11-20 11:24:11.000000000
Message: 
Patch Set 1:

Build Failed 

http://cv.jenkins.couchbase.com/job/kv_engine-ASan-UBSan-master/3315/ : FAILURE

Failure of a CTest test  28/163 Test  #27: ep-engine_ep_unit_tests ...................................................... ( http://cv.jenkins.couchbase.com/job/kv_engine-ASan-UBSan-master/3315/ )

Undefined Sanitizer: home/couchbase/jenkins/workspace/kv_engine-ASan-UBSan-master/kv_engine/engines/ep/src/dcp/backfill-manager.cc:140:62: runtime error: member call on address 0x621000084900 which does not point to an object of type "DcpConnMap" ( http://cv.jenkins.couchbase.com/job/kv_engine-ASan-UBSan-master/3315/ )

http://cv.jenkins.couchbase.com/job/kv-engine-cv-perf/5810/ : SUCCESS

http://cv.jenkins.couchbase.com/job/kv_engine-windows-master/14144/ : SUCCESS

http://cv.jenkins.couchbase.com/job/kv_engine-threadsanitizer-master/5538/ : SUCCESS

http://cv.jenkins.couchbase.com/job/kv_engine-clang_analyzer-master/12278/ : SUCCESS

http://cv.jenkins.couchbase.com/job/kv_engine-clang_format/12613/ : SUCCESS

http://cv.jenkins.couchbase.com/job/kv_engine-linux-master/13588/ : SUCCESS
----------------------------------------------------------------------------------------------------------------------
Author: Build Bot
Date: 2018-11-20 11:47:12.000000000
Message: 
Patch Set 1: Verified+1

Build Successful 

http://cv.jenkins.couchbase.com/job/kv-engine-cv-perf/5810/ : SUCCESS

http://cv.jenkins.couchbase.com/job/kv_engine-windows-master/14144/ : SUCCESS

http://cv.jenkins.couchbase.com/job/kv_engine-threadsanitizer-master/5538/ : SUCCESS

http://cv.jenkins.couchbase.com/job/kv_engine-linux-master/13588/ : SUCCESS

http://cv.jenkins.couchbase.com/job/kv_engine-clang_analyzer-master/12278/ : SUCCESS

http://cv.jenkins.couchbase.com/job/kv_engine-clang_format/12613/ : SUCCESS

http://cv.jenkins.couchbase.com/job/kv_engine-ASan-UBSan-master/3320/ : SUCCESS
----------------------------------------------------------------------------------------------------------------------
Author: Dave Rigby
Date: 2018-11-20 14:51:09.000000000
Message: 
Patch Set 1: Code-Review+2
----------------------------------------------------------------------------------------------------------------------
