======================================================================================================================
DESCRIPTION:

Fixup setDiskSize comment

Followup from http://review.couchbase.org/c/kv_engine/+/128356
correcting a method comment.

Change-Id: I5d5d84c76a6369d40991a16f12e38760cf13c701

======================================================================================================================
COMMENTS
======================================================================================================================
Author: James H
Date: 2020-06-12 16:46:14.000000000
Message: 
Uploaded patch set 1.
----------------------------------------------------------------------------------------------------------------------
Author: Build Bot
Date: 2020-06-12 17:34:10.000000000
Message: 
Patch Set 1: Verified-1

Build Failed 

http://cv.jenkins.couchbase.com/job/kv_engine.macos/job/master/3200/ : FAILURE

Failure of GoogleTest "TransportProtocols/SaslTest.SinglePLAIN/Mcbp":

<pre>
[ RUN      ] TransportProtocols/SaslTest.SinglePLAIN/Mcbp
[2020-06-12T16:48:34.916Z] libc++abi.dylib: terminating with uncaught exception of type std::invalid_argument: decode_unsigned_leb128: invalid buf size:0
[2020-06-12T16:48:34.916Z] ../kv_engine/tests/testapp/testapp_sasl.cc:64: Failure
[2020-06-12T16:48:34.916Z] Expected: connection.deleteBucket(bucket3) doesn"t throw an exception.
[2020-06-12T16:48:34.916Z]   Actual: it throws.
[2020-06-12T16:48:34.916Z] [  FAILED  ] TransportProtocols/SaslTest.SinglePLAIN/Mcbp, where GetParam() = Mcbp (27 ms)
TransportProtocols/SaslTest.SinglePLAIN/Mcbp
</pre>
 ( http://cv.jenkins.couchbase.com/job/kv_engine.macos/job/master/3200/ )

Failure of a CTest test [2020-06-12T16:48:34.916Z]   1/407 Test #335: memcached_testapp.default.TransportProtocols/SaslTest ............................................................. ( http://cv.jenkins.couchbase.com/job/kv_engine.macos/job/master/3200/ )

http://cv.jenkins.couchbase.com/job/kv_engine.linux/job/master/4142/ : FAILURE

Failure of GoogleTest "TransportProtocols/SaslTest.SinglePLAIN/Mcbp":

<pre>
[ RUN      ] TransportProtocols/SaslTest.SinglePLAIN/Mcbp
[2020-06-12T16:55:46.921Z] terminate called after throwing an instance of "std::invalid_argument"
[2020-06-12T16:55:46.921Z]   what():  decode_unsigned_leb128: invalid buf size:0
[2020-06-12T16:55:46.921Z] unknown file: Failure
[2020-06-12T16:55:46.921Z] C++ exception with description "MemcachedConnection::readPlain: failed to read data: Connection reset by peer" thrown in TearDown().
[2020-06-12T16:55:46.921Z] [  FAILED  ] TransportProtocols/SaslTest.SinglePLAIN/Mcbp, where GetParam() = Mcbp (37 ms)
TransportProtocols/SaslTest.SinglePLAIN/Mcbp
</pre>
 ( http://cv.jenkins.couchbase.com/job/kv_engine.linux/job/master/4142/ )

Failure of a CTest test [2020-06-12T16:55:46.921Z]  82/410 Test #338: memcached_testapp.default.TransportProtocols/SaslTest ............................................................. ( http://cv.jenkins.couchbase.com/job/kv_engine.linux/job/master/4142/ )

http://cv.jenkins.couchbase.com/job/kv_engine.threadsanitizer/job/master/4227/ : FAILURE

Failure of GoogleTest "ObjectRegistryTest.NumItem":

<pre>
[ RUN      ] ObjectRegistryTest.NumItem
[2020-06-12T16:52:23.329Z] unknown file: Failure
[2020-06-12T16:52:23.329Z] C++ exception with description "CouchKVStore::initialize: no vbstate for vb:0" thrown in SetUp().
[2020-06-12T16:52:23.329Z] [  FAILED  ] ObjectRegistryTest.NumItem (12 ms)
ObjectRegistryTest.NumItem
</pre>
 ( http://cv.jenkins.couchbase.com/job/kv_engine.threadsanitizer/job/master/4227/ )

Failure of a CTest test [2020-06-12T16:52:23.329Z] 266/388 Test #108: ep-engine_ep_unit_tests.ObjectRegistryTest ........................................................................ ( http://cv.jenkins.couchbase.com/job/kv_engine.threadsanitizer/job/master/4227/ )

http://cv.jenkins.couchbase.com/job/kv_engine-clang_format_9/1227/ : SUCCESS

http://cv.jenkins.couchbase.com/job/kv_engine-clang_analyzer-master/24547/ : SUCCESS

http://cv.jenkins.couchbase.com/job/kv_engine-windows-master/28529/ : SUCCESS

http://cv.jenkins.couchbase.com/job/kv_engine-clang_tidy/2723/ : SUCCESS

http://cv.jenkins.couchbase.com/job/kv_engine.linux-CE/job/master/4093/ : SUCCESS

http://cv.jenkins.couchbase.com/job/kv_engine.ASan-UBSan/job/master/11973/ : SUCCESS
----------------------------------------------------------------------------------------------------------------------
Author: James H
Date: 2020-06-15 09:15:24.000000000
Message: 
Patch Set 1: Verified+1

Overriding build bot - it's a comment-only change
----------------------------------------------------------------------------------------------------------------------
Author: James H
Date: 2020-06-15 09:15:26.000000000
Message: 
Removed Verified-1 by Build Bot <build@couchbase.com>

----------------------------------------------------------------------------------------------------------------------
Author: Jim Walker
Date: 2020-06-15 21:25:15.000000000
Message: 
Patch Set 1: Code-Review+2
----------------------------------------------------------------------------------------------------------------------
