======================================================================================================================
DESCRIPTION:

Revert "MB-39694: Disable negotiation of UnorderedExecution"

This reverts commit 171ead1c391826f7e5b5afb1fe35e79d49f95993 and
allow people to enable OoO

Change-Id: Ic980610dbde9a8772e05a81fd0aae7e24da69590

======================================================================================================================
COMMENTS
======================================================================================================================
Author: Trond Norbye
Date: 2020-07-02 06:48:35.000000000
Message: 
Patch Set 5: Patch Set 4 was rebased
----------------------------------------------------------------------------------------------------------------------
Author: Build Bot
Date: 2020-07-02 07:54:40.000000000
Message: 
Patch Set 5: Verified-1

Build Failed 

http://cv.jenkins.couchbase.com/job/kv_engine.threadsanitizer/job/master/4672/ : FAILURE

http://cv.jenkins.couchbase.com/job/kv_engine.linux/job/master/4574/ : FAILURE

Failure of GoogleTest "AllBackends/DurabilityEPBucketTest.PersistPrepareWrite/persistentMagma_full_eviction":

<pre>
[ RUN      ] AllBackends/DurabilityEPBucketTest.PersistPrepareWrite/persistentMagma_full_eviction
[2020-07-02T07:07:57.299Z] ../kv_engine/engines/ep/tests/module_tests/evp_store_durability_test.cc:470: Failure
[2020-07-02T07:07:57.299Z] Expected equality of these values:
[2020-07-02T07:07:57.299Z]   1
[2020-07-02T07:07:57.299Z]   ckptList.size()
[2020-07-02T07:07:57.299Z]     Which is: 2
[2020-07-02T07:07:57.299Z] [  FAILED  ] AllBackends/DurabilityEPBucketTest.PersistPrepareWrite/persistentMagma_full_eviction, where GetParam() = ("persistentMagma", "full_eviction") (12307 ms)
AllBackends/DurabilityEPBucketTest.PersistPrepareWrite/persistentMagma_full_eviction
</pre>
 ( http://cv.jenkins.couchbase.com/job/kv_engine.linux/job/master/4574/ )

Failure of a CTest test [2020-07-02T07:06:49.601Z]   2/410 Test #137: ep-engine_ep_unit_tests.CollectionsDcpEphemeralOrPersistent/CollectionsDcpParameterizedTest ................. ( http://cv.jenkins.couchbase.com/job/kv_engine.linux/job/master/4574/ )

Timeout of a CTest test [2020-07-02T07:08:23.611Z]  31/410 Test #192: ep-engine_ep_unit_tests.FullOrValue/DurabilityWarmupTest ....................................................} ( http://cv.jenkins.couchbase.com/job/kv_engine.linux/job/master/4574/ )

http://cv.jenkins.couchbase.com/job/kv_engine-clang_format_9/1648/ : SUCCESS

http://cv.jenkins.couchbase.com/job/kv_engine-clang_analyzer-master/24965/ : SUCCESS

http://cv.jenkins.couchbase.com/job/kv_engine-windows-master/28954/ : SUCCESS

http://cv.jenkins.couchbase.com/job/kv_engine-clang_tidy/3141/ : SUCCESS

http://cv.jenkins.couchbase.com/job/kv_engine.ASan-UBSan/job/master/12398/ : SUCCESS

http://cv.jenkins.couchbase.com/job/kv_engine.macos/job/master/3611/ : SUCCESS

http://cv.jenkins.couchbase.com/job/kv_engine.linux-CE/job/master/4505/ : SUCCESS
----------------------------------------------------------------------------------------------------------------------
Author: Build Bot
Date: 2020-07-02 12:06:39.000000000
Message: 
Patch Set 5:

Build Failed 

http://cv.jenkins.couchbase.com/job/kv_engine.linux/job/master/4574/ : FAILURE

Failure of GoogleTest "AllBackends/DurabilityEPBucketTest.PersistPrepareWrite/persistentMagma_full_eviction":

<pre>
[ RUN      ] AllBackends/DurabilityEPBucketTest.PersistPrepareWrite/persistentMagma_full_eviction
[2020-07-02T07:07:57.299Z] ../kv_engine/engines/ep/tests/module_tests/evp_store_durability_test.cc:470: Failure
[2020-07-02T07:07:57.299Z] Expected equality of these values:
[2020-07-02T07:07:57.299Z]   1
[2020-07-02T07:07:57.299Z]   ckptList.size()
[2020-07-02T07:07:57.299Z]     Which is: 2
[2020-07-02T07:07:57.299Z] [  FAILED  ] AllBackends/DurabilityEPBucketTest.PersistPrepareWrite/persistentMagma_full_eviction, where GetParam() = ("persistentMagma", "full_eviction") (12307 ms)
AllBackends/DurabilityEPBucketTest.PersistPrepareWrite/persistentMagma_full_eviction
</pre>
 ( http://cv.jenkins.couchbase.com/job/kv_engine.linux/job/master/4574/ )

Failure of a CTest test [2020-07-02T07:06:49.601Z]   2/410 Test #137: ep-engine_ep_unit_tests.CollectionsDcpEphemeralOrPersistent/CollectionsDcpParameterizedTest ................. ( http://cv.jenkins.couchbase.com/job/kv_engine.linux/job/master/4574/ )

Timeout of a CTest test [2020-07-02T07:08:23.611Z]  31/410 Test #192: ep-engine_ep_unit_tests.FullOrValue/DurabilityWarmupTest ....................................................} ( http://cv.jenkins.couchbase.com/job/kv_engine.linux/job/master/4574/ )

http://cv.jenkins.couchbase.com/job/kv_engine-clang_format_9/1648/ : SUCCESS

http://cv.jenkins.couchbase.com/job/kv_engine-clang_analyzer-master/24965/ : SUCCESS

http://cv.jenkins.couchbase.com/job/kv_engine-windows-master/28954/ : SUCCESS

http://cv.jenkins.couchbase.com/job/kv_engine-clang_tidy/3141/ : SUCCESS

http://cv.jenkins.couchbase.com/job/kv_engine.ASan-UBSan/job/master/12398/ : SUCCESS

http://cv.jenkins.couchbase.com/job/kv_engine.macos/job/master/3611/ : SUCCESS

http://cv.jenkins.couchbase.com/job/kv_engine.linux-CE/job/master/4505/ : SUCCESS

http://cv.jenkins.couchbase.com/job/kv_engine.threadsanitizer/job/master/4687/ : SUCCESS
----------------------------------------------------------------------------------------------------------------------
Author: Build Bot
Date: 2020-07-02 12:32:49.000000000
Message: 
Patch Set 5: Verified+1

Build Successful 

http://cv.jenkins.couchbase.com/job/kv_engine-clang_format_9/1648/ : SUCCESS

http://cv.jenkins.couchbase.com/job/kv_engine-clang_analyzer-master/24965/ : SUCCESS

http://cv.jenkins.couchbase.com/job/kv_engine-windows-master/28954/ : SUCCESS

http://cv.jenkins.couchbase.com/job/kv_engine-clang_tidy/3141/ : SUCCESS

http://cv.jenkins.couchbase.com/job/kv_engine.threadsanitizer/job/master/4687/ : SUCCESS

http://cv.jenkins.couchbase.com/job/kv_engine.ASan-UBSan/job/master/12398/ : SUCCESS

http://cv.jenkins.couchbase.com/job/kv_engine.macos/job/master/3611/ : SUCCESS

http://cv.jenkins.couchbase.com/job/kv_engine.linux-CE/job/master/4505/ : SUCCESS

http://cv.jenkins.couchbase.com/job/kv_engine.linux/job/master/4591/ : SUCCESS
----------------------------------------------------------------------------------------------------------------------
Author: Daniel Owen
Date: 2020-07-02 12:33:57.000000000
Message: 
Patch Set 5: Code-Review+2
----------------------------------------------------------------------------------------------------------------------
