======================================================================================================================
DESCRIPTION:

WIP: Don't over-count VBucket item counts

Change-Id: I20b53b2c475c75382b84ecad434cf8eabb891378

======================================================================================================================
COMMENTS
======================================================================================================================
Author: Dave Rigby
Date: 2017-10-30 00:06:47.000000000
Message: 
Uploaded patch set 2: Patch Set 1 was rebased.
----------------------------------------------------------------------------------------------------------------------
Author: Build Bot
Date: 2017-10-30 01:03:06.000000000
Message: 
Patch Set 2: Verified-1

Build Failed 

http://cv.jenkins.couchbase.com/job/kv_engine-windows-master/3421/ : FAILURE

Failure of a CTest test  10/111 Test  #16: ep-engine_ep_unit_tests ........................ ( http://cv.jenkins.couchbase.com/job/kv_engine-windows-master/3421/ )

Failure of a GoogleTest  ( http://cv.jenkins.couchbase.com/job/kv_engine-windows-master/3421/ )

http://cv.jenkins.couchbase.com/job/kv_engine-addresssanitizer-master/3256/ : FAILURE

Failure of a CTest test  20/106 Test  #18: ep-engine_ep_unit_tests .......................... ( http://cv.jenkins.couchbase.com/job/kv_engine-addresssanitizer-master/3256/ )

Failure of a GoogleTest  ( http://cv.jenkins.couchbase.com/job/kv_engine-addresssanitizer-master/3256/ )

AddressSanitizer issue: 3887 byte(s) leaked in 20 allocation(s). ( http://cv.jenkins.couchbase.com/job/kv_engine-addresssanitizer-master/3256/ )

http://cv.jenkins.couchbase.com/job/kv_engine-threadsanitizer-master/3394/ : FAILURE

Failure of a CTest test  23/107 Test  #19: ep-engine_ep_unit_tests .......................... ( http://cv.jenkins.couchbase.com/job/kv_engine-threadsanitizer-master/3394/ )

Failure of a GoogleTest  ( http://cv.jenkins.couchbase.com/job/kv_engine-threadsanitizer-master/3394/ )

http://cv.jenkins.couchbase.com/job/kv_engine-linux-master/3476/ : FAILURE

Failure of a CTest test  20/118 Test  #19: ep-engine_ep_unit_tests .......................... ( http://cv.jenkins.couchbase.com/job/kv_engine-linux-master/3476/ )

Failure of a GoogleTest  ( http://cv.jenkins.couchbase.com/job/kv_engine-linux-master/3476/ )

http://cv.jenkins.couchbase.com/job/kv_engine-clang_format/1940/ : SUCCESS

http://cv.jenkins.couchbase.com/job/kv_engine-clang_analyzer-master/3082/ : SUCCESS
----------------------------------------------------------------------------------------------------------------------
