======================================================================================================================
DESCRIPTION:

WIP

Change-Id: Ife4c7212893d57474039c49d28d1b8781f227a20

======================================================================================================================
COMMENTS
======================================================================================================================
Author: Trond Norbye
Date: 2022-04-13 07:07:37.000000000
Message: 
Uploaded patch set 1.
----------------------------------------------------------------------------------------------------------------------
Author: Build Bot
Date: 2022-04-13 07:20:33.000000000
Message: 
Patch Set 1: Verified-1 Code-Review-1

Build Failed 

http://cv.jenkins.couchbase.com/job/kv_engine-windows-master/45268/ : FAILURE

Compile error at C:/Jenkins/workspace/kv_engine-windows-master/kv_engine/daemon/connection_unit_tests.cc(34): error C2039: "rw_callback": is not a member of "Connection" ( http://cv.jenkins.couchbase.com/job/kv_engine-windows-master/45268/ )

http://cv.jenkins.couchbase.com/job/kv_engine.aarch64-linux/job/master/6370/ : FAILURE

Compile error at [2022-04-13T07:18:26.592Z] /home/couchbase/jenkins/workspace/kv_engine.aarch64-linux_master@3/kv_engine/daemon/connection_unit_tests.cc:34:39:
error: ?rw_callback? is not a member of ?Connection?
 ( http://cv.jenkins.couchbase.com/job/kv_engine.aarch64-linux/job/master/6370/ )

http://cv.jenkins.couchbase.com/job/kv_engine.linux-CE/job/master/18432/ : FAILURE

Compile error at [2022-04-13T07:17:17.349Z] /home/couchbase/jenkins/workspace/kv_engine.linux-CE_master/kv_engine/daemon/connection_unit_tests.cc:34:39:
error: ?rw_callback? is not a member of ?Connection?
 ( http://cv.jenkins.couchbase.com/job/kv_engine.linux-CE/job/master/18432/ )

http://cv.jenkins.couchbase.com/job/kv_engine.linux/job/master/18769/ : FAILURE

Compile error at [2022-04-13T07:12:44.485Z] /home/couchbase/jenkins/workspace/kv_engine.linux_master/kv_engine/daemon/connection_unit_tests.cc:34:39:
error: ?rw_callback? is not a member of ?Connection?
 ( http://cv.jenkins.couchbase.com/job/kv_engine.linux/job/master/18769/ )

http://cv.jenkins.couchbase.com/job/kv_engine.macos/job/master/17529/ : FAILURE

http://cv.jenkins.couchbase.com/job/kv_engine.libFuzzer/job/master/6308/ : FAILURE

Compile error at [2022-04-13T07:12:50.338Z] /home/couchbase/jenkins/workspace/kv_engine.libFuzzer_master@2/kv_engine/daemon/connection_unit_tests.cc:34:39:
error: no member named "rw_callback" in "Connection"; did you mean "read_callback"?
 ( http://cv.jenkins.couchbase.com/job/kv_engine.libFuzzer/job/master/6308/ )

http://cv.jenkins.couchbase.com/job/kv_engine.ASan-UBSan/job/master/26837/ : FAILURE

Compile error at [2022-04-13T07:18:52.706Z] /home/couchbase/jenkins/workspace/kv_engine.ASan-UBSan_master/kv_engine/daemon/connection_unit_tests.cc:34:39:
error: no member named "rw_callback" in "Connection"; did you mean "read_callback"?
 ( http://cv.jenkins.couchbase.com/job/kv_engine.ASan-UBSan/job/master/26837/ )

http://cv.jenkins.couchbase.com/job/kv_engine.threadsanitizer/job/master/19469/ : FAILURE

Compile error at [2022-04-13T07:16:46.280Z] /home/couchbase/jenkins/workspace/kv_engine.threadsanitizer_master/kv_engine/daemon/connection_unit_tests.cc:34:39:
error: no member named "rw_callback" in "Connection"; did you mean "read_callback"?
 ( http://cv.jenkins.couchbase.com/job/kv_engine.threadsanitizer/job/master/19469/ )

http://cv.jenkins.couchbase.com/job/kv_engine-clang_analyzer-master/38019/ : UNSTABLE

Clang Analyser identified one or more potential bugs - see <a href="clangScanBuildBugs">clangScanBuildBugs</a> ( http://cv.jenkins.couchbase.com/job/kv_engine-clang_analyzer-master/38019/ )

http://cv.jenkins.couchbase.com/job/kv_engine-clang_tidy-master/16657/ : SUCCESS

http://cv.jenkins.couchbase.com/job/kv_engine-clang_format_9/15585/ : SUCCESS
----------------------------------------------------------------------------------------------------------------------
