======================================================================================================================
DESCRIPTION:

MB-41165: Track prepares against collection disk size

Change-Id: I421a17868fd4f26a083bef68d467f3e9a6aa2aa3

======================================================================================================================
COMMENTS
======================================================================================================================
Author: Ben Huddleston
Date: 2020-12-08 17:29:58.000000000
Message: 
Uploaded patch set 7.
----------------------------------------------------------------------------------------------------------------------
Author: Build Bot
Date: 2020-12-08 17:52:46.000000000
Message: 
Patch Set 7: Verified-1

Build Failed 

http://cv.jenkins.couchbase.com/job/kv_engine-windows-master/32428/ : FAILURE

Failure of GoogleTest "WarmupTest.fetchDocInDifferentCompressionModes":

<pre>
[ RUN      ] WarmupTest.fetchDocInDifferentCompressionModes
..\kv_engine\engines\ep\tests\module_tests\evp_store_single_threaded_test.cc(133): error: Expected equality of these values:
  MoreAvailable::No
    Which is: 1-byte object <00>
  res.moreAvailable
    Which is: 1-byte object <01>
..\kv_engine\engines\ep\tests\module_tests\kv_bucket_test.cc(212): error: Value of: flush_successful
  Actual: false
Expected: true
Hit timeout (10 seconds) waiting for warmup to complete while flushing VBucket.
..\kv_engine\engines\ep\tests\module_tests\evp_store_warmup_test.cc(135): error: Expected equality of these values:
  ENGINE_SUCCESS
    Which is: 0
  item1.getStatus()
    Which is: 12
[  FAILED  ] WarmupTest.fetchDocInDifferentCompressionModes (10008 ms)
WarmupTest.fetchDocInDifferentCompressionModes
</pre>
 ( http://cv.jenkins.couchbase.com/job/kv_engine-windows-master/32428/ )

http://cv.jenkins.couchbase.com/job/kv_engine.macos/job/master/6688/ : FAILURE

No problems were identified. If you know why this problem occurred, please add a suitable Cause for it. ( http://cv.jenkins.couchbase.com/job/kv_engine.macos/job/master/6688/ )

http://cv.jenkins.couchbase.com/job/kv_engine-clang_format_9/4691/ : SUCCESS

http://cv.jenkins.couchbase.com/job/kv_engine-clang_analyzer-master/27948/ : SUCCESS

http://cv.jenkins.couchbase.com/job/kv_engine-clang_tidy/6156/ : SUCCESS

http://cv.jenkins.couchbase.com/job/kv_engine.linux/job/master/7747/ : SUCCESS

http://cv.jenkins.couchbase.com/job/kv_engine.threadsanitizer/job/master/8018/ : SUCCESS

http://cv.jenkins.couchbase.com/job/kv_engine.linux-CE/job/master/7624/ : SUCCESS

http://cv.jenkins.couchbase.com/job/kv_engine.ASan-UBSan/job/master/15560/ : SUCCESS
----------------------------------------------------------------------------------------------------------------------
Author: Build Bot
Date: 2020-12-09 08:58:57.000000000
Message: 
Patch Set 7: Verified+1

Build Successful 

http://cv.jenkins.couchbase.com/job/kv_engine-clang_format_9/4691/ : SUCCESS

http://cv.jenkins.couchbase.com/job/kv_engine-windows-master/32439/ : SUCCESS

http://cv.jenkins.couchbase.com/job/kv_engine-clang_analyzer-master/27948/ : SUCCESS

http://cv.jenkins.couchbase.com/job/kv_engine-clang_tidy/6156/ : SUCCESS

http://cv.jenkins.couchbase.com/job/kv_engine.linux/job/master/7747/ : SUCCESS

http://cv.jenkins.couchbase.com/job/kv_engine.threadsanitizer/job/master/8018/ : SUCCESS

http://cv.jenkins.couchbase.com/job/kv_engine.linux-CE/job/master/7624/ : SUCCESS

http://cv.jenkins.couchbase.com/job/kv_engine.ASan-UBSan/job/master/15560/ : SUCCESS

http://cv.jenkins.couchbase.com/job/kv_engine.macos/job/master/6699/ : SUCCESS
----------------------------------------------------------------------------------------------------------------------
