======================================================================================================================
DESCRIPTION:

MB-34997: Give the PDM the outstanding prepares during VB state change

The crash associated with the MB showed that when a VB switches from
active to replica, the new PDM must not be constructed with no state, it
should inherit any pending writes so that it can process them when the
new active generates commits against the pre-state change prepares.

Change-Id: I68ace7359d2f0bd8bf59cdc87a7ea37dd79a6a40

======================================================================================================================
COMMENTS
======================================================================================================================
Author: Dave Rigby
Date: 2019-07-17 10:14:05.000000000
Message: 
Patch Set 4: Patch Set 3 was rebased
----------------------------------------------------------------------------------------------------------------------
Author: Build Bot
Date: 2019-07-17 12:03:10.000000000
Message: 
Patch Set 4: Verified-1

Build Failed 

http://cv.jenkins.couchbase.com/job/kv_engine-threadsanitizer-master/12952/ : FAILURE

Failure of a CTest test 179/180 Test #175: cluster_test .................................................................Child aborted ( http://cv.jenkins.couchbase.com/job/kv_engine-threadsanitizer-master/12952/ )

http://cv.jenkins.couchbase.com/job/kv_engine-windows-master/21965/ : FAILURE

Failure of a CTest test  25/184 Test  #26: ep_testsuite.value_eviction.comp_active ...................................... ( http://cv.jenkins.couchbase.com/job/kv_engine-windows-master/21965/ )

Failure of a GoogleTest test:

TransportProtocols/ArithmeticXattrOnTest.TestDocWithXattr/Mcbp_XattrYes_JsonYes_SnappyYes, where GetParam() = (Mcbp, XattrYes, 4-byte object <00-00 00-00>, 4-byte object <00-00 00-00>) (0 ms) ( http://cv.jenkins.couchbase.com/job/kv_engine-windows-master/21965/ )

http://cv.jenkins.couchbase.com/job/kv_engine-linux-master/21146/ : FAILURE

One of more core files found at the end of the build. Data for post-mortem saved to archived_core_dumps.tar.bz2 under "Build Artifacts". ( http://cv.jenkins.couchbase.com/job/kv_engine-linux-master/21146/ )

Failure of a CTest test 194/201 Test #196: cluster_test .................................................................Child aborted ( http://cv.jenkins.couchbase.com/job/kv_engine-linux-master/21146/ )

http://cv.jenkins.couchbase.com/job/kv_engine-clang_format/19773/ : SUCCESS

http://cv.jenkins.couchbase.com/job/kv-engine-cv-perf/12140/ : SUCCESS

http://cv.jenkins.couchbase.com/job/kv_engine-clang_analyzer-master/18829/ : SUCCESS

http://cv.jenkins.couchbase.com/job/kv_engine-linux-master-CE/2808/ : SUCCESS

http://cv.jenkins.couchbase.com/job/kv_engine.ASan-UBSan/job/master/5715/ : SUCCESS
----------------------------------------------------------------------------------------------------------------------
