======================================================================================================================
DESCRIPTION:

Add option to include a value while deleting an item

Change-Id: Ib9b75b2ffc7c56fb9ed0b50c42e5efa80f02ae49

======================================================================================================================
COMMENTS
======================================================================================================================
Author: Sriram Ganesan
Date: 2016-11-17 03:01:19.000000000
Message: 
Uploaded patch set 6.
----------------------------------------------------------------------------------------------------------------------
Author: Build Bot
Date: 2016-11-17 03:01:27.000000000
Message: 
Patch Set 6:

Build Started http://cv.jenkins.couchbase.com/job/ep-engine-threadsanitizer-master/1718/ (1/4)
----------------------------------------------------------------------------------------------------------------------
Author: Build Bot
Date: 2016-11-17 03:01:28.000000000
Message: 
Patch Set 6:

Build Started http://cv.jenkins.couchbase.com/job/ep-engine-addresssanitizer-master/611/ (2/4)
----------------------------------------------------------------------------------------------------------------------
Author: Build Bot
Date: 2016-11-17 03:01:28.000000000
Message: 
Patch Set 6:

Build Started http://cv.jenkins.couchbase.com/job/ep-engine-gerrit-master/1822/ (3/4)
----------------------------------------------------------------------------------------------------------------------
Author: Build Bot
Date: 2016-11-17 03:23:28.000000000
Message: 
Patch Set 6:

Build Started http://cv.jenkins.couchbase.com/job/ep-engine-clang_analyzer-master/1458/ (4/4)
----------------------------------------------------------------------------------------------------------------------
Author: Build Bot
Date: 2016-11-17 03:31:13.000000000
Message: 
Patch Set 6: Verified-1

Build Failed 

http://cv.jenkins.couchbase.com/job/ep-engine-addresssanitizer-master/611/ : FAILURE

Failure of a CTest test  ( http://cv.jenkins.couchbase.com//job/ep-engine-addresssanitizer-master/611/ )

http://cv.jenkins.couchbase.com/job/ep-engine-clang_analyzer-master/1458/ : FAILURE

Compile error at /home/couchbase/jenkins/workspace/ep-engine-clang_analyzer-master/ep-engine/tests/ep_testsuite_basic.cc:1319:57:
error: too many arguments to function
 ( http://cv.jenkins.couchbase.com//job/ep-engine-clang_analyzer-master/1458/ )

http://cv.jenkins.couchbase.com/job/ep-engine-threadsanitizer-master/1718/ : FAILURE

Compile error at /home/couchbase/jenkins/workspace/ep-engine-threadsanitizer-master/ep-engine/tests/ep_testsuite_basic.cc:1317:83:
error: too many arguments to function call, expected 7, have 10
 ( http://cv.jenkins.couchbase.com//job/ep-engine-threadsanitizer-master/1718/ )

http://cv.jenkins.couchbase.com/job/ep-engine-gerrit-master/1822/ : FAILURE
----------------------------------------------------------------------------------------------------------------------
