======================================================================================================================
DESCRIPTION:

Refactor: Move DCPEvent into DCPResponse

The DCPEvent should be inside the DCPResponse class.
The DCPEvent to_string method should also be inside the DCResponse
class.

Change-Id: I58194277ff455a2d3eefde2b130b2ac88cc4a03a

======================================================================================================================
COMMENTS
======================================================================================================================
Author: Daniel Owen
Date: 2017-03-07 12:59:10.000000000
Message: 
Uploaded patch set 4: Patch Set 3 was rebased.
----------------------------------------------------------------------------------------------------------------------
Author: Dave Rigby
Date: 2017-03-07 13:12:31.000000000
Message: 
Patch Set 4: Code-Review+2
----------------------------------------------------------------------------------------------------------------------
Author: Build Bot
Date: 2017-03-07 13:21:14.000000000
Message: 
Patch Set 4: Verified-1

Build Failed 

http://cv.jenkins.couchbase.com/job/ep-engine-addresssanitizer-master/3265/ : FAILURE

Compile error at /home/couchbase/jenkins/workspace/ep-engine-addresssanitizer-master/ep-engine/src/dcp/stream.cc:447:51:
error: no member named 'DcpEvent' in 'DcpResponse'
 ( http://cv.jenkins.couchbase.com//job/ep-engine-addresssanitizer-master/3265/ )

http://cv.jenkins.couchbase.com/job/ep-engine-threadsanitizer-master/4443/ : FAILURE

Compile error at /home/couchbase/jenkins/workspace/ep-engine-threadsanitizer-master/ep-engine/src/dcp/stream.cc:447:51:
error: no member named 'DcpEvent' in 'DcpResponse'
 ( http://cv.jenkins.couchbase.com//job/ep-engine-threadsanitizer-master/4443/ )

http://cv.jenkins.couchbase.com/job/ep-engine-clang_analyzer-master/4013/ : FAILURE

Compile error at /home/couchbase/jenkins/workspace/ep-engine-clang_analyzer-master/ep-engine/src/dcp/stream.cc:447:51:
error: 'DcpResponse::DcpEvent' has not been declared
 ( http://cv.jenkins.couchbase.com//job/ep-engine-clang_analyzer-master/4013/ )

http://cv.jenkins.couchbase.com/job/ep-engine-gerrit-master/4670/ : FAILURE
----------------------------------------------------------------------------------------------------------------------
