======================================================================================================================
DESCRIPTION:

Refactor: Use folly::Synchonized for settings

Change-Id: Id2c14f92e1193c616d0a84981c04f02b4784e5ed

======================================================================================================================
COMMENTS
======================================================================================================================
Author: Trond Norbye
Date: 2019-04-24 14:49:23.000000000
Message: 
Uploaded patch set 3.
----------------------------------------------------------------------------------------------------------------------
Author: Build Bot
Date: 2019-04-24 15:24:51.000000000
Message: 
Patch Set 3: Verified-1

Build Failed 

http://cv.jenkins.couchbase.com/job/kv_engine-windows-master/19455/ : FAILURE

No problems were identified. If you know why this problem occurred, please add a suitable Cause for it. ( http://cv.jenkins.couchbase.com/job/kv_engine-windows-master/19455/ )

http://cv.jenkins.couchbase.com/job/kv_engine.ASan-UBSan/job/master/3350/ : FAILURE

Failure of a CTest test [2019-04-24T14:57:13.381Z]  40/178 Test  #39: ep_testsuite_dcp.value_eviction.comp_active ..................................Child aborted ( http://cv.jenkins.couchbase.com/job/kv_engine.ASan-UBSan/job/master/3350/ )

http://cv.jenkins.couchbase.com/job/kv_engine-clang_format/17374/ : SUCCESS

http://cv.jenkins.couchbase.com/job/kv-engine-cv-perf/10041/ : SUCCESS

http://cv.jenkins.couchbase.com/job/kv_engine-clang_analyzer-master/16695/ : SUCCESS

http://cv.jenkins.couchbase.com/job/kv_engine-linux-master/18805/ : SUCCESS

http://cv.jenkins.couchbase.com/job/kv_engine-threadsanitizer-master/10578/ : SUCCESS

http://cv.jenkins.couchbase.com/job/kv_engine-linux-master-CE/475/ : SUCCESS
----------------------------------------------------------------------------------------------------------------------
Author: Build Bot
Date: 2019-04-24 16:48:32.000000000
Message: 
Patch Set 3:

Build Failed 

http://cv.jenkins.couchbase.com/job/kv_engine-windows-master/19457/ : FAILURE

No problems were identified. If you know why this problem occurred, please add a suitable Cause for it. ( http://cv.jenkins.couchbase.com/job/kv_engine-windows-master/19457/ )

http://cv.jenkins.couchbase.com/job/kv_engine-clang_format/17374/ : SUCCESS

http://cv.jenkins.couchbase.com/job/kv-engine-cv-perf/10041/ : SUCCESS

http://cv.jenkins.couchbase.com/job/kv_engine-clang_analyzer-master/16695/ : SUCCESS

http://cv.jenkins.couchbase.com/job/kv_engine-linux-master/18805/ : SUCCESS

http://cv.jenkins.couchbase.com/job/kv_engine-threadsanitizer-master/10578/ : SUCCESS

http://cv.jenkins.couchbase.com/job/kv_engine-linux-master-CE/475/ : SUCCESS

http://cv.jenkins.couchbase.com/job/kv_engine.ASan-UBSan/job/master/3352/ : SUCCESS
----------------------------------------------------------------------------------------------------------------------
