======================================================================================================================
DESCRIPTION:

MB-31266: Make removeKey a virtual method

The VBucket::removeKey method is used exclusively by collection
erasing, which for ephemeral vs persistent has some differences.

Ephemeral VB only needs to remove the pointer from the hash-table
and allow the stale item remover to then free the stored-value.

This patch also renames the method to more match its use-case.

Change-Id: I73723a9dd29ffc6d4e23fc8678a0d7070e2a5d98

======================================================================================================================
COMMENTS
======================================================================================================================
Author: Jim Walker
Date: 2019-01-08 13:05:53.000000000
Message: 
Uploaded patch set 3: Patch Set 2 was rebased.
----------------------------------------------------------------------------------------------------------------------
Author: Build Bot
Date: 2019-01-08 14:24:02.000000000
Message: 
Patch Set 3: Verified-1

Build Failed 

http://cv.jenkins.couchbase.com/job/kv_engine-linux-master/15127/ : FAILURE

Failure of a CTest test  31/190 Test  #31: ep_testsuite.value_eviction.comp_passive ..................................... ( http://cv.jenkins.couchbase.com/job/kv_engine-linux-master/15127/ )

http://cv.jenkins.couchbase.com/job/kv_engine-ASan-UBSan-master/4661/ : FAILURE

One of more core files found at the end of the build. Data for post-mortem saved to archived_core_dumps.tar.bz2 under "Build Artifacts". ( http://cv.jenkins.couchbase.com/job/kv_engine-ASan-UBSan-master/4661/ )

Failure of a CTest test  29/170 Test  #29: ep_testsuite.value_eviction.comp_passive .....................................Child aborted ( http://cv.jenkins.couchbase.com/job/kv_engine-ASan-UBSan-master/4661/ )

AddressSanitizer issue: 1329061 byte(s) leaked in 13560 allocation(s). ( http://cv.jenkins.couchbase.com/job/kv_engine-ASan-UBSan-master/4661/ )

http://cv.jenkins.couchbase.com/job/kv_engine-windows-master/15621/ : FAILURE

Failure of a CTest test  27/173 Test  #27: ep_testsuite.value_eviction.comp_passive ..................................... ( http://cv.jenkins.couchbase.com/job/kv_engine-windows-master/15621/ )

http://cv.jenkins.couchbase.com/job/kv_engine-threadsanitizer-master/7047/ : FAILURE

Failure of a CTest test  27/169 Test  #28: ep_testsuite.value_eviction.comp_passive ..................................... ( http://cv.jenkins.couchbase.com/job/kv_engine-threadsanitizer-master/7047/ )

http://cv.jenkins.couchbase.com/job/kv-engine-cv-perf/7041/ : SUCCESS

http://cv.jenkins.couchbase.com/job/kv_engine-clang_format/13872/ : SUCCESS

http://cv.jenkins.couchbase.com/job/kv_engine-clang_analyzer-master/13530/ : SUCCESS
----------------------------------------------------------------------------------------------------------------------
