======================================================================================================================
DESCRIPTION:

MB-50110: CheckpointMemRecoveryTask is a NotifiableTask

Change-Id: I152d77ab2b9637aecfd97aa76f50816c90c26f76

======================================================================================================================
COMMENTS
======================================================================================================================
Author: Paolo Cocchi
Date: 2022-01-12 10:27:38.000000000
Message: 
Uploaded patch set 1.
----------------------------------------------------------------------------------------------------------------------
Author: Build Bot
Date: 2022-01-12 10:56:35.000000000
Message: 
Patch Set 1: Verified-1

Build Failed 

http://cv.jenkins.couchbase.com/job/kv_engine-windows-master/42736/ : FAILURE

Failure of an engine_testapp test:

<pre>
Running [0039/0093]: test failover scenario one with dcp...(35 ms) OK


99% tests passed, 3 tests failed out of 420

Total Test time (real) = 333.46 sec

The following tests FAIL
</pre>
 ( http://cv.jenkins.couchbase.com/job/kv_engine-windows-master/42736/ )

Failure of GoogleTest "CheckpointRemoverTest.BackgroundCheckpointRemovalWakesDestroyer":

<pre>
[ RUN      ] CheckpointRemoverTest.BackgroundCheckpointRemovalWakesDestroyer
unknown file: error: C++ exception with description "CheckedExecutor failed fetchNextTask" thrown in the test body.
[  FAILED  ] CheckpointRemoverTest.BackgroundCheckpointRemovalWakesDestroyer (14 ms)
CheckpointRemoverTest.BackgroundCheckpointRemovalWakesDestroyer
</pre>
 ( http://cv.jenkins.couchbase.com/job/kv_engine-windows-master/42736/ )

Timeout of a CTest test 420/420 Test #290: ep_testsuite_dcp.ephemeral.comp_active ........................................................................................} ( http://cv.jenkins.couchbase.com/job/kv_engine-windows-master/42736/ )

http://cv.jenkins.couchbase.com/job/kv_engine.macos/job/master/15562/ : FAILURE

Failure of GoogleTest "CheckpointRemoverEPTest.MemoryRecoveryEnd":

<pre>
[ RUN      ] CheckpointRemoverEPTest.MemoryRecoveryEnd
[2022-01-12T10:39:25.903Z] unknown file: Failure
[2022-01-12T10:39:25.903Z] C++ exception with description "CheckedExecutor failed fetchNextTask" thrown in the test body.
[2022-01-12T10:39:25.903Z] [  FAILED  ] CheckpointRemoverEPTest.MemoryRecoveryEnd (33 ms)
CheckpointRemoverEPTest.MemoryRecoveryEnd
</pre>
 ( http://cv.jenkins.couchbase.com/job/kv_engine.macos/job/master/15562/ )

http://cv.jenkins.couchbase.com/job/kv_engine.linux-CE/job/master/16420/ : FAILURE

Failure of GoogleTest "CheckpointRemoverEPTest.MemoryRecoveryEnd":

<pre>
[ RUN      ] CheckpointRemoverEPTest.MemoryRecoveryEnd
[2022-01-12T10:37:23.959Z] unknown file: Failure
[2022-01-12T10:37:23.959Z] C++ exception with description "CheckedExecutor failed fetchNextTask" thrown in the test body.
[2022-01-12T10:37:23.959Z] [  FAILED  ] CheckpointRemoverEPTest.MemoryRecoveryEnd (47 ms)
CheckpointRemoverEPTest.MemoryRecoveryEnd
</pre>
 ( http://cv.jenkins.couchbase.com/job/kv_engine.linux-CE/job/master/16420/ )

http://cv.jenkins.couchbase.com/job/kv_engine.linux/job/master/16711/ : FAILURE

Failure of GoogleTest "CheckpointRemoverTest.BackgroundCheckpointRemovalWakesDestroyer":

<pre>
[ RUN      ] CheckpointRemoverTest.BackgroundCheckpointRemovalWakesDestroyer
[2022-01-12T10:40:45.225Z] unknown file: Failure
[2022-01-12T10:40:45.225Z] C++ exception with description "CheckedExecutor failed fetchNextTask" thrown in the test body.
[2022-01-12T10:40:45.225Z] [  FAILED  ] CheckpointRemoverTest.BackgroundCheckpointRemovalWakesDestroyer (16 ms)
CheckpointRemoverTest.BackgroundCheckpointRemovalWakesDestroyer
</pre>
 ( http://cv.jenkins.couchbase.com/job/kv_engine.linux/job/master/16711/ )

http://cv.jenkins.couchbase.com/job/kv_engine.threadsanitizer/job/master/17504/ : FAILURE

http://cv.jenkins.couchbase.com/job/kv_engine.aarch64-linux/job/master/4459/ : FAILURE

Failure of GoogleTest "CheckpointRemoverEPTest.MemoryRecoveryEnd":

<pre>
[ RUN      ] CheckpointRemoverEPTest.MemoryRecoveryEnd
[2022-01-12T10:39:45.905Z] unknown file: Failure
[2022-01-12T10:39:45.905Z] C++ exception with description "CheckedExecutor failed fetchNextTask" thrown in the test body.
[2022-01-12T10:39:45.905Z] [  FAILED  ] CheckpointRemoverEPTest.MemoryRecoveryEnd (21 ms)
CheckpointRemoverEPTest.MemoryRecoveryEnd
</pre>
 ( http://cv.jenkins.couchbase.com/job/kv_engine.aarch64-linux/job/master/4459/ )

http://cv.jenkins.couchbase.com/job/kv_engine.ASan-UBSan/job/master/24833/ : FAILURE

Failure of GoogleTest "CheckpointRemoverEPTest.MemoryRecoveryEnd":

<pre>
[ RUN      ] CheckpointRemoverEPTest.MemoryRecoveryEnd
[2022-01-12T10:48:35.273Z] unknown file: Failure
[2022-01-12T10:48:35.273Z] C++ exception with description "CheckedExecutor failed fetchNextTask" thrown in the test body.
[2022-01-12T10:48:35.273Z] [  FAILED  ] CheckpointRemoverEPTest.MemoryRecoveryEnd (134 ms)
CheckpointRemoverEPTest.MemoryRecoveryEnd
</pre>
 ( http://cv.jenkins.couchbase.com/job/kv_engine.ASan-UBSan/job/master/24833/ )

http://cv.jenkins.couchbase.com/job/kv_engine-clang_format_9/13602/ : SUCCESS

http://cv.jenkins.couchbase.com/job/kv_engine-clang_tidy-master/14756/ : SUCCESS

http://cv.jenkins.couchbase.com/job/kv_engine-clang_analyzer-master/36212/ : SUCCESS

http://cv.jenkins.couchbase.com/job/kv_engine.libFuzzer/job/master/4401/ : SUCCESS
----------------------------------------------------------------------------------------------------------------------
