======================================================================================================================
DESCRIPTION:

Refactor: use unique_ptr for Modules list

Change-Id: Ie63b60432d4d6fd0d2b493de1e9c50ba34fe6773

======================================================================================================================
COMMENTS
======================================================================================================================
Author: Trond Norbye
Date: 2018-06-01 10:07:45.000000000
Message: 
Uploaded patch set 2: Patch Set 1 was rebased.
----------------------------------------------------------------------------------------------------------------------
Author: Build Bot
Date: 2018-06-01 11:03:46.000000000
Message: 
Patch Set 2: Verified-1

Build Failed 

http://cv.jenkins.couchbase.com/job/kv_engine-windows-master/9450/ : FAILURE

Link error: fatal error LNK1104: cannot open file "kv_engine\cbcrypto.dll" ( http://cv.jenkins.couchbase.com/job/kv_engine-windows-master/9450/ )

http://cv.jenkins.couchbase.com/job/kv_engine-threadsanitizer-master/1319/ : FAILURE

Compile error at /home/couchbase/jenkins/workspace/kv_engine-threadsanitizer-master/kv_engine/auditd/generator/utilities.cc:130:9:
error: "strcmp" was not declared in this scope
 ( http://cv.jenkins.couchbase.com/job/kv_engine-threadsanitizer-master/1319/ )

http://cv.jenkins.couchbase.com/job/kv_engine-linux-master/9526/ : FAILURE

Compile error at /home/couchbase/jenkins/workspace/kv_engine-linux-master/kv_engine/auditd/generator/utilities.cc:130:9:
error: "strcmp" was not declared in this scope
 ( http://cv.jenkins.couchbase.com/job/kv_engine-linux-master/9526/ )

http://cv.jenkins.couchbase.com/job/kv_engine-undefinedsanitizer-master/418/ : FAILURE

Compile error at /home/couchbase/jenkins/workspace/kv_engine-undefinedsanitizer-master/kv_engine/auditd/generator/utilities.cc:130:9:
error: "strcmp" was not declared in this scope
 ( http://cv.jenkins.couchbase.com/job/kv_engine-undefinedsanitizer-master/418/ )

http://cv.jenkins.couchbase.com/job/kv_engine-clang_analyzer-master/8433/ : FAILURE

Compile error at /home/couchbase/jenkins/workspace/kv_engine-clang_analyzer-master/kv_engine/auditd/generator/utilities.cc:130:9:
error: use of undeclared identifier "strcmp"
 ( http://cv.jenkins.couchbase.com/job/kv_engine-clang_analyzer-master/8433/ )

http://cv.jenkins.couchbase.com/job/kv_engine-addresssanitizer-master/1275/ : FAILURE

Compile error at /home/couchbase/jenkins/workspace/kv_engine-addresssanitizer-master/kv_engine/auditd/generator/utilities.cc:130:9:
error: "strcmp" was not declared in this scope
 ( http://cv.jenkins.couchbase.com/job/kv_engine-addresssanitizer-master/1275/ )

http://cv.jenkins.couchbase.com/job/kv_engine-clang_format/8322/ : SUCCESS
----------------------------------------------------------------------------------------------------------------------
