======================================================================================================================
DESCRIPTION:

AuditFile::cleanup_old_logfile() should not throw std::string

Change-Id: I4465dc73af239ebefb3e90184522fec7c6e17d24

======================================================================================================================
COMMENTS
======================================================================================================================
Author: Trond Norbye
Date: 2018-06-28 14:11:51.000000000
Message: 
Uploaded patch set 1.
----------------------------------------------------------------------------------------------------------------------
Author: Tim Bradgate
Date: 2018-06-28 14:22:04.000000000
Message: 
Patch Set 1: Code-Review+2
----------------------------------------------------------------------------------------------------------------------
Author: Build Bot
Date: 2018-06-28 15:28:55.000000000
Message: 
Patch Set 1: Verified-1

Build Failed 

http://cv.jenkins.couchbase.com/job/kv_engine-threadsanitizer-master/1820/ : FAILURE

Failure of a GoogleTest  ( http://cv.jenkins.couchbase.com/job/kv_engine-threadsanitizer-master/1820/ )

Failure of a CTest test  73/173 Test  #75: memcached-auditfile-test ..................................................... ( http://cv.jenkins.couchbase.com/job/kv_engine-threadsanitizer-master/1820/ )

http://cv.jenkins.couchbase.com/job/kv_engine-addresssanitizer-master/1738/ : FAILURE

Failure of a GoogleTest  ( http://cv.jenkins.couchbase.com/job/kv_engine-addresssanitizer-master/1738/ )

Failure of a CTest test  73/174 Test  #76: memcached-auditfile-test ..................................................... ( http://cv.jenkins.couchbase.com/job/kv_engine-addresssanitizer-master/1738/ )

http://cv.jenkins.couchbase.com/job/kv_engine-linux-master/10005/ : FAILURE

Failure of a GoogleTest  ( http://cv.jenkins.couchbase.com/job/kv_engine-linux-master/10005/ )

Failure of a CTest test  84/194 Test  #86: memcached-auditfile-test ..................................................... ( http://cv.jenkins.couchbase.com/job/kv_engine-linux-master/10005/ )

http://cv.jenkins.couchbase.com/job/kv_engine-undefinedsanitizer-master/985/ : FAILURE

Failure of a GoogleTest  ( http://cv.jenkins.couchbase.com/job/kv_engine-undefinedsanitizer-master/985/ )

Failure of a CTest test  74/175 Test  #76: memcached-auditfile-test ..................................................... ( http://cv.jenkins.couchbase.com/job/kv_engine-undefinedsanitizer-master/985/ )

Undefined Sanitizer: home/couchbase/jenkins/workspace/kv_engine-undefinedsanitizer-master/kv_engine/engines/ep/src/objectregistry.cc:217:41: runtime error: member call on address 0x7fd45987d000 which does not point to an object of type "EventuallyPersistentEngine" ( http://cv.jenkins.couchbase.com/job/kv_engine-undefinedsanitizer-master/985/ )

http://cv.jenkins.couchbase.com/job/kv_engine-windows-master/10090/ : FAILURE

Failure of a GoogleTest  ( http://cv.jenkins.couchbase.com/job/kv_engine-windows-master/10090/ )

Failure of a CTest test  69/175 Test  #72: memcached-auditfile-test ..................................................... ( http://cv.jenkins.couchbase.com/job/kv_engine-windows-master/10090/ )

http://cv.jenkins.couchbase.com/job/kv_engine-clang_format/8970/ : SUCCESS

http://cv.jenkins.couchbase.com/job/kv_engine-clang_analyzer-master/8882/ : SUCCESS
----------------------------------------------------------------------------------------------------------------------
