======================================================================================================================
DESCRIPTION:

MB-49727: WIP - Expire by compaction observe CM Quota

Change-Id: I1a01f6a110fa9bef0a5916872209e7aa69f22673

======================================================================================================================
COMMENTS
======================================================================================================================
Author: Paolo Cocchi
Date: 2021-12-15 08:03:25.000000000
Message: 
Uploaded patch set 1.
----------------------------------------------------------------------------------------------------------------------
Author: Build Bot
Date: 2021-12-15 08:17:03.000000000
Message: 
Patch Set 1: Verified-1

Build Failed 

http://cv.jenkins.couchbase.com/job/kv_engine-windows-master/42428/ : FAILURE

Link error: error LNK2019: unresolved external symbol "public: bool __cdecl KVBucketTest::persistent(void)const " (?persistent@KVBucketTest@@QEBA_NXZ) referenced in function "public: unsigned __int64 __cdecl SingleThreadedKVBucketTest::loadUpToOOM(enum SingleThreadedKVBucketTest::VbucketOp)" (?loadUpToOOM@SingleThreadedKVBucketTest@@QEAA_KW4VbucketOp@1@@Z) ( http://cv.jenkins.couchbase.com/job/kv_engine-windows-master/42428/ )

http://cv.jenkins.couchbase.com/job/kv_engine.libFuzzer/job/master/4159/ : FAILURE

Clang linker error: linker command failed with exit code 1 (use -v to see invocation) ( http://cv.jenkins.couchbase.com/job/kv_engine.libFuzzer/job/master/4159/ )

http://cv.jenkins.couchbase.com/job/kv_engine.macos/job/master/15317/ : FAILURE

Clang linker error: linker command failed with exit code 1 (use -v to see invocation) ( http://cv.jenkins.couchbase.com/job/kv_engine.macos/job/master/15317/ )

http://cv.jenkins.couchbase.com/job/kv_engine.linux-CE/job/master/16157/ : FAILURE

No problems were identified. If you know why this problem occurred, please add a suitable Cause for it. ( http://cv.jenkins.couchbase.com/job/kv_engine.linux-CE/job/master/16157/ )

http://cv.jenkins.couchbase.com/job/kv_engine.linux/job/master/16453/ : FAILURE

No problems were identified. If you know why this problem occurred, please add a suitable Cause for it. ( http://cv.jenkins.couchbase.com/job/kv_engine.linux/job/master/16453/ )

http://cv.jenkins.couchbase.com/job/kv_engine.threadsanitizer/job/master/17224/ : FAILURE

Clang linker error: linker command failed with exit code 1 (use -v to see invocation) ( http://cv.jenkins.couchbase.com/job/kv_engine.threadsanitizer/job/master/17224/ )

http://cv.jenkins.couchbase.com/job/kv_engine.ASan-UBSan/job/master/24562/ : FAILURE

Clang linker error: linker command failed with exit code 1 (use -v to see invocation) ( http://cv.jenkins.couchbase.com/job/kv_engine.ASan-UBSan/job/master/24562/ )

http://cv.jenkins.couchbase.com/job/kv_engine.aarch64-linux/job/master/4217/ : FAILURE

No problems were identified. If you know why this problem occurred, please add a suitable Cause for it. ( http://cv.jenkins.couchbase.com/job/kv_engine.aarch64-linux/job/master/4217/ )

http://cv.jenkins.couchbase.com/job/kv_engine-clang_analyzer-master/35973/ : SUCCESS

http://cv.jenkins.couchbase.com/job/kv_engine-clang_tidy-master/14516/ : SUCCESS

http://cv.jenkins.couchbase.com/job/kv_engine-clang_format_9/13346/ : SUCCESS
----------------------------------------------------------------------------------------------------------------------
