======================================================================================================================
DESCRIPTION:

MB-45654: Move to pausable task

Change-Id: I35632ee6911c5d49c51fccecee1786cb40589b8f

======================================================================================================================
COMMENTS
======================================================================================================================
Author: Richard de Mellow
Date: 2021-07-26 15:10:33.000000000
Message: 
Uploaded patch set 26.
----------------------------------------------------------------------------------------------------------------------
Author: Build Bot
Date: 2021-07-26 16:19:26.000000000
Message: 
Patch Set 26: Verified-1

Build Failed 

http://cv.jenkins.couchbase.com/job/kv_engine.ASan-UBSan/job/master/20499/ : ABORTED

http://cv.jenkins.couchbase.com/job/kv_engine.macos/job/master/11530/ : ABORTED

Build which was aborted due to a newer patch set being uploaded for the given review. ( http://cv.jenkins.couchbase.com/job/kv_engine.macos/job/master/11530/ )

http://cv.jenkins.couchbase.com/job/kv_engine-windows-master/38039/ : FAILURE

Failure of an engine_testapp test:

<pre>
Running [0001/0158]: expiry...Uncaught std::exception. what():cb::io::rmrf: remove of directory \\?\C:\Jenkins\workspace\kv_engine-windows-master\build\kv_engine\engines\ep\tests\ep_testsuite.value_eviction.comp_active.db failed: unknown error
(167 ms) DIED
</pre>
 ( http://cv.jenkins.couchbase.com/job/kv_engine-windows-master/38039/ )

Failure of GoogleTest "TransportProtocols/SaslTest.TestSaslMixFrom_SCRAM_SHA1/Mcbp":

<pre>
[ RUN      ] TransportProtocols/SaslTest.TestSaslMixFrom_SCRAM_SHA1/Mcbp
[       OK ] TransportProtocols/SaslTest.TestSaslMixFrom_SCRAM_SHA1/Mcbp (81 ms)
[ RUN      ] TransportProtocols/SaslTest.TestSaslMixFrom_SCRAM_SHA1/McbpSsl
C:/Jenkins/workspace/kv_engine-windows-master/kv_engine/tests/testapp/testapp_sasl.cc(58): error: Expected: connection.deleteBucket(bucket3) doesn"t throw an exception.
  Actual: it throws.
[  FAILED  ] TransportProtocols/SaslTest.TestSaslMixFrom_SCRAM_SHA1/McbpSsl, where GetParam() = McbpSsl (373 ms)
TransportProtocols/SaslTest.TestSaslMixFrom_SCRAM_SHA1/Mcbp
</pre>
 ( http://cv.jenkins.couchbase.com/job/kv_engine-windows-master/38039/ )

Timeout of a CTest test 268/400 Test #163: ep-engine_ep_unit_tests.PersistentAndEphemeral/StreamTest .....................................................................} ( http://cv.jenkins.couchbase.com/job/kv_engine-windows-master/38039/ )

http://cv.jenkins.couchbase.com/job/kv_engine.linux-CE/job/master/12421/ : FAILURE

One of more core files found at the end of the build. Data for post-mortem saved to archived_core_dumps.tar.bz2 under "Build Artifacts". ( http://cv.jenkins.couchbase.com/job/kv_engine.linux-CE/job/master/12421/ )

Test exceeded the timeout:
[2021-07-26T15:42:34.741Z] /usr/bin/timeout: the monitored command dumped core ( http://cv.jenkins.couchbase.com/job/kv_engine.linux-CE/job/master/12421/ )

http://cv.jenkins.couchbase.com/job/kv_engine.linux/job/master/12598/ : FAILURE

Failure of an engine_testapp test:

<pre>
Running [0109/0158]: test async vbucket destroy restart...../kv_engine/engines/ep/tests/ep_testsuite_common.cc:496 Test failed: `" (Expected `success", got `no such key" - Failed to fetch document)
[2021-07-26T15:35:13.429Z] (101 ms) FAIL
</pre>
 ( http://cv.jenkins.couchbase.com/job/kv_engine.linux/job/master/12598/ )

http://cv.jenkins.couchbase.com/job/kv_engine.threadsanitizer/job/master/12948/ : FAILURE

Failure of an engine_testapp test:

<pre>
Running [0154/0158]: test_mb38031_upgrade_from_4x_via_5x_hop...../kv_engine/engines/ep/tests/ep_testsuite.cc:6535 Test failed: `" (Expected `10", got `9" - Expected vb:2 to have num_items)
[2021-07-26T15:33:18.638Z] (586 ms) FAIL
</pre>
 ( http://cv.jenkins.couchbase.com/job/kv_engine.threadsanitizer/job/master/12948/ )

http://cv.jenkins.couchbase.com/job/kv_engine-clang_format_9/9493/ : SUCCESS

http://cv.jenkins.couchbase.com/job/kv_engine-clang_tidy-master/10832/ : SUCCESS

http://cv.jenkins.couchbase.com/job/kv_engine-clang_analyzer-master/32429/ : SUCCESS

http://cv.jenkins.couchbase.com/job/kv_engine.libFuzzer/job/master/450/ : SUCCESS

http://cv.jenkins.couchbase.com/job/kv_engine.aarch64-linux/job/master/422/ : SUCCESS
----------------------------------------------------------------------------------------------------------------------
