======================================================================================================================
DESCRIPTION:

Merge remote-tracking branch 'watson_mc'

* review/watson_mc:
  MB-25241: Return ENGINE_NO_BUCKET when not associated with a bucket
  MB-24634: Keep buffers attached the connection

Change-Id: I010618ead11daf06bf5927bd5efc910e0b858c57

======================================================================================================================
COMMENTS
======================================================================================================================
Author: Dave Rigby
Date: 2017-07-13 15:32:12.000000000
Message: 
Uploaded patch set 1.
----------------------------------------------------------------------------------------------------------------------
Author: Build Bot
Date: 2017-07-13 15:53:31.000000000
Message: 
Patch Set 1: Verified-1

Build Failed 

http://cv.jenkins.couchbase.com/job/kv_engine-addresssanitizer-master/1474/ : FAILURE

Failure of a GoogleTest  ( http://cv.jenkins.couchbase.com//job/kv_engine-addresssanitizer-master/1474/ )

Failure of a CTest test 77/85 Test #73: memcached-stats-unit-tests ..................... ( http://cv.jenkins.couchbase.com//job/kv_engine-addresssanitizer-master/1474/ )

http://cv.jenkins.couchbase.com/job/kv_engine-linux-master/1530/ : FAILURE

Failure of a GoogleTest  ( http://cv.jenkins.couchbase.com//job/kv_engine-linux-master/1530/ )

Failure of a CTest test 83/97 Test #85: memcached-stats-unit-tests ..................... ( http://cv.jenkins.couchbase.com//job/kv_engine-linux-master/1530/ )

http://cv.jenkins.couchbase.com/job/kv_engine-windows-master/1526/ : FAILURE

Failure of a GoogleTest  ( http://cv.jenkins.couchbase.com//job/kv_engine-windows-master/1526/ )

Failure of a CTest test 50/92 Test #80: memcached-stats-unit-tests ..................... ( http://cv.jenkins.couchbase.com//job/kv_engine-windows-master/1526/ )

http://cv.jenkins.couchbase.com/job/kv_engine-threadsanitizer-master/1539/ : FAILURE

Failure of a GoogleTest  ( http://cv.jenkins.couchbase.com//job/kv_engine-threadsanitizer-master/1539/ )

Failure of a CTest test 75/86 Test #74: memcached-stats-unit-tests ..................... ( http://cv.jenkins.couchbase.com//job/kv_engine-threadsanitizer-master/1539/ )

http://cv.jenkins.couchbase.com/job/kv_engine-clang_analyzer-master/1368/ : SUCCESS
----------------------------------------------------------------------------------------------------------------------
