======================================================================================================================
DESCRIPTION:

Fix concurrent compaction

Change-Id: I1a2db87d5ae9c5346dc0b850e08fe6e423a3481e

======================================================================================================================
COMMENTS
======================================================================================================================
Author: Richard de Mellow
Date: 2021-10-07 14:09:02.000000000
Message: 
Uploaded patch set 2.
----------------------------------------------------------------------------------------------------------------------
Author: Build Bot
Date: 2021-10-07 17:31:02.000000000
Message: 
Patch Set 2: Verified-1

Build Failed 

http://cv.jenkins.couchbase.com/job/kv_engine-windows-master/40907/ : FAILURE

Failure of GoogleTest "CouchKVStoreTest.CompactStatsTest":

<pre>
[ RUN      ] CouchKVStoreTest.CompactStatsTest
unknown file: error: SEH exception with code 0xc0000005 thrown in the test body.
[  FAILED  ] CouchKVStoreTest.CompactStatsTest (5 ms)
CouchKVStoreTest.CompactStatsTest
</pre>
 ( http://cv.jenkins.couchbase.com/job/kv_engine-windows-master/40907/ )

Failure of an engine_testapp test:

<pre>
Running [0101/0158]: test compaction config...(87 ms) OK


98% tests passed, 8 tests failed out of 410

Total Test time (real) = 683.38 sec

The following tests FAIL
</pre>
 ( http://cv.jenkins.couchbase.com/job/kv_engine-windows-master/40907/ )

Timeout of a CTest test 410/410 Test #267: ep_testsuite.value_eviction.magma .............................................................................................} ( http://cv.jenkins.couchbase.com/job/kv_engine-windows-master/40907/ )

http://cv.jenkins.couchbase.com/job/kv_engine.linux-CE/job/master/14884/ : FAILURE

One of more core files found at the end of the build. Data for post-mortem saved to archived_core_dumps.tar.bz2 under "Build Artifacts". ( http://cv.jenkins.couchbase.com/job/kv_engine.linux-CE/job/master/14884/ )

http://cv.jenkins.couchbase.com/job/kv_engine.threadsanitizer/job/master/15751/ : FAILURE

ThreadSanitizer issue: SEGV ../kv_engine/engines/ep/src/vbucket.h:406 in VBucket::getId() const  ( http://cv.jenkins.couchbase.com/job/kv_engine.threadsanitizer/job/master/15751/ )

http://cv.jenkins.couchbase.com/job/kv_engine.linux/job/master/15155/ : FAILURE

One of more core files found at the end of the build. Data for post-mortem saved to archived_core_dumps.tar.bz2 under "Build Artifacts". ( http://cv.jenkins.couchbase.com/job/kv_engine.linux/job/master/15155/ )

http://cv.jenkins.couchbase.com/job/kv_engine.macos/job/master/14040/ : FAILURE

No problems were identified. If you know why this problem occurred, please add a suitable Cause for it. ( http://cv.jenkins.couchbase.com/job/kv_engine.macos/job/master/14040/ )

http://cv.jenkins.couchbase.com/job/kv_engine.aarch64-linux/job/master/2941/ : FAILURE

No problems were identified. If you know why this problem occurred, please add a suitable Cause for it. ( http://cv.jenkins.couchbase.com/job/kv_engine.aarch64-linux/job/master/2941/ )

http://cv.jenkins.couchbase.com/job/kv_engine.ASan-UBSan/job/master/23175/ : FAILURE

http://cv.jenkins.couchbase.com/job/kv_engine-clang_analyzer-master/34790/ : SUCCESS

http://cv.jenkins.couchbase.com/job/kv_engine-clang_tidy-master/13282/ : SUCCESS

http://cv.jenkins.couchbase.com/job/kv_engine-clang_format_9/12070/ : SUCCESS

http://cv.jenkins.couchbase.com/job/kv_engine.libFuzzer/job/master/2902/ : SUCCESS
----------------------------------------------------------------------------------------------------------------------
