======================================================================================================================
DESCRIPTION:

MB-30149: Convert DcpIface response_handler & system_event to virtual methods

Change the following members of DcpIface from function pointers to
pure virtual methods:

* response_handler
* system_event

Change-Id: I9353b419b64d85df76e3d7709ea28187f999ca6c

======================================================================================================================
COMMENTS
======================================================================================================================
Author: Dave Rigby
Date: 2018-07-11 16:12:23.000000000
Message: 
Uploaded patch set 4.
----------------------------------------------------------------------------------------------------------------------
Author: Build Bot
Date: 2018-07-11 19:44:57.000000000
Message: 
Patch Set 4: Verified-1

Build Failed 

http://cv.jenkins.couchbase.com/job/kv_engine-addresssanitizer-master/2036/ : FAILURE

No problems were identified. If you know why this problem occurred, please add a suitable Cause for it. ( http://cv.jenkins.couchbase.com/job/kv_engine-addresssanitizer-master/2036/ )

http://cv.jenkins.couchbase.com/job/kv_engine-windows-master/10402/ : FAILURE

Failure of a CTest test 163/175 Test #158: memcached_testapp.ep.CleanOrUnclean/PersistToTest ............................ ( http://cv.jenkins.couchbase.com/job/kv_engine-windows-master/10402/ )

Failure of a GoogleTest  ( http://cv.jenkins.couchbase.com/job/kv_engine-windows-master/10402/ )

http://cv.jenkins.couchbase.com/job/kv_engine-undefinedsanitizer-master/1392/ : FAILURE

One of more core files found at the end of the build. Data for post-mortem saved to archived_core_dumps.tar.bz2 under "Build Artifacts". ( http://cv.jenkins.couchbase.com/job/kv_engine-undefinedsanitizer-master/1392/ )

Failure of a CTest test 125/175 Test  #73: ep_perfsuite.value_eviction .................................................. ( http://cv.jenkins.couchbase.com/job/kv_engine-undefinedsanitizer-master/1392/ )

http://cv.jenkins.couchbase.com/job/kv_engine-clang_format/9265/ : SUCCESS

http://cv.jenkins.couchbase.com/job/kv_engine-linux-master/10295/ : SUCCESS

http://cv.jenkins.couchbase.com/job/kv_engine-clang_analyzer-master/9149/ : SUCCESS

http://cv.jenkins.couchbase.com/job/kv_engine-threadsanitizer-master/2135/ : SUCCESS
----------------------------------------------------------------------------------------------------------------------
Author: Tim Bradgate
Date: 2018-07-12 08:12:18.000000000
Message: 
Patch Set 4: Code-Review+2
----------------------------------------------------------------------------------------------------------------------
Author: Build Bot
Date: 2018-07-12 08:45:08.000000000
Message: 
Patch Set 4:

Build Failed 

http://cv.jenkins.couchbase.com/job/kv_engine-windows-master/10402/ : FAILURE

Failure of a CTest test 163/175 Test #158: memcached_testapp.ep.CleanOrUnclean/PersistToTest ............................ ( http://cv.jenkins.couchbase.com/job/kv_engine-windows-master/10402/ )

Failure of a GoogleTest  ( http://cv.jenkins.couchbase.com/job/kv_engine-windows-master/10402/ )

http://cv.jenkins.couchbase.com/job/kv_engine-undefinedsanitizer-master/1392/ : FAILURE

One of more core files found at the end of the build. Data for post-mortem saved to archived_core_dumps.tar.bz2 under "Build Artifacts". ( http://cv.jenkins.couchbase.com/job/kv_engine-undefinedsanitizer-master/1392/ )

Failure of a CTest test 125/175 Test  #73: ep_perfsuite.value_eviction .................................................. ( http://cv.jenkins.couchbase.com/job/kv_engine-undefinedsanitizer-master/1392/ )

http://cv.jenkins.couchbase.com/job/kv_engine-clang_format/9265/ : SUCCESS

http://cv.jenkins.couchbase.com/job/kv_engine-linux-master/10295/ : SUCCESS

http://cv.jenkins.couchbase.com/job/kv_engine-clang_analyzer-master/9149/ : SUCCESS

http://cv.jenkins.couchbase.com/job/kv_engine-threadsanitizer-master/2135/ : SUCCESS

http://cv.jenkins.couchbase.com/job/kv_engine-addresssanitizer-master/2041/ : SUCCESS
----------------------------------------------------------------------------------------------------------------------
Author: Build Bot
Date: 2018-07-12 10:29:05.000000000
Message: 
Patch Set 4: Verified+1

Build Successful 

http://cv.jenkins.couchbase.com/job/kv_engine-clang_format/9265/ : SUCCESS

http://cv.jenkins.couchbase.com/job/kv_engine-linux-master/10295/ : SUCCESS

http://cv.jenkins.couchbase.com/job/kv_engine-addresssanitizer-master/2041/ : SUCCESS

http://cv.jenkins.couchbase.com/job/kv_engine-clang_analyzer-master/9149/ : SUCCESS

http://cv.jenkins.couchbase.com/job/kv_engine-threadsanitizer-master/2135/ : SUCCESS

http://cv.jenkins.couchbase.com/job/kv_engine-windows-master/10414/ : SUCCESS

http://cv.jenkins.couchbase.com/job/kv_engine-undefinedsanitizer-master/1407/ : SUCCESS
----------------------------------------------------------------------------------------------------------------------
