======================================================================================================================
DESCRIPTION:

Hardcode magma shard partition paths to /data0 .. /data3

Change-Id: I200f847a262d45b385df56de0cada93541ee16c4

======================================================================================================================
COMMENTS
======================================================================================================================
Author: Apaar gupta
Date: 2019-07-11 06:20:12.000000000
Message: 
Uploaded patch set 3.
----------------------------------------------------------------------------------------------------------------------
Author: Build Bot
Date: 2019-07-11 07:12:47.000000000
Message: 
Patch Set 3: Verified-1

Build Failed 

http://cv.jenkins.couchbase.com/job/kv_engine-threadsanitizer-master/12787/ : FAILURE

Failure of a CTest test  28/188 Test  #23: ep-engine_ep_unit_tests ...................................................... ( http://cv.jenkins.couchbase.com/job/kv_engine-threadsanitizer-master/12787/ )

Failure of a GoogleTest test:

MagmaKVStoreTest.Rollback (27 ms) ( http://cv.jenkins.couchbase.com/job/kv_engine-threadsanitizer-master/12787/ )

http://cv.jenkins.couchbase.com/job/kv_engine-windows-master/21818/ : FAILURE

Link error: error LNK2019: unresolved external symbol "public: class nlohmann::basic_json<class std::map,class std::vector,class std::basic_string<char,struct std::char_traits<char>,class std::allocator<char> >,bool,__int64,unsigned __int64,double,class std::allocator,struct nlohmann::adl_serializer> __cdecl magma::Magma::MagmaStats::JSON(void)" (?JSON@MagmaStats@Magma@magma@@QEAA?AV?$basic_json@Vmap@std@@Vvector@2@V?$basic_string@DU?$char_traits@D@std@@V?$allocator@D@2@@2@_N_J_KNVallocator@2@Uadl_serializer@nlohmann@@@nlohmann@@XZ) referenced in function "public: virtual void __cdecl MagmaKVStore::addStats(class std::function<void __cdecl(char const *,unsigned short,char const *,unsigned int,class gsl::not_null<void const *>)> const &,void const *,class std::basic_string<char,struct std::char_traits<char>,class std::allocator<char> > const &)" (?addStats@MagmaKVStore@@UEAAXAEBV?$function@$$A6AXPEBDG0IV?$not_null@PEBX@gsl@@@Z@std@@PEBXAEBV?$basic_string@DU?$char_traits@D@std@@V?$allocator@D@2@@3@@Z) ( http://cv.jenkins.couchbase.com/job/kv_engine-windows-master/21818/ )

http://cv.jenkins.couchbase.com/job/kv_engine-linux-master/20988/ : FAILURE

Failure of a CTest test  28/209 Test  #26: ep-engine_ep_unit_tests ...................................................... ( http://cv.jenkins.couchbase.com/job/kv_engine-linux-master/20988/ )

Failure of a GoogleTest test:

MagmaKVStoreTest.Rollback (1 ms) ( http://cv.jenkins.couchbase.com/job/kv_engine-linux-master/20988/ )

http://cv.jenkins.couchbase.com/job/kv_engine.ASan-UBSan/job/master/5570/ : FAILURE

AddressSanitizer issue: 27976949 byte(s) leaked in 95477 allocation(s). ( http://cv.jenkins.couchbase.com/job/kv_engine.ASan-UBSan/job/master/5570/ )

Failure of a CTest test [2019-07-11T07:02:07.744Z]  28/189 Test  #25: ep-engine_ep_unit_tests ...................................................... ( http://cv.jenkins.couchbase.com/job/kv_engine.ASan-UBSan/job/master/5570/ )

http://cv.jenkins.couchbase.com/job/kv_engine-clang_format/19636/ : SUCCESS

http://cv.jenkins.couchbase.com/job/kv-engine-cv-perf/12013/ : SUCCESS

http://cv.jenkins.couchbase.com/job/kv_engine-clang_analyzer-master/18696/ : SUCCESS

http://cv.jenkins.couchbase.com/job/kv_engine-linux-master-CE/2654/ : SUCCESS
----------------------------------------------------------------------------------------------------------------------
