======================================================================================================================
DESCRIPTION:

MB-52311: [3/n] Pause / Resume Bucket: KVStore impl

Implement handling of Pause & ResumeBucket commands in KVStore impls
CouchKVStore, MagmaKVStore & NexusKVStore. RocksDBKVStore is not
implemented given it's an experimental backend.

Change-Id: I927b54212b0ea565daa6ea78ea1c06ff6cf6a0bf

======================================================================================================================
COMMENTS
======================================================================================================================
Author: Dave Rigby
Date: 2022-08-26 16:14:05.000000000
Message: 
Uploaded patch set 5: Patch Set 4 was rebased.
----------------------------------------------------------------------------------------------------------------------
Author: Build Bot
Date: 2022-08-26 16:55:10.000000000
Message: 
Patch Set 5: Verified-1

Build Failed 

http://cv.jenkins.couchbase.com/job/kv_engine.threadsanitizer/job/master/22813/ : FAILURE

Failure of GoogleTest "DcpTest.DcpDrainMeteredAndThrottled":

<pre>
[ RUN      ] DcpTest.DcpDrainMeteredAndThrottled
[2022-08-26T16:40:15.377Z] unknown file: Failure
[2022-08-26T16:40:15.377Z] C++ exception with description "Header::getResponse(): Header is not a response" thrown in the test body.
[2022-08-26T16:40:15.377Z] [  FAILED  ] DcpTest.DcpDrainMeteredAndThrottled (28 ms)
DcpTest.DcpDrainMeteredAndThrottled
</pre>
 ( http://cv.jenkins.couchbase.com/job/kv_engine.threadsanitizer/job/master/22813/ )

http://cv.jenkins.couchbase.com/job/kv_engine.macos/job/master/21011/ : FAILURE

Failure of an engine_testapp test:

<pre>
Running [42/161]: file stats post warmup...../kv_engine/engines/ep/tests/ep_testsuite.cc:2322 Test failed: `" (Expected `398131" to be less than or equal to `376832" - Unexpected fileSize for vbucket)
[2022-08-26T16:27:50.677Z] (276 ms) FAIL
</pre>
 ( http://cv.jenkins.couchbase.com/job/kv_engine.macos/job/master/21011/ )

http://cv.jenkins.couchbase.com/job/kv_engine-clang_format_9/18997/ : SUCCESS

http://cv.jenkins.couchbase.com/job/kv_engine-clang_tidy-master/19776/ : SUCCESS

http://cv.jenkins.couchbase.com/job/kv_engine-windows-master/48707/ : SUCCESS

http://cv.jenkins.couchbase.com/job/kv_engine-clang_analyzer-master/40937/ : SUCCESS

http://cv.jenkins.couchbase.com/job/kv_engine.libFuzzer/job/master/9469/ : SUCCESS

http://cv.jenkins.couchbase.com/job/kv_engine.linux-CE/job/master/21723/ : SUCCESS

http://cv.jenkins.couchbase.com/job/kv_engine.linux/job/master/22078/ : SUCCESS

http://cv.jenkins.couchbase.com/job/kv_engine.ASan-UBSan/job/master/30105/ : SUCCESS

http://cv.jenkins.couchbase.com/job/kv_engine.aarch64-linux/job/master/9568/ : SUCCESS
----------------------------------------------------------------------------------------------------------------------
