======================================================================================================================
DESCRIPTION:

MB-52311: [4/n] Pause / Resume Bucket: KVStore impl

Implement handling of Pause & ResumeBucket commands in KVStore impls
CouchKVStore, MagmaKVStore & NexusKVStore. RocksDBKVStore is not
implemented given it's an experimental backend.

Change-Id: I927b54212b0ea565daa6ea78ea1c06ff6cf6a0bf

======================================================================================================================
COMMENTS
======================================================================================================================
Author: Dave Rigby
Date: 2022-09-26 14:46:39.000000000
Message: 
Uploaded patch set 17: Patch Set 16 was rebased.
----------------------------------------------------------------------------------------------------------------------
Author: Build Bot
Date: 2022-09-26 15:27:37.000000000
Message: 
Patch Set 17: Verified-1

Build Failed 

https://cv.jenkins.couchbase.com/job/kv_engine-windows-master/49701/ : FAILURE

Compile error at C:\Jenkins\workspace\kv_engine-windows-master\build\tlm\deps\folly.exploded\include\folly/concurrency/CacheLocality.h(270): fatal error C1060: compiler is out of heap space ( https://cv.jenkins.couchbase.com/job/kv_engine-windows-master/49701/ )

https://cv.jenkins.couchbase.com/job/kv_engine.libFuzzer/job/master/10383/ : FAILURE

No problems were identified. If you know why this problem occurred, please add a suitable Cause for it. ( https://cv.jenkins.couchbase.com/job/kv_engine.libFuzzer/job/master/10383/ )

https://cv.jenkins.couchbase.com/job/kv_engine.threadsanitizer/job/master/23856/ : FAILURE

Failure of GoogleTest "MeteringTest/MeteringTest.TTL_Expiry_Get/UnmeteredByPrivilege":

<pre>
[ RUN      ] MeteringTest/MeteringTest.TTL_Expiry_Get/UnmeteredByPrivilege
[2022-09-26T15:24:52.461Z] /home/couchbase/jenkins/workspace/kv_engine.threadsanitizer_master/kv_engine/tests/testapp_serverless/metering_test.cc:3071: Failure
[2022-09-26T15:24:52.461Z] Expected equality of these values:
[2022-09-26T15:24:52.461Z]   cb::mcbp::Status::KeyEnoent
[2022-09-26T15:24:52.461Z]     Which is: Not found
[2022-09-26T15:24:52.461Z]   rsp.getStatus()
[2022-09-26T15:24:52.461Z]     Which is: Success
[2022-09-26T15:24:52.461Z] should have been TTL expired
[2022-09-26T15:24:52.461Z] [  FAILED  ] MeteringTest/MeteringTest.TTL_Expiry_Get/UnmeteredByPrivilege, where GetParam() = 4-byte object <01-00 00-00> (2562 ms)
MeteringTest/MeteringTest.TTL_Expiry_Get/UnmeteredByPrivilege
</pre>
 ( https://cv.jenkins.couchbase.com/job/kv_engine.threadsanitizer/job/master/23856/ )

ThreadSanitizer issue: data race /opt/gcc-10.2.0/lib/gcc/x86_64-pc-linux-gnu/10.2.0/../../../../include/c++/10.2.0/bits/deque.tcc:173 in cb::daemon::AsyncWriteCallback::SendRequest& std::deque<cb::daemon::AsyncWriteCallback::SendRequest, std::allocator<cb::daemon::AsyncWriteCallback::SendRequest> >::emplace_back<cb::daemon::AsyncWriteCallback::SendRequest>(cb::daemon::AsyncWriteCallback::SendRequest&&)  ( https://cv.jenkins.couchbase.com/job/kv_engine.threadsanitizer/job/master/23856/ )

https://cv.jenkins.couchbase.com/job/kv_engine-clang_format_9/19900/ : SUCCESS

https://cv.jenkins.couchbase.com/job/kv_engine-clang_tidy-master/20673/ : SUCCESS

https://cv.jenkins.couchbase.com/job/kv_engine-clang_analyzer-master/41774/ : SUCCESS

https://cv.jenkins.couchbase.com/job/kv_engine.aarch64-linux/job/master/10484/ : SUCCESS

https://cv.jenkins.couchbase.com/job/kv_engine.macos/job/master/22050/ : SUCCESS

https://cv.jenkins.couchbase.com/job/kv_engine.linux/job/master/23037/ : SUCCESS

https://cv.jenkins.couchbase.com/job/kv_engine.linux-CE/job/master/22656/ : SUCCESS

https://cv.jenkins.couchbase.com/job/kv_engine.ASan-UBSan/job/master/31061/ : SUCCESS
----------------------------------------------------------------------------------------------------------------------
Author: Build Bot
Date: 2022-09-27 09:35:16.000000000
Message: 
Patch Set 17:

Build Failed 

https://cv.jenkins.couchbase.com/job/kv_engine.threadsanitizer/job/master/23890/ : FAILURE

No problems were identified. If you know why this problem occurred, please add a suitable Cause for it. ( https://cv.jenkins.couchbase.com/job/kv_engine.threadsanitizer/job/master/23890/ )

https://cv.jenkins.couchbase.com/job/kv_engine-windows-master/49734/ : FAILURE

No problems were identified. If you know why this problem occurred, please add a suitable Cause for it. ( https://cv.jenkins.couchbase.com/job/kv_engine-windows-master/49734/ )

https://cv.jenkins.couchbase.com/job/kv_engine-clang_format_9/19900/ : SUCCESS

https://cv.jenkins.couchbase.com/job/kv_engine-clang_tidy-master/20673/ : SUCCESS

https://cv.jenkins.couchbase.com/job/kv_engine-clang_analyzer-master/41774/ : SUCCESS

https://cv.jenkins.couchbase.com/job/kv_engine.aarch64-linux/job/master/10484/ : SUCCESS

https://cv.jenkins.couchbase.com/job/kv_engine.libFuzzer/job/master/10413/ : SUCCESS

https://cv.jenkins.couchbase.com/job/kv_engine.macos/job/master/22050/ : SUCCESS

https://cv.jenkins.couchbase.com/job/kv_engine.linux/job/master/23037/ : SUCCESS

https://cv.jenkins.couchbase.com/job/kv_engine.linux-CE/job/master/22656/ : SUCCESS

https://cv.jenkins.couchbase.com/job/kv_engine.ASan-UBSan/job/master/31061/ : SUCCESS
----------------------------------------------------------------------------------------------------------------------
