======================================================================================================================
DESCRIPTION:

WIP: Disable some unsupported tests / implement doWorkerStat

Change-Id: I3f84e3783da158a89e112fd54ea4df278efde570

======================================================================================================================
COMMENTS
======================================================================================================================
Author: Dave Rigby
Date: 2020-09-17 08:51:01.000000000
Message: 
Patch Set 5: Patch Set 4 was rebased
----------------------------------------------------------------------------------------------------------------------
Author: Build Bot
Date: 2020-09-17 09:34:31.000000000
Message: 
Patch Set 5: Verified-1

Build Failed 

http://cv.jenkins.couchbase.com/job/kv_engine-windows-master/30499/ : FAILURE

Failure of GoogleTest "TransportProtocols/TouchTest.Gat_Hit/Mcbp":

<pre>
[ RUN      ] TransportProtocols/TouchTest.Gat_Hit/Mcbp
Failed building socket: connect() failed (127.0.0.1 55825): No connection could be made because the target machine actively refused it.
..\kv_engine\tests\testapp\testapp.cc(653): error: Failed
Failed to connect socket to 127.0.0.1:55825
..\kv_engine\tests\testapp\testapp.cc(226): error: Expected: ((SOCKET)(~0)) != (sock), actual: 18446744073709551615 vs 18446744073709551615
[  FAILED  ] TransportProtocols/TouchTest.Gat_Hit/Mcbp, where GetParam() = Mcbp (1058 ms)
TransportProtocols/TouchTest.Gat_Hit/Mcbp
</pre>
 ( http://cv.jenkins.couchbase.com/job/kv_engine-windows-master/30499/ )

Timeout of a CTest test 389/392 Test #375: memcached_testapp.ep.Subdoc/SubdocTestappTest .................................................................................} ( http://cv.jenkins.couchbase.com/job/kv_engine-windows-master/30499/ )

Failure of a CTest test  86/392 Test  #66: ep-engine_ep_unit_tests.DurabilityRespondAmbiguousTest ........................................................................ ( http://cv.jenkins.couchbase.com/job/kv_engine-windows-master/30499/ )

http://cv.jenkins.couchbase.com/job/kv_engine.macos/job/master/4934/ : FAILURE

Failure of a CTest test [2020-09-17T08:59:05.625Z]  50/406 Test #307: memcached_testapp.default.TransportProtocols/ArithmeticTest .................................................Child aborted ( http://cv.jenkins.couchbase.com/job/kv_engine.macos/job/master/4934/ )

http://cv.jenkins.couchbase.com/job/kv_engine.threadsanitizer/job/master/6078/ : FAILURE

http://cv.jenkins.couchbase.com/job/kv_engine.ASan-UBSan/job/master/13752/ : FAILURE

Failure of a CTest test [2020-09-17T09:06:10.033Z]  10/392 Test #227: ep_testsuite.value_eviction.comp_passive ....................................................................Child aborted ( http://cv.jenkins.couchbase.com/job/kv_engine.ASan-UBSan/job/master/13752/ )

AddressSanitizer issue: heap-use-after-free ../kv_engine/engines/ep/src/globaltask.cc:66 in GlobalTask::~GlobalTask() ( http://cv.jenkins.couchbase.com/job/kv_engine.ASan-UBSan/job/master/13752/ )

http://cv.jenkins.couchbase.com/job/kv_engine-clang_format_9/3103/ : SUCCESS

http://cv.jenkins.couchbase.com/job/kv_engine-clang_tidy/4576/ : SUCCESS

http://cv.jenkins.couchbase.com/job/kv_engine-clang_analyzer-master/26375/ : SUCCESS

http://cv.jenkins.couchbase.com/job/kv_engine.linux-CE/job/master/5837/ : SUCCESS

http://cv.jenkins.couchbase.com/job/kv_engine.linux/job/master/5948/ : SUCCESS
----------------------------------------------------------------------------------------------------------------------
