======================================================================================================================
DESCRIPTION:

wip: move spdlog to tlm deps

Change-Id: Ieaa35dba5e06c051fe0451aaa2b0816e7b4549fb

======================================================================================================================
COMMENTS
======================================================================================================================
Author: Ben Huddleston
Date: 2021-06-18 09:10:13.000000000
Message: 
Uploaded patch set 3.
----------------------------------------------------------------------------------------------------------------------
Author: Build Bot
Date: 2021-06-18 09:15:10.000000000
Message: 
Patch Set 3: Verified-1

Build Failed 

http://cv.jenkins.couchbase.com/job/kv_engine-windows-master/37006/ : FAILURE

Compile error at C:\Jenkins\workspace\kv_engine-windows-master\build\tlm\deps\spdlog.exploded\include\spdlog/fmt/ostr.h(19): fatal error C1083: Cannot open include file: "fmt/ostream.h": No such file or directory ( http://cv.jenkins.couchbase.com/job/kv_engine-windows-master/37006/ )

http://cv.jenkins.couchbase.com/job/kv_engine-clang_analyzer-master/31611/ : FAILURE

Compile error at /home/couchbase/jenkins/workspace/kv_engine-clang_analyzer-master/build/tlm/deps/spdlog.exploded/include/spdlog/fmt/ostr.h:19:10:
fatal error: "fmt/ostream.h" file not found
 ( http://cv.jenkins.couchbase.com/job/kv_engine-clang_analyzer-master/31611/ )

http://cv.jenkins.couchbase.com/job/kv_engine.linux-CE/job/master/11570/ : FAILURE

Compile error at [2021-06-18T09:12:24.776Z] tlm/deps/spdlog.exploded/include/spdlog/fmt/ostr.h:19:10:
fatal error: fmt/ostream.h: No such file or directory
 ( http://cv.jenkins.couchbase.com/job/kv_engine.linux-CE/job/master/11570/ )

http://cv.jenkins.couchbase.com/job/kv_engine.macos/job/master/10649/ : FAILURE

Compile error at [2021-06-18T09:11:38.600Z] tlm/deps/spdlog.exploded/include/spdlog/fmt/ostr.h:19:10:
fatal error: "fmt/ostream.h" file not found
 ( http://cv.jenkins.couchbase.com/job/kv_engine.macos/job/master/10649/ )

http://cv.jenkins.couchbase.com/job/kv_engine.linux/job/master/11721/ : FAILURE

Compile error at [2021-06-18T09:13:23.709Z] tlm/deps/spdlog.exploded/include/spdlog/fmt/ostr.h:19:10:
fatal error: fmt/ostream.h: No such file or directory
 ( http://cv.jenkins.couchbase.com/job/kv_engine.linux/job/master/11721/ )

http://cv.jenkins.couchbase.com/job/kv_engine.threadsanitizer/job/master/12001/ : FAILURE

Compile error at [2021-06-18T09:11:37.326Z] tlm/deps/spdlog.exploded/include/spdlog/fmt/ostr.h:19:10:
fatal error: "fmt/ostream.h" file not found
 ( http://cv.jenkins.couchbase.com/job/kv_engine.threadsanitizer/job/master/12001/ )

http://cv.jenkins.couchbase.com/job/kv_engine.ASan-UBSan/job/master/19591/ : FAILURE

Compile error at [2021-06-18T09:13:36.726Z] tlm/deps/spdlog.exploded/include/spdlog/fmt/ostr.h:19:10:
fatal error: "fmt/ostream.h" file not found
 ( http://cv.jenkins.couchbase.com/job/kv_engine.ASan-UBSan/job/master/19591/ )

http://cv.jenkins.couchbase.com/job/kv_engine-clang_tidy-master/10003/ : SUCCESS

http://cv.jenkins.couchbase.com/job/ming-test2/499/ : SUCCESS

http://cv.jenkins.couchbase.com/job/kv_engine-clang_format_9/8595/ : SUCCESS
----------------------------------------------------------------------------------------------------------------------
