======================================================================================================================
DESCRIPTION:

MB-53983: Expose the 'frequency-counters' group in cbstats

The frequency-counters group was not queriable.

Change-Id: If6e6cd2a93c16fd89590573f3d22b6a58ea75c56

======================================================================================================================
COMMENTS
======================================================================================================================
Author: Vesko Karaganev
Date: 2022-10-20 10:01:55.000000000
Message: 
Uploaded patch set 2.
----------------------------------------------------------------------------------------------------------------------
Author: Build Bot
Date: 2022-10-20 11:25:22.000000000
Message: 
Patch Set 2: Verified-1 Code-Review-1

Build Failed 

https://cv.jenkins.couchbase.com/job/kv_engine-clang_format_9/20538/ : FAILURE

No problems were identified. If you know why this problem occurred, please add a suitable Cause for it. ( https://cv.jenkins.couchbase.com/job/kv_engine-clang_format_9/20538/ )

https://cv.jenkins.couchbase.com/job/kv_engine-windows-master/50511/ : FAILURE

Failure of GoogleTest "TransportProtocols/PauseResumeTest.PauseFailsWhenPaused/McbpSsl":

<pre>
[ RUN      ] TransportProtocols/PauseResumeTest.PauseFailsWhenPaused/McbpSsl
unknown file: error: C++ exception with description "Select bucket [default] failed: Not found (1)" thrown in the test body.
[  FAILED  ] TransportProtocols/PauseResumeTest.PauseFailsWhenPaused/McbpSsl, where GetParam() = McbpSsl (8 ms)
TransportProtocols/PauseResumeTest.PauseFailsWhenPaused/McbpSsl
</pre>
 ( https://cv.jenkins.couchbase.com/job/kv_engine-windows-master/50511/ )

https://cv.jenkins.couchbase.com/job/kv_engine.linux/job/master/23719/ : FAILURE

Failure of GoogleTest "TransportProtocols/PauseResumeTest.PauseFailsWhenPaused/McbpSsl":

<pre>
[ RUN      ] TransportProtocols/PauseResumeTest.PauseFailsWhenPaused/McbpSsl
[2022-10-20T11:10:12.432Z] unknown file: Failure
[2022-10-20T11:10:12.432Z] C++ exception with description "Select bucket [default] failed: Not found (1)" thrown in the test body.
[2022-10-20T11:10:12.432Z] [  FAILED  ] TransportProtocols/PauseResumeTest.PauseFailsWhenPaused/McbpSsl, where GetParam() = McbpSsl (1072 ms)
TransportProtocols/PauseResumeTest.PauseFailsWhenPaused/McbpSsl
</pre>
 ( https://cv.jenkins.couchbase.com/job/kv_engine.linux/job/master/23719/ )

https://cv.jenkins.couchbase.com/job/kv_engine-clang_tidy-master/21284/ : SUCCESS

https://cv.jenkins.couchbase.com/job/kv_engine-clang_analyzer-master/42373/ : SUCCESS

https://cv.jenkins.couchbase.com/job/kv_engine.ASan-UBSan/job/master/31735/ : SUCCESS

https://cv.jenkins.couchbase.com/job/kv_engine.libFuzzer/job/master/11020/ : SUCCESS

https://cv.jenkins.couchbase.com/job/kv_engine.macos/job/master/22737/ : SUCCESS

https://cv.jenkins.couchbase.com/job/kv_engine.linux-CE/job/master/23317/ : SUCCESS

https://cv.jenkins.couchbase.com/job/kv_engine.aarch64-linux/job/master/11116/ : SUCCESS

https://cv.jenkins.couchbase.com/job/kv_engine.threadsanitizer/job/master/24554/ : SUCCESS
----------------------------------------------------------------------------------------------------------------------
Author: Vesko Karaganev
Date: 2022-10-24 08:25:01.000000000
Message: 
Patch Set 2: Verified+1

(1 comment)
File Comment: /PATCHSET_LEVEL -> Override BuildBot: unrelated failures
----------------------------------------------------------------------------------------------------------------------
Author: Vesko Karaganev
Date: 2022-10-24 08:25:02.000000000
Message: 
Removed Verified-1 by <GERRIT_ACCOUNT_1000011>

----------------------------------------------------------------------------------------------------------------------
Author: Vesko Karaganev
Date: 2022-10-24 08:25:04.000000000
Message: 
Removed Code-Review-1 by <GERRIT_ACCOUNT_1000011>

----------------------------------------------------------------------------------------------------------------------
Author: Vesko Karaganev
Date: 2022-10-24 10:58:38.000000000
Message: 
Patch Set 2:

(1 comment)
----------------------------------------------------------------------------------------------------------------------
Author: James H
Date: 2022-10-24 12:21:26.000000000
Message: 
Patch Set 2: Code-Review+1
----------------------------------------------------------------------------------------------------------------------
Author: Ben Huddleston
Date: 2022-10-24 12:24:02.000000000
Message: 
Patch Set 2: Code-Review+2
----------------------------------------------------------------------------------------------------------------------
