======================================================================================================================
DESCRIPTION:

MB-31266: Count system events

For ephemeral vbuckets counting of system events works well
as we can track them as they are added to the hash-table.

For persistent buckets more work is needed and is tracked
as MB-26334.

Change-Id: I8ae4d37f1c4b96c4d7c1edc059ea921e17a0ad5a

======================================================================================================================
COMMENTS
======================================================================================================================
Author: Jim Walker
Date: 2019-01-08 13:05:53.000000000
Message: 
Uploaded patch set 4: Patch Set 3 was rebased.
----------------------------------------------------------------------------------------------------------------------
Author: Build Bot
Date: 2019-01-08 13:56:07.000000000
Message: 
Patch Set 4: Verified-1

Build Failed 

http://cv.jenkins.couchbase.com/job/kv_engine-linux-master/15126/ : FAILURE

Failure of a CTest test  31/190 Test  #31: ep_testsuite.value_eviction.comp_passive ..................................... ( http://cv.jenkins.couchbase.com/job/kv_engine-linux-master/15126/ )

http://cv.jenkins.couchbase.com/job/kv_engine-ASan-UBSan-master/4660/ : FAILURE

One of more core files found at the end of the build. Data for post-mortem saved to archived_core_dumps.tar.bz2 under "Build Artifacts". ( http://cv.jenkins.couchbase.com/job/kv_engine-ASan-UBSan-master/4660/ )

Failure of a CTest test  29/170 Test  #29: ep_testsuite.value_eviction.comp_passive .....................................Child aborted ( http://cv.jenkins.couchbase.com/job/kv_engine-ASan-UBSan-master/4660/ )

AddressSanitizer issue: 1329062 byte(s) leaked in 13560 allocation(s). ( http://cv.jenkins.couchbase.com/job/kv_engine-ASan-UBSan-master/4660/ )

http://cv.jenkins.couchbase.com/job/kv_engine-windows-master/15620/ : FAILURE

Failure of a CTest test  27/173 Test  #28: ep_testsuite.value_eviction.comp_active ...................................... ( http://cv.jenkins.couchbase.com/job/kv_engine-windows-master/15620/ )

http://cv.jenkins.couchbase.com/job/kv_engine-threadsanitizer-master/7046/ : FAILURE

Failure of a CTest test  27/169 Test  #28: ep_testsuite.value_eviction.comp_passive ..................................... ( http://cv.jenkins.couchbase.com/job/kv_engine-threadsanitizer-master/7046/ )

http://cv.jenkins.couchbase.com/job/kv-engine-cv-perf/7040/ : SUCCESS

http://cv.jenkins.couchbase.com/job/kv_engine-clang_format/13871/ : SUCCESS

http://cv.jenkins.couchbase.com/job/kv_engine-clang_analyzer-master/13529/ : SUCCESS
----------------------------------------------------------------------------------------------------------------------
