======================================================================================================================
DESCRIPTION:

Remove unnecessary headers (ep-engine tests)

Change-Id: I5ae52f402ab6b06dd8065d4e5bc5a27acc70ef29

======================================================================================================================
COMMENTS
======================================================================================================================
Author: Dave Rigby
Date: 2018-07-04 08:24:06.000000000
Message: 
Uploaded patch set 4: Patch Set 3 was rebased.
----------------------------------------------------------------------------------------------------------------------
Author: Build Bot
Date: 2018-07-04 10:24:02.000000000
Message: 
Patch Set 4: Verified-1

Build Failed 

http://cv.jenkins.couchbase.com/job/kv_engine-undefinedsanitizer-master/1152/ : FAILURE

One of more core files found at the end of the build. Data for post-mortem saved to archived_core_dumps.tar.bz2 under "Build Artifacts". ( http://cv.jenkins.couchbase.com/job/kv_engine-undefinedsanitizer-master/1152/ )

Failure of a CTest test 151/175 Test  #73: ep_perfsuite.value_eviction .................................................. ( http://cv.jenkins.couchbase.com/job/kv_engine-undefinedsanitizer-master/1152/ )

http://cv.jenkins.couchbase.com/job/kv_engine-clang_format/9078/ : SUCCESS

http://cv.jenkins.couchbase.com/job/kv_engine-threadsanitizer-master/1940/ : SUCCESS

http://cv.jenkins.couchbase.com/job/kv_engine-addresssanitizer-master/1847/ : SUCCESS

http://cv.jenkins.couchbase.com/job/kv_engine-linux-master/10114/ : SUCCESS

http://cv.jenkins.couchbase.com/job/kv_engine-windows-master/10205/ : SUCCESS

http://cv.jenkins.couchbase.com/job/kv_engine-clang_analyzer-master/8983/ : SUCCESS
----------------------------------------------------------------------------------------------------------------------
Author: Build Bot
Date: 2018-07-04 17:03:55.000000000
Message: 
Patch Set 4:

Build Failed 

http://cv.jenkins.couchbase.com/job/kv_engine-undefinedsanitizer-master/1180/ : FAILURE

Failure of a CTest test 125/175 Test  #73: ep_perfsuite.value_eviction .................................................. ( http://cv.jenkins.couchbase.com/job/kv_engine-undefinedsanitizer-master/1180/ )

Undefined Sanitizer: home/couchbase/jenkins/workspace/kv_engine-undefinedsanitizer-master/kv_engine/engines/ep/src/objectregistry.cc:217:41: runtime error: member call on address 0x7f55dea7b000 which does not point to an object of type "EventuallyPersistentEngine" ( http://cv.jenkins.couchbase.com/job/kv_engine-undefinedsanitizer-master/1180/ )

Timeout of a CTest test 175/175 Test #126: memcached_testapp.default.Subdoc/SubdocTestappTest ...........................} ( http://cv.jenkins.couchbase.com/job/kv_engine-undefinedsanitizer-master/1180/ )

http://cv.jenkins.couchbase.com/job/kv_engine-clang_format/9078/ : SUCCESS

http://cv.jenkins.couchbase.com/job/kv_engine-threadsanitizer-master/1940/ : SUCCESS

http://cv.jenkins.couchbase.com/job/kv_engine-addresssanitizer-master/1847/ : SUCCESS

http://cv.jenkins.couchbase.com/job/kv_engine-linux-master/10114/ : SUCCESS

http://cv.jenkins.couchbase.com/job/kv_engine-windows-master/10205/ : SUCCESS

http://cv.jenkins.couchbase.com/job/kv_engine-clang_analyzer-master/8983/ : SUCCESS
----------------------------------------------------------------------------------------------------------------------
Author: Build Bot
Date: 2018-07-04 18:36:28.000000000
Message: 
Patch Set 4:

Build Failed 

http://cv.jenkins.couchbase.com/job/kv_engine-undefinedsanitizer-master/1187/ : FAILURE

One of more core files found at the end of the build. Data for post-mortem saved to archived_core_dumps.tar.bz2 under "Build Artifacts". ( http://cv.jenkins.couchbase.com/job/kv_engine-undefinedsanitizer-master/1187/ )

Failure of a CTest test  23/175 Test  #24: ep-engine_ep_unit_tests ...................................................... ( http://cv.jenkins.couchbase.com/job/kv_engine-undefinedsanitizer-master/1187/ )

Undefined Sanitizer: home/couchbase/jenkins/workspace/kv_engine-undefinedsanitizer-master/kv_engine/engines/ep/src/dcp/backfill-manager.cc:139:62: runtime error: member call on address 0x7f8084bdb000 which does not point to an object of type "DcpConnMap" ( http://cv.jenkins.couchbase.com/job/kv_engine-undefinedsanitizer-master/1187/ )

http://cv.jenkins.couchbase.com/job/kv_engine-clang_format/9078/ : SUCCESS

http://cv.jenkins.couchbase.com/job/kv_engine-threadsanitizer-master/1940/ : SUCCESS

http://cv.jenkins.couchbase.com/job/kv_engine-addresssanitizer-master/1847/ : SUCCESS

http://cv.jenkins.couchbase.com/job/kv_engine-linux-master/10114/ : SUCCESS

http://cv.jenkins.couchbase.com/job/kv_engine-windows-master/10205/ : SUCCESS

http://cv.jenkins.couchbase.com/job/kv_engine-clang_analyzer-master/8983/ : SUCCESS
----------------------------------------------------------------------------------------------------------------------
