======================================================================================================================
DESCRIPTION:

Reduce cbstats dcp output for replication streams

Skip adding collection filter stats for the replication stream.

Change-Id: Ia3b6e12725fbd22bd9063dbf5761cd3a4b68660b

======================================================================================================================
COMMENTS
======================================================================================================================
Author: Jim Walker
Date: 2022-09-15 13:06:30.000000000
Message: 
Uploaded patch set 2.
----------------------------------------------------------------------------------------------------------------------
Author: Dave Rigby
Date: 2022-09-15 13:09:10.000000000
Message: 
Patch Set 2: Code-Review+2

(1 comment)
File Comment: /PATCHSET_LEVEL -> Thanks
----------------------------------------------------------------------------------------------------------------------
Author: Build Bot
Date: 2022-09-15 13:26:51.000000000
Message: 
Patch Set 2: Verified-1

Build Failed 

https://cv.jenkins.couchbase.com/job/kv_engine.threadsanitizer/job/master/23539/ : FAILURE

Failure of GoogleTest "MeteringTest/MeteringTest.TTL_Expiry_Compaction/UnmeteredByPrivilege":

<pre>
[ RUN      ] MeteringTest/MeteringTest.TTL_Expiry_Compaction/UnmeteredByPrivilege
[2022-09-15T13:18:43.109Z] /home/couchbase/jenkins/workspace/kv_engine.threadsanitizer_master/kv_engine/tests/testapp_serverless/metering_test.cc:3141: Failure
[2022-09-15T13:18:43.109Z] Expected equality of these values:
[2022-09-15T13:18:43.109Z]   1
[2022-09-15T13:18:43.109Z]   after["wu"].get<std::size_t>() - before["wu"].get<std::size_t>()
[2022-09-15T13:18:43.109Z]     Which is: 0
[2022-09-15T13:18:43.109Z] /home/couchbase/jenkins/workspace/kv_engine.threadsanitizer_master/kv_engine/tests/testapp_serverless/metering_test.cc:3144: Failure
[2022-09-15T13:18:43.109Z] Expected: (expiredBefore) != (expiredAfter), actual: 4 vs 4
[2022-09-15T13:18:43.109Z] [  FAILED  ] MeteringTest/MeteringTest.TTL_Expiry_Compaction/UnmeteredByPrivilege, where GetParam() = 4-byte object <01-00 00-00> (1515 ms)
MeteringTest/MeteringTest.TTL_Expiry_Compaction/UnmeteredByPrivilege
</pre>
 ( https://cv.jenkins.couchbase.com/job/kv_engine.threadsanitizer/job/master/23539/ )

https://cv.jenkins.couchbase.com/job/kv_engine.ASan-UBSan/job/master/30806/ : FAILURE

One of more core files found at the end of the build. Data for post-mortem saved to archived_core_dumps.tar.bz2 under "Build Artifacts". ( https://cv.jenkins.couchbase.com/job/kv_engine.ASan-UBSan/job/master/30806/ )

https://cv.jenkins.couchbase.com/job/kv_engine-clang_format_9/19654/ : SUCCESS

https://cv.jenkins.couchbase.com/job/kv_engine-clang_tidy-master/20432/ : SUCCESS

https://cv.jenkins.couchbase.com/job/kv_engine-windows-master/49423/ : SUCCESS

https://cv.jenkins.couchbase.com/job/kv_engine-clang_analyzer-master/41547/ : SUCCESS

https://cv.jenkins.couchbase.com/job/kv_engine.libFuzzer/job/master/10140/ : SUCCESS

https://cv.jenkins.couchbase.com/job/kv_engine.macos/job/master/21780/ : SUCCESS

https://cv.jenkins.couchbase.com/job/kv_engine.linux-CE/job/master/22407/ : SUCCESS

https://cv.jenkins.couchbase.com/job/kv_engine.linux/job/master/22773/ : SUCCESS

https://cv.jenkins.couchbase.com/job/kv_engine.aarch64-linux/job/master/10237/ : SUCCESS
----------------------------------------------------------------------------------------------------------------------
Author: Jim Walker
Date: 2022-09-15 14:04:27.000000000
Message: 
Patch Set 2: Verified+1
----------------------------------------------------------------------------------------------------------------------
Author: Jim Walker
Date: 2022-09-15 14:04:29.000000000
Message: 
Removed Verified-1 by <GERRIT_ACCOUNT_1000011>

----------------------------------------------------------------------------------------------------------------------
