======================================================================================================================
DESCRIPTION:

Refactor: Add ItemIface->setCas()

Remove the C-style interface now that we have an ItemIface class

Change-Id: If48db1196190d3797b8ec006ecfff0055938d2ca

======================================================================================================================
COMMENTS
======================================================================================================================
Author: Trond Norbye
Date: 2022-09-22 04:51:04.000000000
Message: 
Uploaded patch set 2: Patch Set 1 was rebased.
----------------------------------------------------------------------------------------------------------------------
Author: Build Bot
Date: 2022-09-22 06:11:50.000000000
Message: 
Patch Set 2: Verified-1

Build Failed 

https://cv.jenkins.couchbase.com/job/kv_engine-windows-master/49562/ : FAILURE

Failure of an engine_testapp test:

<pre>
Running [159/160]: test bucket quota reduction.....\kv_engine\engines\ep\tests\ep_testsuite.cc:8497 Test failed: `" (Expected `success", got `temporary failure" - We should be able to store an item as the BucketQuotaChangeTask should not enforce memory limits until memory usage is low enough.)
(235 ms) FAIL
</pre>
 ( https://cv.jenkins.couchbase.com/job/kv_engine-windows-master/49562/ )

Failure of GoogleTest "WarmupDiskTest.noDataFileCollectionCountsTest":

<pre>
[ RUN      ] WarmupDiskTest.noDataFileCollectionCountsTest
unknown file: error: C++ exception with description "remove: Incorrect function.: "C:\Jenkins\workspace\kv_engine-windows-master\build\kv_engine\ep_engine_ep_unit_tests.db/test.199201\0.couch.1"" thrown in the test body.
[  FAILED  ] WarmupDiskTest.noDataFileCollectionCountsTest (60 ms)
WarmupDiskTest.noDataFileCollectionCountsTest
</pre>
 ( https://cv.jenkins.couchbase.com/job/kv_engine-windows-master/49562/ )

https://cv.jenkins.couchbase.com/job/kv_engine-clang_format_9/19777/ : SUCCESS

https://cv.jenkins.couchbase.com/job/kv_engine-clang_tidy-master/20552/ : SUCCESS

https://cv.jenkins.couchbase.com/job/kv_engine-clang_analyzer-master/41658/ : SUCCESS

https://cv.jenkins.couchbase.com/job/kv_engine.libFuzzer/job/master/10260/ : SUCCESS

https://cv.jenkins.couchbase.com/job/kv_engine.aarch64-linux/job/master/10359/ : SUCCESS

https://cv.jenkins.couchbase.com/job/kv_engine.linux/job/master/22899/ : SUCCESS

https://cv.jenkins.couchbase.com/job/kv_engine.threadsanitizer/job/master/23692/ : SUCCESS

https://cv.jenkins.couchbase.com/job/kv_engine.macos/job/master/21915/ : SUCCESS

https://cv.jenkins.couchbase.com/job/kv_engine.linux-CE/job/master/22528/ : SUCCESS

https://cv.jenkins.couchbase.com/job/kv_engine.ASan-UBSan/job/master/30929/ : SUCCESS
----------------------------------------------------------------------------------------------------------------------
Author: Build Bot
Date: 2022-09-22 06:45:52.000000000
Message: 
Patch Set 2: Verified+1

Build Successful 

https://cv.jenkins.couchbase.com/job/kv_engine-clang_format_9/19777/ : SUCCESS

https://cv.jenkins.couchbase.com/job/kv_engine-clang_tidy-master/20552/ : SUCCESS

https://cv.jenkins.couchbase.com/job/kv_engine-clang_analyzer-master/41658/ : SUCCESS

https://cv.jenkins.couchbase.com/job/kv_engine.libFuzzer/job/master/10260/ : SUCCESS

https://cv.jenkins.couchbase.com/job/kv_engine.aarch64-linux/job/master/10359/ : SUCCESS

https://cv.jenkins.couchbase.com/job/kv_engine.linux/job/master/22899/ : SUCCESS

https://cv.jenkins.couchbase.com/job/kv_engine.threadsanitizer/job/master/23692/ : SUCCESS

https://cv.jenkins.couchbase.com/job/kv_engine.macos/job/master/21915/ : SUCCESS

https://cv.jenkins.couchbase.com/job/kv_engine.linux-CE/job/master/22528/ : SUCCESS

https://cv.jenkins.couchbase.com/job/kv_engine.ASan-UBSan/job/master/30929/ : SUCCESS

https://cv.jenkins.couchbase.com/job/kv_engine-windows-master/49572/ : SUCCESS
----------------------------------------------------------------------------------------------------------------------
Author: James H
Date: 2022-09-22 10:20:39.000000000
Message: 
Patch Set 2: Code-Review+2
----------------------------------------------------------------------------------------------------------------------
