======================================================================================================================
DESCRIPTION:

MB-50543: Make PassiveStream's seqnos monotonic

Ensure that the our consumer streams throw if they receive a seqno that
isn't weakly monotonic for current snapshot start and monotonic end
seqnos, and also the last received seqno. For cur_snapshot_start use the
default throw policy as this will mean we won't throw in production
builds, as it we're sent a non monotonic snapshot start seqno it's not
the end of the world. But for the snapshot end seqno and last_seqno,
could cause nasty data inconsistency issues.

This patch also fixes up test so they correctly drive passive streams by
not causing these values to be not monotonic.

Change-Id: I0702d2be100ff1601e59b8f9036c4c3d9c8005f9

======================================================================================================================
COMMENTS
======================================================================================================================
Author: Richard de Mellow
Date: 2022-04-28 10:00:37.000000000
Message: 
Uploaded patch set 10.
----------------------------------------------------------------------------------------------------------------------
Author: Richard de Mellow
Date: 2022-04-28 10:17:38.000000000
Message: 
Patch Set 10:

(4 comments)
----------------------------------------------------------------------------------------------------------------------
Author: Build Bot
Date: 2022-04-28 11:03:36.000000000
Message: 
Patch Set 10: Verified-1 Code-Review-1

Build Failed 

http://cv.jenkins.couchbase.com/job/kv_engine-clang_tidy-master/17147/ : FAILURE

clang-tidy found the following problems:

<pre>
/home/couchbase/jenkins/workspace/kv_engine-clang_tidy-master/kv_engine/engines/ep/src/dcp/passive_stream.h:277:5: warning: do not declare C-style arrays, use std::array<> instead [modernize-avoid-c-arrays]
    ATOMIC_MONOTONIC4(uint64_t, last_seqno, Labeller, ThrowExceptionPolicy);
    ^
/home/couchbase/jenkins/workspace/kv_engine-clang_tidy-master/platform/include/platform/monotonic.h:347:5: note: expanded from macro "ATOMIC_MONOTONIC4"
    BASE_MONOTONIC(AtomicMonotonic, TYPE, POLICY, LABELER, NAME)
    ^
/home/couchbase/jenkins/workspace/kv_engine-clang_tidy-master/platform/include/platform/monotonic.h:326:28: note: expanded from macro "BASE_MONOTONIC"
    constexpr static const char VARNAME##Label[] = #VARNAME; \
                           ^
/home/couchbase/jenkins/workspace/kv_engine-clang_tidy-master/kv_engine/engines/ep/src/dcp/passive_stream.h:283:5: warning: do not declare C-style arrays, use std::array<> instead [modernize-avoid-c-arrays]
    ATOMIC_WEAKLY_MONOTONIC3(uint64_t, cur_snapshot_start, Labeller);
    ^
/home/couchbase/jenkins/workspace/kv_engine-clang_tidy-master/platform/include/platform/monotonic.h:352:5: note: expanded from macro "ATOMIC_WEAKLY_MONOTONIC3"
    ATOMIC_WEAKLY_MONOTONIC4(TYPE, NAME, LABELER, DefaultOrderReversedPolicy)
    ^
/home/couchbase/jenkins/workspace/kv_engine-clang_tidy-master/platform/include/platform/monotonic.h:354:5: note: expanded from macro "ATOMIC_WEAKLY_MONOTONIC4"
    BASE_MONOTONIC(AtomicWeaklyMonotonic, TYPE, POLICY, LABELER, NAME)
    ^
/home/couchbase/jenkins/workspace/kv_engine-clang_tidy-master/platform/include/platform/monotonic.h:326:28: note: expanded from macro "BASE_MONOTONIC"
    constexpr static const char VARNAME##Label[] = #VARNAME; \
                           ^
/home/couchbase/jenkins/workspace/kv_engine-clang_tidy-master/kv_engine/engines/ep/src/dcp/passive_stream.h:284:5: warning: do not declare C-style arrays, use std::array<> instead [modernize-avoid-c-arrays]
    ATOMIC_MONOTONIC4(uint64_t,
    ^
/home/couchbase/jenkins/workspace/kv_engine-clang_tidy-master/platform/include/platform/monotonic.h:347:5: note: expanded from macro "ATOMIC_MONOTONIC4"
    BASE_MONOTONIC(AtomicMonotonic, TYPE, POLICY, LABELER, NAME)
    ^
/home/couchbase/jenkins/workspace/kv_engine-clang_tidy-master/platform/include/platform/monotonic.h:326:28: note: expanded from macro "BASE_MONOTONIC"
    constexpr static const char VARNAME##Label[] = #VARNAME; \
                           ^

</pre> ( http://cv.jenkins.couchbase.com/job/kv_engine-clang_tidy-master/17147/ )

http://cv.jenkins.couchbase.com/job/kv_engine-windows-master/45784/ : FAILURE

Failure of an engine_testapp test:

<pre>
Running [57/160]: startup token stat...(39 ms) OK


99% tests passed, 1 tests failed out of 427

Total Test time (real) = 682.38 sec

The following tests FAIL
</pre>
 ( http://cv.jenkins.couchbase.com/job/kv_engine-windows-master/45784/ )

Timeout of a CTest test 427/427 Test #279: ep_testsuite.ephemeral.comp_active ......................................................................} ( http://cv.jenkins.couchbase.com/job/kv_engine-windows-master/45784/ )

http://cv.jenkins.couchbase.com/job/kv_engine.linux/job/master/19256/ : FAILURE

Failure of GoogleTest "EphemeralOrPersistent/STItemPagerTest.ReplicaEvictedBeforeActive/persistent_couchstore_full_eviction":

<pre>
[ RUN      ] EphemeralOrPersistent/STItemPagerTest.ReplicaEvictedBeforeActive/persistent_couchstore_full_eviction
[2022-04-28T10:39:55.290Z] ../kv_engine/engines/ep/tests/module_tests/item_pager_test.cc:1225: Failure
[2022-04-28T10:39:55.290Z] Expected equality of these values:
[2022-04-28T10:39:55.290Z]   100
[2022-04-28T10:39:55.290Z]   getRRPercent(*store->getVBucket(vbid))
[2022-04-28T10:39:55.290Z]     Which is: 96
[2022-04-28T10:39:55.290Z] vb:0 not fully resident after eviction
[2022-04-28T10:39:55.290Z] ../kv_engine/engines/ep/tests/module_tests/item_pager_test.cc:1225: Failure
[2022-04-28T10:39:55.290Z] Expected equality of these values:
[2022-04-28T10:39:55.290Z]   100
[2022-04-28T10:39:55.290Z]   getRRPercent(*store->getVBucket(vbid))
[2022-04-28T10:39:55.290Z]     Which is: 97
[2022-04-28T10:39:55.290Z] vb:1 not fully resident after eviction
[2022-04-28T10:39:55.290Z] [  FAILED  ] EphemeralOrPersistent/STItemPagerTest.ReplicaEvictedBeforeActive/persistent_couchstore_full_eviction, where GetParam() = "bucket_type=persistent:backend=couchstore:item_eviction_policy=full_eviction" (601 ms)
EphemeralOrPersistent/STItemPagerTest.ReplicaEvictedBeforeActive/persistent_couchstore_full_eviction
</pre>
 ( http://cv.jenkins.couchbase.com/job/kv_engine.linux/job/master/19256/ )

http://cv.jenkins.couchbase.com/job/kv_engine.macos/job/master/18055/ : FAILURE

No problems were identified. If you know why this problem occurred, please add a suitable Cause for it. ( http://cv.jenkins.couchbase.com/job/kv_engine.macos/job/master/18055/ )

http://cv.jenkins.couchbase.com/job/kv_engine.linux-CE/job/master/18914/ : FAILURE

No problems were identified. If you know why this problem occurred, please add a suitable Cause for it. ( http://cv.jenkins.couchbase.com/job/kv_engine.linux-CE/job/master/18914/ )

http://cv.jenkins.couchbase.com/job/kv_engine-clang_analyzer-master/38456/ : SUCCESS

http://cv.jenkins.couchbase.com/job/kv_engine-clang_format_9/16113/ : SUCCESS

http://cv.jenkins.couchbase.com/job/kv_engine.aarch64-linux/job/master/6872/ : SUCCESS

http://cv.jenkins.couchbase.com/job/kv_engine.libFuzzer/job/master/6780/ : SUCCESS

http://cv.jenkins.couchbase.com/job/kv_engine.threadsanitizer/job/master/19951/ : SUCCESS

http://cv.jenkins.couchbase.com/job/kv_engine.ASan-UBSan/job/master/27325/ : SUCCESS
----------------------------------------------------------------------------------------------------------------------
