======================================================================================================================
DESCRIPTION:

MB-37739: Use MagmaDBStats in implicit compaction

Change-Id: I80d4474486f4f5cc8faadb0310c5301408e9783b

======================================================================================================================
COMMENTS
======================================================================================================================
Author: Ben Huddleston
Date: 2020-04-22 09:05:23.000000000
Message: 
Uploaded patch set 3.
----------------------------------------------------------------------------------------------------------------------
Author: Build Bot
Date: 2020-04-22 10:44:21.000000000
Message: 
Patch Set 3: Verified-1

Build Failed 

http://cv.jenkins.couchbase.com/job/kv_engine-windows-master/27708/ : FAILURE

Failure of a CTest test 176/384 Test #183: ep-engine_ep_unit_tests.FullOrValue/MB_34718_WarmupTest ....................................................................... ( http://cv.jenkins.couchbase.com/job/kv_engine-windows-master/27708/ )

Failure of a GoogleTest test:

FullOrValue/MB_34718_WarmupTest.getTest/persistentMagma_value_only, where GetParam() = ("persistentMagma", "value_only") (390 ms) ( http://cv.jenkins.couchbase.com/job/kv_engine-windows-master/27708/ )

http://cv.jenkins.couchbase.com/job/kv_engine.ASan-UBSan/job/master/11153/ : FAILURE

http://cv.jenkins.couchbase.com/job/kv_engine.macos/job/master/2349/ : FAILURE

Failure of a CTest test [2020-04-22T09:16:00.256Z] 182/398 Test #184: ep-engine_ep_unit_tests.FullOrValue/MB_34718_WarmupTest ..................................................... ( http://cv.jenkins.couchbase.com/job/kv_engine.macos/job/master/2349/ )

http://cv.jenkins.couchbase.com/job/kv_engine.linux/job/master/3300/ : FAILURE

Failure of a CTest test [2020-04-22T09:32:30.755Z] 192/401 Test #187: ep-engine_ep_unit_tests.FullOrValue/MB_34718_WarmupTest ..................................................... ( http://cv.jenkins.couchbase.com/job/kv_engine.linux/job/master/3300/ )

http://cv.jenkins.couchbase.com/job/kv_engine.threadsanitizer/job/master/3363/ : FAILURE

Failure of a CTest test [2020-04-22T09:23:42.802Z] 176/379 Test #183: ep-engine_ep_unit_tests.FullOrValue/MB_34718_WarmupTest ..................................................... ( http://cv.jenkins.couchbase.com/job/kv_engine.threadsanitizer/job/master/3363/ )

http://cv.jenkins.couchbase.com/job/kv_engine-clang_tidy/1865/ : SUCCESS

http://cv.jenkins.couchbase.com/job/kv_engine-clang_format_9/384/ : SUCCESS

http://cv.jenkins.couchbase.com/job/kv_engine-clang_analyzer-master/23693/ : SUCCESS

http://cv.jenkins.couchbase.com/job/kv_engine.linux-CE/job/master/3283/ : SUCCESS
----------------------------------------------------------------------------------------------------------------------
