======================================================================================================================
DESCRIPTION:

Fix typo in Request::isQuiet()

And use the same branch for all server commands

Change-Id: I19c663e6af6d82bd8f7e8be435a190b196fe9cb8

======================================================================================================================
COMMENTS
======================================================================================================================
Author: Trond Norbye
Date: 2020-01-03 16:20:09.000000000
Message: 
Uploaded patch set 1.
----------------------------------------------------------------------------------------------------------------------
Author: Build Bot
Date: 2020-01-03 19:04:58.000000000
Message: 
Patch Set 1: Verified-1

Build Failed 

http://cv.jenkins.couchbase.com/job/kv_engine-windows-master/25242/ : FAILURE

Failure of a GoogleTest test:

Transport/McdTestappTest.ExceedMaxPacketSize/Mcbp_JsonYes, where GetParam() = (Mcbp, 4-byte object <00-00 00-00>) (67 ms) ( http://cv.jenkins.couchbase.com/job/kv_engine-windows-master/25242/ )

Failure of a CTest test 155/191 Test #132: memcached_testapp.default.Transport/McdTestappTest ........................... ( http://cv.jenkins.couchbase.com/job/kv_engine-windows-master/25242/ )

http://cv.jenkins.couchbase.com/job/kv_engine.threadsanitizer/job/master/951/ : FAILURE

Failure of a CTest test [2020-01-03T17:30:30.646Z]  44/188 Test  #43: ep_testsuite_dcp.ephemeral.comp_passive ...................................... ( http://cv.jenkins.couchbase.com/job/kv_engine.threadsanitizer/job/master/951/ )

http://cv.jenkins.couchbase.com/job/kv_engine.macos/job/master/62/ : FAILURE

Failure of a CTest test [2020-01-03T16:34:35.265Z] 164/208 Test #148: memcached_testapp.default.Transport/McdTestappTest ........................... ( http://cv.jenkins.couchbase.com/job/kv_engine.macos/job/master/62/ )

http://cv.jenkins.couchbase.com/job/kv_engine.ASan-UBSan/job/master/8763/ : FAILURE

AddressSanitizer issue: 2586 byte(s) leaked in 17 allocation(s). ( http://cv.jenkins.couchbase.com/job/kv_engine.ASan-UBSan/job/master/8763/ )

Failure of a CTest test [2020-01-03T17:13:43.143Z]  43/192 Test  #43: ep_testsuite_dcp.value_eviction.comp_passive .................................Child aborted ( http://cv.jenkins.couchbase.com/job/kv_engine.ASan-UBSan/job/master/8763/ )

http://cv.jenkins.couchbase.com/job/kv_engine-clang_analyzer-master/21515/ : SUCCESS

http://cv.jenkins.couchbase.com/job/kv-engine-cv-perf/14716/ : SUCCESS

http://cv.jenkins.couchbase.com/job/kv_engine-clang_format/23411/ : SUCCESS

http://cv.jenkins.couchbase.com/job/kv_engine.linux/job/master/882/ : SUCCESS

http://cv.jenkins.couchbase.com/job/kv_engine.linux-CE/job/master/860/ : SUCCESS
----------------------------------------------------------------------------------------------------------------------
Author: Trond Norbye
Date: 2020-01-07 09:37:42.000000000
Message: 
Abandoned
----------------------------------------------------------------------------------------------------------------------
