======================================================================================================================
DESCRIPTION:

Utilize folly::AsyncServerSocket

Folly contains code which allows us to remove our code
to accept client connections.

Later on we'll change the code to utilize folly's ability
to dispatch the clients to the various threads.

Change-Id: I7efc7020b52561f1f7f8d0af1e6743ef3fd2d9c9

======================================================================================================================
COMMENTS
======================================================================================================================
Author: Trond Norbye
Date: 2022-03-11 07:53:51.000000000
Message: 
Uploaded patch set 22.
----------------------------------------------------------------------------------------------------------------------
Author: Trond Norbye
Date: 2022-03-11 07:54:58.000000000
Message: 
Patch Set 22:

(1 comment)
----------------------------------------------------------------------------------------------------------------------
Author: Build Bot
Date: 2022-03-11 08:15:39.000000000
Message: 
Patch Set 22: Verified-1

Build Failed 

http://cv.jenkins.couchbase.com/job/kv_engine.threadsanitizer/job/master/18777/ : ABORTED

http://cv.jenkins.couchbase.com/job/kv_engine-windows-master/44415/ : FAILURE

Failure of GoogleTest "TransportProtocols/InterfacesTest.MB46863_NsServerWithoutSupportForIfconfig_AddressInUse/Mcbp":

<pre>
[ RUN      ] TransportProtocols/InterfacesTest.MB46863_NsServerWithoutSupportForIfconfig_AddressInUse/Mcbp
C:/Jenkins/workspace/kv_engine-windows-master/kv_engine/tests/testapp/testapp_interfaces.cc(400): error: Expected: (std::string::npos) != (rsp.getDataString().find( "An attempt was made to access a socket in a way " "forbidden by its access permissions")), actual: 18446744073709551615 vs 18446744073709551615
{"details":{"errors":["failed to bind to async server socket: 0.0.0.0:57650: Only one usage of each socket address (protocol/network address/port) is normally permitted."],"spec":{"family":"inet","host":"*","port":57650,"system":false,"tag":"","tls":false,"type":"mcbp"}},"error":{"context":"Failed to create interface: Internal error","ref":"d3e966e2-978a-43d9-b1ed-3ae3a7fa7901"}}
[  FAILED  ] TransportProtocols/InterfacesTest.MB46863_NsServerWithoutSupportForIfconfig_AddressInUse/Mcbp, where GetParam() = Mcbp (217 ms)
TransportProtocols/InterfacesTest.MB46863_NsServerWithoutSupportForIfconfig_AddressInUse/Mcbp
</pre>
 ( http://cv.jenkins.couchbase.com/job/kv_engine-windows-master/44415/ )

http://cv.jenkins.couchbase.com/job/kv_engine.linux-CE/job/master/17745/ : FAILURE

Failure of GoogleTest "CleanOrUnclean/PersistToTest.PersistedAfterShutdown/Clean":

<pre>
[ RUN      ] CleanOrUnclean/PersistToTest.PersistedAfterShutdown/Clean
[2022-03-11T08:01:17.527Z] unknown file: Failure
[2022-03-11T08:01:17.527Z] C++ exception with description "TestappTest::storeAndPersistItem: connection must have Mutation Seqno enabled" thrown in the test body.
[2022-03-11T08:01:17.527Z] [  FAILED  ] CleanOrUnclean/PersistToTest.PersistedAfterShutdown/Clean, where GetParam() = Clean (299 ms)
CleanOrUnclean/PersistToTest.PersistedAfterShutdown/Clean
</pre>
 ( http://cv.jenkins.couchbase.com/job/kv_engine.linux-CE/job/master/17745/ )

One of more core files found at the end of the build. Data for post-mortem saved to archived_core_dumps.tar.bz2 under "Build Artifacts". ( http://cv.jenkins.couchbase.com/job/kv_engine.linux-CE/job/master/17745/ )

Test exceeded the timeout:
[2022-03-11T08:01:47.664Z] /usr/bin/timeout: the monitored command dumped core ( http://cv.jenkins.couchbase.com/job/kv_engine.linux-CE/job/master/17745/ )

http://cv.jenkins.couchbase.com/job/kv_engine.macos/job/master/16815/ : FAILURE

Failure of GoogleTest "CleanOrUnclean/PersistToTest.PersistedAfterShutdown/Clean":

<pre>
[ RUN      ] CleanOrUnclean/PersistToTest.PersistedAfterShutdown/Clean
[2022-03-11T08:07:20.378Z] unknown file: Failure
[2022-03-11T08:07:20.378Z] C++ exception with description "TestappTest::storeAndPersistItem: connection must have Mutation Seqno enabled" thrown in the test body.
[2022-03-11T08:07:20.378Z] [  FAILED  ] CleanOrUnclean/PersistToTest.PersistedAfterShutdown/Clean, where GetParam() = Clean (259 ms)
CleanOrUnclean/PersistToTest.PersistedAfterShutdown/Clean
</pre>
 ( http://cv.jenkins.couchbase.com/job/kv_engine.macos/job/master/16815/ )

http://cv.jenkins.couchbase.com/job/kv_engine.ASan-UBSan/job/master/26152/ : FAILURE

Failure of GoogleTest "CleanOrUnclean/PersistToTest.PersistedAfterShutdown/Clean":

<pre>
[ RUN      ] CleanOrUnclean/PersistToTest.PersistedAfterShutdown/Clean
[2022-03-11T08:04:46.177Z] unknown file: Failure
[2022-03-11T08:04:46.177Z] C++ exception with description "TestappTest::storeAndPersistItem: connection must have Mutation Seqno enabled" thrown in the test body.
[2022-03-11T08:04:46.177Z] [  FAILED  ] CleanOrUnclean/PersistToTest.PersistedAfterShutdown/Clean, where GetParam() = Clean (553 ms)
CleanOrUnclean/PersistToTest.PersistedAfterShutdown/Clean
</pre>
 ( http://cv.jenkins.couchbase.com/job/kv_engine.ASan-UBSan/job/master/26152/ )

One of more core files found at the end of the build. Data for post-mortem saved to archived_core_dumps.tar.bz2 under "Build Artifacts". ( http://cv.jenkins.couchbase.com/job/kv_engine.ASan-UBSan/job/master/26152/ )

Test exceeded the timeout:
[2022-03-11T08:05:12.770Z] /usr/bin/timeout: the monitored command dumped core ( http://cv.jenkins.couchbase.com/job/kv_engine.ASan-UBSan/job/master/26152/ )

http://cv.jenkins.couchbase.com/job/kv_engine.aarch64-linux/job/master/5692/ : FAILURE

Failure of GoogleTest "TransportProtocols/InterfacesTest.MB_47707_LocalhostWhitelisted/Mcbp":

<pre>
[ RUN      ] TransportProtocols/InterfacesTest.MB_47707_LocalhostWhitelisted/Mcbp
[2022-03-11T08:09:52.612Z] unknown file: Failure
[2022-03-11T08:09:52.612Z] C++ exception with description "MemcachedConnection::recvFrame(): Timed out after waiting 2000ms for a response for CONFIG_RELOAD" thrown in the test body.
[2022-03-11T08:09:52.612Z] [  FAILED  ] TransportProtocols/InterfacesTest.MB_47707_LocalhostWhitelisted/Mcbp, where GetParam() = Mcbp (2009 ms)
TransportProtocols/InterfacesTest.MB_47707_LocalhostWhitelisted/Mcbp
</pre>
 ( http://cv.jenkins.couchbase.com/job/kv_engine.aarch64-linux/job/master/5692/ )

Test exceeded the timeout:
[2022-03-11T08:09:52.612Z] /usr/bin/timeout: the monitored command dumped core ( http://cv.jenkins.couchbase.com/job/kv_engine.aarch64-linux/job/master/5692/ )

http://cv.jenkins.couchbase.com/job/kv_engine.linux/job/master/18072/ : FAILURE

Failure of GoogleTest "CleanOrUnclean/PersistToTest.PersistedAfterShutdown/Clean":

<pre>
[ RUN      ] CleanOrUnclean/PersistToTest.PersistedAfterShutdown/Clean
[2022-03-11T08:02:50.819Z] unknown file: Failure
[2022-03-11T08:02:50.819Z] C++ exception with description "TestappTest::storeAndPersistItem: connection must have Mutation Seqno enabled" thrown in the test body.
[2022-03-11T08:02:50.819Z] [  FAILED  ] CleanOrUnclean/PersistToTest.PersistedAfterShutdown/Clean, where GetParam() = Clean (392 ms)
CleanOrUnclean/PersistToTest.PersistedAfterShutdown/Clean
</pre>
 ( http://cv.jenkins.couchbase.com/job/kv_engine.linux/job/master/18072/ )

One of more core files found at the end of the build. Data for post-mortem saved to archived_core_dumps.tar.bz2 under "Build Artifacts". ( http://cv.jenkins.couchbase.com/job/kv_engine.linux/job/master/18072/ )

Test exceeded the timeout:
[2022-03-11T08:03:23.197Z] /usr/bin/timeout: the monitored command dumped core ( http://cv.jenkins.couchbase.com/job/kv_engine.linux/job/master/18072/ )

http://cv.jenkins.couchbase.com/job/kv_engine-clang_tidy-master/15978/ : SUCCESS

http://cv.jenkins.couchbase.com/job/kv_engine-clang_analyzer-master/37393/ : SUCCESS

http://cv.jenkins.couchbase.com/job/kv_engine-clang_format_9/14888/ : SUCCESS

http://cv.jenkins.couchbase.com/job/kv_engine.libFuzzer/job/master/5633/ : SUCCESS
----------------------------------------------------------------------------------------------------------------------
