======================================================================================================================
DESCRIPTION:

MB-51606: Fixup ADM state on transition to PDM

We must fixup the ADM state before creating a PDM because the PDM
wants to only look at the trackedWrites of the ADM, IIRC because
of some lock order inversion issue. There exists an issue with the
recent change to allow notification of persistence to dead vBuckets
though. Recall that an active becoming a replica does so via the dead
state. If we notify persistence and that causes a write that has
already been acked to be moved from trackedWrites to the resolvedQueue
then we do not currently move that write back to trackedWrites for
the PDM construction if it happens while the vBucket is in the dead
state.

Add the required fixup call to the point at which we decide that we
have an ADM and need a PDM.

Change-Id: I196dcb0e61dbc83a225566207807e2105c495ed3

======================================================================================================================
COMMENTS
======================================================================================================================
Author: Ben Huddleston
Date: 2022-05-13 14:55:53.000000000
Message: 
Uploaded patch set 3.
----------------------------------------------------------------------------------------------------------------------
Author: Restriction Checker
Date: 2022-05-13 14:56:03.000000000
Message: 
Patch Set 3: Well-Formed+1

Permission granted to commit: 

http://server.jenkins.couchbase.com/job/restricted-branch-check/298603/artifact/restricted.html : SUCCESS
----------------------------------------------------------------------------------------------------------------------
Author: James H
Date: 2022-05-13 15:14:37.000000000
Message: 
Patch Set 3: Code-Review+1

(1 comment)
Line:13, /COMMIT_MSG -> might be nice to note the MB/patch

----------------------------------------------------------------------------------------------------------------------
Author: Build Bot
Date: 2022-05-13 15:28:06.000000000
Message: 
Patch Set 3: Verified-1

Build Failed 

http://cv.jenkins.couchbase.com/job/kv_engine-windows-neo/266/ : FAILURE

Failure of GoogleTest "Nexus/NexusKVStoreTest.MagmaImplicitCompactionPurgesPrepareCompaction/persistent_nexus_couchstore_magma_full_eviction":

<pre>
[ RUN      ] Nexus/NexusKVStoreTest.MagmaImplicitCompactionPurgesPrepareCompaction/persistent_nexus_couchstore_magma_full_eviction
..\kv_engine\engines\ep\tests\module_tests\nexus_kvstore_test.cc(321): error: Expected: (skippedChecksBefore) != (std::stoull(std::string(value))), actual: 26 vs 26
[  FAILED  ] Nexus/NexusKVStoreTest.MagmaImplicitCompactionPurgesPrepareCompaction/persistent_nexus_couchstore_magma_full_eviction, where GetParam() = "bucket_type=persistent:backend=nexus:nexus_primary_backend=couchstore:nexus_secondary_backend=magma:item_eviction_policy=full_eviction" (1060 ms)
Nexus/NexusKVStoreTest.MagmaImplicitCompactionPurgesPrepareCompaction/persistent_nexus_couchstore_magma_full_eviction
</pre>
 ( http://cv.jenkins.couchbase.com/job/kv_engine-windows-neo/266/ )

http://cv.jenkins.couchbase.com/job/kv_engine.macos/job/neo/262/ : FAILURE

No problems were identified. If you know why this problem occurred, please add a suitable Cause for it. ( http://cv.jenkins.couchbase.com/job/kv_engine.macos/job/neo/262/ )

http://cv.jenkins.couchbase.com/job/kv_engine-clang_tidy-neo/190/ : SUCCESS

http://cv.jenkins.couchbase.com/job/kv_engine-clang_format_9/16508/ : SUCCESS

http://cv.jenkins.couchbase.com/job/kv_engine-clang_analyzer-neo/187/ : SUCCESS

http://cv.jenkins.couchbase.com/job/kv_engine.ASan-UBSan/job/neo/194/ : SUCCESS

http://cv.jenkins.couchbase.com/job/kv_engine.aarch64-linux/job/neo/183/ : SUCCESS

http://cv.jenkins.couchbase.com/job/kv_engine.libFuzzer/job/neo/189/ : SUCCESS

http://cv.jenkins.couchbase.com/job/kv_engine.threadsanitizer/job/neo/193/ : SUCCESS

http://cv.jenkins.couchbase.com/job/kv_engine.linux/job/neo/197/ : SUCCESS

http://cv.jenkins.couchbase.com/job/kv_engine.linux-CE/job/neo/202/ : SUCCESS
----------------------------------------------------------------------------------------------------------------------
Author: Build Bot
Date: 2022-05-13 16:21:59.000000000
Message: 
Patch Set 3: Verified-1

Build Failed 

http://cv.jenkins.couchbase.com/job/kv_engine.macos/job/neo/263/ : FAILURE

Failure of an engine_testapp test:

<pre>
Running [42/159]: file stats post warmup...../kv_engine/engines/ep/tests/ep_testsuite.cc:2327 Test failed: `" (Expected `287539" to be less than or equal to `278528" - Unexpected fileSize for vbucket)
[2022-05-13T16:12:01.202Z] (225 ms) FAIL
</pre>
 ( http://cv.jenkins.couchbase.com/job/kv_engine.macos/job/neo/263/ )

http://cv.jenkins.couchbase.com/job/kv_engine-windows-neo/268/ : FAILURE

Failure of an engine_testapp test:

<pre>
Running [27/159]: PiTR conf...(110 ms) OK


99% tests passed, 1 tests failed out of 423

Total Test time (real) = 688.58 sec

The following tests FAIL
</pre>
 ( http://cv.jenkins.couchbase.com/job/kv_engine-windows-neo/268/ )

Timeout of a CTest test 423/423 Test #274: ep_testsuite.full_eviction.comp_passive .......................................................................................} ( http://cv.jenkins.couchbase.com/job/kv_engine-windows-neo/268/ )

http://cv.jenkins.couchbase.com/job/kv_engine-clang_tidy-neo/190/ : SUCCESS

http://cv.jenkins.couchbase.com/job/kv_engine-clang_format_9/16508/ : SUCCESS

http://cv.jenkins.couchbase.com/job/kv_engine-clang_analyzer-neo/187/ : SUCCESS

http://cv.jenkins.couchbase.com/job/kv_engine.ASan-UBSan/job/neo/194/ : SUCCESS

http://cv.jenkins.couchbase.com/job/kv_engine.aarch64-linux/job/neo/183/ : SUCCESS

http://cv.jenkins.couchbase.com/job/kv_engine.libFuzzer/job/neo/189/ : SUCCESS

http://cv.jenkins.couchbase.com/job/kv_engine.threadsanitizer/job/neo/193/ : SUCCESS

http://cv.jenkins.couchbase.com/job/kv_engine.linux/job/neo/197/ : SUCCESS

http://cv.jenkins.couchbase.com/job/kv_engine.linux-CE/job/neo/202/ : SUCCESS
----------------------------------------------------------------------------------------------------------------------
Author: Build Bot
Date: 2022-05-13 17:10:29.000000000
Message: 
Patch Set 3: Verified-1

Build Failed 

http://cv.jenkins.couchbase.com/job/kv_engine.macos/job/neo/264/ : FAILURE

No problems were identified. If you know why this problem occurred, please add a suitable Cause for it. ( http://cv.jenkins.couchbase.com/job/kv_engine.macos/job/neo/264/ )

http://cv.jenkins.couchbase.com/job/kv_engine-clang_tidy-neo/190/ : SUCCESS

http://cv.jenkins.couchbase.com/job/kv_engine-clang_format_9/16508/ : SUCCESS

http://cv.jenkins.couchbase.com/job/kv_engine-clang_analyzer-neo/187/ : SUCCESS

http://cv.jenkins.couchbase.com/job/kv_engine.ASan-UBSan/job/neo/194/ : SUCCESS

http://cv.jenkins.couchbase.com/job/kv_engine.aarch64-linux/job/neo/183/ : SUCCESS

http://cv.jenkins.couchbase.com/job/kv_engine.libFuzzer/job/neo/189/ : SUCCESS

http://cv.jenkins.couchbase.com/job/kv_engine.threadsanitizer/job/neo/193/ : SUCCESS

http://cv.jenkins.couchbase.com/job/kv_engine.linux/job/neo/197/ : SUCCESS

http://cv.jenkins.couchbase.com/job/kv_engine.linux-CE/job/neo/202/ : SUCCESS

http://cv.jenkins.couchbase.com/job/kv_engine-windows-neo/269/ : SUCCESS
----------------------------------------------------------------------------------------------------------------------
Author: Build Bot
Date: 2022-05-17 14:41:35.000000000
Message: 
Patch Set 3: Verified-1

Build Failed 

http://cv.jenkins.couchbase.com/job/kv_engine.macos/job/neo/265/ : FAILURE

Failure of an engine_testapp test:

<pre>
Running [42/159]: file stats post warmup...../kv_engine/engines/ep/tests/ep_testsuite.cc:2327 Test failed: `" (Expected `383386" to be less than or equal to `360448" - Unexpected fileSize for vbucket)
[2022-05-17T14:31:42.020Z] (234 ms) FAIL
</pre>
 ( http://cv.jenkins.couchbase.com/job/kv_engine.macos/job/neo/265/ )

http://cv.jenkins.couchbase.com/job/kv_engine-clang_tidy-neo/190/ : SUCCESS

http://cv.jenkins.couchbase.com/job/kv_engine-clang_format_9/16508/ : SUCCESS

http://cv.jenkins.couchbase.com/job/kv_engine-clang_analyzer-neo/187/ : SUCCESS

http://cv.jenkins.couchbase.com/job/kv_engine.ASan-UBSan/job/neo/194/ : SUCCESS

http://cv.jenkins.couchbase.com/job/kv_engine.aarch64-linux/job/neo/183/ : SUCCESS

http://cv.jenkins.couchbase.com/job/kv_engine.libFuzzer/job/neo/189/ : SUCCESS

http://cv.jenkins.couchbase.com/job/kv_engine.threadsanitizer/job/neo/193/ : SUCCESS

http://cv.jenkins.couchbase.com/job/kv_engine.linux/job/neo/197/ : SUCCESS

http://cv.jenkins.couchbase.com/job/kv_engine.linux-CE/job/neo/202/ : SUCCESS

http://cv.jenkins.couchbase.com/job/kv_engine-windows-neo/269/ : SUCCESS
----------------------------------------------------------------------------------------------------------------------
Author: Ben Huddleston
Date: 2022-05-13 15:18:39.000000000
MISMATCHED INLINE COMMENT
Line:13, /COMMIT_MSG -> Done
----------------------------------------------------------------------------------------------------------------------
