======================================================================================================================
DESCRIPTION:

Test

Change-Id: If3aab7e5cde9eb64e90322d343f92616906f8b5d

======================================================================================================================
COMMENTS
======================================================================================================================
Author: Paolo Cocchi
Date: 2021-05-04 12:53:43.000000000
Message: 
Uploaded patch set 1.
----------------------------------------------------------------------------------------------------------------------
Author: Build Bot
Date: 2021-05-04 13:24:30.000000000
Message: 
Patch Set 1: Verified-1

Build Failed 

http://cv.jenkins.couchbase.com/job/kv_engine-windows-master/35496/ : FAILURE

Failure of GoogleTest "CollectionsFilteredDcpTest.filtering":

<pre>
[ RUN      ] CollectionsFilteredDcpTest.filtering
[       OK ] CollectionsFilteredDcpTest.filtering (38 ms)
[ RUN      ] CollectionsFilteredDcpTest.filtering_scope
unknown file: error: C++ exception with description "Filter::Filter failed status:unknown scope: unknown scope" thrown in the test body.
[  FAILED  ] CollectionsFilteredDcpTest.filtering_scope (9 ms)
CollectionsFilteredDcpTest.filtering
</pre>
 ( http://cv.jenkins.couchbase.com/job/kv_engine-windows-master/35496/ )

Timeout of a CTest test 407/407 Test #164: ep-engine_ep_unit_tests.AllBucketTypes/SingleThreadedActiveStreamTest .........................................................} ( http://cv.jenkins.couchbase.com/job/kv_engine-windows-master/35496/ )

http://cv.jenkins.couchbase.com/job/kv_engine.linux-CE/job/master/10225/ : FAILURE

No problems were identified. If you know why this problem occurred, please add a suitable Cause for it. ( http://cv.jenkins.couchbase.com/job/kv_engine.linux-CE/job/master/10225/ )

http://cv.jenkins.couchbase.com/job/kv_engine.linux/job/master/10368/ : FAILURE

Failure of GoogleTest "CollectionsDcpEphemeralOrPersistent/CollectionsDcpParameterizedTest.stream_closes_scope/ephemeral_auto_delete":

<pre>
[ RUN      ] CollectionsDcpEphemeralOrPersistent/CollectionsDcpParameterizedTest.stream_closes_scope/ephemeral_auto_delete
[2021-05-04T13:02:35.209Z] unknown file: Failure
[2021-05-04T13:02:35.209Z] C++ exception with description "Filter::Filter failed status:unknown scope: unknown scope" thrown in the test body.
[2021-05-04T13:02:35.209Z] [  FAILED  ] CollectionsDcpEphemeralOrPersistent/CollectionsDcpParameterizedTest.stream_closes_scope/ephemeral_auto_delete, where GetParam() = ("ephemeral", "auto_delete") (35 ms)
CollectionsDcpEphemeralOrPersistent/CollectionsDcpParameterizedTest.stream_closes_scope/ephemeral_auto_delete
</pre>
 ( http://cv.jenkins.couchbase.com/job/kv_engine.linux/job/master/10368/ )

http://cv.jenkins.couchbase.com/job/kv_engine.threadsanitizer/job/master/10619/ : FAILURE

Failure of GoogleTest "CollectionsDcpEphemeralOrPersistent/CollectionsDcpParameterizedTest.stream_closes_scope/ephemeral_auto_delete":

<pre>
[ RUN      ] CollectionsDcpEphemeralOrPersistent/CollectionsDcpParameterizedTest.stream_closes_scope/ephemeral_auto_delete
[2021-05-04T13:05:52.671Z] unknown file: Failure
[2021-05-04T13:05:52.671Z] C++ exception with description "Filter::Filter failed status:unknown scope: unknown scope" thrown in the test body.
[2021-05-04T13:05:52.671Z] [  FAILED  ] CollectionsDcpEphemeralOrPersistent/CollectionsDcpParameterizedTest.stream_closes_scope/ephemeral_auto_delete, where GetParam() = ("ephemeral", "auto_delete") (101 ms)
CollectionsDcpEphemeralOrPersistent/CollectionsDcpParameterizedTest.stream_closes_scope/ephemeral_auto_delete
</pre>
 ( http://cv.jenkins.couchbase.com/job/kv_engine.threadsanitizer/job/master/10619/ )

Timeout of a CTest test [2021-05-04T13:11:02.436Z] 402/402 Test #164: ep-engine_ep_unit_tests.AllBucketTypes/SingleThreadedActiveStreamTest .......................................} ( http://cv.jenkins.couchbase.com/job/kv_engine.threadsanitizer/job/master/10619/ )

http://cv.jenkins.couchbase.com/job/kv_engine.macos/job/master/9300/ : FAILURE

Failure of an engine_testapp test:

<pre>
Running [0016/0096]: test dcp replica stream one collection...Uncaught std::exception. what():ThrowExceptionUnderflowPolicy current:497 arg:521
[2021-05-04T13:05:12.521Z] (26077 ms) DIED
</pre>
 ( http://cv.jenkins.couchbase.com/job/kv_engine.macos/job/master/9300/ )

Failure of GoogleTest "CollectionsDcpEphemeralOrPersistent/CollectionsDcpParameterizedTest.stream_closes_scope/ephemeral_auto_delete":

<pre>
[ RUN      ] CollectionsDcpEphemeralOrPersistent/CollectionsDcpParameterizedTest.stream_closes_scope/ephemeral_auto_delete
[2021-05-04T13:07:33.717Z] unknown file: Failure
[2021-05-04T13:07:33.717Z] C++ exception with description "Filter::Filter failed status:unknown scope: unknown scope" thrown in the test body.
[2021-05-04T13:07:33.717Z] [  FAILED  ] CollectionsDcpEphemeralOrPersistent/CollectionsDcpParameterizedTest.stream_closes_scope/ephemeral_auto_delete, where GetParam() = ("ephemeral", "auto_delete") (8 ms)
CollectionsDcpEphemeralOrPersistent/CollectionsDcpParameterizedTest.stream_closes_scope/ephemeral_auto_delete
</pre>
 ( http://cv.jenkins.couchbase.com/job/kv_engine.macos/job/master/9300/ )

http://cv.jenkins.couchbase.com/job/kv_engine.ASan-UBSan/job/master/18171/ : FAILURE

Failure of GoogleTest "CollectionsDcpEphemeralOrPersistent/CollectionsDcpParameterizedTest.stream_closes_scope/ephemeral_auto_delete":

<pre>
[ RUN      ] CollectionsDcpEphemeralOrPersistent/CollectionsDcpParameterizedTest.stream_closes_scope/ephemeral_auto_delete
[2021-05-04T13:07:33.782Z] unknown file: Failure
[2021-05-04T13:07:33.782Z] C++ exception with description "Filter::Filter failed status:unknown scope: unknown scope" thrown in the test body.
[2021-05-04T13:07:33.782Z] [  FAILED  ] CollectionsDcpEphemeralOrPersistent/CollectionsDcpParameterizedTest.stream_closes_scope/ephemeral_auto_delete, where GetParam() = ("ephemeral", "auto_delete") (18 ms)
CollectionsDcpEphemeralOrPersistent/CollectionsDcpParameterizedTest.stream_closes_scope/ephemeral_auto_delete
</pre>
 ( http://cv.jenkins.couchbase.com/job/kv_engine.ASan-UBSan/job/master/18171/ )

One of more core files found at the end of the build. Data for post-mortem saved to archived_core_dumps.tar.bz2 under "Build Artifacts". ( http://cv.jenkins.couchbase.com/job/kv_engine.ASan-UBSan/job/master/18171/ )

Timeout of a CTest test [2021-05-04T13:12:44.474Z] 409/409 Test #169: ep-engine_ep_unit_tests.AllBucketTypes/SingleThreadedActiveStreamTest .......................................} ( http://cv.jenkins.couchbase.com/job/kv_engine.ASan-UBSan/job/master/18171/ )

http://cv.jenkins.couchbase.com/job/kv_engine-clang_format_9/7241/ : SUCCESS

http://cv.jenkins.couchbase.com/job/kv_engine-clang_analyzer-master/30350/ : SUCCESS

http://cv.jenkins.couchbase.com/job/kv_engine-clang_tidy/8691/ : SUCCESS
----------------------------------------------------------------------------------------------------------------------
Author: Paolo Cocchi
Date: 2021-05-18 09:13:11.000000000
Message: 
Abandoned
----------------------------------------------------------------------------------------------------------------------
