======================================================================================================================
DESCRIPTION:

magma-wrapper: first cut

Change-Id: I16466485e2d2e44962a3c8ade98e27cf5389b768

magma: Add upsert on/off to configuration

upsert is on by default. Turning it off will force a Lookup of the key
prior to insert.

Change-Id: If100719274f5b00948fe10f58fed6644eea8f077

======================================================================================================================
COMMENTS
======================================================================================================================
Author: Scott Lashley
Date: 2019-01-23 20:50:19.000000000
Message: 
Uploaded patch set 24.
----------------------------------------------------------------------------------------------------------------------
Author: Build Bot
Date: 2019-01-23 21:15:42.000000000
Message: 
Patch Set 24: Verified-1

Build Failed 

http://cv.jenkins.couchbase.com/job/kv_engine-linux-master/15702/ : FAILURE

Compile error at /home/couchbase/jenkins/workspace/kv_engine-linux-master/kv_engine/engines/ep/src/magma-kvstore/magma-kvstore.h:23:10:
fatal error: libmagma/magma.h: No such file or directory
 ( http://cv.jenkins.couchbase.com/job/kv_engine-linux-master/15702/ )

http://cv.jenkins.couchbase.com/job/kv_engine-ASan-UBSan-master/5207/ : FAILURE

Failure of a CTest test  28/170 Test  #27: ep-engine_ep_unit_tests ...................................................... ( http://cv.jenkins.couchbase.com/job/kv_engine-ASan-UBSan-master/5207/ )

Undefined Sanitizer: home/couchbase/jenkins/workspace/kv_engine-ASan-UBSan-master/kv_engine/engines/ep/src/kvstore_config.h:28:7: runtime error: load of value 159, which is not a valid value for type "bool" ( http://cv.jenkins.couchbase.com/job/kv_engine-ASan-UBSan-master/5207/ )

http://cv.jenkins.couchbase.com/job/kv_engine-threadsanitizer-master/7558/ : FAILURE

Failure of a CTest test 153/169 Test #150: memcached_testapp.ep.CleanOrUnclean/PersistToTest ............................ ( http://cv.jenkins.couchbase.com/job/kv_engine-threadsanitizer-master/7558/ )

Failure of a GoogleTest  ( http://cv.jenkins.couchbase.com/job/kv_engine-threadsanitizer-master/7558/ )

http://cv.jenkins.couchbase.com/job/kv-engine-cv-perf/7513/ : SUCCESS

http://cv.jenkins.couchbase.com/job/kv_engine-windows-master/16260/ : SUCCESS

http://cv.jenkins.couchbase.com/job/kv_engine-clang_format/14409/ : SUCCESS

http://cv.jenkins.couchbase.com/job/kv_engine-clang_analyzer-master/14022/ : SUCCESS
----------------------------------------------------------------------------------------------------------------------
