======================================================================================================================
DESCRIPTION:

Merge branch 'couchbase/cheshire-cat' into couchbase/master

* couchbase/cheshire-cat:
  MB-47092: Add datatype_count to stats.def.h

Change-Id: I9eadce89bdd18600176a8210982f3191b791e460

======================================================================================================================
COMMENTS
======================================================================================================================
Author: James H
Date: 2021-08-18 09:15:07.000000000
Message: 
Uploaded patch set 1.
----------------------------------------------------------------------------------------------------------------------
Author: Build Bot
Date: 2021-08-18 09:45:10.000000000
Message: 
Patch Set 1: Verified-1

Build Failed 

http://cv.jenkins.couchbase.com/job/kv_engine-windows-master/38691/ : FAILURE

Failure of an engine_testapp test:

<pre>
Running [0102/0157]: test multiple vb compactions...(97 ms) OK


99% tests passed, 1 tests failed out of 402

Total Test time (real) = 658.22 sec

The following tests FAIL
</pre>
 ( http://cv.jenkins.couchbase.com/job/kv_engine-windows-master/38691/ )

Timeout of a CTest test 402/402 Test #250: ep_testsuite.value_eviction.comp_passive ......................................................................................} ( http://cv.jenkins.couchbase.com/job/kv_engine-windows-master/38691/ )

http://cv.jenkins.couchbase.com/job/kv_engine.aarch64-linux/job/master/1036/ : FAILURE

No problems were identified. If you know why this problem occurred, please add a suitable Cause for it. ( http://cv.jenkins.couchbase.com/job/kv_engine.aarch64-linux/job/master/1036/ )

http://cv.jenkins.couchbase.com/job/kv_engine-clang_tidy-master/11395/ : SUCCESS

http://cv.jenkins.couchbase.com/job/kv_engine-clang_analyzer-master/32989/ : SUCCESS

http://cv.jenkins.couchbase.com/job/kv_engine-clang_format_9/10107/ : SUCCESS

http://cv.jenkins.couchbase.com/job/kv_engine.libFuzzer/job/master/1026/ : SUCCESS

http://cv.jenkins.couchbase.com/job/kv_engine.macos/job/master/12111/ : SUCCESS

http://cv.jenkins.couchbase.com/job/kv_engine.linux-CE/job/master/12994/ : SUCCESS

http://cv.jenkins.couchbase.com/job/kv_engine.linux/job/master/13196/ : SUCCESS

http://cv.jenkins.couchbase.com/job/kv_engine.threadsanitizer/job/master/13571/ : SUCCESS

http://cv.jenkins.couchbase.com/job/kv_engine.ASan-UBSan/job/master/21109/ : SUCCESS
----------------------------------------------------------------------------------------------------------------------
Author: Build Bot
Date: 2021-08-19 09:26:11.000000000
Message: 
Patch Set 1: Verified+1

Build Successful 

http://cv.jenkins.couchbase.com/job/kv_engine-windows-master/38743/ : SUCCESS

http://cv.jenkins.couchbase.com/job/kv_engine-clang_tidy-master/11395/ : SUCCESS

http://cv.jenkins.couchbase.com/job/kv_engine-clang_analyzer-master/32989/ : SUCCESS

http://cv.jenkins.couchbase.com/job/kv_engine-clang_format_9/10107/ : SUCCESS

http://cv.jenkins.couchbase.com/job/kv_engine.libFuzzer/job/master/1026/ : SUCCESS

http://cv.jenkins.couchbase.com/job/kv_engine.macos/job/master/12111/ : SUCCESS

http://cv.jenkins.couchbase.com/job/kv_engine.linux-CE/job/master/12994/ : SUCCESS

http://cv.jenkins.couchbase.com/job/kv_engine.linux/job/master/13196/ : SUCCESS

http://cv.jenkins.couchbase.com/job/kv_engine.threadsanitizer/job/master/13571/ : SUCCESS

http://cv.jenkins.couchbase.com/job/kv_engine.ASan-UBSan/job/master/21109/ : SUCCESS

http://cv.jenkins.couchbase.com/job/kv_engine.aarch64-linux/job/master/1080/ : SUCCESS
----------------------------------------------------------------------------------------------------------------------
Author: Dave Rigby
Date: 2021-08-19 10:32:12.000000000
Message: 
Patch Set 1: Code-Review+2
----------------------------------------------------------------------------------------------------------------------
Author: Dave Rigby
Date: 2021-08-19 10:32:15.000000000
Message: 
Change has been successfully merged by Dave Rigby
----------------------------------------------------------------------------------------------------------------------
Author: Build Bot
Date: 2021-08-19 11:26:44.000000000
Message: 
Patch Set 1:

Build Started http://cv.jenkins.couchbase.com/job/kv_engine-post-commit-TSan-master/5636/ (1/2)
----------------------------------------------------------------------------------------------------------------------
Author: Build Bot
Date: 2021-08-19 11:42:25.000000000
Message: 
Patch Set 1:

Build Started http://cv.jenkins.couchbase.com/job/kv_engine-post-commit-master/8596/ (2/2)
----------------------------------------------------------------------------------------------------------------------
Author: Build Bot
Date: 2021-08-19 12:33:35.000000000
Message: 
Patch Set 1:

Build Unstable 

http://cv.jenkins.couchbase.com/job/kv_engine-post-commit-TSan-master/5636/ : UNSTABLE

ERROR: do_warmup_100k (memcapable.WarmUpMemcachedTest)
 ( http://cv.jenkins.couchbase.com/job/kv_engine-post-commit-TSan-master/5636/ )

Failure of a testrunner test ( http://cv.jenkins.couchbase.com/job/kv_engine-post-commit-TSan-master/5636/ )

http://cv.jenkins.couchbase.com/job/kv_engine-post-commit-master/8596/ : UNSTABLE

Failure of a testrunner test ( http://cv.jenkins.couchbase.com/job/kv_engine-post-commit-master/8596/ )'
----------------------------------------------------------------------------------------------------------------------
