======================================================================================================================
DESCRIPTION:

Dummy change to check baseline simple-test run.

Change-Id: I8ce6bed216635cc8aac5039d2fafcc68a0828c5e

======================================================================================================================
COMMENTS
======================================================================================================================
Author: Hareen Kancharla
Date: 2021-10-13 23:20:46.000000000
Message: 
Patch Set 3: Patch Set 2 was rebased
----------------------------------------------------------------------------------------------------------------------
Author: Build Bot
Date: 2021-10-13 23:20:56.000000000
Message: 
Patch Set 3: -Well-Formed

Build Started http://cv.jenkins.couchbase.com/job/ns-server-test/27182/
----------------------------------------------------------------------------------------------------------------------
Author: Hareen Kancharla
Date: 2021-10-13 23:21:05.000000000
Message: 
Patch Set 3:

make simple-test
----------------------------------------------------------------------------------------------------------------------
Author: Build Bot
Date: 2021-10-13 23:21:13.000000000
Message: 
Patch Set 3:

Build Started http://cv.jenkins.couchbase.com/job/ns-server-simple-test/2941/
----------------------------------------------------------------------------------------------------------------------
Author: Build Bot
Date: 2021-10-13 23:25:24.000000000
Message: 
Patch Set 3: Well-Formed+1

Build Successful 

http://cv.jenkins.couchbase.com/job/ns-server-test/27182/ : SUCCESS
----------------------------------------------------------------------------------------------------------------------
Author: Build Bot
Date: 2021-10-13 23:57:50.000000000
Message: 
Patch Set 3: Verified-1

Build Failed 

http://cv.jenkins.couchbase.com/job/ns-server-simple-test/2941/ : FAILURE

Failure of a testrunner test ( http://cv.jenkins.couchbase.com/job/ns-server-simple-test/2941/ )

ERROR: rebalance_in_with_ops (rebalance.rebalancein.RebalanceInTests)
 ( http://cv.jenkins.couchbase.com/job/ns-server-simple-test/2941/ )
----------------------------------------------------------------------------------------------------------------------
Author: Build Bot
Date: 2021-10-14 15:16:55.000000000
Message: 
Patch Set 3:

Build Started http://cv.jenkins.couchbase.com/job/ns-server-simple-test/2949/
----------------------------------------------------------------------------------------------------------------------
Author: Build Bot
Date: 2021-10-14 15:54:41.000000000
Message: 
Patch Set 3:

Build Failed 

http://cv.jenkins.couchbase.com/job/ns-server-simple-test/2949/ : FAILURE

Failure of a testrunner test ( http://cv.jenkins.couchbase.com/job/ns-server-simple-test/2949/ )

ERROR: rebalance_in_with_ops (rebalance.rebalancein.RebalanceInTests)
 ( http://cv.jenkins.couchbase.com/job/ns-server-simple-test/2949/ )
----------------------------------------------------------------------------------------------------------------------
