======================================================================================================================
DESCRIPTION:

Linked test patch for platform -> static library

Change-Id: Ibf4e47c9db75d4084bf6f062156db9692b8132c6

======================================================================================================================
COMMENTS
======================================================================================================================
Author: Dave Rigby
Date: 2021-04-25 19:47:46.000000000
Message: 
Uploaded patch set 1.
----------------------------------------------------------------------------------------------------------------------
Author: Build Bot
Date: 2021-04-25 21:02:32.000000000
Message: 
Patch Set 1: Verified-1

Build Failed 

http://cv.jenkins.couchbase.com/job/kv_engine-windows-master/35221/ : FAILURE

CMake error: C:/Jenkins/workspace/kv_engine-windows-master/tlm/cmake/Modules/CouchbaseGoogleTestAddTests.cmake:40 (message) ( http://cv.jenkins.couchbase.com/job/kv_engine-windows-master/35221/ )

http://cv.jenkins.couchbase.com/job/kv_engine.macos/job/master/9099/ : FAILURE

Failure of an engine_testapp test:

<pre>
Running [0036/0096]: test dcp cursor dropping...WARNING: Logging before InitGoogleLogging() is written to STDERR
[2021-04-25T20:07:07.943Z] W0425 13:03:17.841965 179396608 HazptrDomain.h:671] Using the default inline executor for asynchronous reclamation may be susceptible to deadlock if the current thread happens to hold a resource needed by the deleter of a reclaimable object
[2021-04-25T20:07:07.943Z] Uncaught std::exception. what():ThrowExceptionUnderflowPolicy current:9223367834598184225 arg:7437620434522
[2021-04-25T20:07:07.943Z] (36699 ms) DIED
</pre>
 ( http://cv.jenkins.couchbase.com/job/kv_engine.macos/job/master/9099/ )

http://cv.jenkins.couchbase.com/job/kv_engine.linux-CE/job/master/10029/ : FAILURE

Failure of an engine_testapp test:

<pre>
Running [0025/0157]: warmup conf...../kv_engine/engines/ep/tests/ep_testsuite.cc:2669 Test failed: `" (Expected `0", got `100" - Expected 0 keys loaded after warmup)
[2021-04-25T19:56:04.157Z] (139 ms) FAIL
</pre>
 ( http://cv.jenkins.couchbase.com/job/kv_engine.linux-CE/job/master/10029/ )

One of more core files found at the end of the build. Data for post-mortem saved to archived_core_dumps.tar.bz2 under "Build Artifacts". ( http://cv.jenkins.couchbase.com/job/kv_engine.linux-CE/job/master/10029/ )

Test exceeded the timeout:
[2021-04-25T20:00:35.775Z] Running [0037/0096]: test dcp cursor dropping (replication).../usr/bin/timeout: the monitored command dumped core ( http://cv.jenkins.couchbase.com/job/kv_engine.linux-CE/job/master/10029/ )

http://cv.jenkins.couchbase.com/job/kv_engine.linux/job/master/10172/ : FAILURE

http://cv.jenkins.couchbase.com/job/kv_engine-clang_analyzer-master/30155/ : SUCCESS

http://cv.jenkins.couchbase.com/job/kv_engine-clang_tidy/8500/ : SUCCESS

http://cv.jenkins.couchbase.com/job/kv_engine-clang_format_9/7050/ : SUCCESS

http://cv.jenkins.couchbase.com/job/kv_engine.threadsanitizer/job/master/10419/ : SUCCESS

http://cv.jenkins.couchbase.com/job/kv_engine.ASan-UBSan/job/master/17968/ : SUCCESS
----------------------------------------------------------------------------------------------------------------------
