======================================================================================================================
DESCRIPTION:

Refactor: Remove conn_waiting

Change-Id: I2254720665911c0858c18127eeae1ed814888c9b

======================================================================================================================
COMMENTS
======================================================================================================================
Author: Trond Norbye
Date: 2019-08-19 18:59:07.000000000
Message: 
Uploaded patch set 23: Patch Set 22 was rebased.
----------------------------------------------------------------------------------------------------------------------
Author: Build Bot
Date: 2019-08-19 22:56:03.000000000
Message: 
Patch Set 23: Verified-1

Build Failed 

http://cv.jenkins.couchbase.com/job/kv_engine-clang_analyzer-master/19437/ : FAILURE

Compile error at /usr/bin/../lib/gcc/x86_64-linux-gnu/5.4.0/../../../../include/c++/5.4.0/bits/stl_list.h:314:41:
error: "rebind" following the "template" keyword does not refer to a template
 ( http://cv.jenkins.couchbase.com/job/kv_engine-clang_analyzer-master/19437/ )

The warnings threshold for this job was exceeded - <a href="warningsResult">3 warnings</a> found. ( http://cv.jenkins.couchbase.com/job/kv_engine-clang_analyzer-master/19437/ )

http://cv.jenkins.couchbase.com/job/kv_engine-windows-master/22742/ : FAILURE

Failure of a CTest test  ( http://cv.jenkins.couchbase.com/job/kv_engine-windows-master/22742/ )

http://cv.jenkins.couchbase.com/job/kv_engine-threadsanitizer-master/13684/ : FAILURE

Failure of a GoogleTest test:

CheckpointRemoverEPTest.CursorDropMemoryFreed (5002 ms) ( http://cv.jenkins.couchbase.com/job/kv_engine-threadsanitizer-master/13684/ )

Failure of a CTest test  34/179 Test  #23: ep-engine_ep_unit_tests ...................................................... ( http://cv.jenkins.couchbase.com/job/kv_engine-threadsanitizer-master/13684/ )

ThreadSanitizer issue: data race (/home/couchbase/jenkins/workspace/kv_engine-threadsanitizer-master/install/lib/libtsan.so.0+0x27806) in free  ( http://cv.jenkins.couchbase.com/job/kv_engine-threadsanitizer-master/13684/ )

http://cv.jenkins.couchbase.com/job/kv_engine-linux-master-CE/3475/ : FAILURE

Failure of a CTest test  37/200 Test  #37: ep_testsuite_basic.value_eviction.comp_active ................................ ( http://cv.jenkins.couchbase.com/job/kv_engine-linux-master-CE/3475/ )

http://cv.jenkins.couchbase.com/job/kv_engine-linux-master/21814/ : SUCCESS

http://cv.jenkins.couchbase.com/job/kv_engine-clang_format/20425/ : SUCCESS

http://cv.jenkins.couchbase.com/job/kv-engine-cv-perf/12743/ : SUCCESS

http://cv.jenkins.couchbase.com/job/kv_engine.ASan-UBSan/job/master/6435/ : SUCCESS
----------------------------------------------------------------------------------------------------------------------
