======================================================================================================================
DESCRIPTION:

MB-30019: Optimize CheckpointManager::checkAndAddNewCheckpoint

Change-Id: Iced6522e7a01ee1a595565721946b65f9647ca9c

======================================================================================================================
COMMENTS
======================================================================================================================
Author: Paolo Cocchi
Date: 2018-07-17 11:50:49.000000000
Message: 
Uploaded patch set 1.
----------------------------------------------------------------------------------------------------------------------
Author: Build Bot
Date: 2018-07-17 13:34:24.000000000
Message: 
Patch Set 1: Verified-1

Build Failed 

http://cv.jenkins.couchbase.com/job/kv_engine-linux-master/10424/ : FAILURE

One of more core files found at the end of the build. Data for post-mortem saved to archived_core_dumps.tar.bz2 under "Build Artifacts". ( http://cv.jenkins.couchbase.com/job/kv_engine-linux-master/10424/ )

Failure of a CTest test  33/194 Test  #33: ep_testsuite.full_eviction.comp_active ....................................... ( http://cv.jenkins.couchbase.com/job/kv_engine-linux-master/10424/ )

http://cv.jenkins.couchbase.com/job/kv_engine-threadsanitizer-master/2278/ : FAILURE

Failure of a CTest test  43/173 Test  #43: ep_testsuite_dcp.value_eviction.comp_off ..................................... ( http://cv.jenkins.couchbase.com/job/kv_engine-threadsanitizer-master/2278/ )

http://cv.jenkins.couchbase.com/job/kv_engine-windows-master/10542/ : FAILURE

Link error: error LNK2005: "public: static class std::list<class std::unique_ptr<class Checkpoint,struct std::default_delete<class Checkpoint> >,class std::allocator<class std::unique_ptr<class Checkpoint,struct std::default_delete<class Checkpoint> > > > const & __cdecl CheckpointManagerTestIntrospector::public_getCheckpointList(class CheckpointManager &)" (?public_getCheckpointList@CheckpointManagerTestIntrospector@@SAAEBV?$list@V?$unique_ptr@VCheckpoint@@U?$default_delete@VCheckpoint@@@std@@@std@@V?$allocator@V?$unique_ptr@VCheckpoint@@U?$default_delete@VCheckpoint@@@std@@@std@@@2@@std@@AEAVCheckpointManager@@@Z) already defined in checkpoint_remover_test.cc.obj ( http://cv.jenkins.couchbase.com/job/kv_engine-windows-master/10542/ )

http://cv.jenkins.couchbase.com/job/kv_engine-ASan-UBSan-master/137/ : FAILURE

Failure of a CTest test  44/174 Test  #44: ep_testsuite_dcp.value_eviction.comp_off ..................................... ( http://cv.jenkins.couchbase.com/job/kv_engine-ASan-UBSan-master/137/ )

http://cv.jenkins.couchbase.com/job/kv_engine-clang_format/9392/ : SUCCESS

http://cv.jenkins.couchbase.com/job/kv_engine-clang_analyzer-master/9271/ : SUCCESS
----------------------------------------------------------------------------------------------------------------------
Author: Paolo Cocchi
Date: 2018-07-17 14:42:51.000000000
Message: 
Abandoned
----------------------------------------------------------------------------------------------------------------------
Author: Paolo Cocchi
Date: 2018-07-17 14:44:06.000000000
Message: 
Restored
----------------------------------------------------------------------------------------------------------------------
