======================================================================================================================
DESCRIPTION:

Modernize config parsing [2/2]

Remove the old method which takes the configuration as an input
parameter and use cb::config::tokenize directly

Change-Id: I2f19f54da72c133f907858338f83f6f9f2c4c2f1

======================================================================================================================
COMMENTS
======================================================================================================================
Author: Trond Norbye
Date: 2022-08-11 15:03:38.000000000
Message: 
Uploaded patch set 11.
----------------------------------------------------------------------------------------------------------------------
Author: Build Bot
Date: 2022-08-11 15:29:27.000000000
Message: 
Patch Set 11: Verified-1

Build Failed 

http://cv.jenkins.couchbase.com/job/kv_engine.linux-CE/job/master/21333/ : FAILURE

One of more core files found at the end of the build. Data for post-mortem saved to archived_core_dumps.tar.bz2 under "Build Artifacts". ( http://cv.jenkins.couchbase.com/job/kv_engine.linux-CE/job/master/21333/ )

http://cv.jenkins.couchbase.com/job/kv_engine-clang_format_9/18609/ : SUCCESS

http://cv.jenkins.couchbase.com/job/kv_engine-clang_tidy-master/19397/ : SUCCESS

http://cv.jenkins.couchbase.com/job/kv_engine-windows-master/48288/ : SUCCESS

http://cv.jenkins.couchbase.com/job/kv_engine-clang_analyzer-master/40563/ : SUCCESS

http://cv.jenkins.couchbase.com/job/kv_engine.libFuzzer/job/master/9087/ : SUCCESS

http://cv.jenkins.couchbase.com/job/kv_engine.linux/job/master/21685/ : SUCCESS

http://cv.jenkins.couchbase.com/job/kv_engine.threadsanitizer/job/master/22407/ : SUCCESS

http://cv.jenkins.couchbase.com/job/kv_engine.macos/job/master/20581/ : SUCCESS

http://cv.jenkins.couchbase.com/job/kv_engine.ASan-UBSan/job/master/29711/ : SUCCESS

http://cv.jenkins.couchbase.com/job/kv_engine.aarch64-linux/job/master/9184/ : SUCCESS
----------------------------------------------------------------------------------------------------------------------
Author: Build Bot
Date: 2022-08-11 18:38:00.000000000
Message: 
Patch Set 11:

Build Failed 

http://cv.jenkins.couchbase.com/job/kv_engine.linux-CE/job/master/21339/ : FAILURE

Failure of GoogleTest "TransportProtocols/StatsTest.MB37147_TestEWBReturnFromStat/McbpSsl":

<pre>
[ RUN      ] TransportProtocols/StatsTest.MB37147_TestEWBReturnFromStat/McbpSsl
[2022-08-11T18:37:29.521Z] /home/couchbase/jenkins/workspace/kv_engine.linux-CE_master/kv_engine/tests/testapp/testapp_stats.cc:301: Failure
[2022-08-11T18:37:29.521Z] Value of: stats.empty()
[2022-08-11T18:37:29.521Z]   Actual: true
[2022-08-11T18:37:29.521Z] Expected: false
[2022-08-11T18:37:29.521Z] [  FAILED  ] TransportProtocols/StatsTest.MB37147_TestEWBReturnFromStat/McbpSsl, where GetParam() = McbpSsl (1 ms)
TransportProtocols/StatsTest.MB37147_TestEWBReturnFromStat/McbpSsl
</pre>
 ( http://cv.jenkins.couchbase.com/job/kv_engine.linux-CE/job/master/21339/ )

http://cv.jenkins.couchbase.com/job/kv_engine-clang_format_9/18609/ : SUCCESS

http://cv.jenkins.couchbase.com/job/kv_engine-clang_tidy-master/19397/ : SUCCESS

http://cv.jenkins.couchbase.com/job/kv_engine-windows-master/48288/ : SUCCESS

http://cv.jenkins.couchbase.com/job/kv_engine-clang_analyzer-master/40563/ : SUCCESS

http://cv.jenkins.couchbase.com/job/kv_engine.libFuzzer/job/master/9087/ : SUCCESS

http://cv.jenkins.couchbase.com/job/kv_engine.linux/job/master/21685/ : SUCCESS

http://cv.jenkins.couchbase.com/job/kv_engine.threadsanitizer/job/master/22407/ : SUCCESS

http://cv.jenkins.couchbase.com/job/kv_engine.macos/job/master/20581/ : SUCCESS

http://cv.jenkins.couchbase.com/job/kv_engine.ASan-UBSan/job/master/29711/ : SUCCESS

http://cv.jenkins.couchbase.com/job/kv_engine.aarch64-linux/job/master/9184/ : SUCCESS
----------------------------------------------------------------------------------------------------------------------
