======================================================================================================================
DESCRIPTION:

Add defragmenter_test to list of tests

ep-engine_defragmenter_test was incorrectly not added as a test (via ADD_TEST), hence was not run as part of `make test`.

Change-Id: I7b70505083774b4f2422e6b2aa0fe914fe483c5c

======================================================================================================================
COMMENTS
======================================================================================================================
Author: Dave Rigby
Date: 2016-02-22 14:46:36.000000000
Message: 
Uploaded patch set 1.
----------------------------------------------------------------------------------------------------------------------
Author: Build Bot
Date: 2016-02-22 14:46:46.000000000
Message: 
Patch Set 1:

Build Started http://factory.couchbase.com/job/ep-engine-gerrit-master-multi/2639/ (2/2)
----------------------------------------------------------------------------------------------------------------------
Author: Build Bot
Date: 2016-02-22 15:00:21.000000000
Message: 
Patch Set 1: Verified-1

Build Failed 

http://factory.couchbase.com/job/ep-engine-threadsanitizer-master/1891/ : FAILURE

Failure of a CTest test  ( http://factory.couchbase.com//job/ep-engine-threadsanitizer-master/1891/ )

http://factory.couchbase.com/job/ep-engine-gerrit-master-multi/2639/ : FAILURE
----------------------------------------------------------------------------------------------------------------------
Author: Build Bot
Date: 2016-02-22 15:29:17.000000000
Message: 
Patch Set 1: -Verified

Build Started http://factory.couchbase.com/job/ep-engine-gerrit-master-multi/2642/ (2/2)
----------------------------------------------------------------------------------------------------------------------
Author: Build Bot
Date: 2016-02-22 15:34:39.000000000
Message: 
Patch Set 1: Verified-1

Build Failed 

http://factory.couchbase.com/job/ep-engine-threadsanitizer-master/1891/ : FAILURE

Failure of a CTest test  ( http://factory.couchbase.com//job/ep-engine-threadsanitizer-master/1891/ )

http://factory.couchbase.com/job/ep-engine-gerrit-master-multi/2642/ : SUCCESS
----------------------------------------------------------------------------------------------------------------------
Author: Gerrit Code Review
Date: 2016-02-22 17:21:40.000000000
Message: 
Change has been successfully cherry-picked as 0d57af2937e112e98f5cc8cec8e5ebec3d11c88f
----------------------------------------------------------------------------------------------------------------------
