======================================================================================================================
DESCRIPTION:

Cleanup: Remove unused validate parameter to store_object

Change-Id: Ia06d6ea36c6cade69ceec911dad599bb4f405f4b

======================================================================================================================
COMMENTS
======================================================================================================================
Author: Trond Norbye
Date: 2018-03-17 07:47:02.000000000
Message: 
Uploaded patch set 1.
----------------------------------------------------------------------------------------------------------------------
Author: Build Bot
Date: 2018-03-17 08:42:24.000000000
Message: 
Patch Set 1: Verified-1

Build Failed 

http://cv.jenkins.couchbase.com/job/kv_engine-windows-master/8220/ : ABORTED

No problems were identified. If you know why this problem occurred, please add a suitable Cause for it. ( http://cv.jenkins.couchbase.com/job/kv_engine-windows-master/8220/ )

http://cv.jenkins.couchbase.com/job/kv_engine-linux-master/8465/ : FAILURE

One of more core files found at the end of the build. Data for post-mortem saved to archived_core_dumps.tar.bz2 under "Build Artifacts". ( http://cv.jenkins.couchbase.com/job/kv_engine-linux-master/8465/ )

Failure of a CTest test 116/133 Test #115: memcached-subdoc-tests ........................... ( http://cv.jenkins.couchbase.com/job/kv_engine-linux-master/8465/ )

http://cv.jenkins.couchbase.com/job/kv_engine-addresssanitizer-master-gcc7/207/ : FAILURE

Failure of a CTest test  93/113 Test  #95: memcached-subdoc-tests ........................... ( http://cv.jenkins.couchbase.com/job/kv_engine-addresssanitizer-master-gcc7/207/ )

http://cv.jenkins.couchbase.com/job/kv_engine-clang_format/6615/ : SUCCESS

http://cv.jenkins.couchbase.com/job/kv_engine-clang_analyzer-master/7431/ : SUCCESS

http://cv.jenkins.couchbase.com/job/kv-engine-cv-perf/1849/ : SUCCESS
----------------------------------------------------------------------------------------------------------------------
Author: Build Bot
Date: 2018-03-17 12:40:04.000000000
Message: 
Patch Set 1:

Build Failed 

http://cv.jenkins.couchbase.com/job/kv_engine-windows-master/8224/ : ABORTED

No problems were identified. If you know why this problem occurred, please add a suitable Cause for it. ( http://cv.jenkins.couchbase.com/job/kv_engine-windows-master/8224/ )

http://cv.jenkins.couchbase.com/job/kv_engine-addresssanitizer-master-gcc7/210/ : FAILURE

Failure of a CTest test  94/113 Test  #95: memcached-subdoc-tests ........................... ( http://cv.jenkins.couchbase.com/job/kv_engine-addresssanitizer-master-gcc7/210/ )

http://cv.jenkins.couchbase.com/job/kv_engine-linux-master/8469/ : FAILURE

One of more core files found at the end of the build. Data for post-mortem saved to archived_core_dumps.tar.bz2 under "Build Artifacts". ( http://cv.jenkins.couchbase.com/job/kv_engine-linux-master/8469/ )

Failure of a CTest test 116/133 Test #115: memcached-subdoc-tests ........................... ( http://cv.jenkins.couchbase.com/job/kv_engine-linux-master/8469/ )

http://cv.jenkins.couchbase.com/job/kv_engine-clang_format/6618/ : SUCCESS

http://cv.jenkins.couchbase.com/job/kv_engine-clang_analyzer-master/7436/ : SUCCESS

http://cv.jenkins.couchbase.com/job/kv-engine-cv-perf/1852/ : SUCCESS
----------------------------------------------------------------------------------------------------------------------
Author: Trond Norbye
Date: 2018-03-20 10:39:32.000000000
Message: 
Abandoned
----------------------------------------------------------------------------------------------------------------------
