======================================================================================================================
DESCRIPTION:

MB-55656 Compute data size from internal fragmentation

Change-Id: I9e0d06217f743aec94c369f4e407c9ec6db975a4

======================================================================================================================
COMMENTS
======================================================================================================================
Author: Rohan Suri
Date: 2023-02-23 08:29:17.000000000
Message: 
Uploaded patch set 2.
----------------------------------------------------------------------------------------------------------------------
Author: Restriction Checker
Date: 2023-02-23 08:29:30.000000000
Message: 
Patch Set 2: Well-Formed+1

Permission granted to commit: 

https://server.jenkins.couchbase.com/job/restricted-branch-check/339666/artifact/restricted.html : SUCCESS
----------------------------------------------------------------------------------------------------------------------
Author: Build Bot
Date: 2023-02-23 08:53:32.000000000
Message: 
Patch Set 2: Verified-1

Build Failed 

https://cv.jenkins.couchbase.com/job/kv_engine-clang_tidy-neo/1250/ : ABORTED

Build which was aborted due to a newer patch set being uploaded for the given review. ( https://cv.jenkins.couchbase.com/job/kv_engine-clang_tidy-neo/1250/ )

https://cv.jenkins.couchbase.com/job/kv_engine-windows-neo/1510/ : ABORTED

Build which was aborted due to a newer patch set being uploaded for the given review. ( https://cv.jenkins.couchbase.com/job/kv_engine-windows-neo/1510/ )

https://cv.jenkins.couchbase.com/job/kv_engine-clang_analyzer-neo/1206/ : ABORTED

Build which was aborted due to a newer patch set being uploaded for the given review. ( https://cv.jenkins.couchbase.com/job/kv_engine-clang_analyzer-neo/1206/ )

https://cv.jenkins.couchbase.com/job/kv_engine-clang_format_9/22942/ : ABORTED

Build which was aborted due to a newer patch set being uploaded for the given review. ( https://cv.jenkins.couchbase.com/job/kv_engine-clang_format_9/22942/ )

https://cv.jenkins.couchbase.com/job/kv_engine.aarch64-linux/job/neo/1283/ : ABORTED

Build which was aborted due to a newer patch set being uploaded for the given review. ( https://cv.jenkins.couchbase.com/job/kv_engine.aarch64-linux/job/neo/1283/ )

https://cv.jenkins.couchbase.com/job/kv_engine.linux/job/neo/1270/ : FAILURE

Compile error at [2023-02-23T08:35:21.866Z] /home/couchbase/jenkins/workspace/kv_engine.linux_neo/kv_engine/engines/ep/src/kvstore/magma-kvstore/magma-kvstore.cc:3596:39:
error: expected ?;? before ?)? token
 ( https://cv.jenkins.couchbase.com/job/kv_engine.linux/job/neo/1270/ )

https://cv.jenkins.couchbase.com/job/kv_engine.ASan-UBSan/job/neo/1274/ : FAILURE

Compile error at [2023-02-23T08:35:43.315Z] /home/couchbase/jenkins/workspace/kv_engine.ASan-UBSan_neo/kv_engine/engines/ep/src/kvstore/magma-kvstore/magma-kvstore.cc:3596:39:
error: extraneous ")" before ";"
 ( https://cv.jenkins.couchbase.com/job/kv_engine.ASan-UBSan/job/neo/1274/ )

https://cv.jenkins.couchbase.com/job/kv_engine.threadsanitizer/job/neo/1276/ : FAILURE

Compile error at [2023-02-23T08:37:44.129Z] /home/couchbase/jenkins/workspace/kv_engine.threadsanitizer_neo/kv_engine/engines/ep/src/kvstore/magma-kvstore/magma-kvstore.cc:3596:47:
error: use of undeclared identifier "nonHistoryDataSize"
 ( https://cv.jenkins.couchbase.com/job/kv_engine.threadsanitizer/job/neo/1276/ )

https://cv.jenkins.couchbase.com/job/kv_engine.macos/job/neo/1618/ : FAILURE

No problems were identified. If you know why this problem occurred, please add a suitable Cause for it. ( https://cv.jenkins.couchbase.com/job/kv_engine.macos/job/neo/1618/ )

https://cv.jenkins.couchbase.com/job/kv_engine.linux-CE/job/neo/1280/ : SUCCESS

https://cv.jenkins.couchbase.com/job/kv_engine.libFuzzer/job/neo/1241/ : SUCCESS
----------------------------------------------------------------------------------------------------------------------
