======================================================================================================================
DESCRIPTION:

MB-25661: StatOps: implement get_stats() method

Implement the new get_stats() method in StatOps, so callers can
examine the per-file statistics recorded by StatOps.

Change-Id: I506fc2c59ad4819cfb1466f1beba787a8acc261d

======================================================================================================================
COMMENTS
======================================================================================================================
Author: Dave Rigby
Date: 2017-08-17 16:24:15.000000000
Message: 
Uploaded patch set 1.
----------------------------------------------------------------------------------------------------------------------
Author: Build Bot
Date: 2017-08-17 16:45:44.000000000
Message: 
Patch Set 1: Verified-1

Build Failed 

http://cv.jenkins.couchbase.com/job/kv_engine-threadsanitizer-master/2043/ : FAILURE

Compile error at /home/couchbase/jenkins/workspace/kv_engine-threadsanitizer-master/kv_engine/engines/ep/src/couch-kvstore/couch-fs-stats.h:67:5:
error: unknown type name "FHStats"
 ( http://cv.jenkins.couchbase.com/job/kv_engine-threadsanitizer-master/2043/ )

http://cv.jenkins.couchbase.com/job/kv_engine-addresssanitizer-master/1963/ : FAILURE

Compile error at /home/couchbase/jenkins/workspace/kv_engine-addresssanitizer-master/kv_engine/engines/ep/src/couch-kvstore/couch-fs-stats.h:67:5:
error: unknown type name "FHStats"
 ( http://cv.jenkins.couchbase.com/job/kv_engine-addresssanitizer-master/1963/ )

http://cv.jenkins.couchbase.com/job/kv_engine-linux-master/2011/ : FAILURE

Compile error at /home/couchbase/jenkins/workspace/kv_engine-linux-master/kv_engine/engines/ep/src/couch-kvstore/couch-fs-stats.h:67:5:
error: "FHStats" does not name a type
 ( http://cv.jenkins.couchbase.com/job/kv_engine-linux-master/2011/ )

http://cv.jenkins.couchbase.com/job/kv_engine-windows-master/2003/ : FAILURE

Compile error at c:\jenkins\workspace\kv_engine-windows-master\kv_engine\engines\ep\src\couch-kvstore/couch-fs-stats.h(67): error C2143: syntax error: missing ";" before "*" ( http://cv.jenkins.couchbase.com/job/kv_engine-windows-master/2003/ )

http://cv.jenkins.couchbase.com/job/kv_engine-clang_analyzer-master/1822/ : FAILURE

Compile error at /home/couchbase/jenkins/workspace/kv_engine-clang_analyzer-master/kv_engine/engines/ep/src/couch-kvstore/couch-fs-stats.h:67:5:
error: "FHStats" does not name a type
 ( http://cv.jenkins.couchbase.com/job/kv_engine-clang_analyzer-master/1822/ )

http://cv.jenkins.couchbase.com/job/kv_engine-clang_format/549/ : SUCCESS
----------------------------------------------------------------------------------------------------------------------
