======================================================================================================================
DESCRIPTION:

DO NOT MERGE Skip tests which are not applicable when warmup is disabled

Testing only - variation of http://review.couchbase.org/#/c/71101/7
which forces warmup to be disabled, to check the tests work as
expected.

Change-Id: Ia6ed82518d343e72cae484d0be0a5ee40b27961a

======================================================================================================================
COMMENTS
======================================================================================================================
Author: Dave Rigby
Date: 2017-01-04 15:24:54.000000000
Message: 
Uploaded patch set 2.
----------------------------------------------------------------------------------------------------------------------
Author: Build Bot
Date: 2017-01-04 15:25:04.000000000
Message: 
Patch Set 2:

Build Started http://cv.jenkins.couchbase.com/job/ep-engine-clang_analyzer-master/2102/ (1/4)
----------------------------------------------------------------------------------------------------------------------
Author: Build Bot
Date: 2017-01-04 15:25:04.000000000
Message: 
Patch Set 2:

Build Started http://cv.jenkins.couchbase.com/job/ep-engine-addresssanitizer-master/1282/ (2/4)
----------------------------------------------------------------------------------------------------------------------
Author: Build Bot
Date: 2017-01-04 15:25:04.000000000
Message: 
Patch Set 2:

Build Started http://cv.jenkins.couchbase.com/job/ep-engine-threadsanitizer-master/2451/ (3/4)
----------------------------------------------------------------------------------------------------------------------
Author: Build Bot
Date: 2017-01-04 15:25:04.000000000
Message: 
Patch Set 2:

Build Started http://cv.jenkins.couchbase.com/job/ep-engine-gerrit-master/2574/ (4/4)
----------------------------------------------------------------------------------------------------------------------
Author: Build Bot
Date: 2017-01-04 16:06:19.000000000
Message: 
Patch Set 2: Verified-1

Build Failed 

http://cv.jenkins.couchbase.com/job/ep-engine-threadsanitizer-master/2451/ : FAILURE

Timeout of a CTest test 25/27 Test #26: ep_testsuite_xdcr.full_eviction ..........} ( http://cv.jenkins.couchbase.com//job/ep-engine-threadsanitizer-master/2451/ )

Failure of a CTest test  ( http://cv.jenkins.couchbase.com//job/ep-engine-threadsanitizer-master/2451/ )

http://cv.jenkins.couchbase.com/job/ep-engine-addresssanitizer-master/1282/ : FAILURE

Timeout of a CTest test 25/27 Test #22: ep_testsuite_tap.full_eviction ...........} ( http://cv.jenkins.couchbase.com//job/ep-engine-addresssanitizer-master/1282/ )

Failure of a CTest test  ( http://cv.jenkins.couchbase.com//job/ep-engine-addresssanitizer-master/1282/ )

http://cv.jenkins.couchbase.com/job/ep-engine-gerrit-master/2574/ : FAILURE

http://cv.jenkins.couchbase.com/job/ep-engine-clang_analyzer-master/2102/ : SUCCESS
----------------------------------------------------------------------------------------------------------------------
Author: Dave Rigby
Date: 2017-01-05 11:50:20.000000000
Message: 
Patch Set 3: Patch Set 2 was rebased
----------------------------------------------------------------------------------------------------------------------
