======================================================================================================================
DESCRIPTION:

Merge commit '5f6d5dc65' into cheshire-cat

* commit '5f6d5dc65':
  MB-47267 / MB-52383: Make backfill during warmup a PauseResume task

This is backport of the fix for MB-47267 (which is already present in
cheshire-cat), plus MB-52383 which fixes an issue with the initial
patch and hence actually allows warmup backfill tasks to yield
correctly.

The other changes are improvments to the the unit test for the
original issue.

Change-Id: I5ad86991fe2be17967fdfe022bd618d3c794d9be

======================================================================================================================
COMMENTS
======================================================================================================================
Author: Dave Rigby
Date: 2022-08-03 15:11:17.000000000
Message: 
Uploaded patch set 1.
----------------------------------------------------------------------------------------------------------------------
Author: Restriction Checker
Date: 2022-08-03 15:11:31.000000000
Message: 
Patch Set 1: Well-Formed-1

Branch restricted. PLEASE READ this URL: 

http://server.jenkins.couchbase.com/job/restricted-branch-check/309268/artifact/restricted.html : FAILURE
----------------------------------------------------------------------------------------------------------------------
Author: Build Bot
Date: 2022-08-03 16:03:28.000000000
Message: 
Patch Set 1: Verified-1

Build Failed 

http://cv.jenkins.couchbase.com/job/kv_engine-windows-cheshire-cat/493/ : FAILURE

Timeout of a CTest test 415/415 Test #412: cluster_test ..................................................................................................................} ( http://cv.jenkins.couchbase.com/job/kv_engine-windows-cheshire-cat/493/ )

http://cv.jenkins.couchbase.com/job/kv_engine.threadsanitizer/job/cheshire-cat/352/ : FAILURE

Compile error at [2022-08-03T15:15:28.747Z] ../kv_engine/tests/testapp/testapp.h:15:10:
fatal error: "testapp_environment.h" file not found
 ( http://cv.jenkins.couchbase.com/job/kv_engine.threadsanitizer/job/cheshire-cat/352/ )

http://cv.jenkins.couchbase.com/job/kv_engine-clang_analyzer-cheshire-cat/341/ : SUCCESS

http://cv.jenkins.couchbase.com/job/kv_engine-clang_tidy-cheshire-cat/335/ : SUCCESS

http://cv.jenkins.couchbase.com/job/kv_engine-clang_format_9/18398/ : SUCCESS

http://cv.jenkins.couchbase.com/job/kv_engine.linux/job/cheshire-cat/349/ : SUCCESS

http://cv.jenkins.couchbase.com/job/kv_engine.linux-CE/job/cheshire-cat/344/ : SUCCESS

http://cv.jenkins.couchbase.com/job/kv_engine.libFuzzer/job/cheshire-cat/267/ : SUCCESS

http://cv.jenkins.couchbase.com/job/kv_engine.macos/job/cheshire-cat/354/ : SUCCESS

http://cv.jenkins.couchbase.com/job/kv_engine.ASan-UBSan/job/cheshire-cat/364/ : SUCCESS
----------------------------------------------------------------------------------------------------------------------
Author: Build Bot
Date: 2022-08-03 20:35:33.000000000
Message: 
Patch Set 1: Verified-1

Build Failed 

http://cv.jenkins.couchbase.com/job/kv_engine-windows-cheshire-cat/495/ : FAILURE

Failure of GoogleTest "PersistentAndEphemeral/ConnectionTest.test_mb20716_connmap_notify_on_delete_consumer/4":

<pre>
[ RUN      ] PersistentAndEphemeral/ConnectionTest.test_mb20716_connmap_notify_on_delete_consumer/4
unknown file: error: C++ exception with description "cb::io::rmrf: remove of file \\?\C:\Jenkins\workspace\kv_engine-windows-cheshire-cat\build\kv_engine\ep_engine_ep_unit_tests.db\test.225001\magma.1\wal\wal.1 under ep_engine_ep_unit_tests.db/test.225001 failed: The data is invalid." thrown in TearDown().
[  FAILED  ] PersistentAndEphemeral/ConnectionTest.test_mb20716_connmap_notify_on_delete_consumer/4, where GetParam() = ("persistentMagma", "value_only") (33 ms)
PersistentAndEphemeral/ConnectionTest.test_mb20716_connmap_notify_on_delete_consumer/4
</pre>
 ( http://cv.jenkins.couchbase.com/job/kv_engine-windows-cheshire-cat/495/ )

http://cv.jenkins.couchbase.com/job/kv_engine-clang_analyzer-cheshire-cat/341/ : SUCCESS

http://cv.jenkins.couchbase.com/job/kv_engine-clang_tidy-cheshire-cat/335/ : SUCCESS

http://cv.jenkins.couchbase.com/job/kv_engine-clang_format_9/18398/ : SUCCESS

http://cv.jenkins.couchbase.com/job/kv_engine.linux/job/cheshire-cat/349/ : SUCCESS

http://cv.jenkins.couchbase.com/job/kv_engine.threadsanitizer/job/cheshire-cat/353/ : SUCCESS

http://cv.jenkins.couchbase.com/job/kv_engine.linux-CE/job/cheshire-cat/344/ : SUCCESS

http://cv.jenkins.couchbase.com/job/kv_engine.libFuzzer/job/cheshire-cat/267/ : SUCCESS

http://cv.jenkins.couchbase.com/job/kv_engine.macos/job/cheshire-cat/354/ : SUCCESS

http://cv.jenkins.couchbase.com/job/kv_engine.ASan-UBSan/job/cheshire-cat/364/ : SUCCESS
----------------------------------------------------------------------------------------------------------------------
Author: Build Bot
Date: 2022-08-03 21:38:28.000000000
Message: 
Patch Set 1: Verified-1

Build Failed 

http://cv.jenkins.couchbase.com/job/kv_engine-windows-cheshire-cat/499/ : FAILURE

Timeout of a CTest test 415/415 Test #412: cluster_test ..................................................................................................................} ( http://cv.jenkins.couchbase.com/job/kv_engine-windows-cheshire-cat/499/ )

http://cv.jenkins.couchbase.com/job/kv_engine-clang_analyzer-cheshire-cat/341/ : SUCCESS

http://cv.jenkins.couchbase.com/job/kv_engine-clang_tidy-cheshire-cat/335/ : SUCCESS

http://cv.jenkins.couchbase.com/job/kv_engine-clang_format_9/18398/ : SUCCESS

http://cv.jenkins.couchbase.com/job/kv_engine.linux/job/cheshire-cat/349/ : SUCCESS

http://cv.jenkins.couchbase.com/job/kv_engine.threadsanitizer/job/cheshire-cat/353/ : SUCCESS

http://cv.jenkins.couchbase.com/job/kv_engine.linux-CE/job/cheshire-cat/344/ : SUCCESS

http://cv.jenkins.couchbase.com/job/kv_engine.libFuzzer/job/cheshire-cat/267/ : SUCCESS

http://cv.jenkins.couchbase.com/job/kv_engine.macos/job/cheshire-cat/354/ : SUCCESS

http://cv.jenkins.couchbase.com/job/kv_engine.ASan-UBSan/job/cheshire-cat/364/ : SUCCESS
----------------------------------------------------------------------------------------------------------------------
Author: Build Bot
Date: 2022-08-04 08:58:51.000000000
Message: 
Patch Set 1: Verified-1

Build Failed 

http://cv.jenkins.couchbase.com/job/kv_engine-windows-cheshire-cat/504/ : FAILURE

Timeout of a CTest test 415/415 Test  #70: ep-engine_ep_unit_tests.DurabilityRespondAmbiguousTest ........................................................................} ( http://cv.jenkins.couchbase.com/job/kv_engine-windows-cheshire-cat/504/ )

http://cv.jenkins.couchbase.com/job/kv_engine-clang_analyzer-cheshire-cat/341/ : SUCCESS

http://cv.jenkins.couchbase.com/job/kv_engine-clang_tidy-cheshire-cat/335/ : SUCCESS

http://cv.jenkins.couchbase.com/job/kv_engine-clang_format_9/18398/ : SUCCESS

http://cv.jenkins.couchbase.com/job/kv_engine.linux/job/cheshire-cat/349/ : SUCCESS

http://cv.jenkins.couchbase.com/job/kv_engine.threadsanitizer/job/cheshire-cat/353/ : SUCCESS

http://cv.jenkins.couchbase.com/job/kv_engine.linux-CE/job/cheshire-cat/344/ : SUCCESS

http://cv.jenkins.couchbase.com/job/kv_engine.libFuzzer/job/cheshire-cat/267/ : SUCCESS

http://cv.jenkins.couchbase.com/job/kv_engine.macos/job/cheshire-cat/354/ : SUCCESS

http://cv.jenkins.couchbase.com/job/kv_engine.ASan-UBSan/job/cheshire-cat/364/ : SUCCESS
----------------------------------------------------------------------------------------------------------------------
Author: Build Bot
Date: 2022-08-04 10:39:54.000000000
Message: 
Patch Set 1: Verified+1

Build Successful 

http://cv.jenkins.couchbase.com/job/kv_engine-clang_analyzer-cheshire-cat/341/ : SUCCESS

http://cv.jenkins.couchbase.com/job/kv_engine-clang_tidy-cheshire-cat/335/ : SUCCESS

http://cv.jenkins.couchbase.com/job/kv_engine-clang_format_9/18398/ : SUCCESS

http://cv.jenkins.couchbase.com/job/kv_engine.linux/job/cheshire-cat/349/ : SUCCESS

http://cv.jenkins.couchbase.com/job/kv_engine.threadsanitizer/job/cheshire-cat/353/ : SUCCESS

http://cv.jenkins.couchbase.com/job/kv_engine.linux-CE/job/cheshire-cat/344/ : SUCCESS

http://cv.jenkins.couchbase.com/job/kv_engine.libFuzzer/job/cheshire-cat/267/ : SUCCESS

http://cv.jenkins.couchbase.com/job/kv_engine.macos/job/cheshire-cat/354/ : SUCCESS

http://cv.jenkins.couchbase.com/job/kv_engine.ASan-UBSan/job/cheshire-cat/364/ : SUCCESS

http://cv.jenkins.couchbase.com/job/kv_engine-windows-cheshire-cat/508/ : SUCCESS
----------------------------------------------------------------------------------------------------------------------
