======================================================================================================================
DESCRIPTION:

MB-50527: Don't check for warmup_estimate_time stat

If the estimate_time is 0 we won't report it and that could be the
case if we have few vBuckets to get stats for and we do so in under
quickly enough.

Change-Id: Ia450b600b19c82e9bc7fbce3363e72e0cdc2d642

======================================================================================================================
COMMENTS
======================================================================================================================
Author: Ben Huddleston
Date: 2022-01-21 15:48:38.000000000
Message: 
Uploaded patch set 4.
----------------------------------------------------------------------------------------------------------------------
Author: Ben Huddleston
Date: 2022-01-21 15:48:50.000000000
Message: 
Patch Set 4:

(1 comment)
----------------------------------------------------------------------------------------------------------------------
Author: Build Bot
Date: 2022-01-21 16:09:27.000000000
Message: 
Patch Set 4: Verified-1

Build Failed 

http://cv.jenkins.couchbase.com/job/kv_engine.macos/job/master/15838/ : ABORTED

http://cv.jenkins.couchbase.com/job/kv_engine.threadsanitizer/job/master/17787/ : ABORTED

Build which was aborted due to a newer patch set being uploaded for the given review. ( http://cv.jenkins.couchbase.com/job/kv_engine.threadsanitizer/job/master/17787/ )

http://cv.jenkins.couchbase.com/job/kv_engine.ASan-UBSan/job/master/25120/ : ABORTED

Failure of GoogleTest "TransportProtocols/InterfacesTest.MB46863_NsServerWithoutSupportForIfconfig_ReloadOk/Mcbp":

<pre>
[ RUN      ] TransportProtocols/InterfacesTest.MB46863_NsServerWithoutSupportForIfconfig_ReloadOk/Mcbp
[2022-01-21T16:09:25.035Z] unknown file: Failure
[2022-01-21T16:09:25.035Z] C++ exception with description "EOF: Connection reset by peer" thrown in the test body.
[2022-01-21T16:09:25.035Z] [  FAILED  ] TransportProtocols/InterfacesTest.MB46863_NsServerWithoutSupportForIfconfig_ReloadOk/Mcbp, where GetParam() = Mcbp (416 ms)
TransportProtocols/InterfacesTest.MB46863_NsServerWithoutSupportForIfconfig_ReloadOk/Mcbp
</pre>
 ( http://cv.jenkins.couchbase.com/job/kv_engine.ASan-UBSan/job/master/25120/ )

Test exceeded the timeout:
[2022-01-21T16:09:25.035Z] /usr/bin/timeout: the monitored command dumped core ( http://cv.jenkins.couchbase.com/job/kv_engine.ASan-UBSan/job/master/25120/ )

Build which was aborted due to a newer patch set being uploaded for the given review. ( http://cv.jenkins.couchbase.com/job/kv_engine.ASan-UBSan/job/master/25120/ )

http://cv.jenkins.couchbase.com/job/kv_engine-windows-master/43123/ : FAILURE

Compile error at ..\kv_engine\engines\ep\tests\module_tests\stats_test.cc(699): error C2664: "testing::internal::MockSpec<R (std::string_view,std::string_view,const void *)> testing::internal::MockFunction<R (std::string_view,std::string_view,const void *)>::gmock_Call(const testing::internal::WithoutMatchers &,R (__cdecl *)(std::string_view,std::string_view,const void *))": cannot convert argument 1 from "const char [24]" to "testing::Matcher<std::string_view>" ( http://cv.jenkins.couchbase.com/job/kv_engine-windows-master/43123/ )

http://cv.jenkins.couchbase.com/job/kv_engine-clang_format_9/13871/ : SUCCESS

http://cv.jenkins.couchbase.com/job/kv_engine-clang_tidy-master/15027/ : SUCCESS

http://cv.jenkins.couchbase.com/job/kv_engine-clang_analyzer-master/36482/ : SUCCESS

http://cv.jenkins.couchbase.com/job/kv_engine.aarch64-linux/job/master/4734/ : SUCCESS

http://cv.jenkins.couchbase.com/job/kv_engine.libFuzzer/job/master/4672/ : SUCCESS

http://cv.jenkins.couchbase.com/job/kv_engine.linux/job/master/17014/ : SUCCESS

http://cv.jenkins.couchbase.com/job/kv_engine.linux-CE/job/master/16709/ : SUCCESS
----------------------------------------------------------------------------------------------------------------------
