======================================================================================================================
DESCRIPTION:

Cleanup: pass connection by reference in callbacks

It cannot be nullptr. In addition to that nuke the
unused event type as a parameter to the method.

Change-Id: I5b5ff9d3d2be436eac3cfd6abc4eab85f26417e0

======================================================================================================================
COMMENTS
======================================================================================================================
Author: Trond Norbye
Date: 2019-05-28 12:34:00.000000000
Message: 
Uploaded patch set 68: Patch Set 67 was rebased.
----------------------------------------------------------------------------------------------------------------------
Author: Build Bot
Date: 2019-05-28 16:24:29.000000000
Message: 
Patch Set 68: Verified-1

Build Failed 

http://cv.jenkins.couchbase.com/job/kv_engine-threadsanitizer-master/11494/ : FAILURE

Failure of a CTest test  27/178 Test  #23: ep-engine_ep_unit_tests ...................................................... ( http://cv.jenkins.couchbase.com/job/kv_engine-threadsanitizer-master/11494/ )

Failure of a GoogleTest test:

AllVBTypesAllEvictionModes/VBucketDurabilityTest.Pending_Abort/Ephemeral_Value, where GetParam() = (4-byte object <01-00 00-00>, Value) (14 ms) ( http://cv.jenkins.couchbase.com/job/kv_engine-threadsanitizer-master/11494/ )

http://cv.jenkins.couchbase.com/job/kv_engine-linux-master-CE/1370/ : FAILURE

Failure of a CTest test  28/199 Test  #26: ep-engine_ep_unit_tests ...................................................... ( http://cv.jenkins.couchbase.com/job/kv_engine-linux-master-CE/1370/ )

Failure of a GoogleTest test:

AllVBTypesAllEvictionModes/VBucketDurabilityTest.Pending_Abort/Ephemeral_Value, where GetParam() = (4-byte object <01-00 00-00>, Value) (0 ms) ( http://cv.jenkins.couchbase.com/job/kv_engine-linux-master-CE/1370/ )

http://cv.jenkins.couchbase.com/job/kv_engine-linux-master/19728/ : FAILURE

Failure of a CTest test  28/199 Test  #26: ep-engine_ep_unit_tests ...................................................... ( http://cv.jenkins.couchbase.com/job/kv_engine-linux-master/19728/ )

Failure of a GoogleTest test:

AllVBTypesAllEvictionModes/VBucketDurabilityTest.Pending_Abort/Ephemeral_Value, where GetParam() = (4-byte object <01-00 00-00>, Value) (0 ms) ( http://cv.jenkins.couchbase.com/job/kv_engine-linux-master/19728/ )

http://cv.jenkins.couchbase.com/job/kv_engine-windows-master/20457/ : FAILURE

Failure of a CTest test  28/182 Test  #23: ep-engine_ep_unit_tests ...................................................... ( http://cv.jenkins.couchbase.com/job/kv_engine-windows-master/20457/ )

Failure of a GoogleTest test:

AllVBTypesAllEvictionModes/VBucketDurabilityTest.Pending_Abort/Ephemeral_Value, where GetParam() = (4-byte object <01-00 00-00>, Value) (0 ms) ( http://cv.jenkins.couchbase.com/job/kv_engine-windows-master/20457/ )

http://cv.jenkins.couchbase.com/job/kv_engine.ASan-UBSan/job/master/4280/ : FAILURE

Failure of a CTest test [2019-05-28T16:17:12.067Z]  28/179 Test  #25: ep-engine_ep_unit_tests ...................................................... ( http://cv.jenkins.couchbase.com/job/kv_engine.ASan-UBSan/job/master/4280/ )

http://cv.jenkins.couchbase.com/job/kv_engine-clang_format/18313/ : SUCCESS

http://cv.jenkins.couchbase.com/job/kv-engine-cv-perf/10840/ : SUCCESS

http://cv.jenkins.couchbase.com/job/kv_engine-clang_analyzer-master/17520/ : SUCCESS
----------------------------------------------------------------------------------------------------------------------
