======================================================================================================================
DESCRIPTION:

MB-36377: Remove KVStore::rollback()

The function is unused.

Change-Id: I8a9ccf139eeaa289ce06acffbee95a714c8bf708

======================================================================================================================
COMMENTS
======================================================================================================================
Author: Ben Huddleston
Date: 2021-07-29 11:37:34.000000000
Message: 
Uploaded patch set 4: Patch Set 3 was rebased.
----------------------------------------------------------------------------------------------------------------------
Author: Build Bot
Date: 2021-07-29 11:40:23.000000000
Message: 
Patch Set 4: Verified-1

Build Failed 

http://cv.jenkins.couchbase.com/job/kv_engine.linux/job/master/12707/ : ABORTED

Build which was aborted due to a newer patch set being uploaded for the given review. ( http://cv.jenkins.couchbase.com/job/kv_engine.linux/job/master/12707/ )

http://cv.jenkins.couchbase.com/job/kv_engine.ASan-UBSan/job/master/20608/ : ABORTED

http://cv.jenkins.couchbase.com/job/kv_engine.linux-CE/job/master/12526/ : ABORTED

Build which was aborted due to a newer patch set being uploaded for the given review. ( http://cv.jenkins.couchbase.com/job/kv_engine.linux-CE/job/master/12526/ )

http://cv.jenkins.couchbase.com/job/kv_engine.threadsanitizer/job/master/13059/ : ABORTED

Build which was aborted due to a newer patch set being uploaded for the given review. ( http://cv.jenkins.couchbase.com/job/kv_engine.threadsanitizer/job/master/13059/ )

http://cv.jenkins.couchbase.com/job/kv_engine.libFuzzer/job/master/555/ : ABORTED

Build which was aborted due to a newer patch set being uploaded for the given review. ( http://cv.jenkins.couchbase.com/job/kv_engine.libFuzzer/job/master/555/ )

http://cv.jenkins.couchbase.com/job/kv_engine.aarch64-linux/job/master/541/ : FAILURE

Compile error at [2021-07-29T11:39:50.603Z] /home/couchbase/jenkins/workspace/kv_engine.aarch64-linux_master/kv_engine/engines/ep/src/rocksdb-kvstore/rocksdb-kvstore.h:23:10:
fatal error: transaction_context.h: No such file or directory
 ( http://cv.jenkins.couchbase.com/job/kv_engine.aarch64-linux/job/master/541/ )

http://cv.jenkins.couchbase.com/job/kv_engine.macos/job/master/11641/ : FAILURE

Compile error at [2021-07-29T11:39:43.918Z] /Users/couchbase/workspace/workspace/kv_engine.macos_master/kv_engine/engines/ep/src/rocksdb-kvstore/rocksdb-kvstore.h:23:10:
fatal error: "transaction_context.h" file not found
 ( http://cv.jenkins.couchbase.com/job/kv_engine.macos/job/master/11641/ )
----------------------------------------------------------------------------------------------------------------------
