======================================================================================================================
DESCRIPTION:

Reintroduce connection fair sharing

To ensure that a connection don't starve connections bound
to the same thread a connection needs to back off after
processing a certain number of events

Change-Id: I69adff1a45ed9b08bc6a515d189d92177e5de911

======================================================================================================================
COMMENTS
======================================================================================================================
Author: Trond Norbye
Date: 2019-04-30 10:38:16.000000000
Message: 
Uploaded patch set 37: Patch Set 36 was rebased.
----------------------------------------------------------------------------------------------------------------------
Author: Build Bot
Date: 2019-04-30 14:33:47.000000000
Message: 
Patch Set 37: Verified-1

Build Failed 

http://cv.jenkins.couchbase.com/job/kv_engine-threadsanitizer-master/10770/ : FAILURE

Failure of a CTest test  90/177 Test  #92: memcached_testapp.default.TransportProtocols/BucketTest ...................... ( http://cv.jenkins.couchbase.com/job/kv_engine-threadsanitizer-master/10770/ )

Failure of a GoogleTest  ( http://cv.jenkins.couchbase.com/job/kv_engine-threadsanitizer-master/10770/ )

http://cv.jenkins.couchbase.com/job/kv_engine-linux-master-CE/661/ : FAILURE

One of more core files found at the end of the build. Data for post-mortem saved to archived_core_dumps.tar.bz2 under "Build Artifacts". ( http://cv.jenkins.couchbase.com/job/kv_engine-linux-master-CE/661/ )

Failure of a CTest test 111/198 Test #113: memcached_testapp.default.TransportProtocols/BucketTest ...................... ( http://cv.jenkins.couchbase.com/job/kv_engine-linux-master-CE/661/ )

Failure of a GoogleTest  ( http://cv.jenkins.couchbase.com/job/kv_engine-linux-master-CE/661/ )

http://cv.jenkins.couchbase.com/job/kv_engine-linux-master/19003/ : FAILURE

One of more core files found at the end of the build. Data for post-mortem saved to archived_core_dumps.tar.bz2 under "Build Artifacts". ( http://cv.jenkins.couchbase.com/job/kv_engine-linux-master/19003/ )

Failure of a CTest test  34/198 Test  #35: ep_testsuite.full_eviction.rocksdb ........................................... ( http://cv.jenkins.couchbase.com/job/kv_engine-linux-master/19003/ )

Failure of a GoogleTest  ( http://cv.jenkins.couchbase.com/job/kv_engine-linux-master/19003/ )

http://cv.jenkins.couchbase.com/job/kv_engine.ASan-UBSan/job/master/3549/ : FAILURE

Failure of a CTest test [2019-04-30T14:28:37.336Z]  91/178 Test  #93: memcached_testapp.default.TransportProtocols/BucketTest ...................... ( http://cv.jenkins.couchbase.com/job/kv_engine.ASan-UBSan/job/master/3549/ )

http://cv.jenkins.couchbase.com/job/kv_engine-clang_format/17611/ : SUCCESS

http://cv.jenkins.couchbase.com/job/kv-engine-cv-perf/10201/ : SUCCESS

http://cv.jenkins.couchbase.com/job/kv_engine-clang_analyzer-master/16867/ : SUCCESS

http://cv.jenkins.couchbase.com/job/kv_engine-windows-master/19651/ : SUCCESS
----------------------------------------------------------------------------------------------------------------------
