======================================================================================================================
DESCRIPTION:

Refactor: Move off StateMachine::ssl_init state

Handle this by using a different initial read callback from
bufferevent, and flip over to the standard read_callback once
certificate handling is complete.

Change-Id: I0898eea69d40a972c302f59cacc0e8ecd70c9a9f

======================================================================================================================
COMMENTS
======================================================================================================================
Author: Trond Norbye
Date: 2019-09-20 08:21:06.000000000
Message: 
Uploaded patch set 27: Patch Set 26 was rebased.
----------------------------------------------------------------------------------------------------------------------
Author: Build Bot
Date: 2019-09-20 10:15:17.000000000
Message: 
Patch Set 27: Verified-1

Build Failed 

http://cv.jenkins.couchbase.com/job/kv_engine.ASan-UBSan/job/master/7069/ : ABORTED

Build which was aborted due to a newer patch set being uploaded for the given review. ( http://cv.jenkins.couchbase.com/job/kv_engine.ASan-UBSan/job/master/7069/ )

http://cv.jenkins.couchbase.com/job/kv_engine-clang_analyzer-master/20006/ : FAILURE

Compile error at /home/couchbase/jenkins/workspace/kv_engine-clang_analyzer-master/kv_engine/daemon/mcbp_validators.cc:1205:49:
error: no member named "PacketContent" in "Cookie"
 ( http://cv.jenkins.couchbase.com/job/kv_engine-clang_analyzer-master/20006/ )

http://cv.jenkins.couchbase.com/job/kv_engine-linux-master/22445/ : FAILURE

Compile error at /home/couchbase/jenkins/workspace/kv_engine-linux-master/kv_engine/daemon/mcbp_validators.cc:1205:49:
error: ?Cookie::PacketContent? has not been declared
 ( http://cv.jenkins.couchbase.com/job/kv_engine-linux-master/22445/ )

http://cv.jenkins.couchbase.com/job/kv_engine-linux-master-CE/4115/ : FAILURE

Compile error at /home/couchbase/jenkins/workspace/kv_engine-linux-master-CE/kv_engine/daemon/mcbp_validators.cc:1205:49:
error: ?Cookie::PacketContent? has not been declared
 ( http://cv.jenkins.couchbase.com/job/kv_engine-linux-master-CE/4115/ )

http://cv.jenkins.couchbase.com/job/kv_engine-threadsanitizer-master/14364/ : FAILURE

Compile error at /home/couchbase/jenkins/workspace/kv_engine-threadsanitizer-master/kv_engine/daemon/mcbp_validators.cc:1205:49:
error: ?Cookie::PacketContent? has not been declared
 ( http://cv.jenkins.couchbase.com/job/kv_engine-threadsanitizer-master/14364/ )

http://cv.jenkins.couchbase.com/job/kv_engine-clang_format/21042/ : SUCCESS
----------------------------------------------------------------------------------------------------------------------
