======================================================================================================================
DESCRIPTION:

MB-46740: Remove ItemsForCursor::highCompletedSeqno

And use the HCS that is already present in ItemsForCursor::ranges.

Change-Id: Ide7c0cb23108d65f0dc2ba687dd707332fd85eb0

======================================================================================================================
COMMENTS
======================================================================================================================
Author: Paolo Cocchi
Date: 2022-09-09 09:48:13.000000000
Message: 
Uploaded patch set 1.
----------------------------------------------------------------------------------------------------------------------
Author: Build Bot
Date: 2022-09-09 10:53:16.000000000
Message: 
Patch Set 1: Verified-1

Build Failed 

https://cv.jenkins.couchbase.com/job/kv_engine-windows-master/49196/ : FAILURE

Failure of GoogleTest "WarmupDiskTest.noDataFileCollectionCountsTest":

<pre>
[ RUN      ] WarmupDiskTest.noDataFileCollectionCountsTest
unknown file: error: C++ exception with description "remove: Incorrect function.: "C:\Jenkins\workspace\kv_engine-windows-master\build\kv_engine\ep_engine_ep_unit_tests.db/test.419401\0.couch.1"" thrown in the test body.
[  FAILED  ] WarmupDiskTest.noDataFileCollectionCountsTest (41 ms)
WarmupDiskTest.noDataFileCollectionCountsTest
</pre>
 ( https://cv.jenkins.couchbase.com/job/kv_engine-windows-master/49196/ )

https://cv.jenkins.couchbase.com/job/kv_engine.aarch64-linux/job/master/10023/ : FAILURE

Failure of GoogleTest "CollectionsDcpEphemeralOrPersistent/CollectionsDcpPersistentOnly.MB_51105/persistent_couchstore_value_only":

<pre>
[ RUN      ] CollectionsDcpEphemeralOrPersistent/CollectionsDcpPersistentOnly.MB_51105/persistent_couchstore_value_only
[2022-09-09T10:15:33.251Z] unknown file: Failure
[2022-09-09T10:15:33.251Z] C++ exception with description "GSL: Precondition failure: "!outstandingItemsResult.ranges.empty()" at /home/couchbase/jenkins/workspace/kv_engine.aarch64-linux_master/kv_engine/engines/ep/src/dcp/active_stream.cc:1289" thrown in the test body.
[2022-09-09T10:15:33.251Z] [  FAILED  ] CollectionsDcpEphemeralOrPersistent/CollectionsDcpPersistentOnly.MB_51105/persistent_couchstore_value_only, where GetParam() = "bucket_type=persistent:backend=couchstore:item_eviction_policy=value_only" (3 ms)
CollectionsDcpEphemeralOrPersistent/CollectionsDcpPersistentOnly.MB_51105/persistent_couchstore_value_only
</pre>
 ( https://cv.jenkins.couchbase.com/job/kv_engine.aarch64-linux/job/master/10023/ )

https://cv.jenkins.couchbase.com/job/kv_engine.linux/job/master/22547/ : FAILURE

Failure of GoogleTest "CollectionsDcpEphemeralOrPersistent/CollectionsDcpPersistentOnly.MB_51105/persistent_couchstore_value_only":

<pre>
[ RUN      ] CollectionsDcpEphemeralOrPersistent/CollectionsDcpPersistentOnly.MB_51105/persistent_couchstore_value_only
[2022-09-09T10:28:43.120Z] unknown file: Failure
[2022-09-09T10:28:43.120Z] C++ exception with description "GSL: Precondition failure: "!outstandingItemsResult.ranges.empty()" at /home/couchbase/jenkins/workspace/kv_engine.linux_master/kv_engine/engines/ep/src/dcp/active_stream.cc:1289" thrown in the test body.
[2022-09-09T10:28:43.120Z] [  FAILED  ] CollectionsDcpEphemeralOrPersistent/CollectionsDcpPersistentOnly.MB_51105/persistent_couchstore_value_only, where GetParam() = "bucket_type=persistent:backend=couchstore:item_eviction_policy=value_only" (7 ms)
CollectionsDcpEphemeralOrPersistent/CollectionsDcpPersistentOnly.MB_51105/persistent_couchstore_value_only
</pre>
 ( https://cv.jenkins.couchbase.com/job/kv_engine.linux/job/master/22547/ )

One of more core files found at the end of the build. Data for post-mortem saved to archived_core_dumps.tar.bz2 under "Build Artifacts". ( https://cv.jenkins.couchbase.com/job/kv_engine.linux/job/master/22547/ )

https://cv.jenkins.couchbase.com/job/kv_engine.ASan-UBSan/job/master/30585/ : FAILURE

Failure of GoogleTest "CollectionsDcpEphemeralOrPersistent/CollectionsDcpPersistentOnly.MB_51105/persistent_couchstore_value_only":

<pre>
[ RUN      ] CollectionsDcpEphemeralOrPersistent/CollectionsDcpPersistentOnly.MB_51105/persistent_couchstore_value_only
[2022-09-09T10:30:32.771Z] unknown file: Failure
[2022-09-09T10:30:32.771Z] C++ exception with description "GSL: Precondition failure: "!outstandingItemsResult.ranges.empty()" at /home/couchbase/jenkins/workspace/kv_engine.ASan-UBSan_master/kv_engine/engines/ep/src/dcp/active_stream.cc:1289" thrown in the test body.
[2022-09-09T10:30:32.771Z] [  FAILED  ] CollectionsDcpEphemeralOrPersistent/CollectionsDcpPersistentOnly.MB_51105/persistent_couchstore_value_only, where GetParam() = "bucket_type=persistent:backend=couchstore:item_eviction_policy=value_only" (17 ms)
CollectionsDcpEphemeralOrPersistent/CollectionsDcpPersistentOnly.MB_51105/persistent_couchstore_value_only
</pre>
 ( https://cv.jenkins.couchbase.com/job/kv_engine.ASan-UBSan/job/master/30585/ )

One of more core files found at the end of the build. Data for post-mortem saved to archived_core_dumps.tar.bz2 under "Build Artifacts". ( https://cv.jenkins.couchbase.com/job/kv_engine.ASan-UBSan/job/master/30585/ )

https://cv.jenkins.couchbase.com/job/kv_engine.macos/job/master/21529/ : FAILURE

Failure of an engine_testapp test:

<pre>
Running [42/160]: file stats post warmup...../kv_engine/engines/ep/tests/ep_testsuite.cc:2308 Test failed: `" (Expected `213811" to be less than or equal to `212992" - Unexpected fileSize for vbucket)
[2022-09-09T10:46:26.466Z] (261 ms) FAIL
</pre>
 ( https://cv.jenkins.couchbase.com/job/kv_engine.macos/job/master/21529/ )

Failure of GoogleTest "CollectionsDcpEphemeralOrPersistent/CollectionsDcpPersistentOnly.MB_51105/persistent_couchstore_value_only":

<pre>
[ RUN      ] CollectionsDcpEphemeralOrPersistent/CollectionsDcpPersistentOnly.MB_51105/persistent_couchstore_value_only
[2022-09-09T10:51:23.268Z] unknown file: Failure
[2022-09-09T10:51:23.268Z] C++ exception with description "GSL: Precondition failure: "!outstandingItemsResult.ranges.empty()" at /Users/couchbase/workspace/workspace/kv_engine.macos_master@2/kv_engine/engines/ep/src/dcp/active_stream.cc:1289" thrown in the test body.
[2022-09-09T10:51:23.268Z] [  FAILED  ] CollectionsDcpEphemeralOrPersistent/CollectionsDcpPersistentOnly.MB_51105/persistent_couchstore_value_only, where GetParam() = "bucket_type=persistent:backend=couchstore:item_eviction_policy=value_only" (11 ms)
CollectionsDcpEphemeralOrPersistent/CollectionsDcpPersistentOnly.MB_51105/persistent_couchstore_value_only
</pre>
 ( https://cv.jenkins.couchbase.com/job/kv_engine.macos/job/master/21529/ )

https://cv.jenkins.couchbase.com/job/kv_engine.linux-CE/job/master/22190/ : FAILURE

Failure of GoogleTest "CollectionsDcpEphemeralOrPersistent/CollectionsDcpPersistentOnly.MB_51105/persistent_couchstore_value_only":

<pre>
[ RUN      ] CollectionsDcpEphemeralOrPersistent/CollectionsDcpPersistentOnly.MB_51105/persistent_couchstore_value_only
[2022-09-09T10:36:35.340Z] unknown file: Failure
[2022-09-09T10:36:35.340Z] C++ exception with description "GSL: Precondition failure: "!outstandingItemsResult.ranges.empty()" at /home/couchbase/jenkins/workspace/kv_engine.linux-CE_master/kv_engine/engines/ep/src/dcp/active_stream.cc:1289" thrown in the test body.
[2022-09-09T10:36:35.340Z] [  FAILED  ] CollectionsDcpEphemeralOrPersistent/CollectionsDcpPersistentOnly.MB_51105/persistent_couchstore_value_only, where GetParam() = "bucket_type=persistent:backend=couchstore:item_eviction_policy=value_only" (30 ms)
CollectionsDcpEphemeralOrPersistent/CollectionsDcpPersistentOnly.MB_51105/persistent_couchstore_value_only
</pre>
 ( https://cv.jenkins.couchbase.com/job/kv_engine.linux-CE/job/master/22190/ )

One of more core files found at the end of the build. Data for post-mortem saved to archived_core_dumps.tar.bz2 under "Build Artifacts". ( https://cv.jenkins.couchbase.com/job/kv_engine.linux-CE/job/master/22190/ )

https://cv.jenkins.couchbase.com/job/kv_engine.threadsanitizer/job/master/23297/ : FAILURE

Failure of GoogleTest "CollectionsDcpEphemeralOrPersistent/CollectionsDcpPersistentOnly.MB_51105/persistent_couchstore_value_only":

<pre>
[ RUN      ] CollectionsDcpEphemeralOrPersistent/CollectionsDcpPersistentOnly.MB_51105/persistent_couchstore_value_only
[2022-09-09T10:34:17.312Z] unknown file: Failure
[2022-09-09T10:34:17.312Z] C++ exception with description "GSL: Precondition failure: "!outstandingItemsResult.ranges.empty()" at /home/couchbase/jenkins/workspace/kv_engine.threadsanitizer_master/kv_engine/engines/ep/src/dcp/active_stream.cc:1289" thrown in the test body.
[2022-09-09T10:34:17.312Z] [  FAILED  ] CollectionsDcpEphemeralOrPersistent/CollectionsDcpPersistentOnly.MB_51105/persistent_couchstore_value_only, where GetParam() = "bucket_type=persistent:backend=couchstore:item_eviction_policy=value_only" (72 ms)
CollectionsDcpEphemeralOrPersistent/CollectionsDcpPersistentOnly.MB_51105/persistent_couchstore_value_only
</pre>
 ( https://cv.jenkins.couchbase.com/job/kv_engine.threadsanitizer/job/master/23297/ )

ThreadSanitizer issue: signal-unsafe call inside of a signal (/opt/gcc-10.2.0/lib64/libtsan.so.0+0x33081) in __interceptor_malloc  ( https://cv.jenkins.couchbase.com/job/kv_engine.threadsanitizer/job/master/23297/ )

https://cv.jenkins.couchbase.com/job/kv_engine-clang_format_9/19440/ : SUCCESS

https://cv.jenkins.couchbase.com/job/kv_engine-clang_tidy-master/20219/ : SUCCESS

https://cv.jenkins.couchbase.com/job/kv_engine-clang_analyzer-master/41354/ : SUCCESS

https://cv.jenkins.couchbase.com/job/kv_engine.libFuzzer/job/master/9926/ : SUCCESS
----------------------------------------------------------------------------------------------------------------------
