======================================================================================================================
DESCRIPTION:

Refactor: Unify read/write callbacks for folly

Move the read/write callbacks used in the core to a
common location and use the same callbacks in the async client
used for testing.

After the move the code is isolated in such a way that it is
easy to write unit tests (not part of this patch) and possibly
other benchmarks

Change-Id: I7ed3de87eac97b5b2830ca399b9e50c3257f9c0d

======================================================================================================================
COMMENTS
======================================================================================================================
Author: Trond Norbye
Date: 2023-02-16 07:52:09.000000000
Message: 
Uploaded patch set 12: Patch Set 11 was rebased.
----------------------------------------------------------------------------------------------------------------------
Author: Build Bot
Date: 2023-02-16 08:46:56.000000000
Message: 
Patch Set 12: Verified-1

Build Failed 

https://cv.jenkins.couchbase.com/job/kv_engine-windows-master/52062/ : FAILURE

Failure of GoogleTest "CollectionsDcpEphemeralOrPersistent/CollectionsDcpParameterizedTest.seqno_advanced_from_disk_to_memory/couchstore_persistent_full_eviction_":

<pre>
[ RUN      ] CollectionsDcpEphemeralOrPersistent/CollectionsDcpParameterizedTest.seqno_advanced_from_disk_to_memory/couchstore_persistent_full_eviction_
[       OK ] CollectionsDcpEphemeralOrPersistent/CollectionsDcpParameterizedTest.seqno_advanced_from_disk_to_memory/couchstore_persistent_full_eviction_ (16 ms)
[ RUN      ] CollectionsDcpEphemeralOrPersistent/CollectionsDcpParameterizedTest.seqno_advanced_from_disk_to_memory/couchstore_persistent_full_eviction_per_doc_comp
unknown file: error: C++ exception with description "remove_all: The process cannot access the file because it is being used by another process.: "ep_engine_ep_unit_tests.db/test.365702"" thrown in TearDown().
[  FAILED  ] CollectionsDcpEphemeralOrPersistent/CollectionsDcpParameterizedTest.seqno_advanced_from_disk_to_memory/couchstore_persistent_full_eviction_per_doc_comp, where GetParam() = "backend=couchstore:bucket_type=persistent:item_eviction_policy=full_eviction:magma_per_document_compression_enabled=true" (53 ms)
CollectionsDcpEphemeralOrPersistent/CollectionsDcpParameterizedTest.seqno_advanced_from_disk_to_memory/couchstore_persistent_full_eviction_
</pre>
 ( https://cv.jenkins.couchbase.com/job/kv_engine-windows-master/52062/ )

https://cv.jenkins.couchbase.com/job/kv_engine.macos/job/master/24259/ : FAILURE

No problems were identified. If you know why this problem occurred, please add a suitable Cause for it. ( https://cv.jenkins.couchbase.com/job/kv_engine.macos/job/master/24259/ )

https://cv.jenkins.couchbase.com/job/kv_engine-clang_tidy-master/22655/ : SUCCESS

https://cv.jenkins.couchbase.com/job/kv_engine-clang_analyzer-master/43686/ : SUCCESS

https://cv.jenkins.couchbase.com/job/kv_engine-clang_format_9/22722/ : SUCCESS

https://cv.jenkins.couchbase.com/job/kv_engine.linux-debug/job/master/1434/ : SUCCESS

https://cv.jenkins.couchbase.com/job/kv_engine.aarch64-linux/job/master/12464/ : SUCCESS

https://cv.jenkins.couchbase.com/job/kv_engine.libFuzzer/job/master/12384/ : SUCCESS

https://cv.jenkins.couchbase.com/job/kv_engine.linux-CE/job/master/24708/ : SUCCESS

https://cv.jenkins.couchbase.com/job/kv_engine.linux/job/master/25144/ : SUCCESS

https://cv.jenkins.couchbase.com/job/kv_engine.threadsanitizer/job/master/26017/ : SUCCESS

https://cv.jenkins.couchbase.com/job/kv_engine.ASan-UBSan/job/master/33128/ : SUCCESS
----------------------------------------------------------------------------------------------------------------------
Author: Build Bot
Date: 2023-02-16 10:56:01.000000000
Message: 
Patch Set 12:

Build Failed 

https://cv.jenkins.couchbase.com/job/kv_engine-windows-master/52067/ : FAILURE

Failure of GoogleTest "EphemeralOrPersistent/BucketQuotaChangeTest.QuotaChangeDownMemoryUsageHigh/magma_persistent_full_eviction":

<pre>
[ RUN      ] EphemeralOrPersistent/BucketQuotaChangeTest.QuotaChangeDownMemoryUsageHigh/magma_persistent_full_eviction
..\kv_engine\engines\ep\tests\module_tests\evp_store_single_threaded_test.cc(137): error: Expected: (0) != (cb::ArenaMalloc::getPreciseAllocated(engine->getArenaMallocClient(), cb::MemoryDomain::Primary)), actual: 0 vs 0
[  FAILED  ] EphemeralOrPersistent/BucketQuotaChangeTest.QuotaChangeDownMemoryUsageHigh/magma_persistent_full_eviction, where GetParam() = "backend=magma:bucket_type=persistent:item_eviction_policy=full_eviction" (243 ms)
EphemeralOrPersistent/BucketQuotaChangeTest.QuotaChangeDownMemoryUsageHigh/magma_persistent_full_eviction
</pre>
 ( https://cv.jenkins.couchbase.com/job/kv_engine-windows-master/52067/ )

https://cv.jenkins.couchbase.com/job/kv_engine-clang_tidy-master/22655/ : SUCCESS

https://cv.jenkins.couchbase.com/job/kv_engine-clang_analyzer-master/43686/ : SUCCESS

https://cv.jenkins.couchbase.com/job/kv_engine-clang_format_9/22722/ : SUCCESS

https://cv.jenkins.couchbase.com/job/kv_engine.macos/job/master/24264/ : SUCCESS

https://cv.jenkins.couchbase.com/job/kv_engine.linux-debug/job/master/1434/ : SUCCESS

https://cv.jenkins.couchbase.com/job/kv_engine.aarch64-linux/job/master/12464/ : SUCCESS

https://cv.jenkins.couchbase.com/job/kv_engine.libFuzzer/job/master/12384/ : SUCCESS

https://cv.jenkins.couchbase.com/job/kv_engine.linux-CE/job/master/24708/ : SUCCESS

https://cv.jenkins.couchbase.com/job/kv_engine.linux/job/master/25144/ : SUCCESS

https://cv.jenkins.couchbase.com/job/kv_engine.threadsanitizer/job/master/26017/ : SUCCESS

https://cv.jenkins.couchbase.com/job/kv_engine.ASan-UBSan/job/master/33128/ : SUCCESS
----------------------------------------------------------------------------------------------------------------------
Author: Build Bot
Date: 2023-02-16 11:38:57.000000000
Message: 
Patch Set 12:

Build Failed 

https://cv.jenkins.couchbase.com/job/kv_engine-windows-master/52072/ : FAILURE

Failure of GoogleTest "TransportProtocols/StatsTest.MB37147_TestEWBReturnFromStat/McbpSsl":

<pre>
[ RUN      ] TransportProtocols/StatsTest.MB37147_TestEWBReturnFromStat/McbpSsl
C:/Jenkins/workspace/kv_engine-windows-master/kv_engine/tests/testapp/testapp_stats.cc(302): error: Value of: stats.empty()
  Actual: true
Expected: false
[  FAILED  ] TransportProtocols/StatsTest.MB37147_TestEWBReturnFromStat/McbpSsl, where GetParam() = McbpSsl (6 ms)
TransportProtocols/StatsTest.MB37147_TestEWBReturnFromStat/McbpSsl
</pre>
 ( https://cv.jenkins.couchbase.com/job/kv_engine-windows-master/52072/ )

https://cv.jenkins.couchbase.com/job/kv_engine-clang_tidy-master/22655/ : SUCCESS

https://cv.jenkins.couchbase.com/job/kv_engine-clang_analyzer-master/43686/ : SUCCESS

https://cv.jenkins.couchbase.com/job/kv_engine-clang_format_9/22722/ : SUCCESS

https://cv.jenkins.couchbase.com/job/kv_engine.macos/job/master/24264/ : SUCCESS

https://cv.jenkins.couchbase.com/job/kv_engine.linux-debug/job/master/1434/ : SUCCESS

https://cv.jenkins.couchbase.com/job/kv_engine.aarch64-linux/job/master/12464/ : SUCCESS

https://cv.jenkins.couchbase.com/job/kv_engine.libFuzzer/job/master/12384/ : SUCCESS

https://cv.jenkins.couchbase.com/job/kv_engine.linux-CE/job/master/24708/ : SUCCESS

https://cv.jenkins.couchbase.com/job/kv_engine.linux/job/master/25144/ : SUCCESS

https://cv.jenkins.couchbase.com/job/kv_engine.threadsanitizer/job/master/26017/ : SUCCESS

https://cv.jenkins.couchbase.com/job/kv_engine.ASan-UBSan/job/master/33128/ : SUCCESS
----------------------------------------------------------------------------------------------------------------------
Author: Build Bot
Date: 2023-02-16 12:00:11.000000000
Message: 
Patch Set 12: Verified+1

Build Successful 

https://cv.jenkins.couchbase.com/job/kv_engine-clang_tidy-master/22655/ : SUCCESS

https://cv.jenkins.couchbase.com/job/kv_engine-clang_analyzer-master/43686/ : SUCCESS

https://cv.jenkins.couchbase.com/job/kv_engine-clang_format_9/22722/ : SUCCESS

https://cv.jenkins.couchbase.com/job/kv_engine.macos/job/master/24264/ : SUCCESS

https://cv.jenkins.couchbase.com/job/kv_engine.linux-debug/job/master/1434/ : SUCCESS

https://cv.jenkins.couchbase.com/job/kv_engine.aarch64-linux/job/master/12464/ : SUCCESS

https://cv.jenkins.couchbase.com/job/kv_engine.libFuzzer/job/master/12384/ : SUCCESS

https://cv.jenkins.couchbase.com/job/kv_engine.linux-CE/job/master/24708/ : SUCCESS

https://cv.jenkins.couchbase.com/job/kv_engine.linux/job/master/25144/ : SUCCESS

https://cv.jenkins.couchbase.com/job/kv_engine.threadsanitizer/job/master/26017/ : SUCCESS

https://cv.jenkins.couchbase.com/job/kv_engine.ASan-UBSan/job/master/33128/ : SUCCESS

https://cv.jenkins.couchbase.com/job/kv_engine-windows-master/52073/ : SUCCESS
----------------------------------------------------------------------------------------------------------------------
