======================================================================================================================
DESCRIPTION:

MB-47318: [BP] Add PassiveStream always buffered mode

Add a DcpControl that can force consumer to always process
messages on the AUXIO task.

Change-Id: Ie96930982efc43ee1ec56e997ca29c658ae0b3e6

======================================================================================================================
COMMENTS
======================================================================================================================
Author: Jim Walker
Date: 2021-11-03 14:58:05.000000000
Message: 
Uploaded patch set 1.
----------------------------------------------------------------------------------------------------------------------
Author: Restriction Checker
Date: 2021-11-03 14:58:33.000000000
Message: 
Patch Set 1: Well-Formed+1

Permission granted to commit: 

http://server.jenkins.couchbase.com/job/restricted-branch-check/270943/artifact/restricted.html : SUCCESS
----------------------------------------------------------------------------------------------------------------------
Author: Build Bot
Date: 2021-11-03 15:39:10.000000000
Message: 
Patch Set 1: Verified-1

Build Failed 

http://cv.jenkins.couchbase.com/job/kv_engine-clang_analyzer-mad-hatter/1912/ : FAILURE

Compile error at /home/couchbase/jenkins/workspace/kv_engine-clang_analyzer-mad-hatter/kv_engine/engines/ep/src/dcp/consumer.cc:37:10:
fatal error: "charconv" file not found
 ( http://cv.jenkins.couchbase.com/job/kv_engine-clang_analyzer-mad-hatter/1912/ )

http://cv.jenkins.couchbase.com/job/kv_engine.libFuzzer/job/mad-hatter/61/ : FAILURE

Compile error at [2021-11-03T15:07:07.495Z] ../kv_engine/engines/ep/src/dcp/consumer.cc:37:10:
fatal error: charconv: No such file or directory
 ( http://cv.jenkins.couchbase.com/job/kv_engine.libFuzzer/job/mad-hatter/61/ )

http://cv.jenkins.couchbase.com/job/kv_engine.ASan-UBSan/job/mad-hatter/1988/ : FAILURE

Compile error at [2021-11-03T15:18:54.377Z] ../kv_engine/engines/ep/src/dcp/consumer.cc:37:10:
fatal error: charconv: No such file or directory
 ( http://cv.jenkins.couchbase.com/job/kv_engine.ASan-UBSan/job/mad-hatter/1988/ )

http://cv.jenkins.couchbase.com/job/kv_engine.macos/job/mad-hatter/1359/ : FAILURE

Compile error at [2021-11-03T15:06:55.355Z] ../kv_engine/engines/ep/src/dcp/consumer.cc:37:10:
fatal error: "charconv" file not found
 ( http://cv.jenkins.couchbase.com/job/kv_engine.macos/job/mad-hatter/1359/ )

http://cv.jenkins.couchbase.com/job/kv_engine.threadsanitizer/job/mad-hatter/1789/ : FAILURE

Compile error at [2021-11-03T15:10:09.973Z] ../kv_engine/engines/ep/src/dcp/consumer.cc:37:10:
fatal error: charconv: No such file or directory
 ( http://cv.jenkins.couchbase.com/job/kv_engine.threadsanitizer/job/mad-hatter/1789/ )

http://cv.jenkins.couchbase.com/job/kv_engine.linux-CE/job/mad-hatter/2010/ : FAILURE

Compile error at [2021-11-03T15:22:27.004Z] ../kv_engine/engines/ep/src/dcp/consumer.cc:37:10:
fatal error: charconv: No such file or directory
 ( http://cv.jenkins.couchbase.com/job/kv_engine.linux-CE/job/mad-hatter/2010/ )

http://cv.jenkins.couchbase.com/job/kv_engine.linux/job/mad-hatter/2009/ : FAILURE

Compile error at [2021-11-03T15:17:50.306Z] ../kv_engine/engines/ep/src/dcp/consumer.cc:37:10:
fatal error: charconv: No such file or directory
 ( http://cv.jenkins.couchbase.com/job/kv_engine.linux/job/mad-hatter/2009/ )

http://cv.jenkins.couchbase.com/job/kv_engine-windows-madhatter/2148/ : SUCCESS

http://cv.jenkins.couchbase.com/job/kv_engine-clang_format/26524/ : SUCCESS
----------------------------------------------------------------------------------------------------------------------
