======================================================================================================================
DESCRIPTION:

toybuild: test set time after removing logger

Change-Id: I9c03edeead5d5f892ac632c3fb933168c35a7b87

======================================================================================================================
COMMENTS
======================================================================================================================
Author: Sarath Lakshman
Date: 2021-05-05 13:36:58.000000000
Message: 
Uploaded patch set 1.
----------------------------------------------------------------------------------------------------------------------
Author: Build Bot
Date: 2021-05-05 14:23:37.000000000
Message: 
Patch Set 1: Verified-1

Build Failed 

http://cv.jenkins.couchbase.com/job/kv_engine-windows-master/35541/ : FAILURE

Failure of GoogleTest "Persistent/DcpStreamSyncReplPersistentTest.BackfillMajorityAndPersistPrepareWrite/persistent":

<pre>
[ RUN      ] Persistent/DcpStreamSyncReplPersistentTest.BackfillMajorityAndPersistPrepareWrite/persistent
unknown file: error: C++ exception with description "cb::io::rmrf: remove of file \\?\C:\Jenkins\workspace\kv_engine-windows-master\build\kv_engine\ep_engine_ep_unit_tests.db\test.534101\magma.1\wal\wal.1 under ep_engine_ep_unit_tests.db/test.534101 failed: The data is invalid." thrown in TearDown().
[  FAILED  ] Persistent/DcpStreamSyncReplPersistentTest.BackfillMajorityAndPersistPrepareWrite/persistent, where GetParam() = "persistent" (40 ms)
Persistent/DcpStreamSyncReplPersistentTest.BackfillMajorityAndPersistPrepareWrite/persistent
</pre>
 ( http://cv.jenkins.couchbase.com/job/kv_engine-windows-master/35541/ )

Timeout of a CTest test 406/407 Test #264: ep_testsuite_dcp.value_eviction.comp_active ...................................................................................} ( http://cv.jenkins.couchbase.com/job/kv_engine-windows-master/35541/ )

http://cv.jenkins.couchbase.com/job/kv_engine-clang_analyzer-master/30392/ : SUCCESS

http://cv.jenkins.couchbase.com/job/kv_engine-clang_format_9/7282/ : SUCCESS

http://cv.jenkins.couchbase.com/job/kv_engine-clang_tidy/8732/ : SUCCESS

http://cv.jenkins.couchbase.com/job/kv_engine.macos/job/master/9341/ : SUCCESS

http://cv.jenkins.couchbase.com/job/kv_engine.linux-CE/job/master/10268/ : SUCCESS

http://cv.jenkins.couchbase.com/job/kv_engine.threadsanitizer/job/master/10660/ : SUCCESS

http://cv.jenkins.couchbase.com/job/kv_engine.ASan-UBSan/job/master/18213/ : SUCCESS

http://cv.jenkins.couchbase.com/job/kv_engine.linux/job/master/10411/ : SUCCESS
----------------------------------------------------------------------------------------------------------------------
