======================================================================================================================
DESCRIPTION:

Revert "MB-39745: Don't over-allocate memory for vbAbortCompaction"

This reverts commit 97dc63a2520f8ae760b25d6f31cc0f83f19acfa3.

Reason for revert: <INSERT REASONING HERE>

Change-Id: I8b28dd9f73e101cb67ed6e74c3b0f39313987b58

======================================================================================================================
COMMENTS
======================================================================================================================
Author: Paolo Cocchi
Date: 2021-12-14 08:04:49.000000000
Message: 
Uploaded patch set 1.
----------------------------------------------------------------------------------------------------------------------
Author: Paolo Cocchi
Date: 2021-12-14 08:04:53.000000000
Message: 
Removed reviewer Trond Norbye.
----------------------------------------------------------------------------------------------------------------------
Author: Paolo Cocchi
Date: 2021-12-14 08:04:54.000000000
Message: 
Removed reviewer Dave Rigby.
----------------------------------------------------------------------------------------------------------------------
Author: Paolo Cocchi
Date: 2021-12-14 08:04:56.000000000
Message: 
Removed reviewer Jim Walker.
----------------------------------------------------------------------------------------------------------------------
Author: Paolo Cocchi
Date: 2021-12-14 08:04:57.000000000
Message: 
Removed reviewer Daniel Owen.
----------------------------------------------------------------------------------------------------------------------
Author: Paolo Cocchi
Date: 2021-12-14 08:04:58.000000000
Message: 
Removed reviewer Dave Finlay.
----------------------------------------------------------------------------------------------------------------------
Author: Paolo Cocchi
Date: 2021-12-14 08:04:59.000000000
Message: 
Removed reviewer James H.
----------------------------------------------------------------------------------------------------------------------
Author: Paolo Cocchi
Date: 2021-12-14 08:05:00.000000000
Message: 
Removed reviewer Ben Huddleston.
----------------------------------------------------------------------------------------------------------------------
Author: Paolo Cocchi
Date: 2021-12-14 08:05:02.000000000
Message: 
Removed reviewer Richard de Mellow.
----------------------------------------------------------------------------------------------------------------------
Author: Build Bot
Date: 2021-12-14 08:12:00.000000000
Message: 
Patch Set 1: Verified-1 Code-Review-1

Build Failed 

http://cv.jenkins.couchbase.com/job/kv_engine-clang_analyzer-master/35954/ : FAILURE

Compile error at /home/couchbase/jenkins/workspace/kv_engine-clang_analyzer-master/kv_engine/utilities/json_utilities.h:14:10:
fatal error: "nlohmann/json.hpp" file not found
 ( http://cv.jenkins.couchbase.com/job/kv_engine-clang_analyzer-master/35954/ )

http://cv.jenkins.couchbase.com/job/kv_engine-windows-master/42407/ : FAILURE

Compile error at C:/Jenkins/workspace/kv_engine-windows-master/kv_engine/precompiled_headers.h(14): fatal error C1083: Cannot open include file: "nlohmann/json.hpp": No such file or directory ( http://cv.jenkins.couchbase.com/job/kv_engine-windows-master/42407/ )

http://cv.jenkins.couchbase.com/job/kv_engine-clang_tidy-master/14497/ : FAILURE

Compile error at /home/couchbase/jenkins/workspace/kv_engine-clang_tidy-master/kv_engine/engines/ep/tools/gencode.cc:13:10:
fatal error: "nlohmann/json.hpp" file not found
 ( http://cv.jenkins.couchbase.com/job/kv_engine-clang_tidy-master/14497/ )

http://cv.jenkins.couchbase.com/job/kv_engine.libFuzzer/job/master/4140/ : FAILURE

Compile error at [2021-12-14T08:06:46.457Z] ../kv_engine/tests/unsigned_leb128/unsigned_leb128_bench.cc:15:10:
fatal error: "benchmark/benchmark.h" file not found
 ( http://cv.jenkins.couchbase.com/job/kv_engine.libFuzzer/job/master/4140/ )

http://cv.jenkins.couchbase.com/job/kv_engine.linux-CE/job/master/16137/ : FAILURE

Compile error at [2021-12-14T08:07:52.460Z] /home/couchbase/jenkins/workspace/kv_engine.linux-CE_master/kv_engine/precompiled_headers.h:14:10:
fatal error: nlohmann/json.hpp: No such file or directory
 ( http://cv.jenkins.couchbase.com/job/kv_engine.linux-CE/job/master/16137/ )

http://cv.jenkins.couchbase.com/job/kv_engine.macos/job/master/15298/ : FAILURE

Compile error at [2021-12-14T08:07:24.602Z] ../magma/util/kvengine.h:7:10:
fatal error: "magma-kvstore_magma_db_stats.h" file not found
 ( http://cv.jenkins.couchbase.com/job/kv_engine.macos/job/master/15298/ )

http://cv.jenkins.couchbase.com/job/kv_engine.linux/job/master/16432/ : FAILURE

Compile error at [2021-12-14T08:07:01.354Z] ../magma/util/kvengine.h:7:10:
fatal error: magma-kvstore_magma_db_stats.h: No such file or directory
 ( http://cv.jenkins.couchbase.com/job/kv_engine.linux/job/master/16432/ )

http://cv.jenkins.couchbase.com/job/kv_engine.aarch64-linux/job/master/4198/ : FAILURE

http://cv.jenkins.couchbase.com/job/kv_engine.threadsanitizer/job/master/17202/ : FAILURE

Compile error at [2021-12-14T08:07:00.980Z] ../magma/util/kvengine.h:7:10:
fatal error: "magma-kvstore_magma_db_stats.h" file not found
 ( http://cv.jenkins.couchbase.com/job/kv_engine.threadsanitizer/job/master/17202/ )

http://cv.jenkins.couchbase.com/job/kv_engine.ASan-UBSan/job/master/24542/ : FAILURE

Compile error at [2021-12-14T08:07:01.682Z] ../magma/util/kvengine.h:7:10:
fatal error: "magma-kvstore_magma_db_stats.h" file not found
 ( http://cv.jenkins.couchbase.com/job/kv_engine.ASan-UBSan/job/master/24542/ )

http://cv.jenkins.couchbase.com/job/kv_engine-clang_format_9/13327/ : SUCCESS
----------------------------------------------------------------------------------------------------------------------
