======================================================================================================================
DESCRIPTION:

Tighten up engine API; Require cookie for unknown_command

Change-Id: Ie8b9ccd67e614b5f8ac70291702299189ab20572

======================================================================================================================
COMMENTS
======================================================================================================================
Author: Trond Norbye
Date: 2017-12-01 16:31:18.000000000
Message: 
Uploaded patch set 4.
----------------------------------------------------------------------------------------------------------------------
Author: Build Bot
Date: 2017-12-01 16:56:04.000000000
Message: 
Patch Set 4: Verified-1

Build Failed 

http://cv.jenkins.couchbase.com/job/kv_engine-windows-master/4611/ : FAILURE

Failure of a CTest test  23/111 Test  #22: ep_testsuite.full_eviction ..................... ( http://cv.jenkins.couchbase.com/job/kv_engine-windows-master/4611/ )

http://cv.jenkins.couchbase.com/job/kv_engine-addresssanitizer-master/4401/ : FAILURE

AddressSanitizer issue: heap-use-after-free /home/couchbase/jenkins/workspace/kv_engine-addresssanitizer-master/kv_engine/programs/engine_testapp/engine_testapp.cc:140:16 in call_engine_and_handle_EWOULDBLOCK(gsl::not_null<engine_interface*>, mock_connstruct*, std::function<ENGINE_ERROR_CODE ()>) ( http://cv.jenkins.couchbase.com/job/kv_engine-addresssanitizer-master/4401/ )

Failure of a CTest test  22/106 Test  #25: ep_testsuite.ephemeral ........................... ( http://cv.jenkins.couchbase.com/job/kv_engine-addresssanitizer-master/4401/ )

http://cv.jenkins.couchbase.com/job/kv_engine-threadsanitizer-master/4565/ : FAILURE

Failure of a CTest test  24/107 Test  #26: ep_testsuite.ephemeral ........................... ( http://cv.jenkins.couchbase.com/job/kv_engine-threadsanitizer-master/4565/ )

ThreadSanitizer issue: heap-use-after-free /home/couchbase/jenkins/workspace/kv_engine-threadsanitizer-master/kv_engine/programs/engine_testapp/engine_testapp.cc:140:16 in call_engine_and_handle_EWOULDBLOCK(gsl::not_null<engine_interface*>, mock_connstruct*, std::function<ENGINE_ERROR_CODE ()>)  ( http://cv.jenkins.couchbase.com/job/kv_engine-threadsanitizer-master/4565/ )

http://cv.jenkins.couchbase.com/job/kv_engine-linux-master/4854/ : FAILURE

Valgrind detected one or more issues ( http://cv.jenkins.couchbase.com/job/kv_engine-linux-master/4854/ )

http://cv.jenkins.couchbase.com/job/kv_engine-clang_format/3152/ : SUCCESS

http://cv.jenkins.couchbase.com/job/kv_engine-clang_analyzer-master/4206/ : SUCCESS
----------------------------------------------------------------------------------------------------------------------
