======================================================================================================================
DESCRIPTION:

Fix ssl errors?

Change-Id: I52a0f628f0bb0e5a5e76820b18cec02c467edd78

======================================================================================================================
COMMENTS
======================================================================================================================
Author: Trond Norbye
Date: 2019-08-27 18:05:30.000000000
Message: 
Patch Set 4: Published edit on patch set 3.
----------------------------------------------------------------------------------------------------------------------
Author: Build Bot
Date: 2019-08-27 18:05:36.000000000
Message: 
Patch Set 4:

Branch restricted. PLEASE READ this URL: 

http://server.jenkins.couchbase.com/job/restricted-branch-check/146551/artifact/restricted.html : FAILURE
----------------------------------------------------------------------------------------------------------------------
Author: Build Bot
Date: 2019-08-27 18:40:37.000000000
Message: 
Patch Set 4: Verified-1

Build Failed 

http://cv.jenkins.couchbase.com/job/kv_engine-threadsanitizer-vulcan/933/ : FAILURE

Failure of a CTest test  54/171 Test  #53: ep_testsuite_dcp.ephemeral.comp_active ....................................... ( http://cv.jenkins.couchbase.com/job/kv_engine-threadsanitizer-vulcan/933/ )

http://cv.jenkins.couchbase.com/job/kv_engine-windows-vulcan/1069/ : SUCCESS

http://cv.jenkins.couchbase.com/job/kv_engine-undefinedsanitizer-vulcan/775/ : SUCCESS

http://cv.jenkins.couchbase.com/job/kv_engine-addresssanitizer-vulcan/759/ : SUCCESS

http://cv.jenkins.couchbase.com/job/kv_engine-linux-vulcan/805/ : SUCCESS

http://cv.jenkins.couchbase.com/job/kv_engine-clang_format/20589/ : SUCCESS

http://cv.jenkins.couchbase.com/job/kv_engine-clang_analyzer-vulcan/740/ : SUCCESS
----------------------------------------------------------------------------------------------------------------------
Author: Build Bot
Date: 2019-08-27 20:02:56.000000000
Message: 
Patch Set 4: Verified+1

Build Successful 

http://cv.jenkins.couchbase.com/job/kv_engine-windows-vulcan/1069/ : SUCCESS

http://cv.jenkins.couchbase.com/job/kv_engine-undefinedsanitizer-vulcan/775/ : SUCCESS

http://cv.jenkins.couchbase.com/job/kv_engine-addresssanitizer-vulcan/759/ : SUCCESS

http://cv.jenkins.couchbase.com/job/kv_engine-linux-vulcan/805/ : SUCCESS

http://cv.jenkins.couchbase.com/job/kv_engine-clang_format/20589/ : SUCCESS

http://cv.jenkins.couchbase.com/job/kv_engine-clang_analyzer-vulcan/740/ : SUCCESS

http://cv.jenkins.couchbase.com/job/kv_engine-threadsanitizer-vulcan/934/ : SUCCESS
----------------------------------------------------------------------------------------------------------------------
