======================================================================================================================
DESCRIPTION:

MB-32107: Move topkeys unique ptr to reduce cache contention

Change-Id: I394f2302bc635a39cd1d9bd52ebf21f5ab99d437

======================================================================================================================
COMMENTS
======================================================================================================================
Author: Ben Huddleston
Date: 2019-02-28 09:21:27.000000000
Message: 
Uploaded patch set 3: Patch Set 2 was rebased.
----------------------------------------------------------------------------------------------------------------------
Author: Ben Huddleston
Date: 2019-02-28 09:21:47.000000000
Message: 
Patch Set 3:

need to update mb too
----------------------------------------------------------------------------------------------------------------------
Author: Build Bot
Date: 2019-02-28 09:48:53.000000000
Message: 
Patch Set 3: Verified-1

Build Failed 

http://cv.jenkins.couchbase.com/job/kv_engine-clang_analyzer-master/15324/ : FAILURE

Compile error at /home/couchbase/jenkins/workspace/kv_engine-clang_analyzer-master/kv_engine/tests/memory_tracking_test/memory_tracking_test.cc:61:32:
error: unknown type name "cb_dlhandle_t"
 ( http://cv.jenkins.couchbase.com/job/kv_engine-clang_analyzer-master/15324/ )

http://cv.jenkins.couchbase.com/job/kv-engine-cv-perf/8690/ : FAILURE

Compile error at /home/couchbase/jenkins/workspace/kv-engine-cv-perf/kv_engine/tests/memory_tracking_test/memory_tracking_test.cc:61:32:
error: "cb_dlhandle_t" has not been declared
 ( http://cv.jenkins.couchbase.com/job/kv-engine-cv-perf/8690/ )

http://cv.jenkins.couchbase.com/job/kv_engine-threadsanitizer-master/9045/ : FAILURE

Compile error at /home/couchbase/jenkins/workspace/kv_engine-threadsanitizer-master/kv_engine/utilities/engine_loader.cc:25:5:
error: "cb_dlhandle_t" does not name a type
 ( http://cv.jenkins.couchbase.com/job/kv_engine-threadsanitizer-master/9045/ )

http://cv.jenkins.couchbase.com/job/kv_engine-windows-master/17910/ : FAILURE

Compile error at c:\jenkins\workspace\kv_engine-windows-master\kv_engine\programs\engine_testapp\mock_server.h(27): error C3646: "mutex": unknown override specifier ( http://cv.jenkins.couchbase.com/job/kv_engine-windows-master/17910/ )

http://cv.jenkins.couchbase.com/job/kv_engine-linux-master/17262/ : FAILURE

Compile error at /home/couchbase/jenkins/workspace/kv_engine-linux-master/kv_engine/tests/memory_tracking_test/memory_tracking_test.cc:61:32:
error: "cb_dlhandle_t" has not been declared
 ( http://cv.jenkins.couchbase.com/job/kv_engine-linux-master/17262/ )

http://cv.jenkins.couchbase.com/job/kv_engine.ASan-UBSan/job/master/1725/ : FAILURE

Compile error at /home/couchbase/jenkins/workspace/kv_engine.ASan-UBSan_master/kv_engine/utilities/engine_loader.cc:25:5:
error: "cb_dlhandle_t" does not name a type
 ( http://cv.jenkins.couchbase.com/job/kv_engine.ASan-UBSan/job/master/1725/ )

http://cv.jenkins.couchbase.com/job/kv_engine-clang_format/15847/ : SUCCESS
----------------------------------------------------------------------------------------------------------------------
Author: Ben Huddleston
Date: 2019-03-11 12:16:38.000000000
Message: 
Removed Code-Review-2 by Ben Huddleston <ben.huddleston@couchbase.com>

----------------------------------------------------------------------------------------------------------------------
