======================================================================================================================
DESCRIPTION:

MB-30040: Update kv_engine to use Folly

Change-Id: Id2eeb0205ff3c1ddf4269876366613b4860c6c2a

======================================================================================================================
COMMENTS
======================================================================================================================
Author: Ben Huddleston
Date: 2019-03-14 14:10:51.000000000
Message: 
Uploaded patch set 46.
----------------------------------------------------------------------------------------------------------------------
Author: Build Bot
Date: 2019-03-14 14:14:51.000000000
Message: 
Patch Set 46: Verified-1

Build Failed 

http://cv.jenkins.couchbase.com/job/kv_engine-linux-master/17711/ : ABORTED

Build which was aborted due to a newer patch set being uploaded for the given review. ( http://cv.jenkins.couchbase.com/job/kv_engine-linux-master/17711/ )

http://cv.jenkins.couchbase.com/job/kv_engine-clang_analyzer-master/15735/ : ABORTED

Build which was aborted due to a newer patch set being uploaded for the given review. ( http://cv.jenkins.couchbase.com/job/kv_engine-clang_analyzer-master/15735/ )

http://cv.jenkins.couchbase.com/job/kv_engine.ASan-UBSan/job/master/2251/ : ABORTED

Build which was aborted due to a newer patch set being uploaded for the given review. ( http://cv.jenkins.couchbase.com/job/kv_engine.ASan-UBSan/job/master/2251/ )

http://cv.jenkins.couchbase.com/job/kv_engine-threadsanitizer-master/9529/ : FAILURE

Compile error at /home/couchbase/jenkins/workspace/kv_engine-threadsanitizer-master/kv_engine/cbsasl/scram-sha/scram-sha.cc:295:9:
error: "RandomGenerator" is not a member of "cb"
 ( http://cv.jenkins.couchbase.com/job/kv_engine-threadsanitizer-master/9529/ )

http://cv.jenkins.couchbase.com/job/kv-engine-cv-perf/9089/ : FAILURE

Compile error at /home/couchbase/jenkins/workspace/kv-engine-cv-perf/kv_engine/cbsasl/scram-sha/scram-sha.cc:295:9:
error: "RandomGenerator" is not a member of "cb"
 ( http://cv.jenkins.couchbase.com/job/kv-engine-cv-perf/9089/ )

http://cv.jenkins.couchbase.com/job/kv_engine-clang_format/16300/ : SUCCESS
----------------------------------------------------------------------------------------------------------------------
