======================================================================================================================
DESCRIPTION:

MB-40756 Allow magma only if developer preview enabled

For the cheshire-cat release, magma buckets can only be created if the
developer preview mode is enabled.  This is in addition to the current
requirements that the cluster must be running cheshire-cat and must be
enterprise edition.

Change-Id: Ied8ea05954f93d9c4d874383a51c21690dae9191

======================================================================================================================
COMMENTS
======================================================================================================================
Author: Steve Watanabe
Date: 2020-08-21 01:45:38.000000000
Message: 
Uploaded patch set 1.
----------------------------------------------------------------------------------------------------------------------
Author: Build Bot
Date: 2020-08-21 01:45:49.000000000
Message: 
Patch Set 1:

Build Started http://cv.jenkins.couchbase.com/job/ns-server-test/18530/
----------------------------------------------------------------------------------------------------------------------
Author: Build Bot
Date: 2020-08-21 01:49:43.000000000
Message: 
Patch Set 1: Well-Formed+1

Permission granted to commit to restricted branch
----------------------------------------------------------------------------------------------------------------------
Author: Steve Watanabe
Date: 2020-08-21 01:53:26.000000000
Message: 
Patch Set 1:

make simple-test
----------------------------------------------------------------------------------------------------------------------
Author: Build Bot
Date: 2020-08-21 01:53:33.000000000
Message: 
Patch Set 1:

Build Started http://cv.jenkins.couchbase.com/job/ns-server-simple-test/1576/
----------------------------------------------------------------------------------------------------------------------
Author: Build Bot
Date: 2020-08-21 02:18:35.000000000
Message: 
Patch Set 1: Verified-1

Build Failed 

http://cv.jenkins.couchbase.com/job/ns-server-simple-test/1576/ : FAILURE

CMake error: cmake_modules/do-test.cmake:52 (MESSAGE) ( http://cv.jenkins.couchbase.com/job/ns-server-simple-test/1576/ )

Failure of a CTest test 2/2 Test #2: ns_test ................................... ( http://cv.jenkins.couchbase.com/job/ns-server-simple-test/1576/ )

ERROR: suite_tearDown (unittest.loader._FailedTest)
 ( http://cv.jenkins.couchbase.com/job/ns-server-simple-test/1576/ )
----------------------------------------------------------------------------------------------------------------------
Author: Build Bot
Date: 2020-08-21 13:02:24.000000000
Message: 
Patch Set 1:

Build Started http://cv.jenkins.couchbase.com/job/ns-server-simple-test/1577/
----------------------------------------------------------------------------------------------------------------------
Author: Build Bot
Date: 2020-08-21 13:40:31.000000000
Message: 
Patch Set 1:

Build Failed 

http://cv.jenkins.couchbase.com/job/ns-server-simple-test/1577/ : FAILURE

CMake error: cmake_modules/do-test.cmake:52 (MESSAGE) ( http://cv.jenkins.couchbase.com/job/ns-server-simple-test/1577/ )

Failure of a CTest test 2/2 Test #2: ns_test ................................... ( http://cv.jenkins.couchbase.com/job/ns-server-simple-test/1577/ )

ERROR: suite_tearDown (unittest.loader._FailedTest)
 ( http://cv.jenkins.couchbase.com/job/ns-server-simple-test/1577/ )
----------------------------------------------------------------------------------------------------------------------
