======================================================================================================================
DESCRIPTION:

MB-46361: [BP] MB-45756: Refactor Warmup::initialize()

Refactor Warmup::initialize() to make it easier to read when setting
Warmup's member var cleanShutdown.

Change-Id: Ifc1a2bdedb52775f71616748a430b74d791f9ad3
Reviewed-on: http://review.couchbase.org/c/kv_engine/+/152920
Well-Formed: Build Bot <build@couchbase.com>
Tested-by: Build Bot <build@couchbase.com>
Reviewed-by: Dave Rigby <daver@couchbase.com>

======================================================================================================================
COMMENTS
======================================================================================================================
Author: Ben Huddleston
Date: 2021-05-19 10:15:13.000000000
Message: 
Uploaded patch set 1.
----------------------------------------------------------------------------------------------------------------------
Author: Build Bot
Date: 2021-05-19 10:15:28.000000000
Message: 
Patch Set 1: Well-Formed-1

Branch restricted. PLEASE READ this URL: 

http://server.jenkins.couchbase.com/job/restricted-branch-check/240814/artifact/restricted.html : FAILURE
----------------------------------------------------------------------------------------------------------------------
Author: Build Bot
Date: 2021-05-19 10:40:17.000000000
Message: 
Patch Set 1: Verified-1

Build Failed 

http://cv.jenkins.couchbase.com/job/kv_engine-windows-madhatter/2001/ : FAILURE

Compile error at C:\Program Files (x86)\Microsoft Visual Studio\2017\Professional\VC\Tools\MSVC\14.16.27023\include\xatomic.h(1247): fatal error C1088: Cannot flush compiler intermediate file: "C:\Users\Administrator\AppData\Local\Temp\_CL_4ba5e4a9ex": No space left on device ( http://cv.jenkins.couchbase.com/job/kv_engine-windows-madhatter/2001/ )

http://cv.jenkins.couchbase.com/job/kv_engine-clang_analyzer-mad-hatter/1775/ : SUCCESS

http://cv.jenkins.couchbase.com/job/kv_engine.linux/job/mad-hatter/1883/ : SUCCESS

http://cv.jenkins.couchbase.com/job/kv_engine.ASan-UBSan/job/mad-hatter/1856/ : SUCCESS

http://cv.jenkins.couchbase.com/job/kv_engine.macos/job/mad-hatter/1228/ : SUCCESS

http://cv.jenkins.couchbase.com/job/kv_engine.threadsanitizer/job/mad-hatter/1666/ : SUCCESS

http://cv.jenkins.couchbase.com/job/kv_engine-clang_format/26386/ : SUCCESS

http://cv.jenkins.couchbase.com/job/kv_engine.linux-CE/job/mad-hatter/1886/ : SUCCESS
----------------------------------------------------------------------------------------------------------------------
Author: Build Bot
Date: 2021-05-19 14:17:51.000000000
Message: 
Patch Set 1:

Build Failed 

http://cv.jenkins.couchbase.com/job/kv_engine-windows-madhatter/2006/ : FAILURE

Failure of GoogleTest "TransportProtocols/GetSetTest.TestAdd/Mcbp_XattrYes_JsonYes_SnappyYes":

<pre>
[ RUN      ] TransportProtocols/GetSetTest.TestAdd/Mcbp_XattrYes_JsonYes_SnappyYes
unknown file: error: C++ exception with description "create_connect_plain_socket: Can"t connect to port == -1" thrown in SetUp().
[  FAILED  ] TransportProtocols/GetSetTest.TestAdd/Mcbp_XattrYes_JsonYes_SnappyYes, where GetParam() = (Mcbp, XattrYes, 4-byte object <00-00 00-00>, 4-byte object <00-00 00-00>) (0 ms)
TransportProtocols/GetSetTest.TestAdd/Mcbp_XattrYes_JsonYes_SnappyYes
</pre>
 ( http://cv.jenkins.couchbase.com/job/kv_engine-windows-madhatter/2006/ )

http://cv.jenkins.couchbase.com/job/kv_engine-clang_analyzer-mad-hatter/1775/ : SUCCESS

http://cv.jenkins.couchbase.com/job/kv_engine.linux/job/mad-hatter/1883/ : SUCCESS

http://cv.jenkins.couchbase.com/job/kv_engine.ASan-UBSan/job/mad-hatter/1856/ : SUCCESS

http://cv.jenkins.couchbase.com/job/kv_engine.macos/job/mad-hatter/1228/ : SUCCESS

http://cv.jenkins.couchbase.com/job/kv_engine.threadsanitizer/job/mad-hatter/1666/ : SUCCESS

http://cv.jenkins.couchbase.com/job/kv_engine-clang_format/26386/ : SUCCESS

http://cv.jenkins.couchbase.com/job/kv_engine.linux-CE/job/mad-hatter/1886/ : SUCCESS
----------------------------------------------------------------------------------------------------------------------
Author: Build Bot
Date: 2021-05-20 08:36:55.000000000
Message: 
Patch Set 1:

Build Failed 

http://cv.jenkins.couchbase.com/job/kv_engine-windows-madhatter/2007/ : FAILURE

Failure of GoogleTest "AuditConfigTest.TestGetSetSanitizeLogPath":

<pre>
[ RUN      ] AuditConfigTest.TestGetSetSanitizeLogPath
..\kv_engine\auditd\tests\auditconfig_test.cc(281): error: Value of: config.get_log_directory()
  Actual: "auditconfig-test-210301/"
Expected: testdir
Which is: "auditconfig-test-210301"
[  FAILED  ] AuditConfigTest.TestGetSetSanitizeLogPath (0 ms)
AuditConfigTest.TestGetSetSanitizeLogPath
</pre>
 ( http://cv.jenkins.couchbase.com/job/kv_engine-windows-madhatter/2007/ )

http://cv.jenkins.couchbase.com/job/kv_engine-clang_analyzer-mad-hatter/1775/ : SUCCESS

http://cv.jenkins.couchbase.com/job/kv_engine.linux/job/mad-hatter/1883/ : SUCCESS

http://cv.jenkins.couchbase.com/job/kv_engine.ASan-UBSan/job/mad-hatter/1856/ : SUCCESS

http://cv.jenkins.couchbase.com/job/kv_engine.macos/job/mad-hatter/1228/ : SUCCESS

http://cv.jenkins.couchbase.com/job/kv_engine.threadsanitizer/job/mad-hatter/1666/ : SUCCESS

http://cv.jenkins.couchbase.com/job/kv_engine-clang_format/26386/ : SUCCESS

http://cv.jenkins.couchbase.com/job/kv_engine.linux-CE/job/mad-hatter/1886/ : SUCCESS
----------------------------------------------------------------------------------------------------------------------
Author: Build Bot
Date: 2021-05-20 08:49:30.000000000
Message: 
Patch Set 1:

Build Failed 

http://cv.jenkins.couchbase.com/job/kv_engine-windows-madhatter/2009/ : FAILURE

Failure of GoogleTest "AuditConfigTest.TestGetSetSanitizeLogPath":

<pre>
[ RUN      ] AuditConfigTest.TestGetSetSanitizeLogPath
..\kv_engine\auditd\tests\auditconfig_test.cc(281): error: Value of: config.get_log_directory()
  Actual: "auditconfig-test-051401/"
Expected: testdir
Which is: "auditconfig-test-051401"
[  FAILED  ] AuditConfigTest.TestGetSetSanitizeLogPath (0 ms)
AuditConfigTest.TestGetSetSanitizeLogPath
</pre>
 ( http://cv.jenkins.couchbase.com/job/kv_engine-windows-madhatter/2009/ )

http://cv.jenkins.couchbase.com/job/kv_engine-clang_analyzer-mad-hatter/1775/ : SUCCESS

http://cv.jenkins.couchbase.com/job/kv_engine.linux/job/mad-hatter/1883/ : SUCCESS

http://cv.jenkins.couchbase.com/job/kv_engine.ASan-UBSan/job/mad-hatter/1856/ : SUCCESS

http://cv.jenkins.couchbase.com/job/kv_engine.macos/job/mad-hatter/1228/ : SUCCESS

http://cv.jenkins.couchbase.com/job/kv_engine.threadsanitizer/job/mad-hatter/1666/ : SUCCESS

http://cv.jenkins.couchbase.com/job/kv_engine-clang_format/26386/ : SUCCESS

http://cv.jenkins.couchbase.com/job/kv_engine.linux-CE/job/mad-hatter/1886/ : SUCCESS
----------------------------------------------------------------------------------------------------------------------
Author: Build Bot
Date: 2021-05-20 09:20:00.000000000
Message: 
Patch Set 1:

Build Failed 

http://cv.jenkins.couchbase.com/job/kv_engine-windows-madhatter/2010/ : FAILURE

Failure of GoogleTest "AuditConfigTest.TestGetSetSanitizeLogPath":

<pre>
[ RUN      ] AuditConfigTest.TestGetSetSanitizeLogPath
..\kv_engine\auditd\tests\auditconfig_test.cc(281): error: Value of: config.get_log_directory()
  Actual: "auditconfig-test-405301/"
Expected: testdir
Which is: "auditconfig-test-405301"
[  FAILED  ] AuditConfigTest.TestGetSetSanitizeLogPath (0 ms)
AuditConfigTest.TestGetSetSanitizeLogPath
</pre>
 ( http://cv.jenkins.couchbase.com/job/kv_engine-windows-madhatter/2010/ )

http://cv.jenkins.couchbase.com/job/kv_engine-clang_analyzer-mad-hatter/1775/ : SUCCESS

http://cv.jenkins.couchbase.com/job/kv_engine.linux/job/mad-hatter/1883/ : SUCCESS

http://cv.jenkins.couchbase.com/job/kv_engine.ASan-UBSan/job/mad-hatter/1856/ : SUCCESS

http://cv.jenkins.couchbase.com/job/kv_engine.macos/job/mad-hatter/1228/ : SUCCESS

http://cv.jenkins.couchbase.com/job/kv_engine.threadsanitizer/job/mad-hatter/1666/ : SUCCESS

http://cv.jenkins.couchbase.com/job/kv_engine-clang_format/26386/ : SUCCESS

http://cv.jenkins.couchbase.com/job/kv_engine.linux-CE/job/mad-hatter/1886/ : SUCCESS
----------------------------------------------------------------------------------------------------------------------
