======================================================================================================================
DESCRIPTION:

Remove unused format option to to_string(Tracer)

Change-Id: I0926ae7e45abc5c0c63d8732a9591c5595e048f1

======================================================================================================================
COMMENTS
======================================================================================================================
Author: Trond Norbye
Date: 2020-06-17 12:37:44.000000000
Message: 
Patch Set 2: Patch Set 1 was rebased
----------------------------------------------------------------------------------------------------------------------
Author: Build Bot
Date: 2020-06-17 13:06:17.000000000
Message: 
Patch Set 2: Verified-1

Build Failed 

http://cv.jenkins.couchbase.com/job/kv_engine.linux-CE/job/master/4164/ : FAILURE

Failure of an engine_testapp test:

<pre>
Running [0081/0099]: test dcp early termination...Exceeded maximum wait time of 60000000us waiting for stat "ep_dcp_num_running_backfills(dcp)" to be 0 (last value:1) - aborting.
[2020-06-17T12:41:57.801Z] /usr/bin/timeout: the monitored command dumped core
[2020-06-17T12:41:57.802Z] 
[2020-06-17T12:41:57.802Z] 
[2020-06-17T12:41:57.802Z] 99% tests passed, 1 tests failed out of 398
[2020-06-17T12:41:57.802Z] 
[2020-06-17T12:41:57.802Z] Total Test time (real) = 100.07 sec
[2020-06-17T12:41:57.802Z] 
[2020-06-17T12:41:57.802Z] The following tests FAILED:
[2020-06-17T12:41:57.802Z] 	247 - ep_testsuite_dcp.full_eviction.comp_passive (Child aborted)
[2020-06-17T12:41:57.802Z] Errors while running CTest
[Pipeline] }
[Pipeline] // dir
[Pipeline] }
[Pipeline] // script
[Pipeline] }
[Pipeline] // stage
[Pipeline] stage
[Pipeline] { (Static Analysis)
Stage "Static Analysis" skipped due to earlier failure(s)
[Pipeline] }
[Pipeline] // stage
[Pipeline] stage
[Pipeline] { (Declarative: Post Actions)
[Pipeline] script
[Pipeline] {
[Pipeline] xunit
[2020-06-17T12:41:58.458Z] INFO: Starting to record.
[2020-06-17T12:41:58.460Z] INFO: Processing CTest-Version 3.x (default)
[2020-06-17T12:41:58.667Z] INFO: Stopping recording.
[2020-06-17T12:41:58.667Z] INFO: Check "Failed Tests" threshold.
[2020-06-17T12:41:58.667Z] INFO: The total number of tests for the threshold "Failed Tests" exceeds the specified "failure threshold" value.
[Pipeline] }
[Pipeline] // script
[Pipeline] step
[2020-06-17T12:41:58.792Z] Archiving artifacts
[Pipeline] cleanWs
[2020-06-17T12:41:58.852Z] [WS-CLEANUP] Deleting project workspace...
[2020-06-17T12:41:58.854Z] [WS-CLEANUP] Skipped based on build state FAIL
</pre>
 ( http://cv.jenkins.couchbase.com/job/kv_engine.linux-CE/job/master/4164/ )

Failure of a CTest test [2020-06-17T12:41:57.801Z] 398/398 Test #247: ep_testsuite_dcp.full_eviction.comp_passive .......................................................................Child aborted ( http://cv.jenkins.couchbase.com/job/kv_engine.linux-CE/job/master/4164/ )

http://cv.jenkins.couchbase.com/job/kv_engine.macos/job/master/3273/ : FAILURE

Compile error at [2020-06-17T12:38:28.534Z] ../magma/util/buffer_test.cc:89:12:
error: call to constructor of "magma::Buffer" is ambiguous
 ( http://cv.jenkins.couchbase.com/job/kv_engine.macos/job/master/3273/ )

http://cv.jenkins.couchbase.com/job/kv_engine-clang_format_9/1312/ : SUCCESS

http://cv.jenkins.couchbase.com/job/kv_engine-clang_analyzer-master/24632/ : SUCCESS

http://cv.jenkins.couchbase.com/job/kv_engine-windows-master/28601/ : SUCCESS

http://cv.jenkins.couchbase.com/job/kv_engine-clang_tidy/2808/ : SUCCESS

http://cv.jenkins.couchbase.com/job/kv_engine.linux/job/master/4218/ : SUCCESS

http://cv.jenkins.couchbase.com/job/kv_engine.threadsanitizer/job/master/4301/ : SUCCESS

http://cv.jenkins.couchbase.com/job/kv_engine.ASan-UBSan/job/master/12045/ : SUCCESS
----------------------------------------------------------------------------------------------------------------------
Author: Build Bot
Date: 2020-06-17 14:51:14.000000000
Message: 
Patch Set 2:

Build Failed 

http://cv.jenkins.couchbase.com/job/kv_engine.macos/job/master/3273/ : FAILURE

Compile error at [2020-06-17T12:38:28.534Z] ../magma/util/buffer_test.cc:89:12:
error: call to constructor of "magma::Buffer" is ambiguous
 ( http://cv.jenkins.couchbase.com/job/kv_engine.macos/job/master/3273/ )

http://cv.jenkins.couchbase.com/job/kv_engine-clang_format_9/1312/ : SUCCESS

http://cv.jenkins.couchbase.com/job/kv_engine-clang_analyzer-master/24632/ : SUCCESS

http://cv.jenkins.couchbase.com/job/kv_engine-windows-master/28601/ : SUCCESS

http://cv.jenkins.couchbase.com/job/kv_engine-clang_tidy/2808/ : SUCCESS

http://cv.jenkins.couchbase.com/job/kv_engine.linux/job/master/4218/ : SUCCESS

http://cv.jenkins.couchbase.com/job/kv_engine.threadsanitizer/job/master/4301/ : SUCCESS

http://cv.jenkins.couchbase.com/job/kv_engine.ASan-UBSan/job/master/12045/ : SUCCESS

http://cv.jenkins.couchbase.com/job/kv_engine.linux-CE/job/master/4174/ : SUCCESS
----------------------------------------------------------------------------------------------------------------------
Author: Build Bot
Date: 2020-06-17 14:57:44.000000000
Message: 
Patch Set 2:

Build Failed 

http://cv.jenkins.couchbase.com/job/kv_engine.macos/job/master/3283/ : FAILURE

http://cv.jenkins.couchbase.com/job/kv_engine-clang_format_9/1312/ : SUCCESS

http://cv.jenkins.couchbase.com/job/kv_engine-clang_analyzer-master/24632/ : SUCCESS

http://cv.jenkins.couchbase.com/job/kv_engine-windows-master/28601/ : SUCCESS

http://cv.jenkins.couchbase.com/job/kv_engine-clang_tidy/2808/ : SUCCESS

http://cv.jenkins.couchbase.com/job/kv_engine.linux-CE/job/master/4174/ : SUCCESS

http://cv.jenkins.couchbase.com/job/kv_engine.linux/job/master/4218/ : SUCCESS

http://cv.jenkins.couchbase.com/job/kv_engine.threadsanitizer/job/master/4301/ : SUCCESS

http://cv.jenkins.couchbase.com/job/kv_engine.ASan-UBSan/job/master/12045/ : SUCCESS
----------------------------------------------------------------------------------------------------------------------
Author: Build Bot
Date: 2020-06-17 19:27:53.000000000
Message: 
Patch Set 2: Verified+1

Build Successful 

http://cv.jenkins.couchbase.com/job/kv_engine-clang_format_9/1312/ : SUCCESS

http://cv.jenkins.couchbase.com/job/kv_engine-clang_analyzer-master/24632/ : SUCCESS

http://cv.jenkins.couchbase.com/job/kv_engine-windows-master/28601/ : SUCCESS

http://cv.jenkins.couchbase.com/job/kv_engine-clang_tidy/2808/ : SUCCESS

http://cv.jenkins.couchbase.com/job/kv_engine.linux-CE/job/master/4174/ : SUCCESS

http://cv.jenkins.couchbase.com/job/kv_engine.linux/job/master/4218/ : SUCCESS

http://cv.jenkins.couchbase.com/job/kv_engine.threadsanitizer/job/master/4301/ : SUCCESS

http://cv.jenkins.couchbase.com/job/kv_engine.ASan-UBSan/job/master/12045/ : SUCCESS

http://cv.jenkins.couchbase.com/job/kv_engine.macos/job/master/3296/ : SUCCESS
----------------------------------------------------------------------------------------------------------------------
Author: Daniel Owen
Date: 2020-06-18 10:53:01.000000000
Message: 
Patch Set 2: Code-Review+2
----------------------------------------------------------------------------------------------------------------------
