======================================================================================================================
DESCRIPTION:

MB-55590: hacky fix + test

Change-Id: Ide76c336f10e6b628a5ac99fd6eb8c3827e49c8e

======================================================================================================================
COMMENTS
======================================================================================================================
Author: Jim Walker
Date: 2023-02-17 12:05:55.000000000
Message: 
Uploaded patch set 2.
----------------------------------------------------------------------------------------------------------------------
Author: Restriction Checker
Date: 2023-02-17 12:06:05.000000000
Message: 
Patch Set 2: Well-Formed+1

Permission granted to commit: 

https://server.jenkins.couchbase.com/job/restricted-branch-check/338582/artifact/restricted.html : SUCCESS
----------------------------------------------------------------------------------------------------------------------
Author: Build Bot
Date: 2023-02-17 12:53:17.000000000
Message: 
Patch Set 2: Verified-1

Build Failed 

https://cv.jenkins.couchbase.com/job/kv_engine.linux/job/neo/1216/ : FAILURE

Failure of GoogleTest "TransportProtocols/XattrTest.mb25928_SystemCantExceedSystemLimit/Mcbp_XattrYes_JsonYes_SnappyYes":

<pre>
[ RUN      ] TransportProtocols/XattrTest.mb25928_SystemCantExceedSystemLimit/Mcbp_XattrYes_JsonYes_SnappyYes
[2023-02-17T12:52:09.299Z] unknown file: Failure
[2023-02-17T12:52:09.299Z] C++ exception with description "Failed to store TransportProtocols_XattrTest_mb25928_SystemCantExceedSystemLimit_Mcbp_XattrYes_JsonYes_SnappyYes: Temporary failure (134)" thrown in SetUp().
[2023-02-17T12:52:09.299Z] [  FAILED  ] TransportProtocols/XattrTest.mb25928_SystemCantExceedSystemLimit/Mcbp_XattrYes_JsonYes_SnappyYes, where GetParam() = (Mcbp, XattrYes, 4-byte object <00-00 00-00>, 4-byte object <00-00 00-00>) (2 ms)
TransportProtocols/XattrTest.mb25928_SystemCantExceedSystemLimit/Mcbp_XattrYes_JsonYes_SnappyYes
</pre>
 ( https://cv.jenkins.couchbase.com/job/kv_engine.linux/job/neo/1216/ )

Timeout of a CTest test [2023-02-17T12:46:19.367Z]   8/453 Test #257: ep-engine_ep_unit_tests.EphemeralOrPersistent/STItemPagerTest ...............................................} ( https://cv.jenkins.couchbase.com/job/kv_engine.linux/job/neo/1216/ )

https://cv.jenkins.couchbase.com/job/kv_engine.aarch64-linux/job/neo/1228/ : FAILURE

No problems were identified. If you know why this problem occurred, please add a suitable Cause for it. ( https://cv.jenkins.couchbase.com/job/kv_engine.aarch64-linux/job/neo/1228/ )

https://cv.jenkins.couchbase.com/job/kv_engine-clang_tidy-neo/1199/ : SUCCESS

https://cv.jenkins.couchbase.com/job/kv_engine-windows-neo/1441/ : SUCCESS

https://cv.jenkins.couchbase.com/job/kv_engine-clang_analyzer-neo/1159/ : SUCCESS

https://cv.jenkins.couchbase.com/job/kv_engine-clang_format_9/22811/ : SUCCESS

https://cv.jenkins.couchbase.com/job/kv_engine.linux-CE/job/neo/1226/ : SUCCESS

https://cv.jenkins.couchbase.com/job/kv_engine.threadsanitizer/job/neo/1224/ : SUCCESS

https://cv.jenkins.couchbase.com/job/kv_engine.ASan-UBSan/job/neo/1218/ : SUCCESS

https://cv.jenkins.couchbase.com/job/kv_engine.macos/job/neo/1556/ : SUCCESS

https://cv.jenkins.couchbase.com/job/kv_engine.libFuzzer/job/neo/1190/ : SUCCESS
----------------------------------------------------------------------------------------------------------------------
