======================================================================================================================
DESCRIPTION:

Add Read/Write Compute Unit Size to config

Change-Id: Ie55aafb82c20e44509a2f8ffd8e062e301659461

======================================================================================================================
COMMENTS
======================================================================================================================
Author: Trond Norbye
Date: 2022-04-19 20:13:42.000000000
Message: 
Uploaded patch set 3: Patch Set 2 was rebased.
----------------------------------------------------------------------------------------------------------------------
Author: Build Bot
Date: 2022-04-19 21:01:03.000000000
Message: 
Patch Set 3: Verified-1

Build Failed 

http://cv.jenkins.couchbase.com/job/kv_engine.macos/job/master/17626/ : FAILURE

Failure of GoogleTest "SettingsTest.read_compute_unit_size":

<pre>
[ RUN      ] SettingsTest.read_compute_unit_size
[2022-04-19T20:30:35.490Z] /Users/couchbase/workspace/workspace/kv_engine.macos_master_2/kv_engine/daemon/settings_test.cc:49: Failure
[2022-04-19T20:30:35.490Z] Expected: Settings settings(json) throws an exception of type T.
[2022-04-19T20:30:35.490Z]   Actual: it throws nothing.
[2022-04-19T20:30:35.490Z] {"read_compute_unit_size":true}
[2022-04-19T20:30:35.490Z] /Users/couchbase/workspace/workspace/kv_engine.macos_master_2/kv_engine/daemon/settings_test.cc:49: Failure
[2022-04-19T20:30:35.490Z] Expected: Settings settings(json) throws an exception of type T.
[2022-04-19T20:30:35.490Z]   Actual: it throws nothing.
[2022-04-19T20:30:35.490Z] {"read_compute_unit_size":false}
[2022-04-19T20:30:35.490Z] [  FAILED  ] SettingsTest.read_compute_unit_size (0 ms)
SettingsTest.read_compute_unit_size
</pre>
 ( http://cv.jenkins.couchbase.com/job/kv_engine.macos/job/master/17626/ )

http://cv.jenkins.couchbase.com/job/kv_engine.ASan-UBSan/job/master/26936/ : FAILURE

One of more core files found at the end of the build. Data for post-mortem saved to archived_core_dumps.tar.bz2 under "Build Artifacts". ( http://cv.jenkins.couchbase.com/job/kv_engine.ASan-UBSan/job/master/26936/ )

http://cv.jenkins.couchbase.com/job/kv_engine.aarch64-linux/job/master/6473/ : FAILURE

No problems were identified. If you know why this problem occurred, please add a suitable Cause for it. ( http://cv.jenkins.couchbase.com/job/kv_engine.aarch64-linux/job/master/6473/ )

http://cv.jenkins.couchbase.com/job/kv_engine-windows-master/45369/ : SUCCESS

http://cv.jenkins.couchbase.com/job/kv_engine-clang_analyzer-master/38111/ : SUCCESS

http://cv.jenkins.couchbase.com/job/kv_engine-clang_tidy-master/16752/ : SUCCESS

http://cv.jenkins.couchbase.com/job/kv_engine-clang_format_9/15685/ : SUCCESS

http://cv.jenkins.couchbase.com/job/kv_engine.libFuzzer/job/master/6406/ : SUCCESS

http://cv.jenkins.couchbase.com/job/kv_engine.threadsanitizer/job/master/19569/ : SUCCESS

http://cv.jenkins.couchbase.com/job/kv_engine.linux/job/master/18867/ : SUCCESS

http://cv.jenkins.couchbase.com/job/kv_engine.linux-CE/job/master/18531/ : SUCCESS
----------------------------------------------------------------------------------------------------------------------
Author: Build Bot
Date: 2022-04-20 04:56:47.000000000
Message: 
Patch Set 3:

Build Failed 

http://cv.jenkins.couchbase.com/job/kv_engine.macos/job/master/17635/ : FAILURE

Failure of GoogleTest "SettingsTest.read_compute_unit_size":

<pre>
[ RUN      ] SettingsTest.read_compute_unit_size
[2022-04-20T04:52:42.416Z] /Users/couchbase/workspace/workspace/kv_engine.macos_master/kv_engine/daemon/settings_test.cc:49: Failure
[2022-04-20T04:52:42.416Z] Expected: Settings settings(json) throws an exception of type T.
[2022-04-20T04:52:42.416Z]   Actual: it throws nothing.
[2022-04-20T04:52:42.416Z] {"read_compute_unit_size":true}
[2022-04-20T04:52:42.416Z] /Users/couchbase/workspace/workspace/kv_engine.macos_master/kv_engine/daemon/settings_test.cc:49: Failure
[2022-04-20T04:52:42.416Z] Expected: Settings settings(json) throws an exception of type T.
[2022-04-20T04:52:42.416Z]   Actual: it throws nothing.
[2022-04-20T04:52:42.416Z] {"read_compute_unit_size":false}
[2022-04-20T04:52:42.416Z] [  FAILED  ] SettingsTest.read_compute_unit_size (0 ms)
SettingsTest.read_compute_unit_size
</pre>
 ( http://cv.jenkins.couchbase.com/job/kv_engine.macos/job/master/17635/ )

http://cv.jenkins.couchbase.com/job/kv_engine.ASan-UBSan/job/master/26936/ : FAILURE

One of more core files found at the end of the build. Data for post-mortem saved to archived_core_dumps.tar.bz2 under "Build Artifacts". ( http://cv.jenkins.couchbase.com/job/kv_engine.ASan-UBSan/job/master/26936/ )

http://cv.jenkins.couchbase.com/job/kv_engine-windows-master/45369/ : SUCCESS

http://cv.jenkins.couchbase.com/job/kv_engine-clang_analyzer-master/38111/ : SUCCESS

http://cv.jenkins.couchbase.com/job/kv_engine-clang_tidy-master/16752/ : SUCCESS

http://cv.jenkins.couchbase.com/job/kv_engine-clang_format_9/15685/ : SUCCESS

http://cv.jenkins.couchbase.com/job/kv_engine.libFuzzer/job/master/6406/ : SUCCESS

http://cv.jenkins.couchbase.com/job/kv_engine.threadsanitizer/job/master/19569/ : SUCCESS

http://cv.jenkins.couchbase.com/job/kv_engine.linux/job/master/18867/ : SUCCESS

http://cv.jenkins.couchbase.com/job/kv_engine.linux-CE/job/master/18531/ : SUCCESS

http://cv.jenkins.couchbase.com/job/kv_engine.aarch64-linux/job/master/6483/ : SUCCESS
----------------------------------------------------------------------------------------------------------------------
Author: Build Bot
Date: 2022-04-20 06:26:18.000000000
Message: 
Patch Set 3: Verified-1

Build Failed 

http://cv.jenkins.couchbase.com/job/kv_engine.ASan-UBSan/job/master/26934/ : ABORTED

Build which was aborted due to a newer patch set being uploaded for the given review. ( http://cv.jenkins.couchbase.com/job/kv_engine.ASan-UBSan/job/master/26934/ )

http://cv.jenkins.couchbase.com/job/kv_engine.libFuzzer/job/master/6404/ : ABORTED

Build which was aborted due to a newer patch set being uploaded for the given review. ( http://cv.jenkins.couchbase.com/job/kv_engine.libFuzzer/job/master/6404/ )

http://cv.jenkins.couchbase.com/job/kv_engine.threadsanitizer/job/master/19567/ : ABORTED

Build which was aborted due to a newer patch set being uploaded for the given review. ( http://cv.jenkins.couchbase.com/job/kv_engine.threadsanitizer/job/master/19567/ )

http://cv.jenkins.couchbase.com/job/kv_engine.linux-CE/job/master/18529/ : ABORTED

Build which was aborted due to a newer patch set being uploaded for the given review. ( http://cv.jenkins.couchbase.com/job/kv_engine.linux-CE/job/master/18529/ )

http://cv.jenkins.couchbase.com/job/kv_engine.linux/job/master/18865/ : ABORTED

Build which was aborted due to a newer patch set being uploaded for the given review. ( http://cv.jenkins.couchbase.com/job/kv_engine.linux/job/master/18865/ )

http://cv.jenkins.couchbase.com/job/kv_engine.macos/job/master/17624/ : ABORTED

Build which was aborted due to a newer patch set being uploaded for the given review. ( http://cv.jenkins.couchbase.com/job/kv_engine.macos/job/master/17624/ )

http://cv.jenkins.couchbase.com/job/kv_engine.aarch64-linux/job/master/6468/ : SUCCESS
----------------------------------------------------------------------------------------------------------------------
