======================================================================================================================
DESCRIPTION:

Override kvstore stats with magma specific stats

Change-Id: I9bbb59bfaf7a92b5c3b326fe59e32ea8de002522

======================================================================================================================
COMMENTS
======================================================================================================================
Author: Apaar gupta
Date: 2019-08-08 09:07:33.000000000
Message: 
Uploaded patch set 7: Patch Set 6 was rebased.
----------------------------------------------------------------------------------------------------------------------
Author: Build Bot
Date: 2019-08-08 10:32:15.000000000
Message: 
Patch Set 7: Verified-1

Build Failed 

http://cv.jenkins.couchbase.com/job/kv_engine-threadsanitizer-master/13391/ : FAILURE

Failure of a GoogleTest test:

CheckpointRemoverEPTest.CursorDropMemoryFreed (4895 ms) ( http://cv.jenkins.couchbase.com/job/kv_engine-threadsanitizer-master/13391/ )

Failure of a CTest test  30/179 Test  #23: ep-engine_ep_unit_tests ...................................................... ( http://cv.jenkins.couchbase.com/job/kv_engine-threadsanitizer-master/13391/ )

http://cv.jenkins.couchbase.com/job/kv_engine-windows-master/22427/ : FAILURE

Link error: error LNK2019: unresolved external symbol "public: class nlohmann::basic_json<class std::map,class std::vector,class std::basic_string<char,struct std::char_traits<char>,class std::allocator<char> >,bool,__int64,unsigned __int64,double,class std::allocator,struct nlohmann::adl_serializer> __cdecl magma::Magma::MagmaStats::JSON(void)" (?JSON@MagmaStats@Magma@magma@@QEAA?AV?$basic_json@Vmap@std@@Vvector@2@V?$basic_string@DU?$char_traits@D@std@@V?$allocator@D@2@@2@_N_J_KNVallocator@2@Uadl_serializer@nlohmann@@@nlohmann@@XZ) referenced in function "public: virtual void __cdecl MagmaKVStore::addStats(class std::function<void __cdecl(char const *,unsigned short,char const *,unsigned int,class gsl::not_null<void const *>)> const &,void const *,class std::basic_string<char,struct std::char_traits<char>,class std::allocator<char> > const &)" (?addStats@MagmaKVStore@@UEAAXAEBV?$function@$$A6AXPEBDG0IV?$not_null@PEBX@gsl@@@Z@std@@PEBXAEBV?$basic_string@DU?$char_traits@D@std@@V?$allocator@D@2@@3@@Z) ( http://cv.jenkins.couchbase.com/job/kv_engine-windows-master/22427/ )

http://cv.jenkins.couchbase.com/job/kv_engine-linux-master-CE/3212/ : FAILURE

Failure of a CTest test  34/200 Test  #35: ep_testsuite.full_eviction.rocksdb ........................................... ( http://cv.jenkins.couchbase.com/job/kv_engine-linux-master-CE/3212/ )

http://cv.jenkins.couchbase.com/job/kv_engine-clang_analyzer-master/19195/ : FAILURE

The warnings threshold for this job was exceeded - <a href="warningsResult">3 warnings</a> found. ( http://cv.jenkins.couchbase.com/job/kv_engine-clang_analyzer-master/19195/ )

http://cv.jenkins.couchbase.com/job/kv_engine.ASan-UBSan/job/master/6135/ : FAILURE

No problems were identified. If you know why this problem occurred, please add a suitable Cause for it. ( http://cv.jenkins.couchbase.com/job/kv_engine.ASan-UBSan/job/master/6135/ )

http://cv.jenkins.couchbase.com/job/kv_engine-linux-master/21553/ : UNSTABLE

No problems were identified. If you know why this problem occurred, please add a suitable Cause for it. ( http://cv.jenkins.couchbase.com/job/kv_engine-linux-master/21553/ )

http://cv.jenkins.couchbase.com/job/kv-engine-cv-perf/12500/ : SUCCESS

http://cv.jenkins.couchbase.com/job/kv_engine-clang_format/20171/ : SUCCESS
----------------------------------------------------------------------------------------------------------------------
