======================================================================================================================
DESCRIPTION:

MB-37920: Account for the "no cached vbstate" case in needsToBePersisted

Change-Id: I6f957461c9b4d84232accee07b857783a610807e

======================================================================================================================
COMMENTS
======================================================================================================================
Author: Paolo Cocchi
Date: 2021-01-08 11:01:20.000000000
Message: 
Uploaded patch set 1.
----------------------------------------------------------------------------------------------------------------------
Author: Build Bot
Date: 2021-01-08 11:37:42.000000000
Message: 
Patch Set 1: Verified-1

Build Failed 

http://cv.jenkins.couchbase.com/job/kv_engine-windows-master/32802/ : FAILURE

Failure of GoogleTest "CompressionStreamTest/CompressionStreamTest.NoWithUnderlyingDatatype_CompressionEnabled_ItemCompressed/ephemeral":

<pre>
[ RUN      ] CompressionStreamTest/CompressionStreamTest.NoWithUnderlyingDatatype_CompressionEnabled_ItemCompressed/ephemeral
unknown file: error: C++ exception with description "cb::io::rmrf: remove of file ep_engine_ep_unit_tests.db/test.465201\magma.1\wal\wal.1 under ep_engine_ep_unit_tests.db/test.465201 failed: The data is invalid." thrown in TearDown().
[  FAILED  ] CompressionStreamTest/CompressionStreamTest.NoWithUnderlyingDatatype_CompressionEnabled_ItemCompressed/ephemeral, where GetParam() = ("ephemeral", false) (23 ms)
CompressionStreamTest/CompressionStreamTest.NoWithUnderlyingDatatype_CompressionEnabled_ItemCompressed/ephemeral
</pre>
 ( http://cv.jenkins.couchbase.com/job/kv_engine-windows-master/32802/ )

http://cv.jenkins.couchbase.com/job/kv_engine.linux/job/master/8078/ : FAILURE

Test exceeded the timeout:
[2021-01-08T11:17:42.955Z] /usr/bin/timeout: the monitored command dumped core ( http://cv.jenkins.couchbase.com/job/kv_engine.linux/job/master/8078/ )

http://cv.jenkins.couchbase.com/job/kv_engine-clang_format_9/4999/ : SUCCESS

http://cv.jenkins.couchbase.com/job/kv_engine-clang_tidy/6465/ : SUCCESS

http://cv.jenkins.couchbase.com/job/kv_engine-clang_analyzer-master/28261/ : SUCCESS

http://cv.jenkins.couchbase.com/job/kv_engine.linux-CE/job/master/7958/ : SUCCESS

http://cv.jenkins.couchbase.com/job/kv_engine.ASan-UBSan/job/master/15894/ : SUCCESS

http://cv.jenkins.couchbase.com/job/kv_engine.threadsanitizer/job/master/8348/ : SUCCESS

http://cv.jenkins.couchbase.com/job/kv_engine.macos/job/master/7041/ : SUCCESS
----------------------------------------------------------------------------------------------------------------------
Author: Build Bot
Date: 2021-01-08 13:09:06.000000000
Message: 
Patch Set 1: Verified+1

Build Successful 

http://cv.jenkins.couchbase.com/job/kv_engine-clang_format_9/4999/ : SUCCESS

http://cv.jenkins.couchbase.com/job/kv_engine-clang_tidy/6465/ : SUCCESS

http://cv.jenkins.couchbase.com/job/kv_engine-clang_analyzer-master/28261/ : SUCCESS

http://cv.jenkins.couchbase.com/job/kv_engine.linux-CE/job/master/7958/ : SUCCESS

http://cv.jenkins.couchbase.com/job/kv_engine.ASan-UBSan/job/master/15894/ : SUCCESS

http://cv.jenkins.couchbase.com/job/kv_engine.threadsanitizer/job/master/8348/ : SUCCESS

http://cv.jenkins.couchbase.com/job/kv_engine.macos/job/master/7041/ : SUCCESS

http://cv.jenkins.couchbase.com/job/kv_engine.linux/job/master/8085/ : SUCCESS

http://cv.jenkins.couchbase.com/job/kv_engine-windows-master/32810/ : SUCCESS
----------------------------------------------------------------------------------------------------------------------
