======================================================================================================================
DESCRIPTION:

Fix failing CV DefragStoredValue test

The failing check is simply a sanity check. Reduce the expected
threshold to allow the test to pass.

Change-Id: Ic38c8be52dbf95b08eba892022e8fefcacd43300

======================================================================================================================
COMMENTS
======================================================================================================================
Author: James H
Date: 2019-10-14 13:24:32.000000000
Message: 
Uploaded patch set 1.
----------------------------------------------------------------------------------------------------------------------
Author: Build Bot
Date: 2019-10-14 13:55:08.000000000
Message: 
Patch Set 1: Verified-1

Build Failed 

http://cv.jenkins.couchbase.com/job/kv_engine-windows-master/24071/ : FAILURE

Failure of a CTest test  24/191 Test  #25: ep_testsuite.value_eviction.comp_passive ..................................... ( http://cv.jenkins.couchbase.com/job/kv_engine-windows-master/24071/ )

http://cv.jenkins.couchbase.com/job/kv_engine.ASan-UBSan/job/master/7662/ : FAILURE

No problems were identified. If you know why this problem occurred, please add a suitable Cause for it. ( http://cv.jenkins.couchbase.com/job/kv_engine.ASan-UBSan/job/master/7662/ )

http://cv.jenkins.couchbase.com/job/kv_engine-clang_format/21664/ : SUCCESS

http://cv.jenkins.couchbase.com/job/kv_engine-clang_analyzer-master/20529/ : SUCCESS

http://cv.jenkins.couchbase.com/job/kv_engine-threadsanitizer-master/15024/ : SUCCESS

http://cv.jenkins.couchbase.com/job/kv_engine-linux-master-CE/4685/ : SUCCESS

http://cv.jenkins.couchbase.com/job/kv_engine-linux-master/23024/ : SUCCESS

http://cv.jenkins.couchbase.com/job/kv-engine-cv-perf/13793/ : SUCCESS
----------------------------------------------------------------------------------------------------------------------
Author: Build Bot
Date: 2019-10-15 09:29:59.000000000
Message: 
Patch Set 1:

Build Failed 

http://cv.jenkins.couchbase.com/job/kv_engine.ASan-UBSan/job/master/7692/ : FAILURE

http://cv.jenkins.couchbase.com/job/kv_engine-clang_format/21664/ : SUCCESS

http://cv.jenkins.couchbase.com/job/kv_engine-clang_analyzer-master/20529/ : SUCCESS

http://cv.jenkins.couchbase.com/job/kv_engine-threadsanitizer-master/15024/ : SUCCESS

http://cv.jenkins.couchbase.com/job/kv_engine-linux-master-CE/4685/ : SUCCESS

http://cv.jenkins.couchbase.com/job/kv_engine-linux-master/23024/ : SUCCESS

http://cv.jenkins.couchbase.com/job/kv-engine-cv-perf/13793/ : SUCCESS
----------------------------------------------------------------------------------------------------------------------
