======================================================================================================================
DESCRIPTION:

OutOfOrder prototype

Change-Id: I2978d51ab63bbe922299c7c5a381c06e954dfd6e

======================================================================================================================
COMMENTS
======================================================================================================================
Author: Trond Norbye
Date: 2019-06-01 05:24:19.000000000
Message: 
Uploaded patch set 8.
----------------------------------------------------------------------------------------------------------------------
Author: Build Bot
Date: 2019-06-01 09:42:25.000000000
Message: 
Patch Set 8: Verified-1

Build Failed 

http://cv.jenkins.couchbase.com/job/kv_engine-threadsanitizer-master/11751/ : FAILURE

Failure of a CTest test  27/178 Test  #23: ep-engine_ep_unit_tests ...................................................... ( http://cv.jenkins.couchbase.com/job/kv_engine-threadsanitizer-master/11751/ )

Failure of a GoogleTest test:

CheckpointRemoverEPTest.CursorDropMemoryFreed (4622 ms) ( http://cv.jenkins.couchbase.com/job/kv_engine-threadsanitizer-master/11751/ )

http://cv.jenkins.couchbase.com/job/kv_engine-linux-master-CE/1632/ : FAILURE

Failure of a CTest test 120/199 Test #122: memcached_testapp.default.TransportProtocols/GetSetTest ...................... ( http://cv.jenkins.couchbase.com/job/kv_engine-linux-master-CE/1632/ )

Failure of a GoogleTest test:

TransportProtocols/GetSetTest.TestGetSuccess/Mcbp_XattrYes_JsonYes_SnappyYes, where GetParam() = (Mcbp, XattrYes, 4-byte object <00-00 00-00>, 4-byte object <00-00 00-00>) (5 ms) ( http://cv.jenkins.couchbase.com/job/kv_engine-linux-master-CE/1632/ )

http://cv.jenkins.couchbase.com/job/kv_engine-linux-master/19987/ : FAILURE

Failure of a CTest test 121/199 Test #123: memcached_testapp.default.TransportProtocols/GetSetSnappyOnOffTest ........... ( http://cv.jenkins.couchbase.com/job/kv_engine-linux-master/19987/ )

Failure of a GoogleTest test:

TransportProtocols/GetSetSnappyOnOffTest.TestCompressedDataInPassiveMode/Mcbp_XattrYes_JsonYes_SnappyYes, where GetParam() = (Mcbp, XattrYes, 4-byte object <00-00 00-00>, 4-byte object <00-00 00-00>) (7 ms) ( http://cv.jenkins.couchbase.com/job/kv_engine-linux-master/19987/ )

http://cv.jenkins.couchbase.com/job/kv_engine-windows-master/20742/ : FAILURE

Failure of a CTest test  ( http://cv.jenkins.couchbase.com/job/kv_engine-windows-master/20742/ )

Failure of a GoogleTest test:

SslCertTest.LoginWhenDiabledWithoutCert (9 ms) ( http://cv.jenkins.couchbase.com/job/kv_engine-windows-master/20742/ )

http://cv.jenkins.couchbase.com/job/kv_engine.ASan-UBSan/job/master/4550/ : FAILURE

Failure of a CTest test [2019-06-01T09:39:16.471Z] 101/179 Test #103: memcached_testapp.default.TransportProtocols/GetSetSnappyOnOffTest ........... ( http://cv.jenkins.couchbase.com/job/kv_engine.ASan-UBSan/job/master/4550/ )

http://cv.jenkins.couchbase.com/job/kv_engine-clang_format/18562/ : SUCCESS

http://cv.jenkins.couchbase.com/job/kv-engine-cv-perf/11079/ : SUCCESS

http://cv.jenkins.couchbase.com/job/kv_engine-clang_analyzer-master/17761/ : SUCCESS
----------------------------------------------------------------------------------------------------------------------
