======================================================================================================================
DESCRIPTION:

MB-31562: Correct naming discrepancies _v2 to V2

Change-Id: Ifdabd168570e1778dce673706c5e330de12c8c0d

======================================================================================================================
COMMENTS
======================================================================================================================
Author: Douglas
Date: 2022-02-28 14:43:29.000000000
Message: 
Uploaded patch set 1.
----------------------------------------------------------------------------------------------------------------------
Author: Douglas
Date: 2022-02-28 14:43:47.000000000
Message: 
Set Work In Progress
----------------------------------------------------------------------------------------------------------------------
Author: Build Bot
Date: 2022-02-28 15:08:39.000000000
Message: 
Patch Set 1: Verified-1

Build Failed 

http://cv.jenkins.couchbase.com/job/kv_engine-windows-master/44223/ : FAILURE

Failure of an engine_testapp test:

<pre>
Running [63/159]: value eviction...(85 ms) OK


99% tests passed, 3 tests failed out of 421

Total Test time (real) = 807.22 sec

The following tests FAIL
</pre>
 ( http://cv.jenkins.couchbase.com/job/kv_engine-windows-master/44223/ )

Timeout of a CTest test 414/421 Test #188: ep-engine_ep_unit_tests.PersistentAndEphemeral/DcpStreamSyncReplTest ..........................................................} ( http://cv.jenkins.couchbase.com/job/kv_engine-windows-master/44223/ )

http://cv.jenkins.couchbase.com/job/kv_engine-clang_format_9/14677/ : SUCCESS

http://cv.jenkins.couchbase.com/job/kv_engine-clang_tidy-master/15830/ : SUCCESS

http://cv.jenkins.couchbase.com/job/kv_engine-clang_analyzer-master/37248/ : SUCCESS

http://cv.jenkins.couchbase.com/job/kv_engine.threadsanitizer/job/master/18625/ : SUCCESS

http://cv.jenkins.couchbase.com/job/kv_engine.linux-CE/job/master/17588/ : SUCCESS

http://cv.jenkins.couchbase.com/job/kv_engine.libFuzzer/job/master/5482/ : SUCCESS

http://cv.jenkins.couchbase.com/job/kv_engine.aarch64-linux/job/master/5541/ : SUCCESS

http://cv.jenkins.couchbase.com/job/kv_engine.linux/job/master/17916/ : SUCCESS

http://cv.jenkins.couchbase.com/job/kv_engine.macos/job/master/16655/ : SUCCESS

http://cv.jenkins.couchbase.com/job/kv_engine.ASan-UBSan/job/master/25990/ : SUCCESS
----------------------------------------------------------------------------------------------------------------------
Author: Build Bot
Date: 2022-02-28 15:09:07.000000000
Message: 
Patch Set 1:

Build Failed 

http://cv.jenkins.couchbase.com/job/kv_engine-windows-master/44224/ : FAILURE

Failure of an engine_testapp test:

<pre>
Running [29/159]: test bloomfilters...WARNING: Logging before InitGoogleLogging() is written to STDERR
W0228 07:02:07.332883 121460 HazptrDomain.h:670] Using the default inline executor for asynchronous reclamation may be susceptible to deadlock if the current thread happens to hold a resource needed by the deleter of a reclaimable object


99% tests passed, 2 tests failed out of 421

Total Test time (real) = 805.95 sec

The following tests FAIL
</pre>
 ( http://cv.jenkins.couchbase.com/job/kv_engine-windows-master/44224/ )

Timeout of a CTest test 420/421 Test #341: memcached_testapp.default.TransportProtocols/StatsTest ........................................................................} ( http://cv.jenkins.couchbase.com/job/kv_engine-windows-master/44224/ )

http://cv.jenkins.couchbase.com/job/kv_engine.aarch64-linux/job/master/5542/ : SUCCESS

http://cv.jenkins.couchbase.com/job/kv_engine.linux/job/master/17917/ : SUCCESS

http://cv.jenkins.couchbase.com/job/kv_engine.macos/job/master/16656/ : SUCCESS

http://cv.jenkins.couchbase.com/job/kv_engine.ASan-UBSan/job/master/25991/ : SUCCESS

http://cv.jenkins.couchbase.com/job/kv_engine.libFuzzer/job/master/5483/ : SUCCESS

http://cv.jenkins.couchbase.com/job/kv_engine.linux-CE/job/master/17589/ : SUCCESS

http://cv.jenkins.couchbase.com/job/kv_engine.threadsanitizer/job/master/18626/ : SUCCESS'
----------------------------------------------------------------------------------------------------------------------
Author: Build Bot
Date: 2022-02-28 17:11:14.000000000
Message: 
Patch Set 1:

Build Successful 

http://cv.jenkins.couchbase.com/job/kv_engine.aarch64-linux/job/master/5542/ : SUCCESS

http://cv.jenkins.couchbase.com/job/kv_engine.linux/job/master/17917/ : SUCCESS

http://cv.jenkins.couchbase.com/job/kv_engine.macos/job/master/16656/ : SUCCESS

http://cv.jenkins.couchbase.com/job/kv_engine.ASan-UBSan/job/master/25991/ : SUCCESS

http://cv.jenkins.couchbase.com/job/kv_engine.libFuzzer/job/master/5483/ : SUCCESS

http://cv.jenkins.couchbase.com/job/kv_engine.linux-CE/job/master/17589/ : SUCCESS

http://cv.jenkins.couchbase.com/job/kv_engine.threadsanitizer/job/master/18626/ : SUCCESS

http://cv.jenkins.couchbase.com/job/kv_engine-windows-master/44229/ : SUCCESS'
----------------------------------------------------------------------------------------------------------------------
Author: Douglas
Date: 2022-02-28 17:18:18.000000000
Message: 
Removed Verified-1 by <GERRIT_ACCOUNT_1000011>

----------------------------------------------------------------------------------------------------------------------
Author: Douglas
Date: 2022-02-28 17:18:57.000000000
Message: 
Patch Set 1:

This change is ready for review.
----------------------------------------------------------------------------------------------------------------------
Author: Build Bot
Date: 2022-02-28 18:04:15.000000000
Message: 
Patch Set 1: Verified-1

Build Failed 

http://cv.jenkins.couchbase.com/job/kv_engine.aarch64-linux/job/master/5544/ : FAILURE

No problems were identified. If you know why this problem occurred, please add a suitable Cause for it. ( http://cv.jenkins.couchbase.com/job/kv_engine.aarch64-linux/job/master/5544/ )

http://cv.jenkins.couchbase.com/job/kv_engine-windows-master/44232/ : SUCCESS

http://cv.jenkins.couchbase.com/job/kv_engine.libFuzzer/job/master/5485/ : SUCCESS

http://cv.jenkins.couchbase.com/job/kv_engine.linux-CE/job/master/17591/ : SUCCESS

http://cv.jenkins.couchbase.com/job/kv_engine.macos/job/master/16658/ : SUCCESS

http://cv.jenkins.couchbase.com/job/kv_engine.threadsanitizer/job/master/18628/ : SUCCESS

http://cv.jenkins.couchbase.com/job/kv_engine.linux/job/master/17919/ : SUCCESS

http://cv.jenkins.couchbase.com/job/kv_engine.ASan-UBSan/job/master/25993/ : SUCCESS
----------------------------------------------------------------------------------------------------------------------
Author: Trond Norbye
Date: 2022-02-28 20:34:02.000000000
Message: 
Patch Set 1: Code-Review-1

(1 comment)
File Comment: /PATCHSET_LEVEL -> Why?
----------------------------------------------------------------------------------------------------------------------
Author: Trond Norbye
Date: 2022-02-28 20:40:25.000000000
Message: 
Patch Set 1:

(1 comment)
File Comment: /PATCHSET_LEVEL -> The entire API use '_' and start to use CamelCase in one function will just make it weird (and camel-case has its own set of problems... #not-a-fan)
----------------------------------------------------------------------------------------------------------------------
Author: Douglas
Date: 2022-03-01 09:59:49.000000000
Message: 
Patch Set 1: Code-Review-2

(1 comment)
File Comment: /PATCHSET_LEVEL -> Good point. I did a quick check for which was most common, but that count wouldn't have been API only. It makes sense to keep the legacy code consistent. 

Because there are calls within the API to newer camelCase functions, it's not possible to eliminate the naming differences (rewriting the entire API to use camelCase is not a solution).

So it's between having inconsistency within legacy functions that call non-legacy functions (current), and inconsistency within the API itself (proposed).

I agree it's better to do nothing, seems much more clear. Happy to close this and the MB!
----------------------------------------------------------------------------------------------------------------------
Author: Trond Norbye
Date: 2022-03-01 10:17:14.000000000
Message: 
Patch Set 1:

(1 comment)
File Comment: /PATCHSET_LEVEL -> Awesome
----------------------------------------------------------------------------------------------------------------------
Author: Douglas
Date: 2022-03-01 12:06:58.000000000
Message: 
Abandoned

Abandoning per discussion in review, noted in MB-31562
----------------------------------------------------------------------------------------------------------------------
