======================================================================================================================
DESCRIPTION:

MB-28429: Test for snappy correctly from notify_expired_item

The code was incorrectly using a logical or and must also now check
the document datatype because a compressed document written as
snappy won't have the content_meta flag, but will have datatype snappy

Change-Id: I84a70ad8d95ac629910707bf05e3ad29e23a0d52

======================================================================================================================
COMMENTS
======================================================================================================================
Author: Jim Walker
Date: 2018-03-05 16:13:51.000000000
Message: 
Uploaded patch set 4: Patch Set 3 was rebased.
----------------------------------------------------------------------------------------------------------------------
Author: Build Bot
Date: 2018-03-05 16:17:32.000000000
Message: 
Patch Set 4:

Build Failed 

http://cv.jenkins.couchbase.com/job/kv_engine-clang_format/6023/ : FAILURE

No problems were identified. If you know why this problem occurred, please add a suitable Cause for it. ( http://cv.jenkins.couchbase.com/job/kv_engine-clang_format/6023/ )

http://cv.jenkins.couchbase.com/job/kv_engine-windows-master/7607/ : FAILURE

No problems were identified. If you know why this problem occurred, please add a suitable Cause for it. ( http://cv.jenkins.couchbase.com/job/kv_engine-windows-master/7607/ )

http://cv.jenkins.couchbase.com/job/kv_engine-addresssanitizer-master/7182/ : FAILURE

No problems were identified. If you know why this problem occurred, please add a suitable Cause for it. ( http://cv.jenkins.couchbase.com/job/kv_engine-addresssanitizer-master/7182/ )

http://cv.jenkins.couchbase.com/job/kv_engine-threadsanitizer-master/7409/ : FAILURE

No problems were identified. If you know why this problem occurred, please add a suitable Cause for it. ( http://cv.jenkins.couchbase.com/job/kv_engine-threadsanitizer-master/7409/ )

http://cv.jenkins.couchbase.com/job/kv_engine-linux-master/7924/ : FAILURE

No problems were identified. If you know why this problem occurred, please add a suitable Cause for it. ( http://cv.jenkins.couchbase.com/job/kv_engine-linux-master/7924/ )

http://cv.jenkins.couchbase.com/job/kv_engine-clang_analyzer-master/6920/ : FAILURE

No problems were identified. If you know why this problem occurred, please add a suitable Cause for it. ( http://cv.jenkins.couchbase.com/job/kv_engine-clang_analyzer-master/6920/ )
----------------------------------------------------------------------------------------------------------------------
