======================================================================================================================
DESCRIPTION:

Refactor: mcbp_add_header should accept Cookie

Change-Id: Ibe61c94bbd0bc751e4ab8f123cadb551ae8d3035

======================================================================================================================
COMMENTS
======================================================================================================================
Author: Trond Norbye
Date: 2017-11-13 16:22:16.000000000
Message: 
Uploaded patch set 19: Patch Set 18 was rebased.
----------------------------------------------------------------------------------------------------------------------
Author: Build Bot
Date: 2017-11-13 17:27:26.000000000
Message: 
Patch Set 19: Verified-1

Build Failed 

http://cv.jenkins.couchbase.com/job/kv_engine-linux-master/4134/ : FAILURE

One of more core files found at the end of the build. Data for post-mortem saved to archived_core_dumps.tar.bz2 under "Build Artifacts". ( http://cv.jenkins.couchbase.com/job/kv_engine-linux-master/4134/ )

Failure of a GoogleTest  ( http://cv.jenkins.couchbase.com/job/kv_engine-linux-master/4134/ )

Failure of a CTest test  30/125 Test  #28: ep_testsuite.full_eviction.rocksdb ............... ( http://cv.jenkins.couchbase.com/job/kv_engine-linux-master/4134/ )

http://cv.jenkins.couchbase.com/job/kv_engine-windows-master/3996/ : FAILURE

Failure of a GoogleTest  ( http://cv.jenkins.couchbase.com/job/kv_engine-windows-master/3996/ )

Failure of a CTest test  95/110 Test  #97: memcached-shutdown-tests ....................... ( http://cv.jenkins.couchbase.com/job/kv_engine-windows-master/3996/ )

http://cv.jenkins.couchbase.com/job/kv_engine-threadsanitizer-master/3962/ : FAILURE

Failure of a CTest test  91/106 Test  #93: memcached-shutdown-tests ......................... ( http://cv.jenkins.couchbase.com/job/kv_engine-threadsanitizer-master/3962/ )

http://cv.jenkins.couchbase.com/job/kv_engine-addresssanitizer-master/3814/ : FAILURE

Failure of a GoogleTest  ( http://cv.jenkins.couchbase.com/job/kv_engine-addresssanitizer-master/3814/ )

AddressSanitizer issue: SEGV /build/glibc-9tT8Do/glibc-2.23/string/../sysdeps/x86_64/strlen.S:76 in strlen ( http://cv.jenkins.couchbase.com/job/kv_engine-addresssanitizer-master/3814/ )

Failure of a CTest test  89/105 Test  #92: memcached-shutdown-tests ......................... ( http://cv.jenkins.couchbase.com/job/kv_engine-addresssanitizer-master/3814/ )

http://cv.jenkins.couchbase.com/job/kv_engine-clang_format/2496/ : SUCCESS

http://cv.jenkins.couchbase.com/job/kv_engine-clang_analyzer-master/3627/ : SUCCESS
----------------------------------------------------------------------------------------------------------------------
