======================================================================================================================
DESCRIPTION:

MB-33549: Refactor timingLogs to use a smart pointer

Instead of passing around raw pointers, use a
smart shared_ptr and remove the destructor
containing explicit deletion.

Change-Id: I4d3d59dc2d77256c41ae3e8ed38445cdf8da587c

======================================================================================================================
COMMENTS
======================================================================================================================
Author: Douglas
Date: 2022-04-07 15:58:29.000000000
Message: 
Patch Set 5: Published edit on patch set 4.
----------------------------------------------------------------------------------------------------------------------
Author: Build Bot
Date: 2022-04-07 16:03:59.000000000
Message: 
Patch Set 5: Verified-1

Build Failed 

http://cv.jenkins.couchbase.com/job/kv_engine-windows-master/45094/ : ABORTED

Build which was aborted due to a newer patch set being uploaded for the given review. ( http://cv.jenkins.couchbase.com/job/kv_engine-windows-master/45094/ )

http://cv.jenkins.couchbase.com/job/kv_engine.libFuzzer/job/master/6156/ : ABORTED

Build which was aborted due to a newer patch set being uploaded for the given review. ( http://cv.jenkins.couchbase.com/job/kv_engine.libFuzzer/job/master/6156/ )

http://cv.jenkins.couchbase.com/job/kv_engine.linux/job/master/18609/ : ABORTED

Build which was aborted due to a newer patch set being uploaded for the given review. ( http://cv.jenkins.couchbase.com/job/kv_engine.linux/job/master/18609/ )

http://cv.jenkins.couchbase.com/job/kv_engine.linux-CE/job/master/18273/ : ABORTED

Build which was aborted due to a newer patch set being uploaded for the given review. ( http://cv.jenkins.couchbase.com/job/kv_engine.linux-CE/job/master/18273/ )

http://cv.jenkins.couchbase.com/job/kv_engine.threadsanitizer/job/master/19305/ : ABORTED

http://cv.jenkins.couchbase.com/job/kv_engine.ASan-UBSan/job/master/26683/ : ABORTED

Build which was aborted due to a newer patch set being uploaded for the given review. ( http://cv.jenkins.couchbase.com/job/kv_engine.ASan-UBSan/job/master/26683/ )

http://cv.jenkins.couchbase.com/job/kv_engine.aarch64-linux/job/master/6216/ : FAILURE

Compile error at [2022-04-07T16:01:16.984Z] /home/couchbase/jenkins/workspace/kv_engine.aarch64-linux_master@2/kv_engine/engines/ep/src/durability/active_durability_monitor.cc:68:27:
error: ?class Monotonic<long int>? has no member named ?setLabel?; did you mean ?setLabeler??
 ( http://cv.jenkins.couchbase.com/job/kv_engine.aarch64-linux/job/master/6216/ )

http://cv.jenkins.couchbase.com/job/kv_engine.macos/job/master/17370/ : FAILURE

Compile error at [2022-04-07T16:01:11.935Z] /Users/couchbase/workspace/workspace/kv_engine.macos_master_2/kv_engine/engines/ep/src/durability/durability_monitor_impl.cc:324:43:
error: no member named "setLabel" in "Monotonic<long long, ThrowExceptionPolicy, nullptr, BasicNameLabelPolicy, cb::greater_equal>"
 ( http://cv.jenkins.couchbase.com/job/kv_engine.macos/job/master/17370/ )

http://cv.jenkins.couchbase.com/job/kv_engine-clang_tidy-master/16501/ : SUCCESS

http://cv.jenkins.couchbase.com/job/kv_engine-clang_format_9/15436/ : SUCCESS
----------------------------------------------------------------------------------------------------------------------
