======================================================================================================================
DESCRIPTION:

MB-47437: 5/n Set the snapshot end correctly for a legacy stream

Primary purpose of this fix to call ActiveStream::markDiskSnapshot
with the correct end/maxVisibleSeqno so that a legacy DCP stream
isn't given a range that ends on.

* an item of another collection
* an !committed default collection item

The newly added DCPBackfillBySeqnoDisk::markLegacyDiskSnapshot does
the bulk of the work for this commit and the function comment describes
how it works and its limitations.

Change-Id: I7d27424856706b6d09e6bf4c390ce15cbd1fb991

======================================================================================================================
COMMENTS
======================================================================================================================
Author: Richard de Mellow
Date: 2021-08-23 13:33:37.000000000
Message: 
Uploaded patch set 6: Patch Set 5 was rebased.
----------------------------------------------------------------------------------------------------------------------
Author: Ben Huddleston
Date: 2021-08-23 13:41:32.000000000
Message: 
Patch Set 6: Code-Review+1

(1 comment)
----------------------------------------------------------------------------------------------------------------------
Author: Build Bot
Date: 2021-08-23 14:02:00.000000000
Message: 
Patch Set 6: Verified-1

Build Failed 

http://cv.jenkins.couchbase.com/job/kv_engine-windows-cheshire-cat/352/ : FAILURE

Failure of GoogleTest "ExecutorPoolEpEngineTest/1.TaskStats_MemAccounting":

<pre>
[ RUN      ] ExecutorPoolEpEngineTest/1.TaskStats_MemAccounting
unknown file: error: SEH exception with code 0xc0000005 thrown in SetUp().
unknown file: error: C++ exception with description "device or resource busy: device or resource busy" thrown in TearDown().
[  FAILED  ] ExecutorPoolEpEngineTest/1.TaskStats_MemAccounting, where TypeParam = class FollyExecutorPool (5 ms)
ExecutorPoolEpEngineTest/1.TaskStats_MemAccounting
</pre>
 ( http://cv.jenkins.couchbase.com/job/kv_engine-windows-cheshire-cat/352/ )

http://cv.jenkins.couchbase.com/job/kv_engine-clang_format_9/10315/ : SUCCESS

http://cv.jenkins.couchbase.com/job/kv_engine-clang_tidy-cheshire-cat/233/ : SUCCESS

http://cv.jenkins.couchbase.com/job/kv_engine-clang_analyzer-cheshire-cat/240/ : SUCCESS

http://cv.jenkins.couchbase.com/job/kv_engine.libFuzzer/job/cheshire-cat/157/ : SUCCESS

http://cv.jenkins.couchbase.com/job/kv_engine.threadsanitizer/job/cheshire-cat/244/ : SUCCESS

http://cv.jenkins.couchbase.com/job/kv_engine.linux-CE/job/cheshire-cat/238/ : SUCCESS

http://cv.jenkins.couchbase.com/job/kv_engine.ASan-UBSan/job/cheshire-cat/254/ : SUCCESS

http://cv.jenkins.couchbase.com/job/kv_engine.macos/job/cheshire-cat/241/ : SUCCESS

http://cv.jenkins.couchbase.com/job/kv_engine.linux/job/cheshire-cat/242/ : SUCCESS
----------------------------------------------------------------------------------------------------------------------
Author: Build Bot
Date: 2021-08-23 15:46:42.000000000
Message: 
Patch Set 6:

Build Failed 

http://cv.jenkins.couchbase.com/job/kv_engine-windows-cheshire-cat/356/ : FAILURE

Timeout of a CTest test 295/411 Test #264: ep_testsuite_basic.ephemeral.comp_passive .....................................................................................} ( http://cv.jenkins.couchbase.com/job/kv_engine-windows-cheshire-cat/356/ )

http://cv.jenkins.couchbase.com/job/kv_engine-clang_format_9/10315/ : SUCCESS

http://cv.jenkins.couchbase.com/job/kv_engine-clang_tidy-cheshire-cat/233/ : SUCCESS

http://cv.jenkins.couchbase.com/job/kv_engine-clang_analyzer-cheshire-cat/240/ : SUCCESS

http://cv.jenkins.couchbase.com/job/kv_engine.libFuzzer/job/cheshire-cat/157/ : SUCCESS

http://cv.jenkins.couchbase.com/job/kv_engine.threadsanitizer/job/cheshire-cat/244/ : SUCCESS

http://cv.jenkins.couchbase.com/job/kv_engine.linux-CE/job/cheshire-cat/238/ : SUCCESS

http://cv.jenkins.couchbase.com/job/kv_engine.ASan-UBSan/job/cheshire-cat/254/ : SUCCESS

http://cv.jenkins.couchbase.com/job/kv_engine.macos/job/cheshire-cat/241/ : SUCCESS

http://cv.jenkins.couchbase.com/job/kv_engine.linux/job/cheshire-cat/242/ : SUCCESS
----------------------------------------------------------------------------------------------------------------------
