======================================================================================================================
DESCRIPTION:

MB-30041: Migrate cbsasl from cJSON to JMC

Change-Id: Icd7948104f28dfd5c5182277504a8d08e4fd9853

======================================================================================================================
COMMENTS
======================================================================================================================
Author: Trond Norbye
Date: 2018-06-29 06:37:04.000000000
Message: 
Patch Set 5: Patch Set 4 was rebased
----------------------------------------------------------------------------------------------------------------------
Author: Trond Norbye
Date: 2018-06-29 06:45:50.000000000
Message: 
Patch Set 5: Code-Review+2
----------------------------------------------------------------------------------------------------------------------
Author: Build Bot
Date: 2018-06-29 07:18:09.000000000
Message: 
Patch Set 5: Verified-1

Build Failed 

http://cv.jenkins.couchbase.com/job/kv_engine-undefinedsanitizer-master/1002/ : FAILURE

Timeout of a CTest test 175/175 Test #100: memcached_testapp.default.WorkerConcurrencyTest ..............................} ( http://cv.jenkins.couchbase.com/job/kv_engine-undefinedsanitizer-master/1002/ )

http://cv.jenkins.couchbase.com/job/kv_engine-clang_format/8977/ : SUCCESS

http://cv.jenkins.couchbase.com/job/kv_engine-threadsanitizer-master/1828/ : SUCCESS

http://cv.jenkins.couchbase.com/job/kv_engine-addresssanitizer-master/1745/ : SUCCESS

http://cv.jenkins.couchbase.com/job/kv_engine-linux-master/10012/ : SUCCESS

http://cv.jenkins.couchbase.com/job/kv_engine-windows-master/10098/ : SUCCESS

http://cv.jenkins.couchbase.com/job/kv_engine-clang_analyzer-master/8888/ : SUCCESS
----------------------------------------------------------------------------------------------------------------------
Author: Build Bot
Date: 2018-06-29 08:12:25.000000000
Message: 
Patch Set 5:

Build Failed 

http://cv.jenkins.couchbase.com/job/kv_engine-undefinedsanitizer-master/1007/ : FAILURE

Failure of a CTest test 116/175 Test  #73: ep_perfsuite.value_eviction .................................................. ( http://cv.jenkins.couchbase.com/job/kv_engine-undefinedsanitizer-master/1007/ )

Undefined Sanitizer: home/couchbase/jenkins/workspace/kv_engine-undefinedsanitizer-master/kv_engine/engines/ep/src/objectregistry.cc:217:41: runtime error: member call on address 0x7f7aed676000 which does not point to an object of type "EventuallyPersistentEngine" ( http://cv.jenkins.couchbase.com/job/kv_engine-undefinedsanitizer-master/1007/ )

Timeout of a CTest test 175/175 Test #100: memcached_testapp.default.WorkerConcurrencyTest ..............................} ( http://cv.jenkins.couchbase.com/job/kv_engine-undefinedsanitizer-master/1007/ )

http://cv.jenkins.couchbase.com/job/kv_engine-clang_format/8977/ : SUCCESS

http://cv.jenkins.couchbase.com/job/kv_engine-threadsanitizer-master/1828/ : SUCCESS

http://cv.jenkins.couchbase.com/job/kv_engine-addresssanitizer-master/1745/ : SUCCESS

http://cv.jenkins.couchbase.com/job/kv_engine-linux-master/10012/ : SUCCESS

http://cv.jenkins.couchbase.com/job/kv_engine-windows-master/10098/ : SUCCESS

http://cv.jenkins.couchbase.com/job/kv_engine-clang_analyzer-master/8888/ : SUCCESS
----------------------------------------------------------------------------------------------------------------------
Author: Build Bot
Date: 2018-06-29 09:41:44.000000000
Message: 
Patch Set 5: Verified+1

Build Successful 

http://cv.jenkins.couchbase.com/job/kv_engine-clang_format/8977/ : SUCCESS

http://cv.jenkins.couchbase.com/job/kv_engine-threadsanitizer-master/1828/ : SUCCESS

http://cv.jenkins.couchbase.com/job/kv_engine-addresssanitizer-master/1745/ : SUCCESS

http://cv.jenkins.couchbase.com/job/kv_engine-linux-master/10012/ : SUCCESS

http://cv.jenkins.couchbase.com/job/kv_engine-windows-master/10098/ : SUCCESS

http://cv.jenkins.couchbase.com/job/kv_engine-clang_analyzer-master/8888/ : SUCCESS

http://cv.jenkins.couchbase.com/job/kv_engine-undefinedsanitizer-master/1015/ : SUCCESS
----------------------------------------------------------------------------------------------------------------------
