======================================================================================================================
DESCRIPTION:

Add unit test to detect when we forget to update error map

Change-Id: Ic1c9d752aa304c4b2c571c4ca2ec1da840e7aad4

======================================================================================================================
COMMENTS
======================================================================================================================
Author: Trond Norbye
Date: 2018-09-18 13:14:24.000000000
Message: 
Uploaded patch set 1.
----------------------------------------------------------------------------------------------------------------------
Author: Dave Rigby
Date: 2018-09-18 13:16:11.000000000
Message: 
Patch Set 1: Code-Review+2
----------------------------------------------------------------------------------------------------------------------
Author: Build Bot
Date: 2018-09-18 14:30:58.000000000
Message: 
Patch Set 1: Verified-1

Build Failed 

http://cv.jenkins.couchbase.com/job/kv_engine-threadsanitizer-master/3738/ : FAILURE

Failure of a CTest test  14/158 Test  #15: mcbp_status_test ............................................................. ( http://cv.jenkins.couchbase.com/job/kv_engine-threadsanitizer-master/3738/ )

Failure of a GoogleTest  ( http://cv.jenkins.couchbase.com/job/kv_engine-threadsanitizer-master/3738/ )

http://cv.jenkins.couchbase.com/job/kv_engine-ASan-UBSan-master/1558/ : FAILURE

Failure of a CTest test  15/159 Test  #17: mcbp_status_test ............................................................. ( http://cv.jenkins.couchbase.com/job/kv_engine-ASan-UBSan-master/1558/ )

Failure of a GoogleTest  ( http://cv.jenkins.couchbase.com/job/kv_engine-ASan-UBSan-master/1558/ )

http://cv.jenkins.couchbase.com/job/kv_engine-windows-master/12131/ : FAILURE

Failure of a CTest test  13/162 Test  #15: mcbp_status_test ............................................................. ( http://cv.jenkins.couchbase.com/job/kv_engine-windows-master/12131/ )

Failure of a GoogleTest  ( http://cv.jenkins.couchbase.com/job/kv_engine-windows-master/12131/ )

http://cv.jenkins.couchbase.com/job/kv_engine-linux-master/11847/ : FAILURE

Failure of a CTest test  16/179 Test  #18: mcbp_status_test ............................................................. ( http://cv.jenkins.couchbase.com/job/kv_engine-linux-master/11847/ )

Failure of a GoogleTest  ( http://cv.jenkins.couchbase.com/job/kv_engine-linux-master/11847/ )

http://cv.jenkins.couchbase.com/job/kv_engine-clang_analyzer-master/10622/ : SUCCESS

http://cv.jenkins.couchbase.com/job/kv_engine-clang_format/10900/ : SUCCESS
----------------------------------------------------------------------------------------------------------------------
