======================================================================================================================
DESCRIPTION:

Log sockets and bev release

Change-Id: Id44747e5ebe4a34ba3824395dc0f4e1d295e4c91

======================================================================================================================
COMMENTS
======================================================================================================================
Author: Trond Norbye
Date: 2019-12-09 17:52:46.000000000
Message: 
Uploaded patch set 9.
----------------------------------------------------------------------------------------------------------------------
Author: Build Bot
Date: 2019-12-09 18:53:01.000000000
Message: 
Patch Set 9: Verified-1

Build Failed 

http://cv.jenkins.couchbase.com/job/kv_engine-windows-master/25020/ : FAILURE

Failure of a GoogleTest test:

DurabilityTest.Set (0 ms) ( http://cv.jenkins.couchbase.com/job/kv_engine-windows-master/25020/ )

Failure of a CTest test  24/191 Test  #25: ep_testsuite.value_eviction.comp_passive ..................................... ( http://cv.jenkins.couchbase.com/job/kv_engine-windows-master/25020/ )

http://cv.jenkins.couchbase.com/job/kv_engine.linux-CE/job/master/666/ : FAILURE

Failure of a CTest test [2019-12-09T18:13:45.892Z]   1/203 Test   #3: memcached-breakpad-test-unknown-exception .................................... ( http://cv.jenkins.couchbase.com/job/kv_engine.linux-CE/job/master/666/ )

http://cv.jenkins.couchbase.com/job/kv_engine.threadsanitizer/job/master/745/ : FAILURE

Failure of a CTest test [2019-12-09T18:26:19.050Z]  86/188 Test  #88: memcached_testapp.default.SslCertTest ........................................ ( http://cv.jenkins.couchbase.com/job/kv_engine.threadsanitizer/job/master/745/ )

http://cv.jenkins.couchbase.com/job/kv_engine.linux/job/master/683/ : FAILURE

Failure of a CTest test [2019-12-09T18:14:53.092Z]   1/211 Test   #1: memcached-breakpad-test-segfault ............................................. ( http://cv.jenkins.couchbase.com/job/kv_engine.linux/job/master/683/ )

http://cv.jenkins.couchbase.com/job/kv_engine.ASan-UBSan/job/master/8568/ : FAILURE

Undefined Sanitizer: home/couchbase/jenkins/workspace/kv_engine.ASan-UBSan_master/kv_engine/tests/testapp_cluster/durability_tests.cc:83:51: runtime error: member access within null pointer of type "struct Cluster" ( http://cv.jenkins.couchbase.com/job/kv_engine.ASan-UBSan/job/master/8568/ )

Failure of a CTest test [2019-12-09T18:01:17.527Z]   5/192 Test   #1: memcached-breakpad-test-std-exception ........................................ ( http://cv.jenkins.couchbase.com/job/kv_engine.ASan-UBSan/job/master/8568/ )

http://cv.jenkins.couchbase.com/job/kv_engine-clang_analyzer-master/21331/ : SUCCESS

http://cv.jenkins.couchbase.com/job/kv-engine-cv-perf/14536/ : SUCCESS

http://cv.jenkins.couchbase.com/job/kv_engine-clang_format/23141/ : SUCCESS
----------------------------------------------------------------------------------------------------------------------
