======================================================================================================================
DESCRIPTION:

MB-41942: Add Warmup mock

In a future patch I want to be able to force an unclean shutdown in
tests.

Change-Id: I0ce59575761c87bf9713e92beff18ca37996b833

======================================================================================================================
COMMENTS
======================================================================================================================
Author: Ben Huddleston
Date: 2020-11-30 13:32:19.000000000
Message: 
Uploaded patch set 1.
----------------------------------------------------------------------------------------------------------------------
Author: Build Bot
Date: 2020-11-30 13:32:32.000000000
Message: 
Patch Set 1: Well-Formed-1

Branch restricted. PLEASE READ this URL: 

http://server.jenkins.couchbase.com/job/restricted-branch-check/211805/artifact/restricted.html : FAILURE
----------------------------------------------------------------------------------------------------------------------
Author: Build Bot
Date: 2020-11-30 14:57:52.000000000
Message: 
Patch Set 1: Verified-1

Build Failed 

http://cv.jenkins.couchbase.com/job/kv_engine.threadsanitizer/job/6.5.1/23/ : FAILURE

Failure of an engine_testapp test:

<pre>
Running [0091/0097]: test MB-26907 backfill expired value - ExpiryOutput Enabled (couchstore)...../kv_engine/engines/ep/tests/ep_testsuite_dcp.cc:811 Test failed: `" (Expected `1" to be greater than or equal to `2" - DCP cursors not expected to be registered)
[2020-11-30T14:35:49.397Z] (197 ms) FAIL
</pre>
 ( http://cv.jenkins.couchbase.com/job/kv_engine.threadsanitizer/job/6.5.1/23/ )

ThreadSanitizer issue: data race ../kv_engine/engines/ep/src/objectregistry.cc:103 in ObjectRegistry::onDeleteBlob(Blob const*)  ( http://cv.jenkins.couchbase.com/job/kv_engine.threadsanitizer/job/6.5.1/23/ )

http://cv.jenkins.couchbase.com/job/kv_engine.linux/job/6.5.1/22/ : FAILURE

No problems were identified. If you know why this problem occurred, please add a suitable Cause for it. ( http://cv.jenkins.couchbase.com/job/kv_engine.linux/job/6.5.1/22/ )

http://cv.jenkins.couchbase.com/job/kv_engine.linux-CE/job/6.5.1/24/ : FAILURE

No problems were identified. If you know why this problem occurred, please add a suitable Cause for it. ( http://cv.jenkins.couchbase.com/job/kv_engine.linux-CE/job/6.5.1/24/ )

http://cv.jenkins.couchbase.com/job/kv_engine.ASan-UBSan/job/6.5.1/23/ : SUCCESS

http://cv.jenkins.couchbase.com/job/kv_engine.macos/job/6.5.1/26/ : SUCCESS

http://cv.jenkins.couchbase.com/job/kv_engine-windows-madhatter/1799/ : SUCCESS

http://cv.jenkins.couchbase.com/job/kv_engine-clang_analyzer-mad-hatter/1608/ : SUCCESS
----------------------------------------------------------------------------------------------------------------------
Author: Ben Huddleston
Date: 2020-11-30 16:31:41.000000000
Message: 
Abandoned
----------------------------------------------------------------------------------------------------------------------
