======================================================================================================================
DESCRIPTION:

MB-26196: Remap error code from engine-specific commands

The underlying engine may return an error code
the client isn't prepared to receive.

Change-Id: I58a4b540d737df46c4d5f34d3f18cc4f0906127d

======================================================================================================================
COMMENTS
======================================================================================================================
Author: Trond Norbye
Date: 2017-09-28 17:37:36.000000000
Message: 
Uploaded patch set 2.
----------------------------------------------------------------------------------------------------------------------
Author: Build Bot
Date: 2017-09-28 17:37:49.000000000
Message: 
Patch Set 2:

Branch restricted. PLEASE READ this URL: 

http://server.jenkins.couchbase.com/job/restricted-branch-check/62980/artifact/restricted.html : FAILURE
----------------------------------------------------------------------------------------------------------------------
Author: Build Bot
Date: 2017-09-28 17:59:26.000000000
Message: 
Patch Set 2: Verified-1

Build Failed 

http://cv.jenkins.couchbase.com/job/kv_engine-addresssanitizer-spock/625/ : FAILURE

Failure of a CTest test 18/87 Test #13: ep-engine_ep_unit_tests ........................ ( http://cv.jenkins.couchbase.com/job/kv_engine-addresssanitizer-spock/625/ )

AddressSanitizer issue: 3879 byte(s) leaked in 20 allocation(s). ( http://cv.jenkins.couchbase.com/job/kv_engine-addresssanitizer-spock/625/ )

Failure of a GoogleTest  ( http://cv.jenkins.couchbase.com/job/kv_engine-addresssanitizer-spock/625/ )

http://cv.jenkins.couchbase.com/job/kv_engine-threadsanitizer-spock/621/ : FAILURE

Failure of a CTest test 87/88 Test #87: memcached-regression-tests ..................... ( http://cv.jenkins.couchbase.com/job/kv_engine-threadsanitizer-spock/621/ )

Failure of a GoogleTest  ( http://cv.jenkins.couchbase.com/job/kv_engine-threadsanitizer-spock/621/ )

http://cv.jenkins.couchbase.com/job/kv_engine-windows-spock/640/ : FAILURE

Failure of a CTest test 94/94 Test #93: memcached-regression-tests ..................... ( http://cv.jenkins.couchbase.com/job/kv_engine-windows-spock/640/ )

Failure of a GoogleTest  ( http://cv.jenkins.couchbase.com/job/kv_engine-windows-spock/640/ )

http://cv.jenkins.couchbase.com/job/kv_engine-linux-spock/621/ : FAILURE

Failure of a CTest test 96/99 Test #98: memcached-regression-tests ..................... ( http://cv.jenkins.couchbase.com/job/kv_engine-linux-spock/621/ )

Failure of a GoogleTest  ( http://cv.jenkins.couchbase.com/job/kv_engine-linux-spock/621/ )

http://cv.jenkins.couchbase.com/job/kv_engine-clang_format/1394/ : SUCCESS
----------------------------------------------------------------------------------------------------------------------
Author: Build Bot
Date: 2017-09-28 19:55:21.000000000
Message: 
Patch Set 2:

Build Failed 

http://cv.jenkins.couchbase.com/job/kv_engine-addresssanitizer-spock/626/ : ABORTED

No problems were identified. If you know why this problem occurred, please add a suitable Cause for it. ( http://cv.jenkins.couchbase.com/job/kv_engine-addresssanitizer-spock/626/ )

http://cv.jenkins.couchbase.com/job/kv_engine-threadsanitizer-spock/621/ : FAILURE

Failure of a CTest test 87/88 Test #87: memcached-regression-tests ..................... ( http://cv.jenkins.couchbase.com/job/kv_engine-threadsanitizer-spock/621/ )

Failure of a GoogleTest  ( http://cv.jenkins.couchbase.com/job/kv_engine-threadsanitizer-spock/621/ )

http://cv.jenkins.couchbase.com/job/kv_engine-windows-spock/640/ : FAILURE

Failure of a CTest test 94/94 Test #93: memcached-regression-tests ..................... ( http://cv.jenkins.couchbase.com/job/kv_engine-windows-spock/640/ )

Failure of a GoogleTest  ( http://cv.jenkins.couchbase.com/job/kv_engine-windows-spock/640/ )

http://cv.jenkins.couchbase.com/job/kv_engine-linux-spock/621/ : FAILURE

Failure of a CTest test 96/99 Test #98: memcached-regression-tests ..................... ( http://cv.jenkins.couchbase.com/job/kv_engine-linux-spock/621/ )

Failure of a GoogleTest  ( http://cv.jenkins.couchbase.com/job/kv_engine-linux-spock/621/ )

http://cv.jenkins.couchbase.com/job/kv_engine-clang_format/1394/ : SUCCESS
----------------------------------------------------------------------------------------------------------------------
