======================================================================================================================
DESCRIPTION:

CBD-287: added minimal performance test to simple.conf

Change-Id: I3fa5ff3310d6194d81dd9b9333bbc029d3c3b8d5

======================================================================================================================
COMMENTS
======================================================================================================================
Author: Pavel Paulau
Date: 2012-06-08 01:43:02.000000000
Message: 
Uploaded patch set 3.
----------------------------------------------------------------------------------------------------------------------
Author: Karan Kumar
Date: 2012-06-08 01:43:11.000000000
Message: 
Patch Set 3: Looks good to me, approved

Automatically re-added by Gerrit trivial rebase detection script.
----------------------------------------------------------------------------------------------------------------------
Author: Build Bot
Date: 2012-06-08 02:10:06.000000000
Message: 
Patch Set 3:

Build Started http://qa.hq.northscale.net/job/testrunner-gerrit-master/749/ 
----------------------------------------------------------------------------------------------------------------------
Author: Build Bot
Date: 2012-06-08 02:22:49.000000000
Message: 
Patch Set 3:

Build Failed 

http://qa.hq.northscale.net/job/testrunner-gerrit-master/749/ : FAILURE
----------------------------------------------------------------------------------------------------------------------
Author: Build Bot
Date: 2012-06-08 03:04:44.000000000
Message: 
Patch Set 3:

Build Started http://qa.hq.northscale.net/job/testrunner-gerrit-master/756/ 
----------------------------------------------------------------------------------------------------------------------
Author: Build Bot
Date: 2012-06-08 03:14:42.000000000
Message: 
Patch Set 3:

Build Failed 

http://qa.hq.northscale.net/job/testrunner-gerrit-master/756/ : FAILURE
----------------------------------------------------------------------------------------------------------------------
Author: Pavel Paulau
Date: 2012-06-08 03:33:08.000000000
Message: 
Patch Set 3: Fails

It works locally, but fail on Jenkins.
----------------------------------------------------------------------------------------------------------------------
Author: Build Bot
Date: 2012-06-11 00:51:03.000000000
Message: 
Patch Set 3:

Build Started http://qa.hq.northscale.net/job/testrunner-gerrit-master/760/ 
----------------------------------------------------------------------------------------------------------------------
Author: Build Bot
Date: 2012-06-11 01:01:03.000000000
Message: 
Patch Set 3:

Build Failed 

http://qa.hq.northscale.net/job/testrunner-gerrit-master/760/ : FAILURE
----------------------------------------------------------------------------------------------------------------------
