======================================================================================================================
DESCRIPTION:

MB-39505: Move StatCollector to using stats.def.h StatSpecs

Change-Id: I56ec2dcf56c9a2aa29453d585894e1a7444f01c3

======================================================================================================================
COMMENTS
======================================================================================================================
Author: James H
Date: 2020-08-19 13:52:34.000000000
Message: 
Uploaded patch set 21.
----------------------------------------------------------------------------------------------------------------------
Author: Build Bot
Date: 2020-08-19 14:28:08.000000000
Message: 
Patch Set 21: Verified-1

Build Failed 

http://cv.jenkins.couchbase.com/job/kv_engine-windows-master/29650/ : FAILURE

Compile error at c:\jenkins\workspace\kv_engine-windows-master\kv_engine\include\statistics\units.h(85): error C2039: "string_view_literals": is not a member of "std" ( http://cv.jenkins.couchbase.com/job/kv_engine-windows-master/29650/ )

http://cv.jenkins.couchbase.com/job/kv_engine.macos/job/master/4189/ : FAILURE

Failure of a CTest test [2020-08-19T14:07:40.012Z] 182/410 Test #287: kv-engine-check-header-define-once-guard .................................................................... ( http://cv.jenkins.couchbase.com/job/kv_engine.macos/job/master/4189/ )

http://cv.jenkins.couchbase.com/job/kv_engine.linux/job/master/5164/ : FAILURE

Compile error at [2020-08-19T14:06:19.687Z] ../kv_engine/statistics/definitions.cc:30:1:
error: missing braces around initializer for ?std::__array_traits<cb::stats::StatDef, 31>::_Type {aka cb::stats::StatDef [31]}? [-Werror=missing-braces]
 ( http://cv.jenkins.couchbase.com/job/kv_engine.linux/job/master/5164/ )

http://cv.jenkins.couchbase.com/job/kv_engine.linux-CE/job/master/5073/ : FAILURE

Compile error at [2020-08-19T13:56:08.041Z] ../kv_engine/statistics/definitions.cc:30:1:
error: missing braces around initializer for ?std::__array_traits<cb::stats::StatDef, 31>::_Type {aka cb::stats::StatDef [31]}? [-Werror=missing-braces]
 ( http://cv.jenkins.couchbase.com/job/kv_engine.linux-CE/job/master/5073/ )

http://cv.jenkins.couchbase.com/job/kv_engine.threadsanitizer/job/master/5261/ : FAILURE

http://cv.jenkins.couchbase.com/job/kv_engine.ASan-UBSan/job/master/12978/ : FAILURE

No problems were identified. If you know why this problem occurred, please add a suitable Cause for it. ( http://cv.jenkins.couchbase.com/job/kv_engine.ASan-UBSan/job/master/12978/ )

http://cv.jenkins.couchbase.com/job/kv_engine-clang_analyzer-master/25685/ : SUCCESS

http://cv.jenkins.couchbase.com/job/kv_engine-clang_tidy/3864/ : SUCCESS

http://cv.jenkins.couchbase.com/job/kv_engine-clang_format_9/2388/ : SUCCESS
----------------------------------------------------------------------------------------------------------------------
