======================================================================================================================
DESCRIPTION:

MB-19648: Implement unit test for vb deletion/creation race with stats

Change-Id: Iefbdb103449466324d7e4e77fa8f918981a5994b

======================================================================================================================
COMMENTS
======================================================================================================================
Author: Sriram Ganesan
Date: 2016-05-19 21:21:55.000000000
Message: 
Uploaded patch set 1.
----------------------------------------------------------------------------------------------------------------------
Author: Build Bot
Date: 2016-05-19 21:22:02.000000000
Message: 
Patch Set 1:

Build Started http://cv.jenkins.couchbase.com/job/ep-engine-gerrit-watson/664/ (1/3)
----------------------------------------------------------------------------------------------------------------------
Author: Build Bot
Date: 2016-05-19 21:22:06.000000000
Message: 
Patch Set 1: Well-Formed-1

Branch restricted. PLEASE READ this URL: 

http://server.jenkins.couchbase.com/job/restricted-branch-check/15163/artifact/restricted.html : FAILURE
----------------------------------------------------------------------------------------------------------------------
Author: Build Bot
Date: 2016-05-19 22:05:30.000000000
Message: 
Patch Set 1:

Build Started http://cv.jenkins.couchbase.com/job/ep-engine-clang_analyzer-watson/439/ (2/3)
----------------------------------------------------------------------------------------------------------------------
Author: Build Bot
Date: 2016-05-19 22:05:42.000000000
Message: 
Patch Set 1:

Build Started http://cv.jenkins.couchbase.com/job/ep-engine-threadsanitizer-watson/589/ (3/3)
----------------------------------------------------------------------------------------------------------------------
Author: Build Bot
Date: 2016-05-19 22:24:11.000000000
Message: 
Patch Set 1: Verified-1

Build Failed 

http://cv.jenkins.couchbase.com/job/ep-engine-threadsanitizer-watson/589/ : FAILURE

Failure of a CTest test  ( http://cv.jenkins.couchbase.com//job/ep-engine-threadsanitizer-watson/589/ )

http://cv.jenkins.couchbase.com/job/ep-engine-gerrit-watson/664/ : FAILURE

http://cv.jenkins.couchbase.com/job/ep-engine-clang_analyzer-watson/439/ : SUCCESS
----------------------------------------------------------------------------------------------------------------------
Author: Sriram Ganesan
Date: 2016-05-23 21:11:47.000000000
Message: 
Abandoned

This isn't needed anymore
----------------------------------------------------------------------------------------------------------------------
