======================================================================================================================
DESCRIPTION:

MB-16181: Use isInSystemCollection during warmup

Change replaces a full decode of every key's collection with the
simpler isInSystemCollection function.

Change-Id: I4f5c82e94cd3df6685021f94f571445d6c4996a7

======================================================================================================================
COMMENTS
======================================================================================================================
Author: Jim Walker
Date: 2020-06-30 14:39:56.000000000
Message: 
Patch Set 2: Patch Set 1 was rebased
----------------------------------------------------------------------------------------------------------------------
Author: James H
Date: 2020-06-30 14:44:34.000000000
Message: 
Patch Set 2: Code-Review+2
----------------------------------------------------------------------------------------------------------------------
Author: Build Bot
Date: 2020-06-30 16:22:53.000000000
Message: 
Patch Set 2: Verified-1

Build Failed 

http://cv.jenkins.couchbase.com/job/kv_engine-clang_format_9/1597/ : FAILURE

No problems were identified. If you know why this problem occurred, please add a suitable Cause for it. ( http://cv.jenkins.couchbase.com/job/kv_engine-clang_format_9/1597/ )

http://cv.jenkins.couchbase.com/job/kv_engine-windows-master/28903/ : FAILURE

Failure of GoogleTest "DocKeyTest.invalid":

<pre>
[ RUN      ] DocKeyTest.invalid
unknown file: error: SEH exception with code 0xc0000005 thrown in the test body.
[  FAILED  ] DocKeyTest.invalid (1 ms)
DocKeyTest.invalid
</pre>
 ( http://cv.jenkins.couchbase.com/job/kv_engine-windows-master/28903/ )

Failure of a CTest test 271/393 Test #277: memcached_dockey_test ......................................................................................................... ( http://cv.jenkins.couchbase.com/job/kv_engine-windows-master/28903/ )

http://cv.jenkins.couchbase.com/job/kv_engine-clang_tidy/3091/ : FAILURE

No problems were identified. If you know why this problem occurred, please add a suitable Cause for it. ( http://cv.jenkins.couchbase.com/job/kv_engine-clang_tidy/3091/ )

http://cv.jenkins.couchbase.com/job/kv_engine.linux-CE/job/master/4455/ : FAILURE

No problems were identified. If you know why this problem occurred, please add a suitable Cause for it. ( http://cv.jenkins.couchbase.com/job/kv_engine.linux-CE/job/master/4455/ )

http://cv.jenkins.couchbase.com/job/kv_engine.ASan-UBSan/job/master/12345/ : FAILURE

No problems were identified. If you know why this problem occurred, please add a suitable Cause for it. ( http://cv.jenkins.couchbase.com/job/kv_engine.ASan-UBSan/job/master/12345/ )

http://cv.jenkins.couchbase.com/job/kv_engine.macos/job/master/3560/ : FAILURE

Failure of a CTest test [2020-06-30T15:37:41.950Z]   1/407 Test #288: memcached_dockey_test ....................................................................................... ( http://cv.jenkins.couchbase.com/job/kv_engine.macos/job/master/3560/ )

http://cv.jenkins.couchbase.com/job/kv_engine.threadsanitizer/job/master/4619/ : FAILURE

No problems were identified. If you know why this problem occurred, please add a suitable Cause for it. ( http://cv.jenkins.couchbase.com/job/kv_engine.threadsanitizer/job/master/4619/ )

http://cv.jenkins.couchbase.com/job/kv_engine.linux/job/master/4521/ : FAILURE

No problems were identified. If you know why this problem occurred, please add a suitable Cause for it. ( http://cv.jenkins.couchbase.com/job/kv_engine.linux/job/master/4521/ )

http://cv.jenkins.couchbase.com/job/kv_engine-clang_analyzer-master/24915/ : SUCCESS
----------------------------------------------------------------------------------------------------------------------
