======================================================================================================================
DESCRIPTION:

MB-39620: Remove interfaces from memcached.json [3/3]

This patch removes the old definition of interfaces through
memcached.json

Change-Id: If56d95b7ea8ee6086c6c4d80c3aea536a4a7fc9a

======================================================================================================================
COMMENTS
======================================================================================================================
Author: Trond Norbye
Date: 2021-06-11 08:03:16.000000000
Message: 
Uploaded patch set 35: Patch Set 34 was rebased.
----------------------------------------------------------------------------------------------------------------------
Author: Build Bot
Date: 2021-06-11 08:09:33.000000000
Message: 
Patch Set 35: Verified-1

Build Failed 

http://cv.jenkins.couchbase.com/job/kv_engine-windows-master/36723/ : ABORTED

No problems were identified. If you know why this problem occurred, please add a suitable Cause for it. ( http://cv.jenkins.couchbase.com/job/kv_engine-windows-master/36723/ )

http://cv.jenkins.couchbase.com/job/kv_engine-clang_analyzer-master/31390/ : ABORTED

Build which was aborted due to a newer patch set being uploaded for the given review. ( http://cv.jenkins.couchbase.com/job/kv_engine-clang_analyzer-master/31390/ )

http://cv.jenkins.couchbase.com/job/kv_engine.linux/job/master/11483/ : ABORTED

Build which was aborted due to a newer patch set being uploaded for the given review. ( http://cv.jenkins.couchbase.com/job/kv_engine.linux/job/master/11483/ )

http://cv.jenkins.couchbase.com/job/kv_engine.linux-CE/job/master/11335/ : ABORTED

Build which was aborted due to a newer patch set being uploaded for the given review. ( http://cv.jenkins.couchbase.com/job/kv_engine.linux-CE/job/master/11335/ )

http://cv.jenkins.couchbase.com/job/kv_engine.macos/job/master/10408/ : ABORTED

http://cv.jenkins.couchbase.com/job/kv_engine.threadsanitizer/job/master/11761/ : ABORTED

Build which was aborted due to a newer patch set being uploaded for the given review. ( http://cv.jenkins.couchbase.com/job/kv_engine.threadsanitizer/job/master/11761/ )

http://cv.jenkins.couchbase.com/job/kv_engine.ASan-UBSan/job/master/19342/ : ABORTED

Build which was aborted due to a newer patch set being uploaded for the given review. ( http://cv.jenkins.couchbase.com/job/kv_engine.ASan-UBSan/job/master/19342/ )

http://cv.jenkins.couchbase.com/job/kv_engine-clang_tidy-master/9760/ : FAILURE

clang-tidy found the following problems:

<pre>
/home/couchbase/jenkins/workspace/kv_engine-clang_tidy-master/build-kv_engine-clang-tidy/tlm/deps/folly.exploded/include/folly/portability/GTest.h:32:10: error: "gtest/gtest.h" file not found [clang-diagnostic-error]
#include <gtest/gtest.h>
         ^

</pre> ( http://cv.jenkins.couchbase.com/job/kv_engine-clang_tidy-master/9760/ )

Compile error at /home/couchbase/jenkins/workspace/kv_engine-clang_tidy-master/build-kv_engine-clang-tidy/tlm/deps/folly.exploded/include/folly/portability/GTest.h:32:10:
error: "gtest/gtest.h" file not found [clang-diagnostic-error]
 ( http://cv.jenkins.couchbase.com/job/kv_engine-clang_tidy-master/9760/ )

http://cv.jenkins.couchbase.com/job/kv_engine-clang_format_9/8355/ : SUCCESS
----------------------------------------------------------------------------------------------------------------------
