======================================================================================================================
DESCRIPTION:

MB-39620: Add support for ifconfig commands [2.0/3]

This patch contains the implementation for the ifconfig
commands (and a unit test suite which tests them).

It is currently not possible to fully use the new commands
as it is in "conflict" with the normal config reload (it'll
give you undefined behavior as it might drop and open ports
etc).

Change-Id: I56eea6cbcb2e0d4b073f4247c29d7308dc40d67b

======================================================================================================================
COMMENTS
======================================================================================================================
Author: Trond Norbye
Date: 2021-06-15 19:24:46.000000000
Message: 
Uploaded patch set 66.
----------------------------------------------------------------------------------------------------------------------
Author: Build Bot
Date: 2021-06-15 19:50:59.000000000
Message: 
Patch Set 66: Verified-1

Build Failed 

http://cv.jenkins.couchbase.com/job/kv_engine-windows-master/36911/ : FAILURE

CMake error: C:/Jenkins/workspace/kv_engine-windows-master/tlm/cmake/Modules/CouchbaseGoogleTestAddTests.cmake:40 (message) ( http://cv.jenkins.couchbase.com/job/kv_engine-windows-master/36911/ )

http://cv.jenkins.couchbase.com/job/kv_engine-clang_tidy-master/9926/ : FAILURE

clang-tidy found the following problems:

<pre>
/home/couchbase/jenkins/workspace/kv_engine-clang_tidy-master/kv_engine/executor/tasks.def.h:25:1: error: C++ requires a type specifier for all declarations [clang-diagnostic-error]
TASK(MultiBGFetcherTask, READER_TASK_IDX, 0)
^
/home/couchbase/jenkins/workspace/kv_engine-clang_tidy-master/kv_engine/executor/tasks.def.h:25:6: error: use of undeclared identifier "MultiBGFetcherTask" [clang-diagnostic-error]
TASK(MultiBGFetcherTask, READER_TASK_IDX, 0)
     ^
/home/couchbase/jenkins/workspace/kv_engine-clang_tidy-master/kv_engine/executor/tasks.def.h:25:26: error: use of undeclared identifier "READER_TASK_IDX" [clang-diagnostic-error]
TASK(MultiBGFetcherTask, READER_TASK_IDX, 0)
                         ^
/home/couchbase/jenkins/workspace/kv_engine-clang_tidy-master/kv_engine/executor/tasks.def.h:25:45: error: expected ";" after top level declarator [clang-diagnostic-error]
TASK(MultiBGFetcherTask, READER_TASK_IDX, 0)
                                            ^
                                            ;

</pre> ( http://cv.jenkins.couchbase.com/job/kv_engine-clang_tidy-master/9926/ )

Compile error at /home/couchbase/jenkins/workspace/kv_engine-clang_tidy-master/kv_engine/executor/tasks.def.h:25:1:
error: C++ requires a type specifier for all declarations [clang-diagnostic-error]
 ( http://cv.jenkins.couchbase.com/job/kv_engine-clang_tidy-master/9926/ )

http://cv.jenkins.couchbase.com/job/kv_engine.threadsanitizer/job/master/11915/ : FAILURE

ThreadSanitizer issue: data race (/opt/gcc-10.2.0/lib64/libtsan.so.0+0x87578) in operator delete(void*, unsigned long)  ( http://cv.jenkins.couchbase.com/job/kv_engine.threadsanitizer/job/master/11915/ )

http://cv.jenkins.couchbase.com/job/kv_engine-clang_format_9/8512/ : SUCCESS

http://cv.jenkins.couchbase.com/job/ming-test2/423/ : SUCCESS

http://cv.jenkins.couchbase.com/job/kv_engine-clang_analyzer-master/31535/ : SUCCESS

http://cv.jenkins.couchbase.com/job/kv_engine.macos/job/master/10568/ : SUCCESS

http://cv.jenkins.couchbase.com/job/kv_engine.linux-CE/job/master/11487/ : SUCCESS

http://cv.jenkins.couchbase.com/job/kv_engine.linux/job/master/11640/ : SUCCESS

http://cv.jenkins.couchbase.com/job/kv_engine.ASan-UBSan/job/master/19503/ : SUCCESS
----------------------------------------------------------------------------------------------------------------------
Author: Build Bot
Date: 2021-06-15 20:30:08.000000000
Message: 
Patch Set 66:

Build Failed 

http://cv.jenkins.couchbase.com/job/kv_engine-clang_tidy-master/9926/ : FAILURE

clang-tidy found the following problems:

<pre>
/home/couchbase/jenkins/workspace/kv_engine-clang_tidy-master/kv_engine/executor/tasks.def.h:25:1: error: C++ requires a type specifier for all declarations [clang-diagnostic-error]
TASK(MultiBGFetcherTask, READER_TASK_IDX, 0)
^
/home/couchbase/jenkins/workspace/kv_engine-clang_tidy-master/kv_engine/executor/tasks.def.h:25:6: error: use of undeclared identifier "MultiBGFetcherTask" [clang-diagnostic-error]
TASK(MultiBGFetcherTask, READER_TASK_IDX, 0)
     ^
/home/couchbase/jenkins/workspace/kv_engine-clang_tidy-master/kv_engine/executor/tasks.def.h:25:26: error: use of undeclared identifier "READER_TASK_IDX" [clang-diagnostic-error]
TASK(MultiBGFetcherTask, READER_TASK_IDX, 0)
                         ^
/home/couchbase/jenkins/workspace/kv_engine-clang_tidy-master/kv_engine/executor/tasks.def.h:25:45: error: expected ";" after top level declarator [clang-diagnostic-error]
TASK(MultiBGFetcherTask, READER_TASK_IDX, 0)
                                            ^
                                            ;

</pre> ( http://cv.jenkins.couchbase.com/job/kv_engine-clang_tidy-master/9926/ )

Compile error at /home/couchbase/jenkins/workspace/kv_engine-clang_tidy-master/kv_engine/executor/tasks.def.h:25:1:
error: C++ requires a type specifier for all declarations [clang-diagnostic-error]
 ( http://cv.jenkins.couchbase.com/job/kv_engine-clang_tidy-master/9926/ )

http://cv.jenkins.couchbase.com/job/kv_engine.threadsanitizer/job/master/11915/ : FAILURE

ThreadSanitizer issue: data race (/opt/gcc-10.2.0/lib64/libtsan.so.0+0x87578) in operator delete(void*, unsigned long)  ( http://cv.jenkins.couchbase.com/job/kv_engine.threadsanitizer/job/master/11915/ )

http://cv.jenkins.couchbase.com/job/kv_engine-windows-master/36912/ : FAILURE

CMake error: C:/Jenkins/workspace/kv_engine-windows-master/tlm/cmake/Modules/CouchbaseGoogleTestAddTests.cmake:40 (message) ( http://cv.jenkins.couchbase.com/job/kv_engine-windows-master/36912/ )

http://cv.jenkins.couchbase.com/job/kv_engine-clang_format_9/8512/ : SUCCESS

http://cv.jenkins.couchbase.com/job/ming-test2/423/ : SUCCESS

http://cv.jenkins.couchbase.com/job/kv_engine-clang_analyzer-master/31535/ : SUCCESS

http://cv.jenkins.couchbase.com/job/kv_engine.macos/job/master/10568/ : SUCCESS

http://cv.jenkins.couchbase.com/job/kv_engine.linux-CE/job/master/11487/ : SUCCESS

http://cv.jenkins.couchbase.com/job/kv_engine.linux/job/master/11640/ : SUCCESS

http://cv.jenkins.couchbase.com/job/kv_engine.ASan-UBSan/job/master/19503/ : SUCCESS
----------------------------------------------------------------------------------------------------------------------
Author: Build Bot
Date: 2021-06-16 07:52:10.000000000
Message: 
Patch Set 66:

Build Failed 

http://cv.jenkins.couchbase.com/job/kv_engine-clang_tidy-master/9926/ : FAILURE

clang-tidy found the following problems:

<pre>
/home/couchbase/jenkins/workspace/kv_engine-clang_tidy-master/kv_engine/executor/tasks.def.h:25:1: error: C++ requires a type specifier for all declarations [clang-diagnostic-error]
TASK(MultiBGFetcherTask, READER_TASK_IDX, 0)
^
/home/couchbase/jenkins/workspace/kv_engine-clang_tidy-master/kv_engine/executor/tasks.def.h:25:6: error: use of undeclared identifier "MultiBGFetcherTask" [clang-diagnostic-error]
TASK(MultiBGFetcherTask, READER_TASK_IDX, 0)
     ^
/home/couchbase/jenkins/workspace/kv_engine-clang_tidy-master/kv_engine/executor/tasks.def.h:25:26: error: use of undeclared identifier "READER_TASK_IDX" [clang-diagnostic-error]
TASK(MultiBGFetcherTask, READER_TASK_IDX, 0)
                         ^
/home/couchbase/jenkins/workspace/kv_engine-clang_tidy-master/kv_engine/executor/tasks.def.h:25:45: error: expected ";" after top level declarator [clang-diagnostic-error]
TASK(MultiBGFetcherTask, READER_TASK_IDX, 0)
                                            ^
                                            ;

</pre> ( http://cv.jenkins.couchbase.com/job/kv_engine-clang_tidy-master/9926/ )

Compile error at /home/couchbase/jenkins/workspace/kv_engine-clang_tidy-master/kv_engine/executor/tasks.def.h:25:1:
error: C++ requires a type specifier for all declarations [clang-diagnostic-error]
 ( http://cv.jenkins.couchbase.com/job/kv_engine-clang_tidy-master/9926/ )

http://cv.jenkins.couchbase.com/job/kv_engine.threadsanitizer/job/master/11915/ : FAILURE

ThreadSanitizer issue: data race (/opt/gcc-10.2.0/lib64/libtsan.so.0+0x87578) in operator delete(void*, unsigned long)  ( http://cv.jenkins.couchbase.com/job/kv_engine.threadsanitizer/job/master/11915/ )

http://cv.jenkins.couchbase.com/job/kv_engine-clang_format_9/8512/ : SUCCESS

http://cv.jenkins.couchbase.com/job/ming-test2/423/ : SUCCESS

http://cv.jenkins.couchbase.com/job/kv_engine-clang_analyzer-master/31535/ : SUCCESS

http://cv.jenkins.couchbase.com/job/kv_engine.macos/job/master/10568/ : SUCCESS

http://cv.jenkins.couchbase.com/job/kv_engine.linux-CE/job/master/11487/ : SUCCESS

http://cv.jenkins.couchbase.com/job/kv_engine.linux/job/master/11640/ : SUCCESS

http://cv.jenkins.couchbase.com/job/kv_engine.ASan-UBSan/job/master/19503/ : SUCCESS

http://cv.jenkins.couchbase.com/job/kv_engine-windows-master/36913/ : SUCCESS
----------------------------------------------------------------------------------------------------------------------
Author: Build Bot
Date: 2021-06-16 09:15:28.000000000
Message: 
Patch Set 66:

Build Failed 

http://cv.jenkins.couchbase.com/job/kv_engine-clang_tidy-master/9926/ : FAILURE

clang-tidy found the following problems:

<pre>
/home/couchbase/jenkins/workspace/kv_engine-clang_tidy-master/kv_engine/executor/tasks.def.h:25:1: error: C++ requires a type specifier for all declarations [clang-diagnostic-error]
TASK(MultiBGFetcherTask, READER_TASK_IDX, 0)
^
/home/couchbase/jenkins/workspace/kv_engine-clang_tidy-master/kv_engine/executor/tasks.def.h:25:6: error: use of undeclared identifier "MultiBGFetcherTask" [clang-diagnostic-error]
TASK(MultiBGFetcherTask, READER_TASK_IDX, 0)
     ^
/home/couchbase/jenkins/workspace/kv_engine-clang_tidy-master/kv_engine/executor/tasks.def.h:25:26: error: use of undeclared identifier "READER_TASK_IDX" [clang-diagnostic-error]
TASK(MultiBGFetcherTask, READER_TASK_IDX, 0)
                         ^
/home/couchbase/jenkins/workspace/kv_engine-clang_tidy-master/kv_engine/executor/tasks.def.h:25:45: error: expected ";" after top level declarator [clang-diagnostic-error]
TASK(MultiBGFetcherTask, READER_TASK_IDX, 0)
                                            ^
                                            ;

</pre> ( http://cv.jenkins.couchbase.com/job/kv_engine-clang_tidy-master/9926/ )

Compile error at /home/couchbase/jenkins/workspace/kv_engine-clang_tidy-master/kv_engine/executor/tasks.def.h:25:1:
error: C++ requires a type specifier for all declarations [clang-diagnostic-error]
 ( http://cv.jenkins.couchbase.com/job/kv_engine-clang_tidy-master/9926/ )

http://cv.jenkins.couchbase.com/job/kv_engine-clang_format_9/8512/ : SUCCESS

http://cv.jenkins.couchbase.com/job/kv_engine-windows-master/36913/ : SUCCESS

http://cv.jenkins.couchbase.com/job/ming-test2/423/ : SUCCESS

http://cv.jenkins.couchbase.com/job/kv_engine-clang_analyzer-master/31535/ : SUCCESS

http://cv.jenkins.couchbase.com/job/kv_engine.macos/job/master/10568/ : SUCCESS

http://cv.jenkins.couchbase.com/job/kv_engine.linux-CE/job/master/11487/ : SUCCESS

http://cv.jenkins.couchbase.com/job/kv_engine.linux/job/master/11640/ : SUCCESS

http://cv.jenkins.couchbase.com/job/kv_engine.ASan-UBSan/job/master/19503/ : SUCCESS

http://cv.jenkins.couchbase.com/job/kv_engine.threadsanitizer/job/master/11922/ : SUCCESS
----------------------------------------------------------------------------------------------------------------------
Author: Trond Norbye
Date: 2021-06-16 09:30:36.000000000
Message: 
Patch Set 66: Verified+1

Override clang-tidy as it don't like tasks.def.h
----------------------------------------------------------------------------------------------------------------------
Author: Trond Norbye
Date: 2021-06-16 09:30:43.000000000
Message: 
Removed Verified-1 by Build Bot <build@couchbase.com>

----------------------------------------------------------------------------------------------------------------------
