======================================================================================================================
DESCRIPTION:

Simplify get_bucket_details_UNLOCKED

Change-Id: I37549e5e0c68679564a0e5014d582ef3261db302

======================================================================================================================
COMMENTS
======================================================================================================================
Author: Trond Norbye
Date: 2018-10-10 08:00:50.000000000
Message: 
Uploaded patch set 1.
----------------------------------------------------------------------------------------------------------------------
Author: Build Bot
Date: 2018-10-10 08:05:14.000000000
Message: 
Patch Set 1: Verified-1

Build Failed 

http://cv.jenkins.couchbase.com/job/kv_engine-windows-master/12774/ : ABORTED

No problems were identified. If you know why this problem occurred, please add a suitable Cause for it. ( http://cv.jenkins.couchbase.com/job/kv_engine-windows-master/12774/ )

http://cv.jenkins.couchbase.com/job/kv_engine-linux-master/12414/ : ABORTED

Compile error at /home/couchbase/jenkins/workspace/kv_engine-linux-master/kv_engine/daemon/memcached.cc:690:54:
error: expected ")" before ";" token
 ( http://cv.jenkins.couchbase.com/job/kv_engine-linux-master/12414/ )

http://cv.jenkins.couchbase.com/job/kv_engine-ASan-UBSan-master/2102/ : ABORTED

No problems were identified. If you know why this problem occurred, please add a suitable Cause for it. ( http://cv.jenkins.couchbase.com/job/kv_engine-ASan-UBSan-master/2102/ )

http://cv.jenkins.couchbase.com/job/kv_engine-clang_analyzer-master/11152/ : ABORTED

No problems were identified. If you know why this problem occurred, please add a suitable Cause for it. ( http://cv.jenkins.couchbase.com/job/kv_engine-clang_analyzer-master/11152/ )

http://cv.jenkins.couchbase.com/job/kv-engine-cv-perf/4664/ : FAILURE

Compile error at /home/couchbase/jenkins/workspace/kv-engine-cv-perf/kv_engine/daemon/memcached.cc:690:54:
error: expected ")" before ";" token
 ( http://cv.jenkins.couchbase.com/job/kv-engine-cv-perf/4664/ )

http://cv.jenkins.couchbase.com/job/kv_engine-threadsanitizer-master/4317/ : FAILURE

Compile error at /home/couchbase/jenkins/workspace/kv_engine-threadsanitizer-master/kv_engine/daemon/memcached.cc:690:54:
error: expected ")" before ";" token
 ( http://cv.jenkins.couchbase.com/job/kv_engine-threadsanitizer-master/4317/ )

http://cv.jenkins.couchbase.com/job/kv_engine-clang_format/11459/ : SUCCESS
----------------------------------------------------------------------------------------------------------------------
