======================================================================================================================
DESCRIPTION:

[Refactor] Move template EPE::notifyIoComplete next to the others

Change-Id: I36edfa48c56ddad823b52b5eeb8bb9a3a3c33951

======================================================================================================================
COMMENTS
======================================================================================================================
Author: Trond Norbye
Date: 2022-10-13 06:42:39.000000000
Message: 
Uploaded patch set 1.
----------------------------------------------------------------------------------------------------------------------
Author: Build Bot
Date: 2022-10-13 07:07:21.000000000
Message: 
Patch Set 1: Verified-1

Build Failed 

https://cv.jenkins.couchbase.com/job/kv_engine-windows-master/50286/ : FAILURE

Failure of GoogleTest "AllBucketTypes/ActiveDurabilityMonitorTest.SeqnoAckWithNoTrackedWrites/ephemeral_fail_new_data":

<pre>
[ RUN      ] AllBucketTypes/ActiveDurabilityMonitorTest.SeqnoAckWithNoTrackedWrites/ephemeral_fail_new_data
unknown file: error: C++ exception with description "KVStoreFactory ctor: Specified dbname "ep_engine_ep_unit_tests.db/test.666903" is not a directory" thrown in SetUp().
unknown file: error: SEH exception with code 0xc0000005 thrown in TearDown().
[  FAILED  ] AllBucketTypes/ActiveDurabilityMonitorTest.SeqnoAckWithNoTrackedWrites/ephemeral_fail_new_data, where GetParam() = "bucket_type=ephemeral:ephemeral_full_policy=fail_new_data" (2 ms)
AllBucketTypes/ActiveDurabilityMonitorTest.SeqnoAckWithNoTrackedWrites/ephemeral_fail_new_data
</pre>
 ( https://cv.jenkins.couchbase.com/job/kv_engine-windows-master/50286/ )

https://cv.jenkins.couchbase.com/job/kv_engine.threadsanitizer/job/master/24355/ : FAILURE

Failure of an engine_testapp test:

<pre>
Running [42/91]: test reconnect partial snapshot...../kv_engine/engines/ep/tests/ep_testsuite_dcp.cc:3032 Test failed: `" (Expected `set_priority", got `connection_buffer_size" - Unexpected key)
[2022-10-13T06:58:45.230Z] (1848 ms) FAIL
</pre>
 ( https://cv.jenkins.couchbase.com/job/kv_engine.threadsanitizer/job/master/24355/ )

https://cv.jenkins.couchbase.com/job/kv_engine.macos/job/master/22533/ : FAILURE

Failure of GoogleTest "EphemeralOrPersistent/BucketQuotaChangeTest.QuotaChangeDownMemoryUsageHigh/persistent_magma_full_eviction":

<pre>
[ RUN      ] EphemeralOrPersistent/BucketQuotaChangeTest.QuotaChangeDownMemoryUsageHigh/persistent_magma_full_eviction
[2022-10-13T07:04:47.694Z] ../kv_engine/engines/ep/tests/module_tests/kv_bucket_test.cc:188: Failure
[2022-10-13T07:04:47.694Z] Expected: (0) != (expectedCount), actual: 0 vs 0
[2022-10-13T07:04:47.694Z] unexpected error:no memory for key:cid:0x0:diffKey
[2022-10-13T07:04:47.694Z] Google Test trace:
[2022-10-13T07:04:47.694Z] ../kv_engine/engines/ep/tests/module_tests/bucket_quota_change_test.cc:367: 
[2022-10-13T07:04:47.694Z] ../kv_engine/engines/ep/tests/module_tests/kv_bucket_test.cc:272: Failure
[2022-10-13T07:04:47.694Z] Expected equality of these values:
[2022-10-13T07:04:47.694Z]   expected
[2022-10-13T07:04:47.694Z]     Which is: 1
[2022-10-13T07:04:47.694Z]   actualFlushed
[2022-10-13T07:04:47.694Z]     Which is: 0
[2022-10-13T07:04:47.694Z] Unexpected items (0) in flush_vbucket_to_disk(vb:0, 1)
[2022-10-13T07:04:47.694Z] Google Test trace:
[2022-10-13T07:04:47.694Z] ../kv_engine/engines/ep/tests/module_tests/bucket_quota_change_test.cc:367: 
[2022-10-13T07:04:47.694Z] [  FAILED  ] EphemeralOrPersistent/BucketQuotaChangeTest.QuotaChangeDownMemoryUsageHigh/persistent_magma_full_eviction, where GetParam() = "bucket_type=persistent:backend=magma:item_eviction_policy=full_eviction" (61 ms)
EphemeralOrPersistent/BucketQuotaChangeTest.QuotaChangeDownMemoryUsageHigh/persistent_magma_full_eviction
</pre>
 ( https://cv.jenkins.couchbase.com/job/kv_engine.macos/job/master/22533/ )

https://cv.jenkins.couchbase.com/job/kv_engine-clang_format_9/20351/ : SUCCESS

https://cv.jenkins.couchbase.com/job/kv_engine-clang_tidy-master/21105/ : SUCCESS

https://cv.jenkins.couchbase.com/job/kv_engine-clang_analyzer-master/42195/ : SUCCESS

https://cv.jenkins.couchbase.com/job/kv_engine.ASan-UBSan/job/master/31534/ : SUCCESS

https://cv.jenkins.couchbase.com/job/kv_engine.libFuzzer/job/master/10835/ : SUCCESS

https://cv.jenkins.couchbase.com/job/kv_engine.aarch64-linux/job/master/10933/ : SUCCESS

https://cv.jenkins.couchbase.com/job/kv_engine.linux-CE/job/master/23124/ : SUCCESS

https://cv.jenkins.couchbase.com/job/kv_engine.linux/job/master/23518/ : SUCCESS
----------------------------------------------------------------------------------------------------------------------
Author: Build Bot
Date: 2022-10-13 08:40:09.000000000
Message: 
Patch Set 1: Verified-1

Build Failed 

https://cv.jenkins.couchbase.com/job/kv_engine-windows-master/50299/ : ABORTED

Build which was aborted due to a newer patch set being uploaded for the given review. ( https://cv.jenkins.couchbase.com/job/kv_engine-windows-master/50299/ )

https://cv.jenkins.couchbase.com/job/kv_engine.threadsanitizer/job/master/24355/ : FAILURE

Failure of an engine_testapp test:

<pre>
Running [42/91]: test reconnect partial snapshot...../kv_engine/engines/ep/tests/ep_testsuite_dcp.cc:3032 Test failed: `" (Expected `set_priority", got `connection_buffer_size" - Unexpected key)
[2022-10-13T06:58:45.230Z] (1848 ms) FAIL
</pre>
 ( https://cv.jenkins.couchbase.com/job/kv_engine.threadsanitizer/job/master/24355/ )

https://cv.jenkins.couchbase.com/job/kv_engine.macos/job/master/22533/ : FAILURE

Failure of GoogleTest "EphemeralOrPersistent/BucketQuotaChangeTest.QuotaChangeDownMemoryUsageHigh/persistent_magma_full_eviction":

<pre>
[ RUN      ] EphemeralOrPersistent/BucketQuotaChangeTest.QuotaChangeDownMemoryUsageHigh/persistent_magma_full_eviction
[2022-10-13T07:04:47.694Z] ../kv_engine/engines/ep/tests/module_tests/kv_bucket_test.cc:188: Failure
[2022-10-13T07:04:47.694Z] Expected: (0) != (expectedCount), actual: 0 vs 0
[2022-10-13T07:04:47.694Z] unexpected error:no memory for key:cid:0x0:diffKey
[2022-10-13T07:04:47.694Z] Google Test trace:
[2022-10-13T07:04:47.694Z] ../kv_engine/engines/ep/tests/module_tests/bucket_quota_change_test.cc:367: 
[2022-10-13T07:04:47.694Z] ../kv_engine/engines/ep/tests/module_tests/kv_bucket_test.cc:272: Failure
[2022-10-13T07:04:47.694Z] Expected equality of these values:
[2022-10-13T07:04:47.694Z]   expected
[2022-10-13T07:04:47.694Z]     Which is: 1
[2022-10-13T07:04:47.694Z]   actualFlushed
[2022-10-13T07:04:47.694Z]     Which is: 0
[2022-10-13T07:04:47.694Z] Unexpected items (0) in flush_vbucket_to_disk(vb:0, 1)
[2022-10-13T07:04:47.694Z] Google Test trace:
[2022-10-13T07:04:47.694Z] ../kv_engine/engines/ep/tests/module_tests/bucket_quota_change_test.cc:367: 
[2022-10-13T07:04:47.694Z] [  FAILED  ] EphemeralOrPersistent/BucketQuotaChangeTest.QuotaChangeDownMemoryUsageHigh/persistent_magma_full_eviction, where GetParam() = "bucket_type=persistent:backend=magma:item_eviction_policy=full_eviction" (61 ms)
EphemeralOrPersistent/BucketQuotaChangeTest.QuotaChangeDownMemoryUsageHigh/persistent_magma_full_eviction
</pre>
 ( https://cv.jenkins.couchbase.com/job/kv_engine.macos/job/master/22533/ )

https://cv.jenkins.couchbase.com/job/kv_engine-clang_format_9/20351/ : SUCCESS

https://cv.jenkins.couchbase.com/job/kv_engine-clang_tidy-master/21105/ : SUCCESS

https://cv.jenkins.couchbase.com/job/kv_engine-clang_analyzer-master/42195/ : SUCCESS

https://cv.jenkins.couchbase.com/job/kv_engine.ASan-UBSan/job/master/31534/ : SUCCESS

https://cv.jenkins.couchbase.com/job/kv_engine.libFuzzer/job/master/10835/ : SUCCESS

https://cv.jenkins.couchbase.com/job/kv_engine.aarch64-linux/job/master/10933/ : SUCCESS

https://cv.jenkins.couchbase.com/job/kv_engine.linux-CE/job/master/23124/ : SUCCESS

https://cv.jenkins.couchbase.com/job/kv_engine.linux/job/master/23518/ : SUCCESS
----------------------------------------------------------------------------------------------------------------------
