======================================================================================================================
DESCRIPTION:

DefragmenterTask: Don't wait task to complete before shutdown

Fix a bug in the constructor arguments which would mean that the
DefragmenterTask::completeBeforeShutdown was incorrectly defaulted (to
true).

Change-Id: I2e994d02f231ef5e19dddb9b1e8543329da8e4b7

======================================================================================================================
COMMENTS
======================================================================================================================
Author: Dave Rigby
Date: 2017-04-11 16:24:08.000000000
Message: 
Uploaded patch set 3: Patch Set 2 was rebased.
----------------------------------------------------------------------------------------------------------------------
Author: Build Bot
Date: 2017-04-11 17:03:46.000000000
Message: 
Patch Set 3: Verified-1

Build Failed 

http://cv.jenkins.couchbase.com/job/ep-engine-addresssanitizer-master/4478/ : FAILURE

Compile error at /usr/bin/../lib/gcc/x86_64-linux-gnu/4.9/../../../../include/c++/4.9/functional:1665:56:
error: no type named 'type' in 'std::result_of<std::initializer_list<(lambda at /home/couchbase/jenkins/workspace/ep-engine-addresssanitizer-master/ep-engine/tests/module_tests/ephemeral_vb_test.cc:365:17)> (int)>'
 ( http://cv.jenkins.couchbase.com//job/ep-engine-addresssanitizer-master/4478/ )

http://cv.jenkins.couchbase.com/job/ep-engine-threadsanitizer-master/5698/ : FAILURE

Compile error at /usr/bin/../lib/gcc/x86_64-linux-gnu/4.9/../../../../include/c++/4.9/functional:1665:56:
error: no type named 'type' in 'std::result_of<std::initializer_list<(lambda at /home/couchbase/jenkins/workspace/ep-engine-threadsanitizer-master/ep-engine/tests/module_tests/ephemeral_vb_test.cc:365:17)> (int)>'
 ( http://cv.jenkins.couchbase.com//job/ep-engine-threadsanitizer-master/5698/ )

http://cv.jenkins.couchbase.com/job/ep-engine-clang_analyzer-master/5196/ : FAILURE

Compile error at /usr/include/c++/4.9/functional:1665:61:
error: no type named 'type' in 'class std::result_of<std::initializer_list<EphTombstoneTest_ConcurrentPurge_Test::TestBody()::<lambda(size_t)> >(int)>'
 ( http://cv.jenkins.couchbase.com//job/ep-engine-clang_analyzer-master/5196/ )

http://cv.jenkins.couchbase.com/job/ep-engine-gerrit-master/5931/ : FAILURE
----------------------------------------------------------------------------------------------------------------------
