======================================================================================================================
DESCRIPTION:

MB-30149: Remove engine_interface

It is no longer used for anything; instead all engines should inherit
from EngineIface now.

Change-Id: I2405b47c22eea1914593a4ca3eeecf307beac534

======================================================================================================================
COMMENTS
======================================================================================================================
Author: Dave Rigby
Date: 2018-06-25 10:34:12.000000000
Message: 
Patch Set 3: Patch Set 2 was rebased
----------------------------------------------------------------------------------------------------------------------
Author: Build Bot
Date: 2018-06-25 11:47:17.000000000
Message: 
Patch Set 3: Verified-1

Build Failed 

http://cv.jenkins.couchbase.com/job/kv_engine-threadsanitizer-master/1705/ : FAILURE

Failure of a CTest test  26/176 Test  #27: ep-engine-persistence-unit-tests.rocksdb ..................................... ( http://cv.jenkins.couchbase.com/job/kv_engine-threadsanitizer-master/1705/ )

http://cv.jenkins.couchbase.com/job/kv_engine-linux-master/9900/ : FAILURE

Failure of a CTest test  26/194 Test  #27: ep-engine-persistence-unit-tests.rocksdb ..................................... ( http://cv.jenkins.couchbase.com/job/kv_engine-linux-master/9900/ )

http://cv.jenkins.couchbase.com/job/kv_engine-addresssanitizer-master/1628/ : FAILURE

Failure of a CTest test  93/174 Test  #96: memcached_testapp.default.HelloTest .......................................... ( http://cv.jenkins.couchbase.com/job/kv_engine-addresssanitizer-master/1628/ )

AddressSanitizer issue: 210 byte(s) leaked in 7 allocation(s). ( http://cv.jenkins.couchbase.com/job/kv_engine-addresssanitizer-master/1628/ )

http://cv.jenkins.couchbase.com/job/kv_engine-undefinedsanitizer-master/839/ : FAILURE

One of more core files found at the end of the build. Data for post-mortem saved to archived_core_dumps.tar.bz2 under "Build Artifacts". ( http://cv.jenkins.couchbase.com/job/kv_engine-undefinedsanitizer-master/839/ )

Failure of a CTest test  93/175 Test  #96: memcached_testapp.default.SslCertTest ........................................ ( http://cv.jenkins.couchbase.com/job/kv_engine-undefinedsanitizer-master/839/ )

http://cv.jenkins.couchbase.com/job/kv_engine-windows-master/9956/ : FAILURE

Failure of a CTest test  97/175 Test #100: memcached_testapp.default.SslCertTest ........................................ ( http://cv.jenkins.couchbase.com/job/kv_engine-windows-master/9956/ )

http://cv.jenkins.couchbase.com/job/kv_engine-clang_format/8832/ : SUCCESS

http://cv.jenkins.couchbase.com/job/kv_engine-clang_analyzer-master/8778/ : SUCCESS
----------------------------------------------------------------------------------------------------------------------
