======================================================================================================================
DESCRIPTION:

MB-51295: wip

Change-Id: I483c2f04675569f16a777a67eca2f984bb2126d0

======================================================================================================================
COMMENTS
======================================================================================================================
Author: Paolo Cocchi
Date: 2022-03-16 14:52:37.000000000
Message: 
Uploaded patch set 7.
----------------------------------------------------------------------------------------------------------------------
Author: Build Bot
Date: 2022-03-16 15:25:57.000000000
Message: 
Patch Set 7: Verified-1

Build Failed 

http://cv.jenkins.couchbase.com/job/kv_engine-windows-master/44501/ : FAILURE

Failure of GoogleTest "SingleThreadedEphemeralTest.RangeIteratorVBDeleteRaceTest":

<pre>
[ RUN      ] SingleThreadedEphemeralTest.RangeIteratorVBDeleteRaceTest
..\kv_engine\engines\ep\tests\module_tests\ephemeral_bucket_test.cc(357): error: Expected equality of these values:
  2
  ckpt_mgr.removeClosedUnrefCheckpoints().count
    Which is: 0
[  FAILED  ] SingleThreadedEphemeralTest.RangeIteratorVBDeleteRaceTest (7 ms)
SingleThreadedEphemeralTest.RangeIteratorVBDeleteRaceTest
</pre>
 ( http://cv.jenkins.couchbase.com/job/kv_engine-windows-master/44501/ )

http://cv.jenkins.couchbase.com/job/kv_engine.macos/job/master/16887/ : FAILURE

Failure of GoogleTest "FullAndValueEvictionOnReplicaAndPending/RollbackTest.RollbackToMiddleOfAPersistedSnapshot/persistent_couchdb_value_only_replica":

<pre>
[ RUN      ] FullAndValueEvictionOnReplicaAndPending/RollbackTest.RollbackToMiddleOfAPersistedSnapshot/persistent_couchdb_value_only_replica
[2022-03-16T15:03:29.800Z] ../kv_engine/engines/ep/tests/module_tests/evp_store_rollback_test.cc:465: Failure
[2022-03-16T15:03:29.800Z] Expected equality of these values:
[2022-03-16T15:03:29.800Z]   FlushResult(MoreAvailable::No, 3, WakeCkptRemover::Yes)
[2022-03-16T15:03:29.800Z]     Which is: moreAvailable:{false} numFlushed:{3} wakeupCkptRemover:{true}
[2022-03-16T15:03:29.800Z]   getEPBucket().flushVBucket(vbid)
[2022-03-16T15:03:29.800Z]     Which is: moreAvailable:{false} numFlushed:{3} wakeupCkptRemover:{false}
[2022-03-16T15:03:29.800Z] [  FAILED  ] FullAndValueEvictionOnReplicaAndPending/RollbackTest.RollbackToMiddleOfAPersistedSnapshot/persistent_couchdb_value_only_replica, where GetParam() = ("persistent_couchdb", "value_only", "replica") (15 ms)
FullAndValueEvictionOnReplicaAndPending/RollbackTest.RollbackToMiddleOfAPersistedSnapshot/persistent_couchdb_value_only_replica
</pre>
 ( http://cv.jenkins.couchbase.com/job/kv_engine.macos/job/master/16887/ )

http://cv.jenkins.couchbase.com/job/kv_engine.threadsanitizer/job/master/18848/ : FAILURE

http://cv.jenkins.couchbase.com/job/kv_engine.ASan-UBSan/job/master/26223/ : FAILURE

Failure of GoogleTest "FullAndValueEvictionOnReplicaAndPending/RollbackTest.RollbackToMiddleOfAPersistedSnapshot/persistent_couchdb_value_only_replica":

<pre>
[ RUN      ] FullAndValueEvictionOnReplicaAndPending/RollbackTest.RollbackToMiddleOfAPersistedSnapshot/persistent_couchdb_value_only_replica
[2022-03-16T15:15:17.584Z] ../kv_engine/engines/ep/tests/module_tests/evp_store_rollback_test.cc:465: Failure
[2022-03-16T15:15:17.584Z] Expected equality of these values:
[2022-03-16T15:15:17.584Z]   FlushResult(MoreAvailable::No, 3, WakeCkptRemover::Yes)
[2022-03-16T15:15:17.584Z]     Which is: moreAvailable:{false} numFlushed:{3} wakeupCkptRemover:{true}
[2022-03-16T15:15:17.584Z]   getEPBucket().flushVBucket(vbid)
[2022-03-16T15:15:17.584Z]     Which is: moreAvailable:{false} numFlushed:{3} wakeupCkptRemover:{false}
[2022-03-16T15:15:17.584Z] [  FAILED  ] FullAndValueEvictionOnReplicaAndPending/RollbackTest.RollbackToMiddleOfAPersistedSnapshot/persistent_couchdb_value_only_replica, where GetParam() = ("persistent_couchdb", "value_only", "replica") (23 ms)
FullAndValueEvictionOnReplicaAndPending/RollbackTest.RollbackToMiddleOfAPersistedSnapshot/persistent_couchdb_value_only_replica
</pre>
 ( http://cv.jenkins.couchbase.com/job/kv_engine.ASan-UBSan/job/master/26223/ )

One of more core files found at the end of the build. Data for post-mortem saved to archived_core_dumps.tar.bz2 under "Build Artifacts". ( http://cv.jenkins.couchbase.com/job/kv_engine.ASan-UBSan/job/master/26223/ )

Timeout of a CTest test [2022-03-16T15:20:54.765Z] 389/424 Test #224: ep-engine_ep_unit_tests.EphemeralOrPersistent/STParameterizedBucketTest .....................................} ( http://cv.jenkins.couchbase.com/job/kv_engine.ASan-UBSan/job/master/26223/ )

http://cv.jenkins.couchbase.com/job/kv_engine.linux/job/master/18137/ : FAILURE

Failure of GoogleTest "NexusBackends/DurabilityEPBucketTest.PersistSyncWriteSyncDelete/persistent_nexus_couchstore_magma_value_only":

<pre>
[ RUN      ] NexusBackends/DurabilityEPBucketTest.PersistSyncWriteSyncDelete/persistent_nexus_couchstore_magma_value_only
[2022-03-16T15:11:07.476Z] ../kv_engine/engines/ep/tests/module_tests/evp_store_durability_test.cc:911: Failure
[2022-03-16T15:11:07.476Z] Expected equality of these values:
[2022-03-16T15:11:07.476Z]   2
[2022-03-16T15:11:07.476Z]   ckptList.size()
[2022-03-16T15:11:07.476Z]     Which is: 1
[2022-03-16T15:11:07.476Z] [  FAILED  ] NexusBackends/DurabilityEPBucketTest.PersistSyncWriteSyncDelete/persistent_nexus_couchstore_magma_value_only, where GetParam() = "bucket_type=persistent:backend=nexus:nexus_primary_backend=couchstore:nexus_secondary_backend=magma:item_eviction_policy=value_only" (58 ms)
NexusBackends/DurabilityEPBucketTest.PersistSyncWriteSyncDelete/persistent_nexus_couchstore_magma_value_only
</pre>
 ( http://cv.jenkins.couchbase.com/job/kv_engine.linux/job/master/18137/ )

One of more core files found at the end of the build. Data for post-mortem saved to archived_core_dumps.tar.bz2 under "Build Artifacts". ( http://cv.jenkins.couchbase.com/job/kv_engine.linux/job/master/18137/ )

http://cv.jenkins.couchbase.com/job/kv_engine.linux-CE/job/master/17816/ : FAILURE

Failure of GoogleTest "AllBucketTypes/SingleThreadedPassiveStreamTest.MB42780_DiskToMemoryFromPre65/persistent_couchstore_value_only":

<pre>
[ RUN      ] AllBucketTypes/SingleThreadedPassiveStreamTest.MB42780_DiskToMemoryFromPre65/persistent_couchstore_value_only
[2022-03-16T15:05:48.790Z] ../kv_engine/engines/ep/tests/module_tests/dcp_stream_test.cc:4108: Failure
[2022-03-16T15:05:48.790Z] Expected equality of these values:
[2022-03-16T15:05:48.790Z]   2
[2022-03-16T15:05:48.790Z]   ckptList.size()
[2022-03-16T15:05:48.790Z]     Which is: 1
[2022-03-16T15:05:48.790Z] [  FAILED  ] AllBucketTypes/SingleThreadedPassiveStreamTest.MB42780_DiskToMemoryFromPre65/persistent_couchstore_value_only, where GetParam() = "bucket_type=persistent:backend=couchstore:item_eviction_policy=value_only" (8 ms)
AllBucketTypes/SingleThreadedPassiveStreamTest.MB42780_DiskToMemoryFromPre65/persistent_couchstore_value_only
</pre>
 ( http://cv.jenkins.couchbase.com/job/kv_engine.linux-CE/job/master/17816/ )

One of more core files found at the end of the build. Data for post-mortem saved to archived_core_dumps.tar.bz2 under "Build Artifacts". ( http://cv.jenkins.couchbase.com/job/kv_engine.linux-CE/job/master/17816/ )

http://cv.jenkins.couchbase.com/job/kv_engine.aarch64-linux/job/master/5763/ : FAILURE

Failure of GoogleTest "SingleThreadedEphemeralTest.RangeIteratorVBDeleteRaceTest":

<pre>
[ RUN      ] SingleThreadedEphemeralTest.RangeIteratorVBDeleteRaceTest
[2022-03-16T15:02:59.111Z] ../kv_engine/engines/ep/tests/module_tests/ephemeral_bucket_test.cc:357: Failure
[2022-03-16T15:02:59.111Z] Expected equality of these values:
[2022-03-16T15:02:59.111Z]   2
[2022-03-16T15:02:59.111Z]   ckpt_mgr.removeClosedUnrefCheckpoints().count
[2022-03-16T15:02:59.111Z]     Which is: 0
[2022-03-16T15:02:59.111Z] [  FAILED  ] SingleThreadedEphemeralTest.RangeIteratorVBDeleteRaceTest (1 ms)
SingleThreadedEphemeralTest.RangeIteratorVBDeleteRaceTest
</pre>
 ( http://cv.jenkins.couchbase.com/job/kv_engine.aarch64-linux/job/master/5763/ )

http://cv.jenkins.couchbase.com/job/kv_engine-clang_tidy-master/16048/ : SUCCESS

http://cv.jenkins.couchbase.com/job/kv_engine-clang_analyzer-master/37463/ : SUCCESS

http://cv.jenkins.couchbase.com/job/kv_engine-clang_format_9/14968/ : SUCCESS

http://cv.jenkins.couchbase.com/job/kv_engine.libFuzzer/job/master/5705/ : SUCCESS
----------------------------------------------------------------------------------------------------------------------
