======================================================================================================================
DESCRIPTION:

MB-30044 Modernize kv_engine repo using clang-tidy modernize-use-nullptr

Change-Id: Ica74edb77a4e6d9bf4bcb4c933425ccf87e8f16c

======================================================================================================================
COMMENTS
======================================================================================================================
Author: Richard de Mellow
Date: 2020-02-04 15:19:13.000000000
Message: 
Uploaded patch set 10.
----------------------------------------------------------------------------------------------------------------------
Author: Build Bot
Date: 2020-02-04 17:12:08.000000000
Message: 
Patch Set 10: Verified-1

Build Failed 

http://cv.jenkins.couchbase.com/job/kv_engine-windows-master/25908/ : FAILURE

Failure of a CTest test  29/189 Test  #30: ep_testsuite.value_eviction.comp_passive ..................................... ( http://cv.jenkins.couchbase.com/job/kv_engine-windows-master/25908/ )

http://cv.jenkins.couchbase.com/job/kv_engine.threadsanitizer/job/master/1589/ : FAILURE

Failure of a CTest test [2020-02-04T16:42:44.444Z]  56/194 Test  #52: ep_testsuite_dcp.value_eviction.magma ........................................ ( http://cv.jenkins.couchbase.com/job/kv_engine.threadsanitizer/job/master/1589/ )

http://cv.jenkins.couchbase.com/job/kv_engine.linux-CE/job/master/1478/ : FAILURE

Failure of a CTest test [2020-02-04T16:25:13.483Z] 158/195 Test #159: memcached_testapp.ep.TransportProtocols/DurabilityTest .......................Child aborted ( http://cv.jenkins.couchbase.com/job/kv_engine.linux-CE/job/master/1478/ )

http://cv.jenkins.couchbase.com/job/kv_engine-clang_format/24154/ : SUCCESS

http://cv.jenkins.couchbase.com/job/kv-engine-cv-perf/15224/ : SUCCESS

http://cv.jenkins.couchbase.com/job/kv_engine-clang_analyzer-master/22096/ : SUCCESS

http://cv.jenkins.couchbase.com/job/kv_engine.macos/job/master/676/ : SUCCESS

http://cv.jenkins.couchbase.com/job/kv_engine.linux/job/master/1512/ : SUCCESS

http://cv.jenkins.couchbase.com/job/kv_engine.ASan-UBSan/job/master/9405/ : SUCCESS
----------------------------------------------------------------------------------------------------------------------
Author: Build Bot
Date: 2020-02-04 19:23:50.000000000
Message: 
Patch Set 10:

Build Failed 

http://cv.jenkins.couchbase.com/job/kv_engine.threadsanitizer/job/master/1597/ : FAILURE

No problems were identified. If you know why this problem occurred, please add a suitable Cause for it. ( http://cv.jenkins.couchbase.com/job/kv_engine.threadsanitizer/job/master/1597/ )

http://cv.jenkins.couchbase.com/job/kv_engine.linux-CE/job/master/1486/ : FAILURE

No problems were identified. If you know why this problem occurred, please add a suitable Cause for it. ( http://cv.jenkins.couchbase.com/job/kv_engine.linux-CE/job/master/1486/ )

http://cv.jenkins.couchbase.com/job/kv_engine-clang_format/24154/ : SUCCESS

http://cv.jenkins.couchbase.com/job/kv-engine-cv-perf/15224/ : SUCCESS

http://cv.jenkins.couchbase.com/job/kv_engine-clang_analyzer-master/22096/ : SUCCESS

http://cv.jenkins.couchbase.com/job/kv_engine.macos/job/master/676/ : SUCCESS

http://cv.jenkins.couchbase.com/job/kv_engine.linux/job/master/1512/ : SUCCESS

http://cv.jenkins.couchbase.com/job/kv_engine.ASan-UBSan/job/master/9405/ : SUCCESS

http://cv.jenkins.couchbase.com/job/kv_engine-windows-master/25919/ : SUCCESS
----------------------------------------------------------------------------------------------------------------------
