======================================================================================================================
DESCRIPTION:

Tighten up engine API; Require cookie for get

Change-Id: I419840db707e207fab73e174c84517489b837187

======================================================================================================================
COMMENTS
======================================================================================================================
Author: Trond Norbye
Date: 2017-11-30 08:27:30.000000000
Message: 
Uploaded patch set 5: Patch Set 4 was rebased.
----------------------------------------------------------------------------------------------------------------------
Author: Build Bot
Date: 2017-11-30 09:08:16.000000000
Message: 
Patch Set 5: Verified-1

Build Failed 

http://cv.jenkins.couchbase.com/job/kv_engine-windows-master/4552/ : FAILURE

Failure of a CTest test  23/111 Test  #22: ep_testsuite.full_eviction ..................... ( http://cv.jenkins.couchbase.com/job/kv_engine-windows-master/4552/ )

http://cv.jenkins.couchbase.com/job/kv_engine-addresssanitizer-master/4343/ : FAILURE

One of more core files found at the end of the build. Data for post-mortem saved to archived_core_dumps.tar.bz2 under "Build Artifacts". ( http://cv.jenkins.couchbase.com/job/kv_engine-addresssanitizer-master/4343/ )

Failure of a CTest test  23/106 Test  #26: ep_testsuite_basic.value_eviction ................ ( http://cv.jenkins.couchbase.com/job/kv_engine-addresssanitizer-master/4343/ )

http://cv.jenkins.couchbase.com/job/kv_engine-threadsanitizer-master/4505/ : FAILURE

Failure of a CTest test  27/107 Test  #27: ep_testsuite_basic.value_eviction ................ ( http://cv.jenkins.couchbase.com/job/kv_engine-threadsanitizer-master/4505/ )

http://cv.jenkins.couchbase.com/job/kv_engine-linux-master/4786/ : FAILURE

One of more core files found at the end of the build. Data for post-mortem saved to archived_core_dumps.tar.bz2 under "Build Artifacts". ( http://cv.jenkins.couchbase.com/job/kv_engine-linux-master/4786/ )

Failure of a CTest test  24/126 Test  #24: ep_testsuite.value_eviction ...................... ( http://cv.jenkins.couchbase.com/job/kv_engine-linux-master/4786/ )

http://cv.jenkins.couchbase.com/job/kv_engine-clang_format/3093/ : SUCCESS

http://cv.jenkins.couchbase.com/job/kv_engine-clang_analyzer-master/4149/ : SUCCESS
----------------------------------------------------------------------------------------------------------------------
