======================================================================================================================
DESCRIPTION:

Run checks on atomic_ptr_test.cc

Change-Id: Iffb11fe57078b9637a28bb170f3678ae96029941

======================================================================================================================
COMMENTS
======================================================================================================================
Author: Richard de Mellow
Date: 2020-02-13 17:23:14.000000000
Message: 
Uploaded patch set 5.
----------------------------------------------------------------------------------------------------------------------
Author: Build Bot
Date: 2020-02-13 19:13:57.000000000
Message: 
Patch Set 5: Verified-1

Build Failed 

http://cv.jenkins.couchbase.com/job/kv_engine-windows-master/26124/ : FAILURE

Failure of a CTest test  ( http://cv.jenkins.couchbase.com/job/kv_engine-windows-master/26124/ )

http://cv.jenkins.couchbase.com/job/kv_engine.linux/job/master/1744/ : FAILURE

Failure of a CTest test [2020-02-13T17:57:29.525Z]  28/205 Test  #29: ep-engine_atomic_ptr_test ....................................................Child aborted ( http://cv.jenkins.couchbase.com/job/kv_engine.linux/job/master/1744/ )

http://cv.jenkins.couchbase.com/job/kv_engine.threadsanitizer/job/master/1819/ : FAILURE

Failure of a CTest test [2020-02-13T18:03:38.798Z]  28/194 Test  #26: ep-engine_atomic_ptr_test ....................................................Child aborted ( http://cv.jenkins.couchbase.com/job/kv_engine.threadsanitizer/job/master/1819/ )

http://cv.jenkins.couchbase.com/job/kv_engine.ASan-UBSan/job/master/9638/ : FAILURE

Failure of a CTest test [2020-02-13T18:16:24.824Z]  26/196 Test  #28: ep-engine_atomic_ptr_test ....................................................Child aborted ( http://cv.jenkins.couchbase.com/job/kv_engine.ASan-UBSan/job/master/9638/ )

http://cv.jenkins.couchbase.com/job/kv_engine.macos/job/master/910/ : FAILURE

Failure of a CTest test [2020-02-13T17:33:57.357Z]  27/202 Test  #26: ep-engine_atomic_ptr_test ....................................................Child aborted ( http://cv.jenkins.couchbase.com/job/kv_engine.macos/job/master/910/ )

http://cv.jenkins.couchbase.com/job/kv_engine.linux-CE/job/master/1718/ : FAILURE

Failure of a CTest test [2020-02-13T18:01:59.005Z]  31/195 Test  #29: ep-engine_atomic_ptr_test ....................................................Child aborted ( http://cv.jenkins.couchbase.com/job/kv_engine.linux-CE/job/master/1718/ )

http://cv.jenkins.couchbase.com/job/kv_engine-clang_format/24476/ : SUCCESS

http://cv.jenkins.couchbase.com/job/kv_engine-clang_analyzer-master/22302/ : SUCCESS

http://cv.jenkins.couchbase.com/job/kv_engine-clang_tidy/502/ : SUCCESS

http://cv.jenkins.couchbase.com/job/kv-engine-cv-perf/15416/ : SUCCESS
----------------------------------------------------------------------------------------------------------------------
