======================================================================================================================
DESCRIPTION:

foo

Change-Id: Id71dc4515210e92ee0301914ef74feebf9556a5c

======================================================================================================================
COMMENTS
======================================================================================================================
Author: Trond Norbye
Date: 2022-09-16 12:42:24.000000000
Message: 
Uploaded patch set 1.
----------------------------------------------------------------------------------------------------------------------
Author: Build Bot
Date: 2022-09-16 13:02:11.000000000
Message: 
Patch Set 1: Verified-1

Build Failed 

https://cv.jenkins.couchbase.com/job/kv_engine.threadsanitizer/job/master/23575/ : ABORTED

Build which was aborted due to a newer patch set being uploaded for the given review. ( https://cv.jenkins.couchbase.com/job/kv_engine.threadsanitizer/job/master/23575/ )

https://cv.jenkins.couchbase.com/job/kv_engine.macos/job/master/21814/ : ABORTED

Build which was aborted due to a newer patch set being uploaded for the given review. ( https://cv.jenkins.couchbase.com/job/kv_engine.macos/job/master/21814/ )

https://cv.jenkins.couchbase.com/job/kv_engine-windows-master/49460/ : FAILURE

Failure of GoogleTest "NormalBackends/DurabilityEPBucketTest.PersistPrepareAbortPrepareDelete/persistent_couchstore_value_only":

<pre>
[ RUN      ] NormalBackends/DurabilityEPBucketTest.PersistPrepareAbortPrepareDelete/persistent_couchstore_value_only
unknown file: error: C++ exception with description "KVStoreFactory ctor: Specified dbname "ep_engine_ep_unit_tests.db/test.535204" is not a directory" thrown in SetUp().
unknown file: error: SEH exception with code 0xc0000005 thrown in TearDown().
[  FAILED  ] NormalBackends/DurabilityEPBucketTest.PersistPrepareAbortPrepareDelete/persistent_couchstore_value_only, where GetParam() = "bucket_type=persistent:backend=couchstore:item_eviction_policy=value_only" (3 ms)
NormalBackends/DurabilityEPBucketTest.PersistPrepareAbortPrepareDelete/persistent_couchstore_value_only
</pre>
 ( https://cv.jenkins.couchbase.com/job/kv_engine-windows-master/49460/ )

https://cv.jenkins.couchbase.com/job/kv_engine-clang_format_9/19679/ : SUCCESS

https://cv.jenkins.couchbase.com/job/kv_engine-clang_tidy-master/20457/ : SUCCESS

https://cv.jenkins.couchbase.com/job/kv_engine-clang_analyzer-master/41572/ : SUCCESS

https://cv.jenkins.couchbase.com/job/kv_engine.aarch64-linux/job/master/10265/ : SUCCESS

https://cv.jenkins.couchbase.com/job/kv_engine.libFuzzer/job/master/10167/ : SUCCESS

https://cv.jenkins.couchbase.com/job/kv_engine.ASan-UBSan/job/master/30832/ : SUCCESS

https://cv.jenkins.couchbase.com/job/kv_engine.linux/job/master/22804/ : SUCCESS

https://cv.jenkins.couchbase.com/job/kv_engine.linux-CE/job/master/22435/ : SUCCESS
----------------------------------------------------------------------------------------------------------------------
