======================================================================================================================
DESCRIPTION:

MB-46017: Add timeout for MemcachedConnection

This will hopefully make it easier to figure out the hang in
cluster_test we see on the Windows CV machines

Change-Id: I2b4ad6b2c7fd28f6223f514d23479d35f7e6456d

======================================================================================================================
COMMENTS
======================================================================================================================
Author: Trond Norbye
Date: 2021-05-27 09:27:51.000000000
Message: 
Patch Set 10: Patch Set 9 was rebased
----------------------------------------------------------------------------------------------------------------------
Author: Build Bot
Date: 2021-05-27 10:11:54.000000000
Message: 
Patch Set 10: Verified-1

Build Failed 

http://cv.jenkins.couchbase.com/job/kv_engine-windows-master/36103/ : FAILURE

Failure of GoogleTest "TransportProtocols/ClusterConfigTest.MB35395/McbpSsl_XattrYes_JsonYes_SnappyNo":

<pre>
[ RUN      ] TransportProtocols/ClusterConfigTest.MB35395/McbpSsl_XattrYes_JsonYes_SnappyNo
unknown file: error: C++ exception with description "AsyncSocketException: recv() failed (peer=127.0.0.1:61885, local=127.0.0.1:62630), type = Internal error, errno = 10054 (Unknown error)" thrown in the test body.
[  FAILED  ] TransportProtocols/ClusterConfigTest.MB35395/McbpSsl_XattrYes_JsonYes_SnappyNo, where GetParam() = (McbpSsl, XattrYes, 4-byte object <00-00 00-00>, 4-byte object <01-00 00-00>) (529 ms)
TransportProtocols/ClusterConfigTest.MB35395/McbpSsl_XattrYes_JsonYes_SnappyNo
</pre>
 ( http://cv.jenkins.couchbase.com/job/kv_engine-windows-master/36103/ )

http://cv.jenkins.couchbase.com/job/kv_engine-clang_analyzer-master/30844/ : SUCCESS

http://cv.jenkins.couchbase.com/job/kv_engine-clang_format_9/7774/ : SUCCESS

http://cv.jenkins.couchbase.com/job/kv_engine-clang_tidy-master/9199/ : SUCCESS

http://cv.jenkins.couchbase.com/job/kv_engine.linux-CE/job/master/10761/ : SUCCESS

http://cv.jenkins.couchbase.com/job/kv_engine.linux/job/master/10905/ : SUCCESS

http://cv.jenkins.couchbase.com/job/kv_engine.macos/job/master/9829/ : SUCCESS

http://cv.jenkins.couchbase.com/job/kv_engine.threadsanitizer/job/master/11165/ : SUCCESS

http://cv.jenkins.couchbase.com/job/kv_engine.ASan-UBSan/job/master/18725/ : SUCCESS
----------------------------------------------------------------------------------------------------------------------
Author: Build Bot
Date: 2021-05-27 11:22:38.000000000
Message: 
Patch Set 10:

Build Failed 

http://cv.jenkins.couchbase.com/job/kv_engine-windows-master/36108/ : FAILURE

Timeout of a CTest test 407/407 Test #363: memcached_testapp.ep.TransportProtocols/BucketTest ............................................................................} ( http://cv.jenkins.couchbase.com/job/kv_engine-windows-master/36108/ )

http://cv.jenkins.couchbase.com/job/kv_engine-clang_analyzer-master/30844/ : SUCCESS

http://cv.jenkins.couchbase.com/job/kv_engine-clang_format_9/7774/ : SUCCESS

http://cv.jenkins.couchbase.com/job/kv_engine-clang_tidy-master/9199/ : SUCCESS

http://cv.jenkins.couchbase.com/job/kv_engine.linux-CE/job/master/10761/ : SUCCESS

http://cv.jenkins.couchbase.com/job/kv_engine.linux/job/master/10905/ : SUCCESS

http://cv.jenkins.couchbase.com/job/kv_engine.macos/job/master/9829/ : SUCCESS

http://cv.jenkins.couchbase.com/job/kv_engine.threadsanitizer/job/master/11165/ : SUCCESS

http://cv.jenkins.couchbase.com/job/kv_engine.ASan-UBSan/job/master/18725/ : SUCCESS
----------------------------------------------------------------------------------------------------------------------
