======================================================================================================================
DESCRIPTION:

Move more unit tests into the ep_unit_tests binary

For GTest-style tests we have created a single test binary
(ep-engine_ep_unit_tests) to link all the tests into. This has the
advantage of not having to compile different variants of our source
files for multiple different test binaries (which is partly a
limitation / 'feature' of CMake's dependancy calculation).

However not all tests are in this binary. This patch moves an
additional 2 test suites - checkpoint & defragmenter - into the single
binary. This speeds up our build time, and also removes a bunch of
duplicated boilerplate test setup code.

Change-Id: I7a9b6f8166fe2dcb739bdf124b43d1de6abc1e42

======================================================================================================================
COMMENTS
======================================================================================================================
Author: Dave Rigby
Date: 2016-09-30 10:24:27.000000000
Message: 
Uploaded patch set 1.
----------------------------------------------------------------------------------------------------------------------
Author: Build Bot
Date: 2016-09-30 10:24:32.000000000
Message: 
Patch Set 1:

Build Started http://cv.jenkins.couchbase.com/job/ep-engine-gerrit-watson/1357/ (1/4)
----------------------------------------------------------------------------------------------------------------------
Author: Build Bot
Date: 2016-09-30 10:31:25.000000000
Message: 
Patch Set 1:

Build Started http://cv.jenkins.couchbase.com/job/ep-engine-addresssanitizer-watson/35/ (2/4)
----------------------------------------------------------------------------------------------------------------------
Author: Build Bot
Date: 2016-09-30 10:34:55.000000000
Message: 
Patch Set 1:

Build Started http://cv.jenkins.couchbase.com/job/ep-engine-clang_analyzer-watson/1024/ (3/4)
----------------------------------------------------------------------------------------------------------------------
Author: Build Bot
Date: 2016-09-30 10:36:16.000000000
Message: 
Patch Set 1:

Build Started http://cv.jenkins.couchbase.com/job/ep-engine-threadsanitizer-watson/1200/ (4/4)
----------------------------------------------------------------------------------------------------------------------
Author: Build Bot
Date: 2016-09-30 10:50:55.000000000
Message: 
Patch Set 1: Verified-1

Build Failed 

http://cv.jenkins.couchbase.com/job/ep-engine-addresssanitizer-watson/35/ : ABORTED

Failure of a CTest test 14/27 Test  #6: ep-engine_ep_unit_tests ............... ( http://cv.jenkins.couchbase.com//job/ep-engine-addresssanitizer-watson/35/ )

http://cv.jenkins.couchbase.com/job/ep-engine-gerrit-watson/1357/ : FAILURE

http://cv.jenkins.couchbase.com/job/ep-engine-threadsanitizer-watson/1200/ : FAILURE

Failure of a CTest test  ( http://cv.jenkins.couchbase.com//job/ep-engine-threadsanitizer-watson/1200/ )

http://cv.jenkins.couchbase.com/job/ep-engine-clang_analyzer-watson/1024/ : SUCCESS
----------------------------------------------------------------------------------------------------------------------
Author: Build Bot
Date: 2016-09-30 11:35:46.000000000
Message: 
Patch Set 1: -Verified

Build Started http://cv.jenkins.couchbase.com/job/ep-engine-gerrit-watson/1361/ (4/4)
----------------------------------------------------------------------------------------------------------------------
Author: Build Bot
Date: 2016-09-30 11:39:51.000000000
Message: 
Patch Set 1:

Build Started http://cv.jenkins.couchbase.com/job/ep-engine-threadsanitizer-watson/1204/ (4/4)
----------------------------------------------------------------------------------------------------------------------
Author: Build Bot
Date: 2016-09-30 11:57:29.000000000
Message: 
Patch Set 1: Verified-1

Build Failed 

http://cv.jenkins.couchbase.com/job/ep-engine-addresssanitizer-watson/35/ : ABORTED

Failure of a CTest test 14/27 Test  #6: ep-engine_ep_unit_tests ............... ( http://cv.jenkins.couchbase.com//job/ep-engine-addresssanitizer-watson/35/ )

http://cv.jenkins.couchbase.com/job/ep-engine-threadsanitizer-watson/1204/ : FAILURE

Failure of a CTest test  ( http://cv.jenkins.couchbase.com//job/ep-engine-threadsanitizer-watson/1204/ )

http://cv.jenkins.couchbase.com/job/ep-engine-gerrit-watson/1361/ : FAILURE

http://cv.jenkins.couchbase.com/job/ep-engine-clang_analyzer-watson/1024/ : SUCCESS
----------------------------------------------------------------------------------------------------------------------
Author: Build Bot
Date: 2016-09-30 13:13:11.000000000
Message: 
Patch Set 1: -Verified

Build Started http://cv.jenkins.couchbase.com/job/ep-engine-addresssanitizer-watson/39/ (1/4)
----------------------------------------------------------------------------------------------------------------------
Author: Build Bot
Date: 2016-09-30 13:13:11.000000000
Message: 
Patch Set 1:

Build Started http://cv.jenkins.couchbase.com/job/ep-engine-clang_analyzer-watson/1028/ (2/4)
----------------------------------------------------------------------------------------------------------------------
Author: Build Bot
Date: 2016-09-30 13:13:11.000000000
Message: 
Patch Set 1:

Build Started http://cv.jenkins.couchbase.com/job/ep-engine-gerrit-watson/1372/ (3/4)
----------------------------------------------------------------------------------------------------------------------
Author: Build Bot
Date: 2016-09-30 13:13:11.000000000
Message: 
Patch Set 1:

Build Started http://cv.jenkins.couchbase.com/job/ep-engine-threadsanitizer-watson/1206/ (4/4)
----------------------------------------------------------------------------------------------------------------------
Author: Gerrit Code Review
Date: 2016-10-11 08:02:45.000000000
Message: 
Change has been successfully cherry-picked as 1b867e9b674772fc2de9a264ecf482e0f775cecf by Dave Rigby
----------------------------------------------------------------------------------------------------------------------
