======================================================================================================================
DESCRIPTION:

Move more unit tests into the ep_unit_tests binary

For GTest-style tests we have created a single test binary
(ep-engine_ep_unit_tests) to link all the tests into. This has the
advantage of not having to compile different variants of our source
files for multiple different test binaries (which is partly a
limitation / 'feature' of CMake's dependancy calculation).

However not all tests are in this binary. This patch moves an
additional 2 test suites - checkpoint & defragmenter - into the single
binary. This speeds up our build time, and also removes a bunch of
duplicated boilerplate test setup code.

Change-Id: I7a9b6f8166fe2dcb739bdf124b43d1de6abc1e42

======================================================================================================================
COMMENTS
======================================================================================================================
Author: Dave Rigby
Date: 2016-10-03 12:28:07.000000000
Message: 
Uploaded patch set 4: Patch Set 3 was rebased.
----------------------------------------------------------------------------------------------------------------------
Author: Build Bot
Date: 2016-10-03 12:28:13.000000000
Message: 
Patch Set 4:

Build Started http://cv.jenkins.couchbase.com/job/ep-engine-gerrit-watson/1398/ (1/4)
----------------------------------------------------------------------------------------------------------------------
Author: Build Bot
Date: 2016-10-03 12:31:34.000000000
Message: 
Patch Set 4:

Build Started http://cv.jenkins.couchbase.com/job/ep-engine-addresssanitizer-watson/62/ (2/4)
----------------------------------------------------------------------------------------------------------------------
Author: Build Bot
Date: 2016-10-03 12:34:07.000000000
Message: 
Patch Set 4:

Build Started http://cv.jenkins.couchbase.com/job/ep-engine-clang_analyzer-watson/1047/ (3/4)
----------------------------------------------------------------------------------------------------------------------
Author: Build Bot
Date: 2016-10-03 12:37:09.000000000
Message: 
Patch Set 4:

Build Started http://cv.jenkins.couchbase.com/job/ep-engine-threadsanitizer-watson/1225/ (4/4)
----------------------------------------------------------------------------------------------------------------------
Author: Build Bot
Date: 2016-10-03 12:51:43.000000000
Message: 
Patch Set 4: Verified-1

Build Failed 

http://cv.jenkins.couchbase.com/job/ep-engine-gerrit-watson/1398/ : FAILURE

http://cv.jenkins.couchbase.com/job/ep-engine-threadsanitizer-watson/1225/ : FAILURE

Failure of a CTest test  ( http://cv.jenkins.couchbase.com//job/ep-engine-threadsanitizer-watson/1225/ )

http://cv.jenkins.couchbase.com/job/ep-engine-addresssanitizer-watson/62/ : SUCCESS

http://cv.jenkins.couchbase.com/job/ep-engine-clang_analyzer-watson/1047/ : SUCCESS
----------------------------------------------------------------------------------------------------------------------
Author: Build Bot
Date: 2016-10-03 13:45:36.000000000
Message: 
Patch Set 4: -Verified

Build Started http://cv.jenkins.couchbase.com/job/ep-engine-threadsanitizer-watson/1226/ (4/4)
----------------------------------------------------------------------------------------------------------------------
Author: Build Bot
Date: 2016-10-03 13:55:13.000000000
Message: 
Patch Set 4: Verified-1

Build Failed 

http://cv.jenkins.couchbase.com/job/ep-engine-gerrit-watson/1398/ : FAILURE

http://cv.jenkins.couchbase.com/job/ep-engine-threadsanitizer-watson/1226/ : FAILURE

Failure of a CTest test  ( http://cv.jenkins.couchbase.com//job/ep-engine-threadsanitizer-watson/1226/ )

http://cv.jenkins.couchbase.com/job/ep-engine-addresssanitizer-watson/62/ : SUCCESS

http://cv.jenkins.couchbase.com/job/ep-engine-clang_analyzer-watson/1047/ : SUCCESS
----------------------------------------------------------------------------------------------------------------------
Author: Build Bot
Date: 2016-10-03 15:23:51.000000000
Message: 
Patch Set 4: -Verified

Build Started http://cv.jenkins.couchbase.com/job/ep-engine-gerrit-watson/1408/ (4/4)
----------------------------------------------------------------------------------------------------------------------
Author: Build Bot
Date: 2016-10-03 16:04:05.000000000
Message: 
Patch Set 4:

Build Started http://cv.jenkins.couchbase.com/job/ep-engine-threadsanitizer-watson/1236/ (4/4)
----------------------------------------------------------------------------------------------------------------------
Author: Dave Rigby
Date: 2016-10-03 16:12:52.000000000
Message: 
Patch Set 5: Patch Set 4 was rebased
----------------------------------------------------------------------------------------------------------------------
Author: Build Bot
Date: 2016-10-03 16:12:52.000000000
Message: 
Patch Set 4: Verified-1

Build Failed 

http://cv.jenkins.couchbase.com/job/ep-engine-gerrit-watson/1408/ : ABORTED

http://cv.jenkins.couchbase.com/job/ep-engine-threadsanitizer-watson/1236/ : FAILURE

Failure of a CTest test  ( http://cv.jenkins.couchbase.com//job/ep-engine-threadsanitizer-watson/1236/ )

http://cv.jenkins.couchbase.com/job/ep-engine-addresssanitizer-watson/62/ : SUCCESS

http://cv.jenkins.couchbase.com/job/ep-engine-clang_analyzer-watson/1047/ : SUCCESS
----------------------------------------------------------------------------------------------------------------------
Author: Gerrit Code Review
Date: 2016-10-11 08:02:45.000000000
Message: 
Change has been successfully cherry-picked as 1b867e9b674772fc2de9a264ecf482e0f775cecf by Dave Rigby
----------------------------------------------------------------------------------------------------------------------
