======================================================================================================================
DESCRIPTION:

No-op test commit (kv_engine)

Change-Id: I18605bec2266762291ae9b90c38697ce530e0d52

======================================================================================================================
COMMENTS
======================================================================================================================
Author: Dave Rigby
Date: 2022-01-11 09:59:45.000000000
Message: 
Uploaded patch set 1.
----------------------------------------------------------------------------------------------------------------------
Author: Build Bot
Date: 2022-01-11 10:18:02.000000000
Message: 
Patch Set 1: Verified-1

Build Failed 

http://cv.jenkins.couchbase.com/job/kv_engine.libFuzzer/job/master/4367/ : FAILURE

No problems were identified. If you know why this problem occurred, please add a suitable Cause for it. ( http://cv.jenkins.couchbase.com/job/kv_engine.libFuzzer/job/master/4367/ )

http://cv.jenkins.couchbase.com/job/kv_engine.linux-CE/job/master/16382/ : FAILURE

No problems were identified. If you know why this problem occurred, please add a suitable Cause for it. ( http://cv.jenkins.couchbase.com/job/kv_engine.linux-CE/job/master/16382/ )

http://cv.jenkins.couchbase.com/job/kv_engine.linux/job/master/16674/ : FAILURE

No problems were identified. If you know why this problem occurred, please add a suitable Cause for it. ( http://cv.jenkins.couchbase.com/job/kv_engine.linux/job/master/16674/ )

http://cv.jenkins.couchbase.com/job/kv_engine.threadsanitizer/job/master/17467/ : FAILURE

No problems were identified. If you know why this problem occurred, please add a suitable Cause for it. ( http://cv.jenkins.couchbase.com/job/kv_engine.threadsanitizer/job/master/17467/ )

http://cv.jenkins.couchbase.com/job/kv_engine.macos/job/master/15528/ : FAILURE

No problems were identified. If you know why this problem occurred, please add a suitable Cause for it. ( http://cv.jenkins.couchbase.com/job/kv_engine.macos/job/master/15528/ )

http://cv.jenkins.couchbase.com/job/kv_engine.ASan-UBSan/job/master/24795/ : FAILURE

No problems were identified. If you know why this problem occurred, please add a suitable Cause for it. ( http://cv.jenkins.couchbase.com/job/kv_engine.ASan-UBSan/job/master/24795/ )

http://cv.jenkins.couchbase.com/job/kv_engine.aarch64-linux/job/master/4423/ : FAILURE

No problems were identified. If you know why this problem occurred, please add a suitable Cause for it. ( http://cv.jenkins.couchbase.com/job/kv_engine.aarch64-linux/job/master/4423/ )

http://cv.jenkins.couchbase.com/job/kv_engine-clang_analyzer-master/36182/ : SUCCESS

http://cv.jenkins.couchbase.com/job/kv_engine-clang_format_9/13556/ : SUCCESS

http://cv.jenkins.couchbase.com/job/kv_engine-clang_tidy-master/14725/ : SUCCESS

http://cv.jenkins.couchbase.com/job/kv_engine-windows-master/42696/ : SUCCESS
----------------------------------------------------------------------------------------------------------------------
Author: Build Bot
Date: 2022-01-11 11:50:23.000000000
Message: 
Patch Set 1:

Build Failed 

http://cv.jenkins.couchbase.com/job/kv_engine.linux-CE/job/master/16387/ : ABORTED

No problems were identified. If you know why this problem occurred, please add a suitable Cause for it. ( http://cv.jenkins.couchbase.com/job/kv_engine.linux-CE/job/master/16387/ )

http://cv.jenkins.couchbase.com/job/kv_engine.threadsanitizer/job/master/17472/ : ABORTED

No problems were identified. If you know why this problem occurred, please add a suitable Cause for it. ( http://cv.jenkins.couchbase.com/job/kv_engine.threadsanitizer/job/master/17472/ )

http://cv.jenkins.couchbase.com/job/kv_engine.ASan-UBSan/job/master/24800/ : ABORTED

No problems were identified. If you know why this problem occurred, please add a suitable Cause for it. ( http://cv.jenkins.couchbase.com/job/kv_engine.ASan-UBSan/job/master/24800/ )

http://cv.jenkins.couchbase.com/job/kv_engine-clang_analyzer-master/36182/ : SUCCESS

http://cv.jenkins.couchbase.com/job/kv_engine-clang_format_9/13556/ : SUCCESS

http://cv.jenkins.couchbase.com/job/kv_engine-clang_tidy-master/14725/ : SUCCESS

http://cv.jenkins.couchbase.com/job/kv_engine-windows-master/42696/ : SUCCESS

http://cv.jenkins.couchbase.com/job/kv_engine.libFuzzer/job/master/4373/ : SUCCESS

http://cv.jenkins.couchbase.com/job/kv_engine.linux/job/master/16680/ : SUCCESS

http://cv.jenkins.couchbase.com/job/kv_engine.macos/job/master/15533/ : SUCCESS

http://cv.jenkins.couchbase.com/job/kv_engine.aarch64-linux/job/master/4430/ : SUCCESS
----------------------------------------------------------------------------------------------------------------------
Author: Build Bot
Date: 2022-01-11 12:56:33.000000000
Message: 
Patch Set 1:

Build Failed 

http://cv.jenkins.couchbase.com/job/kv_engine.libFuzzer/job/master/4367/ : FAILURE

No problems were identified. If you know why this problem occurred, please add a suitable Cause for it. ( http://cv.jenkins.couchbase.com/job/kv_engine.libFuzzer/job/master/4367/ )

http://cv.jenkins.couchbase.com/job/kv_engine.linux/job/master/16674/ : FAILURE

No problems were identified. If you know why this problem occurred, please add a suitable Cause for it. ( http://cv.jenkins.couchbase.com/job/kv_engine.linux/job/master/16674/ )

http://cv.jenkins.couchbase.com/job/kv_engine.macos/job/master/15528/ : FAILURE

No problems were identified. If you know why this problem occurred, please add a suitable Cause for it. ( http://cv.jenkins.couchbase.com/job/kv_engine.macos/job/master/15528/ )

http://cv.jenkins.couchbase.com/job/kv_engine.aarch64-linux/job/master/4423/ : FAILURE

No problems were identified. If you know why this problem occurred, please add a suitable Cause for it. ( http://cv.jenkins.couchbase.com/job/kv_engine.aarch64-linux/job/master/4423/ )

http://cv.jenkins.couchbase.com/job/kv_engine-clang_analyzer-master/36182/ : SUCCESS

http://cv.jenkins.couchbase.com/job/kv_engine-clang_format_9/13556/ : SUCCESS

http://cv.jenkins.couchbase.com/job/kv_engine-clang_tidy-master/14725/ : SUCCESS

http://cv.jenkins.couchbase.com/job/kv_engine-windows-master/42696/ : SUCCESS

http://cv.jenkins.couchbase.com/job/kv_engine.linux-CE/job/master/16390/ : SUCCESS

http://cv.jenkins.couchbase.com/job/kv_engine.threadsanitizer/job/master/17474/ : SUCCESS

http://cv.jenkins.couchbase.com/job/kv_engine.ASan-UBSan/job/master/24802/ : SUCCESS
----------------------------------------------------------------------------------------------------------------------
Author: Build Bot
Date: 2022-01-11 15:18:03.000000000
Message: 
Patch Set 1: Code-Review-1

Build Failed 

http://cv.jenkins.couchbase.com/job/kv_engine.libFuzzer/job/master/4367/ : FAILURE

No problems were identified. If you know why this problem occurred, please add a suitable Cause for it. ( http://cv.jenkins.couchbase.com/job/kv_engine.libFuzzer/job/master/4367/ )

http://cv.jenkins.couchbase.com/job/kv_engine.linux/job/master/16674/ : FAILURE

No problems were identified. If you know why this problem occurred, please add a suitable Cause for it. ( http://cv.jenkins.couchbase.com/job/kv_engine.linux/job/master/16674/ )

http://cv.jenkins.couchbase.com/job/kv_engine.macos/job/master/15528/ : FAILURE

No problems were identified. If you know why this problem occurred, please add a suitable Cause for it. ( http://cv.jenkins.couchbase.com/job/kv_engine.macos/job/master/15528/ )

http://cv.jenkins.couchbase.com/job/kv_engine.aarch64-linux/job/master/4423/ : FAILURE

No problems were identified. If you know why this problem occurred, please add a suitable Cause for it. ( http://cv.jenkins.couchbase.com/job/kv_engine.aarch64-linux/job/master/4423/ )

http://cv.jenkins.couchbase.com/job/kv_engine-clang_format_9/13575/ : FAILURE

No problems were identified. If you know why this problem occurred, please add a suitable Cause for it. ( http://cv.jenkins.couchbase.com/job/kv_engine-clang_format_9/13575/ )

http://cv.jenkins.couchbase.com/job/kv_engine-clang_analyzer-master/36182/ : SUCCESS

http://cv.jenkins.couchbase.com/job/kv_engine-clang_tidy-master/14725/ : SUCCESS

http://cv.jenkins.couchbase.com/job/kv_engine-windows-master/42696/ : SUCCESS

http://cv.jenkins.couchbase.com/job/kv_engine.linux-CE/job/master/16390/ : SUCCESS

http://cv.jenkins.couchbase.com/job/kv_engine.threadsanitizer/job/master/17474/ : SUCCESS

http://cv.jenkins.couchbase.com/job/kv_engine.ASan-UBSan/job/master/24802/ : SUCCESS
----------------------------------------------------------------------------------------------------------------------
Author: Build Bot
Date: 2022-01-11 16:01:13.000000000
Message: 
Patch Set 1: -Code-Review

Build Failed 

http://cv.jenkins.couchbase.com/job/kv_engine.libFuzzer/job/master/4367/ : FAILURE

No problems were identified. If you know why this problem occurred, please add a suitable Cause for it. ( http://cv.jenkins.couchbase.com/job/kv_engine.libFuzzer/job/master/4367/ )

http://cv.jenkins.couchbase.com/job/kv_engine.linux/job/master/16674/ : FAILURE

No problems were identified. If you know why this problem occurred, please add a suitable Cause for it. ( http://cv.jenkins.couchbase.com/job/kv_engine.linux/job/master/16674/ )

http://cv.jenkins.couchbase.com/job/kv_engine.macos/job/master/15528/ : FAILURE

No problems were identified. If you know why this problem occurred, please add a suitable Cause for it. ( http://cv.jenkins.couchbase.com/job/kv_engine.macos/job/master/15528/ )

http://cv.jenkins.couchbase.com/job/kv_engine.aarch64-linux/job/master/4423/ : FAILURE

No problems were identified. If you know why this problem occurred, please add a suitable Cause for it. ( http://cv.jenkins.couchbase.com/job/kv_engine.aarch64-linux/job/master/4423/ )

http://cv.jenkins.couchbase.com/job/kv_engine-clang_analyzer-master/36182/ : SUCCESS

http://cv.jenkins.couchbase.com/job/kv_engine-clang_tidy-master/14725/ : SUCCESS

http://cv.jenkins.couchbase.com/job/kv_engine-windows-master/42696/ : SUCCESS

http://cv.jenkins.couchbase.com/job/kv_engine.linux-CE/job/master/16390/ : SUCCESS

http://cv.jenkins.couchbase.com/job/kv_engine.threadsanitizer/job/master/17474/ : SUCCESS

http://cv.jenkins.couchbase.com/job/kv_engine.ASan-UBSan/job/master/24802/ : SUCCESS

http://cv.jenkins.couchbase.com/job/kv_engine-clang_format_9/13588/ : SUCCESS
----------------------------------------------------------------------------------------------------------------------
