======================================================================================================================
DESCRIPTION:

Erase via compaction

Change-Id: Iebefd385cfcae38745c81563113c025bba90890e

======================================================================================================================
COMMENTS
======================================================================================================================
Author: Jim Walker
Date: 2017-09-21 12:43:42.000000000
Message: 
Uploaded patch set 5.
----------------------------------------------------------------------------------------------------------------------
Author: Build Bot
Date: 2017-09-21 14:00:08.000000000
Message: 
Patch Set 5: Verified-1

Build Failed 

http://cv.jenkins.couchbase.com/job/kv_engine-windows-master/2755/ : FAILURE

Compile error at ..\kv_engine\engines\ep\tests\module_tests\collections\evp_store_collections_test.cc(254): fatal error C1021: invalid preprocessor command "warning" ( http://cv.jenkins.couchbase.com/job/kv_engine-windows-master/2755/ )

http://cv.jenkins.couchbase.com/job/kv_engine-threadsanitizer-master/2734/ : FAILURE

Timeout of a CTest test  37/101 Test  #39: ep_testsuite_checkpoint.value_eviction.rocksdb ...} ( http://cv.jenkins.couchbase.com/job/kv_engine-threadsanitizer-master/2734/ )

Failure of a GoogleTest  ( http://cv.jenkins.couchbase.com/job/kv_engine-threadsanitizer-master/2734/ )

Failure of a CTest test  23/101 Test  #19: ep-engine_ep_unit_tests .......................... ( http://cv.jenkins.couchbase.com/job/kv_engine-threadsanitizer-master/2734/ )

ThreadSanitizer issue: heap-use-after-free (/home/couchbase/jenkins/workspace/kv_engine-threadsanitizer-master/build/kv_engine/ep-engine_ep_unit_tests+0x4c76fc) in __tsan_atomic64_load  ( http://cv.jenkins.couchbase.com/job/kv_engine-threadsanitizer-master/2734/ )

http://cv.jenkins.couchbase.com/job/kv_engine-addresssanitizer-master/2618/ : FAILURE

AddressSanitizer issue: heap-use-after-free /home/couchbase/jenkins/workspace/kv_engine-addresssanitizer-master/kv_engine/engines/ep/tests/mock/mock_dcp.cc:204:27 in mock_mutation(void const*, unsigned int, void*, unsigned short, unsigned long, unsigned long, unsigned int, void const*, unsigned short, unsigned char, unsigned char) ( http://cv.jenkins.couchbase.com/job/kv_engine-addresssanitizer-master/2618/ )

Failure of a GoogleTest  ( http://cv.jenkins.couchbase.com/job/kv_engine-addresssanitizer-master/2618/ )

Failure of a CTest test 17/99 Test #18: ep-engine_ep_unit_tests .......................... ( http://cv.jenkins.couchbase.com/job/kv_engine-addresssanitizer-master/2618/ )

http://cv.jenkins.couchbase.com/job/kv_engine-linux-master/2716/ : FAILURE

Failure of a GoogleTest  ( http://cv.jenkins.couchbase.com/job/kv_engine-linux-master/2716/ )

Failure of a CTest test  20/112 Test  #19: ep-engine_ep_unit_tests .......................... ( http://cv.jenkins.couchbase.com/job/kv_engine-linux-master/2716/ )

http://cv.jenkins.couchbase.com/job/kv_engine-clang_analyzer-master/2459/ : SUCCESS

http://cv.jenkins.couchbase.com/job/kv_engine-clang_format/1269/ : SUCCESS
----------------------------------------------------------------------------------------------------------------------
