======================================================================================================================
DESCRIPTION:

Use std::string for Connection agent name and cid

Change-Id: I41b2dcaa4e7c4d9f6e01dd8cbbd23fc644c0c9e3

======================================================================================================================
COMMENTS
======================================================================================================================
Author: Trond Norbye
Date: 2022-09-06 12:39:51.000000000
Message: 
Uploaded patch set 2: Patch Set 1 was rebased.
----------------------------------------------------------------------------------------------------------------------
Author: Build Bot
Date: 2022-09-06 13:14:06.000000000
Message: 
Patch Set 2: Verified-1

Build Failed 

https://cv.jenkins.couchbase.com/job/kv_engine.threadsanitizer/job/master/23130/ : ABORTED

Build which was aborted due to a newer patch set being uploaded for the given review. ( https://cv.jenkins.couchbase.com/job/kv_engine.threadsanitizer/job/master/23130/ )

https://cv.jenkins.couchbase.com/job/kv_engine.ASan-UBSan/job/master/30422/ : ABORTED

Build which was aborted due to a newer patch set being uploaded for the given review. ( https://cv.jenkins.couchbase.com/job/kv_engine.ASan-UBSan/job/master/30422/ )

https://cv.jenkins.couchbase.com/job/kv_engine-windows-master/49027/ : FAILURE

Failure of GoogleTest "HelloTest.AgentName":

<pre>
[ RUN      ] HelloTest.AgentName
C:/Jenkins/workspace/kv_engine-windows-master/kv_engine/tests/testapp/testapp_hello.cc(57): error: Expected equality of these values:
  agentname.substr(0, MaxSavedAgentName)
    Which is: "AgentInformation - c21fee83af4e7"
  agentStr
    Which is: "AgentInformation - c21fee83af4e79"
C:/Jenkins/workspace/kv_engine-windows-master/kv_engine/tests/testapp/testapp_hello.cc(62): error: Value of: found
  Actual: false
Expected: true
connection self did not return the current connection
[  FAILED  ] HelloTest.AgentName (4 ms)
HelloTest.AgentName
</pre>
 ( https://cv.jenkins.couchbase.com/job/kv_engine-windows-master/49027/ )

https://cv.jenkins.couchbase.com/job/kv_engine.macos/job/master/21359/ : FAILURE

Failure of GoogleTest "HelloTest.AgentName":

<pre>
[ RUN      ] HelloTest.AgentName
[2022-09-06T13:11:22.709Z] /Users/couchbase/workspace/workspace/kv_engine.macos_master@2/kv_engine/tests/testapp/testapp_hello.cc:57: Failure
[2022-09-06T13:11:22.709Z] Expected equality of these values:
[2022-09-06T13:11:22.709Z]   agentname.substr(0, MaxSavedAgentName)
[2022-09-06T13:11:22.709Z]     Which is: "AgentInformation - c21fee83af4e7"
[2022-09-06T13:11:22.709Z]   agentStr
[2022-09-06T13:11:22.709Z]     Which is: "AgentInformation - c21fee83af4e79"
[2022-09-06T13:11:22.709Z] /Users/couchbase/workspace/workspace/kv_engine.macos_master@2/kv_engine/tests/testapp/testapp_hello.cc:62: Failure
[2022-09-06T13:11:22.709Z] Value of: found
[2022-09-06T13:11:22.709Z]   Actual: false
[2022-09-06T13:11:22.709Z] Expected: true
[2022-09-06T13:11:22.709Z] connection self did not return the current connection
[2022-09-06T13:11:22.709Z] [  FAILED  ] HelloTest.AgentName (2 ms)
HelloTest.AgentName
</pre>
 ( https://cv.jenkins.couchbase.com/job/kv_engine.macos/job/master/21359/ )

https://cv.jenkins.couchbase.com/job/kv_engine.libFuzzer/job/master/9769/ : FAILURE

Clang linker error: linker command failed with exit code 1 (use -v to see invocation) ( https://cv.jenkins.couchbase.com/job/kv_engine.libFuzzer/job/master/9769/ )

https://cv.jenkins.couchbase.com/job/kv_engine.linux-CE/job/master/22033/ : FAILURE

No problems were identified. If you know why this problem occurred, please add a suitable Cause for it. ( https://cv.jenkins.couchbase.com/job/kv_engine.linux-CE/job/master/22033/ )

https://cv.jenkins.couchbase.com/job/kv_engine.linux/job/master/22390/ : FAILURE

Failure of GoogleTest "HelloTest.AgentName":

<pre>
[ RUN      ] HelloTest.AgentName
[2022-09-06T13:12:37.470Z] /home/couchbase/jenkins/workspace/kv_engine.linux_master/kv_engine/tests/testapp/testapp_hello.cc:57: Failure
[2022-09-06T13:12:37.470Z] Expected equality of these values:
[2022-09-06T13:12:37.470Z]   agentname.substr(0, MaxSavedAgentName)
[2022-09-06T13:12:37.470Z]     Which is: "AgentInformation - c21fee83af4e7"
[2022-09-06T13:12:37.470Z]   agentStr
[2022-09-06T13:12:37.470Z]     Which is: "AgentInformation - c21fee83af4e79"
[2022-09-06T13:12:37.470Z] /home/couchbase/jenkins/workspace/kv_engine.linux_master/kv_engine/tests/testapp/testapp_hello.cc:62: Failure
[2022-09-06T13:12:37.470Z] Value of: found
[2022-09-06T13:12:37.470Z]   Actual: false
[2022-09-06T13:12:37.470Z] Expected: true
[2022-09-06T13:12:37.470Z] connection self did not return the current connection
[2022-09-06T13:12:37.470Z] [  FAILED  ] HelloTest.AgentName (1 ms)
HelloTest.AgentName
</pre>
 ( https://cv.jenkins.couchbase.com/job/kv_engine.linux/job/master/22390/ )

https://cv.jenkins.couchbase.com/job/kv_engine.aarch64-linux/job/master/9868/ : FAILURE

Failure of GoogleTest "HelloTest.AgentName":

<pre>
[ RUN      ] HelloTest.AgentName
[2022-09-06T12:58:12.973Z] /home/couchbase/jenkins/workspace/kv_engine.aarch64-linux_master/kv_engine/tests/testapp/testapp_hello.cc:57: Failure
[2022-09-06T12:58:12.973Z] Expected equality of these values:
[2022-09-06T12:58:12.973Z]   agentname.substr(0, MaxSavedAgentName)
[2022-09-06T12:58:12.973Z]     Which is: "AgentInformation - c21fee83af4e7"
[2022-09-06T12:58:12.973Z]   agentStr
[2022-09-06T12:58:12.973Z]     Which is: "AgentInformation - c21fee83af4e79"
[2022-09-06T12:58:12.973Z] /home/couchbase/jenkins/workspace/kv_engine.aarch64-linux_master/kv_engine/tests/testapp/testapp_hello.cc:62: Failure
[2022-09-06T12:58:12.973Z] Value of: found
[2022-09-06T12:58:12.973Z]   Actual: false
[2022-09-06T12:58:12.973Z] Expected: true
[2022-09-06T12:58:12.973Z] connection self did not return the current connection
[2022-09-06T12:58:12.973Z] [  FAILED  ] HelloTest.AgentName (1 ms)
HelloTest.AgentName
</pre>
 ( https://cv.jenkins.couchbase.com/job/kv_engine.aarch64-linux/job/master/9868/ )

https://cv.jenkins.couchbase.com/job/kv_engine-clang_format_9/19292/ : SUCCESS

https://cv.jenkins.couchbase.com/job/kv_engine-clang_tidy-master/20070/ : SUCCESS

https://cv.jenkins.couchbase.com/job/kv_engine-clang_analyzer-master/41215/ : SUCCESS
----------------------------------------------------------------------------------------------------------------------
