======================================================================================================================
DESCRIPTION:

MB-25344: [8/n] Ignore logically deleted keys for validateKey

Update validateKey so it can return item_deleted for logically deleted
keys. Also make it aware of collection_unknown.

Change-Id: I47fc302aebf8e1046e0bb404ac114041868fe23c

======================================================================================================================
COMMENTS
======================================================================================================================
Author: Jim Walker
Date: 2017-10-26 11:33:56.000000000
Message: 
Uploaded patch set 2: Patch Set 1 was rebased.
----------------------------------------------------------------------------------------------------------------------
Author: Build Bot
Date: 2017-10-26 14:05:36.000000000
Message: 
Patch Set 2: Verified-1

Build Failed 

http://cv.jenkins.couchbase.com/job/kv_engine-windows-master/3368/ : FAILURE

Failure of a GoogleTest  ( http://cv.jenkins.couchbase.com/job/kv_engine-windows-master/3368/ )

Timeout of a CTest test 111/111 Test  #16: ep-engine_ep_unit_tests ........................} ( http://cv.jenkins.couchbase.com/job/kv_engine-windows-master/3368/ )

http://cv.jenkins.couchbase.com/job/kv_engine-addresssanitizer-master/3204/ : FAILURE

Failure of a CTest test  20/106 Test  #18: ep-engine_ep_unit_tests .......................... ( http://cv.jenkins.couchbase.com/job/kv_engine-addresssanitizer-master/3204/ )

Failure of a GoogleTest  ( http://cv.jenkins.couchbase.com/job/kv_engine-addresssanitizer-master/3204/ )

AddressSanitizer issue: 39556 byte(s) leaked in 117 allocation(s). ( http://cv.jenkins.couchbase.com/job/kv_engine-addresssanitizer-master/3204/ )

http://cv.jenkins.couchbase.com/job/kv_engine-threadsanitizer-master/3340/ : FAILURE

Failure of a CTest test  23/107 Test  #19: ep-engine_ep_unit_tests .......................... ( http://cv.jenkins.couchbase.com/job/kv_engine-threadsanitizer-master/3340/ )

Failure of a GoogleTest  ( http://cv.jenkins.couchbase.com/job/kv_engine-threadsanitizer-master/3340/ )

http://cv.jenkins.couchbase.com/job/kv_engine-linux-master/3421/ : FAILURE

Failure of a CTest test  23/118 Test  #19: ep-engine_ep_unit_tests .......................... ( http://cv.jenkins.couchbase.com/job/kv_engine-linux-master/3421/ )

Failure of a GoogleTest  ( http://cv.jenkins.couchbase.com/job/kv_engine-linux-master/3421/ )

http://cv.jenkins.couchbase.com/job/kv_engine-clang_format/1887/ : SUCCESS

http://cv.jenkins.couchbase.com/job/kv_engine-clang_analyzer-master/3029/ : SUCCESS
----------------------------------------------------------------------------------------------------------------------
