======================================================================================================================
DESCRIPTION:

No need for locking for AuditConfig

All usage is from the same thread

Change-Id: I80a846c9b3f4bb3359ad8f2f8f748ceacc1adcf4

======================================================================================================================
COMMENTS
======================================================================================================================
Author: Trond Norbye
Date: 2022-10-27 13:37:19.000000000
Message: 
Uploaded patch set 10: Patch Set 9 was rebased.
----------------------------------------------------------------------------------------------------------------------
Author: Build Bot
Date: 2022-10-27 14:21:24.000000000
Message: 
Patch Set 10: Verified-1

Build Failed 

https://cv.jenkins.couchbase.com/job/kv_engine-windows-master/50779/ : FAILURE

Failure of an engine_testapp test:

<pre>
Running [159/160]: test bucket quota reduction.....\kv_engine\engines\ep\tests\ep_testsuite.cc:8502 Test failed: `" (Expected `success", got `temporary failure" - We should be able to store an item as the BucketQuotaChangeTask should not enforce memory limits until memory usage is low enough.)
(605 ms) FAIL
</pre>
 ( https://cv.jenkins.couchbase.com/job/kv_engine-windows-master/50779/ )

Failure of GoogleTest "TransportProtocols/StatsTest.MB37147_TestEWBReturnFromStat/McbpSsl":

<pre>
[ RUN      ] TransportProtocols/StatsTest.MB37147_TestEWBReturnFromStat/McbpSsl
C:/Jenkins/workspace/kv_engine-windows-master/kv_engine/tests/testapp/testapp_stats.cc(302): error: Value of: stats.empty()
  Actual: true
Expected: false
[  FAILED  ] TransportProtocols/StatsTest.MB37147_TestEWBReturnFromStat/McbpSsl, where GetParam() = McbpSsl (7 ms)
TransportProtocols/StatsTest.MB37147_TestEWBReturnFromStat/McbpSsl
</pre>
 ( https://cv.jenkins.couchbase.com/job/kv_engine-windows-master/50779/ )

https://cv.jenkins.couchbase.com/job/kv_engine.libFuzzer/job/master/11291/ : FAILURE

AddressSanitizer issue: heap-use-after-free /opt/gcc-10.2.0/lib/gcc/x86_64-pc-linux-gnu/10.2.0/../../../../include/c++/10.2.0/bits/hashtable.h:1573:31 in std::_Hashtable<unsigned int, std::pair<unsigned int const, EventDescriptor>, std::allocator<std::pair<unsigned int const, EventDescriptor> >, std::__detail::_Select1st, std::equal_to<unsigned int>, std::hash<unsigned int>, std::__detail::_Mod_range_hashing, std::__detail::_Default_ranged_hash, std::__detail::_Prime_rehash_policy, std::__detail::_Hashtable_traits<false, false, true> >::_M_find_before_node(unsigned long, unsigned int const&, unsigned long) const ( https://cv.jenkins.couchbase.com/job/kv_engine.libFuzzer/job/master/11291/ )

https://cv.jenkins.couchbase.com/job/kv_engine.linux/job/master/24004/ : FAILURE

Failure of an engine_testapp test:

<pre>
Running [159/160]: test bucket quota reduction...../kv_engine/engines/ep/tests/ep_testsuite.cc:8498 Test failed: `" (Expected `success", got `temporary failure" - We should be able to store an item as the BucketQuotaChangeTask should not enforce memory limits until memory usage is low enough.)
[2022-10-27T14:15:30.385Z] (357 ms) FAIL
</pre>
 ( https://cv.jenkins.couchbase.com/job/kv_engine.linux/job/master/24004/ )

https://cv.jenkins.couchbase.com/job/kv_engine-clang_format_9/20836/ : SUCCESS

https://cv.jenkins.couchbase.com/job/kv_engine-clang_tidy-master/21563/ : SUCCESS

https://cv.jenkins.couchbase.com/job/kv_engine-clang_analyzer-master/42627/ : SUCCESS

https://cv.jenkins.couchbase.com/job/kv_engine.linux-debug/job/master/294/ : SUCCESS

https://cv.jenkins.couchbase.com/job/kv_engine.linux-CE/job/master/23596/ : SUCCESS

https://cv.jenkins.couchbase.com/job/kv_engine.aarch64-linux/job/master/11382/ : SUCCESS

https://cv.jenkins.couchbase.com/job/kv_engine.macos/job/master/23024/ : SUCCESS

https://cv.jenkins.couchbase.com/job/kv_engine.threadsanitizer/job/master/24835/ : SUCCESS

https://cv.jenkins.couchbase.com/job/kv_engine.ASan-UBSan/job/master/32021/ : SUCCESS
----------------------------------------------------------------------------------------------------------------------
