======================================================================================================================
DESCRIPTION:

MB-38677: Add tracking of collection store/get/delete

Update code so that we track per collection stores, gets and delete
and then expose them via cbstats.

Change-Id: Ic934981212d7d798151e941529ae652605c8a42c

======================================================================================================================
COMMENTS
======================================================================================================================
Author: Jim Walker
Date: 2020-04-14 10:37:51.000000000
Message: 
Uploaded patch set 3.
----------------------------------------------------------------------------------------------------------------------
Author: Build Bot
Date: 2020-04-14 11:25:32.000000000
Message: 
Patch Set 3: Verified-1

Build Failed 

http://cv.jenkins.couchbase.com/job/kv_engine-windows-master/27492/ : FAILURE

Failure of a CTest test 380/383 Test #380: cluster_test .................................................................................................................. ( http://cv.jenkins.couchbase.com/job/kv_engine-windows-master/27492/ )

http://cv.jenkins.couchbase.com/job/kv_engine-clang_tidy/1682/ : SUCCESS

http://cv.jenkins.couchbase.com/job/kv_engine-clang_format_9/202/ : SUCCESS

http://cv.jenkins.couchbase.com/job/kv_engine-clang_analyzer-master/23507/ : SUCCESS

http://cv.jenkins.couchbase.com/job/kv_engine.macos/job/master/2154/ : SUCCESS

http://cv.jenkins.couchbase.com/job/kv_engine.linux-CE/job/master/3093/ : SUCCESS

http://cv.jenkins.couchbase.com/job/kv_engine.linux/job/master/3111/ : SUCCESS

http://cv.jenkins.couchbase.com/job/kv_engine.threadsanitizer/job/master/3164/ : SUCCESS

http://cv.jenkins.couchbase.com/job/kv_engine.ASan-UBSan/job/master/10961/ : SUCCESS
----------------------------------------------------------------------------------------------------------------------
Author: Jim Walker
Date: 2020-04-14 12:36:17.000000000
Message: 
Patch Set 3:

(1 comment)
----------------------------------------------------------------------------------------------------------------------
Author: Build Bot
Date: 2020-04-14 12:51:06.000000000
Message: 
Patch Set 3:

Build Failed 

http://cv.jenkins.couchbase.com/job/kv_engine-windows-master/27498/ : FAILURE

Failure of a CTest test 381/383 Test #380: cluster_test .................................................................................................................. ( http://cv.jenkins.couchbase.com/job/kv_engine-windows-master/27498/ )

http://cv.jenkins.couchbase.com/job/kv_engine-clang_tidy/1682/ : SUCCESS

http://cv.jenkins.couchbase.com/job/kv_engine-clang_format_9/202/ : SUCCESS

http://cv.jenkins.couchbase.com/job/kv_engine-clang_analyzer-master/23507/ : SUCCESS

http://cv.jenkins.couchbase.com/job/kv_engine.macos/job/master/2154/ : SUCCESS

http://cv.jenkins.couchbase.com/job/kv_engine.linux-CE/job/master/3093/ : SUCCESS

http://cv.jenkins.couchbase.com/job/kv_engine.linux/job/master/3111/ : SUCCESS

http://cv.jenkins.couchbase.com/job/kv_engine.threadsanitizer/job/master/3164/ : SUCCESS

http://cv.jenkins.couchbase.com/job/kv_engine.ASan-UBSan/job/master/10961/ : SUCCESS
----------------------------------------------------------------------------------------------------------------------
Author: Build Bot
Date: 2020-04-14 21:10:26.000000000
Message: 
Patch Set 3:

Build Failed 

http://cv.jenkins.couchbase.com/job/kv_engine-windows-master/27501/ : FAILURE

Failure of a CTest test 253/383 Test #247: ep_testsuite_checkpoint.full_eviction.comp_passive ............................................................................ ( http://cv.jenkins.couchbase.com/job/kv_engine-windows-master/27501/ )

http://cv.jenkins.couchbase.com/job/kv_engine-clang_tidy/1682/ : SUCCESS

http://cv.jenkins.couchbase.com/job/kv_engine-clang_format_9/202/ : SUCCESS

http://cv.jenkins.couchbase.com/job/kv_engine-clang_analyzer-master/23507/ : SUCCESS

http://cv.jenkins.couchbase.com/job/kv_engine.macos/job/master/2154/ : SUCCESS

http://cv.jenkins.couchbase.com/job/kv_engine.linux-CE/job/master/3093/ : SUCCESS

http://cv.jenkins.couchbase.com/job/kv_engine.linux/job/master/3111/ : SUCCESS

http://cv.jenkins.couchbase.com/job/kv_engine.threadsanitizer/job/master/3164/ : SUCCESS

http://cv.jenkins.couchbase.com/job/kv_engine.ASan-UBSan/job/master/10961/ : SUCCESS
----------------------------------------------------------------------------------------------------------------------
Author: Build Bot
Date: 2020-04-15 09:38:14.000000000
Message: 
Patch Set 3: Verified+1

Build Successful 

http://cv.jenkins.couchbase.com/job/kv_engine-clang_tidy/1682/ : SUCCESS

http://cv.jenkins.couchbase.com/job/kv_engine-clang_format_9/202/ : SUCCESS

http://cv.jenkins.couchbase.com/job/kv_engine-clang_analyzer-master/23507/ : SUCCESS

http://cv.jenkins.couchbase.com/job/kv_engine.macos/job/master/2154/ : SUCCESS

http://cv.jenkins.couchbase.com/job/kv_engine.linux-CE/job/master/3093/ : SUCCESS

http://cv.jenkins.couchbase.com/job/kv_engine.linux/job/master/3111/ : SUCCESS

http://cv.jenkins.couchbase.com/job/kv_engine.threadsanitizer/job/master/3164/ : SUCCESS

http://cv.jenkins.couchbase.com/job/kv_engine.ASan-UBSan/job/master/10961/ : SUCCESS

http://cv.jenkins.couchbase.com/job/kv_engine-windows-master/27506/ : SUCCESS
----------------------------------------------------------------------------------------------------------------------
Author: Trond Norbye
Date: 2020-04-15 09:56:43.000000000
Message: 
Patch Set 3: Code-Review+2
----------------------------------------------------------------------------------------------------------------------
