======================================================================================================================
DESCRIPTION:

[Refactor] Remove BinprotCommandT<>

The template class didn't improve the readability of the
code (and wasn't very useful).

Change-Id: If89fe82e76ec7062e3fe83836ac2d68bdac6b55d

======================================================================================================================
COMMENTS
======================================================================================================================
Author: Trond Norbye
Date: 2022-05-16 11:27:14.000000000
Message: 
Uploaded patch set 5.
----------------------------------------------------------------------------------------------------------------------
Author: Build Bot
Date: 2022-05-16 11:46:10.000000000
Message: 
Patch Set 5: Verified-1

Build Failed 

http://cv.jenkins.couchbase.com/job/kv_engine.macos/job/master/18471/ : ABORTED

Build which was aborted due to a newer patch set being uploaded for the given review. ( http://cv.jenkins.couchbase.com/job/kv_engine.macos/job/master/18471/ )

http://cv.jenkins.couchbase.com/job/kv_engine.threadsanitizer/job/master/20284/ : ABORTED

Build which was aborted due to a newer patch set being uploaded for the given review. ( http://cv.jenkins.couchbase.com/job/kv_engine.threadsanitizer/job/master/20284/ )

http://cv.jenkins.couchbase.com/job/kv_engine-windows-master/46144/ : FAILURE

Failure of an engine_testapp test:

<pre>
Running [0/160]: expiry pager settings.....\kv_engine\engines\ep\tests\ep_testsuite.cc:689 Test failed: `" (Expected `0", got `-1" - Updated time incorrect, expect: 03:00, actual: 02:59)
(7165 ms) FAIL
</pre>
 ( http://cv.jenkins.couchbase.com/job/kv_engine-windows-master/46144/ )

Failure of GoogleTest "TransportProtocols/XattrTest.mb25928_SystemCanExceedDocumentLimit/Mcbp_XattrYes_JsonNo_SnappyYes":

<pre>
[ RUN      ] TransportProtocols/XattrTest.mb25928_SystemCanExceedDocumentLimit/Mcbp_XattrYes_JsonNo_SnappyYes
unknown file: error: C++ exception with description "Failed to store TransportProtocols_XattrTest_mb25928_SystemCanExceedDocumentLimit_Mcbp_XattrYes_JsonNo_SnappyYes: Temporary failure (134)" thrown in SetUp().
[  FAILED  ] TransportProtocols/XattrTest.mb25928_SystemCanExceedDocumentLimit/Mcbp_XattrYes_JsonNo_SnappyYes, where GetParam() = (Mcbp, XattrYes, 4-byte object <01-00 00-00>, 4-byte object <00-00 00-00>) (3 ms)
TransportProtocols/XattrTest.mb25928_SystemCanExceedDocumentLimit/Mcbp_XattrYes_JsonNo_SnappyYes
</pre>
 ( http://cv.jenkins.couchbase.com/job/kv_engine-windows-master/46144/ )

http://cv.jenkins.couchbase.com/job/kv_engine-clang_format_9/16518/ : SUCCESS

http://cv.jenkins.couchbase.com/job/kv_engine-clang_tidy-master/17496/ : SUCCESS

http://cv.jenkins.couchbase.com/job/kv_engine-clang_analyzer-master/38760/ : SUCCESS

http://cv.jenkins.couchbase.com/job/kv_engine.libFuzzer/job/master/7107/ : SUCCESS

http://cv.jenkins.couchbase.com/job/kv_engine.aarch64-linux/job/master/7204/ : SUCCESS

http://cv.jenkins.couchbase.com/job/kv_engine.linux-CE/job/master/19259/ : SUCCESS

http://cv.jenkins.couchbase.com/job/kv_engine.linux/job/master/19606/ : SUCCESS

http://cv.jenkins.couchbase.com/job/kv_engine.ASan-UBSan/job/master/27663/ : SUCCESS
----------------------------------------------------------------------------------------------------------------------
