======================================================================================================================
DESCRIPTION:

MB-49469: CheckpointConfig::ChangeListener stores ref to EPConfig

Pre-requirement for follow-up patches.

Change-Id: Ieb1137ffed0bad81cca1e44192a879e3eb6d464c

======================================================================================================================
COMMENTS
======================================================================================================================
Author: Paolo Cocchi
Date: 2022-02-18 08:12:24.000000000
Message: 
Uploaded patch set 1.
----------------------------------------------------------------------------------------------------------------------
Author: Build Bot
Date: 2022-02-18 08:33:19.000000000
Message: 
Patch Set 1: Verified-1

Build Failed 

http://cv.jenkins.couchbase.com/job/kv_engine.libFuzzer/job/master/5336/ : FAILURE

The warnings threshold for this job was exceeded - <a href="warningsResult">1 warnings</a> found. ( http://cv.jenkins.couchbase.com/job/kv_engine.libFuzzer/job/master/5336/ )

http://cv.jenkins.couchbase.com/job/kv_engine.macos/job/master/16503/ : FAILURE

The warnings threshold for this job was exceeded - <a href="warningsResult">1 warnings</a> found. ( http://cv.jenkins.couchbase.com/job/kv_engine.macos/job/master/16503/ )

http://cv.jenkins.couchbase.com/job/kv_engine.threadsanitizer/job/master/18477/ : FAILURE

The warnings threshold for this job was exceeded - <a href="warningsResult">1 warnings</a> found. ( http://cv.jenkins.couchbase.com/job/kv_engine.threadsanitizer/job/master/18477/ )

http://cv.jenkins.couchbase.com/job/kv_engine.ASan-UBSan/job/master/25844/ : FAILURE

The warnings threshold for this job was exceeded - <a href="warningsResult">1 warnings</a> found. ( http://cv.jenkins.couchbase.com/job/kv_engine.ASan-UBSan/job/master/25844/ )

http://cv.jenkins.couchbase.com/job/kv_engine.linux/job/master/17762/ : FAILURE

Failure of GoogleTest "STParamMagmaBucketTest/STParamMagmaBucketTest.MB_47566/persistent_magma_value_only":

<pre>
[ RUN      ] STParamMagmaBucketTest/STParamMagmaBucketTest.MB_47566/persistent_magma_value_only
[2022-02-18T08:20:13.209Z] ../kv_engine/engines/ep/tests/module_tests/magma_bucket_tests.cc:554: Failure
[2022-02-18T08:20:13.209Z] Value of: result
[2022-02-18T08:20:13.209Z]   Actual: true
[2022-02-18T08:20:13.209Z] Expected: false
[2022-02-18T08:20:13.209Z] [  FAILED  ] STParamMagmaBucketTest/STParamMagmaBucketTest.MB_47566/persistent_magma_value_only, where GetParam() = ("persistent_magma", "value_only") (92 ms)
STParamMagmaBucketTest/STParamMagmaBucketTest.MB_47566/persistent_magma_value_only
</pre>
 ( http://cv.jenkins.couchbase.com/job/kv_engine.linux/job/master/17762/ )

http://cv.jenkins.couchbase.com/job/kv_engine-clang_format_9/14532/ : SUCCESS

http://cv.jenkins.couchbase.com/job/kv_engine-clang_tidy-master/15685/ : SUCCESS

http://cv.jenkins.couchbase.com/job/kv_engine-windows-master/44031/ : SUCCESS

http://cv.jenkins.couchbase.com/job/kv_engine-clang_analyzer-master/37112/ : SUCCESS

http://cv.jenkins.couchbase.com/job/kv_engine.aarch64-linux/job/master/5396/ : SUCCESS

http://cv.jenkins.couchbase.com/job/kv_engine.linux-CE/job/master/17441/ : SUCCESS
----------------------------------------------------------------------------------------------------------------------
Author: Paolo Cocchi
Date: 2022-02-18 09:50:53.000000000
Message: 
Abandoned
----------------------------------------------------------------------------------------------------------------------
