======================================================================================================================
DESCRIPTION:

Merge remote-tracking branch 'couchbase/cheshire-cat' into neo

* couchbase/cheshire-cat:

Change-Id: I58391bbf58a762a11e4f4f5487f5faa06b7f88d4

======================================================================================================================
COMMENTS
======================================================================================================================
Author: Trond Norbye
Date: 2022-10-04 02:31:35.000000000
Message: 
Uploaded patch set 1.
----------------------------------------------------------------------------------------------------------------------
Author: Restriction Checker
Date: 2022-10-04 02:31:54.000000000
Message: 
Patch Set 1: Well-Formed-1

Branch restricted. PLEASE READ this URL: 

https://server.jenkins.couchbase.com/job/restricted-branch-check/318076/artifact/restricted.html : FAILURE
----------------------------------------------------------------------------------------------------------------------
Author: Build Bot
Date: 2022-10-04 03:29:15.000000000
Message: 
Patch Set 1: Verified-1

Build Failed 

https://cv.jenkins.couchbase.com/job/kv_engine.threadsanitizer/job/neo/373/ : FAILURE

Timeout of a CTest test [2022-10-04T03:29:07.779Z] 418/418 Test #416: cluster_test ................................................................................................} ( https://cv.jenkins.couchbase.com/job/kv_engine.threadsanitizer/job/neo/373/ )

ThreadSanitizer issue: data race /opt/gcc-10.2.0/lib/gcc/x86_64-pc-linux-gnu/10.2.0/../../../../include/c++/10.2.0/bits/stl_vector.h:1794 in std::vector<std::shared_ptr<cb::test::Bucket>, std::allocator<std::shared_ptr<cb::test::Bucket> > >::_M_erase_at_end(std::shared_ptr<cb::test::Bucket>*)  ( https://cv.jenkins.couchbase.com/job/kv_engine.threadsanitizer/job/neo/373/ )

https://cv.jenkins.couchbase.com/job/kv_engine.macos/job/neo/563/ : FAILURE

Failure of an engine_testapp test:

<pre>
Running [42/160]: file stats post warmup...../kv_engine/engines/ep/tests/ep_testsuite.cc:2328 Test failed: `" (Expected `383386" to be less than or equal to `360448" - Unexpected fileSize for vbucket)
[2022-10-04T02:45:00.149Z] (255 ms) FAIL
</pre>
 ( https://cv.jenkins.couchbase.com/job/kv_engine.macos/job/neo/563/ )

Timeout of a CTest test [2022-10-04T03:13:36.110Z] 444/444 Test #442: cluster_test ................................................................................................} ( https://cv.jenkins.couchbase.com/job/kv_engine.macos/job/neo/563/ )

https://cv.jenkins.couchbase.com/job/kv_engine-clang_tidy-neo/361/ : SUCCESS

https://cv.jenkins.couchbase.com/job/kv_engine-clang_format_9/20081/ : SUCCESS

https://cv.jenkins.couchbase.com/job/kv_engine-windows-neo/494/ : SUCCESS

https://cv.jenkins.couchbase.com/job/kv_engine-clang_analyzer-neo/353/ : SUCCESS

https://cv.jenkins.couchbase.com/job/kv_engine.linux/job/neo/376/ : SUCCESS

https://cv.jenkins.couchbase.com/job/kv_engine.ASan-UBSan/job/neo/377/ : SUCCESS

https://cv.jenkins.couchbase.com/job/kv_engine.libFuzzer/job/neo/364/ : SUCCESS

https://cv.jenkins.couchbase.com/job/kv_engine.linux-CE/job/neo/386/ : SUCCESS

https://cv.jenkins.couchbase.com/job/kv_engine.aarch64-linux/job/neo/361/ : SUCCESS
----------------------------------------------------------------------------------------------------------------------
Author: Build Bot
Date: 2022-10-05 05:08:24.000000000
Message: 
Patch Set 1: Verified-1

Build Failed 

https://cv.jenkins.couchbase.com/job/kv_engine.threadsanitizer/job/neo/374/ : FAILURE

ThreadSanitizer issue: data race /opt/gcc-10.2.0/lib/gcc/x86_64-pc-linux-gnu/10.2.0/../../../../include/c++/10.2.0/bits/unique_ptr.h:360 in std::unique_ptr<cb::test::Cluster, std::default_delete<cb::test::Cluster> >::~unique_ptr()  ( https://cv.jenkins.couchbase.com/job/kv_engine.threadsanitizer/job/neo/374/ )

https://cv.jenkins.couchbase.com/job/kv_engine.macos/job/neo/564/ : FAILURE

Failure of GoogleTest "EphemeralOrPersistent/STItemPagerTest.ReplicaEvictedBeforeActive/persistent_couchstore_value_only":

<pre>
[ RUN      ] EphemeralOrPersistent/STItemPagerTest.ReplicaEvictedBeforeActive/persistent_couchstore_value_only
[2022-10-05T04:43:02.635Z] ../kv_engine/engines/ep/tests/module_tests/item_pager_test.cc:1180: Failure
[2022-10-05T04:43:02.635Z] Expected equality of these values:
[2022-10-05T04:43:02.635Z]   100
[2022-10-05T04:43:02.635Z]   getRRPercent(*store->getVBucket(vbid))
[2022-10-05T04:43:02.635Z]     Which is: 95
[2022-10-05T04:43:02.635Z] vb:0 not fully resident after eviction
[2022-10-05T04:43:02.635Z] ../kv_engine/engines/ep/tests/module_tests/item_pager_test.cc:1180: Failure
[2022-10-05T04:43:02.635Z] Expected equality of these values:
[2022-10-05T04:43:02.635Z]   100
[2022-10-05T04:43:02.635Z]   getRRPercent(*store->getVBucket(vbid))
[2022-10-05T04:43:02.635Z]     Which is: 97
[2022-10-05T04:43:02.635Z] vb:1 not fully resident after eviction
[2022-10-05T04:43:02.635Z] [  FAILED  ] EphemeralOrPersistent/STItemPagerTest.ReplicaEvictedBeforeActive/persistent_couchstore_value_only, where GetParam() = "bucket_type=persistent:backend=couchstore:item_eviction_policy=value_only" (533 ms)
EphemeralOrPersistent/STItemPagerTest.ReplicaEvictedBeforeActive/persistent_couchstore_value_only
</pre>
 ( https://cv.jenkins.couchbase.com/job/kv_engine.macos/job/neo/564/ )

Timeout of a CTest test [2022-10-05T05:08:15.635Z] 444/444 Test #442: cluster_test ................................................................................................} ( https://cv.jenkins.couchbase.com/job/kv_engine.macos/job/neo/564/ )

https://cv.jenkins.couchbase.com/job/kv_engine-clang_tidy-neo/361/ : SUCCESS

https://cv.jenkins.couchbase.com/job/kv_engine-clang_format_9/20081/ : SUCCESS

https://cv.jenkins.couchbase.com/job/kv_engine-windows-neo/494/ : SUCCESS

https://cv.jenkins.couchbase.com/job/kv_engine-clang_analyzer-neo/353/ : SUCCESS

https://cv.jenkins.couchbase.com/job/kv_engine.linux/job/neo/376/ : SUCCESS

https://cv.jenkins.couchbase.com/job/kv_engine.ASan-UBSan/job/neo/377/ : SUCCESS

https://cv.jenkins.couchbase.com/job/kv_engine.libFuzzer/job/neo/364/ : SUCCESS

https://cv.jenkins.couchbase.com/job/kv_engine.linux-CE/job/neo/386/ : SUCCESS

https://cv.jenkins.couchbase.com/job/kv_engine.aarch64-linux/job/neo/361/ : SUCCESS
----------------------------------------------------------------------------------------------------------------------
Author: Build Bot
Date: 2022-10-05 05:52:09.000000000
Message: 
Patch Set 1: Verified-1

Build Failed 

https://cv.jenkins.couchbase.com/job/kv_engine.threadsanitizer/job/neo/374/ : FAILURE

ThreadSanitizer issue: data race /opt/gcc-10.2.0/lib/gcc/x86_64-pc-linux-gnu/10.2.0/../../../../include/c++/10.2.0/bits/unique_ptr.h:360 in std::unique_ptr<cb::test::Cluster, std::default_delete<cb::test::Cluster> >::~unique_ptr()  ( https://cv.jenkins.couchbase.com/job/kv_engine.threadsanitizer/job/neo/374/ )

https://cv.jenkins.couchbase.com/job/kv_engine.macos/job/neo/565/ : FAILURE

Failure of GoogleTest "EphemeralOrPersistent/STItemPagerTest.ReplicaEvictedBeforeActive/persistent_couchstore_value_only":

<pre>
[ RUN      ] EphemeralOrPersistent/STItemPagerTest.ReplicaEvictedBeforeActive/persistent_couchstore_value_only
[2022-10-05T05:27:06.181Z] ../kv_engine/engines/ep/tests/module_tests/item_pager_test.cc:1180: Failure
[2022-10-05T05:27:06.181Z] Expected equality of these values:
[2022-10-05T05:27:06.181Z]   100
[2022-10-05T05:27:06.181Z]   getRRPercent(*store->getVBucket(vbid))
[2022-10-05T05:27:06.181Z]     Which is: 95
[2022-10-05T05:27:06.181Z] vb:0 not fully resident after eviction
[2022-10-05T05:27:06.181Z] ../kv_engine/engines/ep/tests/module_tests/item_pager_test.cc:1180: Failure
[2022-10-05T05:27:06.181Z] Expected equality of these values:
[2022-10-05T05:27:06.181Z]   100
[2022-10-05T05:27:06.181Z]   getRRPercent(*store->getVBucket(vbid))
[2022-10-05T05:27:06.181Z]     Which is: 98
[2022-10-05T05:27:06.181Z] vb:1 not fully resident after eviction
[2022-10-05T05:27:06.181Z] [  FAILED  ] EphemeralOrPersistent/STItemPagerTest.ReplicaEvictedBeforeActive/persistent_couchstore_value_only, where GetParam() = "bucket_type=persistent:backend=couchstore:item_eviction_policy=value_only" (394 ms)
EphemeralOrPersistent/STItemPagerTest.ReplicaEvictedBeforeActive/persistent_couchstore_value_only
</pre>
 ( https://cv.jenkins.couchbase.com/job/kv_engine.macos/job/neo/565/ )

Timeout of a CTest test [2022-10-05T05:52:02.046Z] 444/444 Test #442: cluster_test ................................................................................................} ( https://cv.jenkins.couchbase.com/job/kv_engine.macos/job/neo/565/ )

https://cv.jenkins.couchbase.com/job/kv_engine-clang_tidy-neo/361/ : SUCCESS

https://cv.jenkins.couchbase.com/job/kv_engine-clang_format_9/20081/ : SUCCESS

https://cv.jenkins.couchbase.com/job/kv_engine-windows-neo/494/ : SUCCESS

https://cv.jenkins.couchbase.com/job/kv_engine-clang_analyzer-neo/353/ : SUCCESS

https://cv.jenkins.couchbase.com/job/kv_engine.linux/job/neo/376/ : SUCCESS

https://cv.jenkins.couchbase.com/job/kv_engine.ASan-UBSan/job/neo/377/ : SUCCESS

https://cv.jenkins.couchbase.com/job/kv_engine.libFuzzer/job/neo/364/ : SUCCESS

https://cv.jenkins.couchbase.com/job/kv_engine.linux-CE/job/neo/386/ : SUCCESS

https://cv.jenkins.couchbase.com/job/kv_engine.aarch64-linux/job/neo/361/ : SUCCESS
----------------------------------------------------------------------------------------------------------------------
Author: Build Bot
Date: 2022-10-05 07:30:15.000000000
Message: 
Patch Set 1: Verified-1

Build Failed 

https://cv.jenkins.couchbase.com/job/kv_engine.macos/job/neo/566/ : FAILURE

Failure of GoogleTest "EphemeralOrPersistent/STItemPagerTest.ReplicaEvictedBeforeActive/persistent_couchstore_value_only":

<pre>
[ RUN      ] EphemeralOrPersistent/STItemPagerTest.ReplicaEvictedBeforeActive/persistent_couchstore_value_only
[2022-10-05T07:05:08.016Z] ../kv_engine/engines/ep/tests/module_tests/item_pager_test.cc:1180: Failure
[2022-10-05T07:05:08.016Z] Expected equality of these values:
[2022-10-05T07:05:08.016Z]   100
[2022-10-05T07:05:08.016Z]   getRRPercent(*store->getVBucket(vbid))
[2022-10-05T07:05:08.016Z]     Which is: 97
[2022-10-05T07:05:08.016Z] vb:0 not fully resident after eviction
[2022-10-05T07:05:08.016Z] ../kv_engine/engines/ep/tests/module_tests/item_pager_test.cc:1180: Failure
[2022-10-05T07:05:08.016Z] Expected equality of these values:
[2022-10-05T07:05:08.016Z]   100
[2022-10-05T07:05:08.016Z]   getRRPercent(*store->getVBucket(vbid))
[2022-10-05T07:05:08.016Z]     Which is: 97
[2022-10-05T07:05:08.016Z] vb:1 not fully resident after eviction
[2022-10-05T07:05:08.016Z] [  FAILED  ] EphemeralOrPersistent/STItemPagerTest.ReplicaEvictedBeforeActive/persistent_couchstore_value_only, where GetParam() = "bucket_type=persistent:backend=couchstore:item_eviction_policy=value_only" (390 ms)
EphemeralOrPersistent/STItemPagerTest.ReplicaEvictedBeforeActive/persistent_couchstore_value_only
</pre>
 ( https://cv.jenkins.couchbase.com/job/kv_engine.macos/job/neo/566/ )

Timeout of a CTest test [2022-10-05T07:30:07.865Z] 444/444 Test #442: cluster_test ................................................................................................} ( https://cv.jenkins.couchbase.com/job/kv_engine.macos/job/neo/566/ )

https://cv.jenkins.couchbase.com/job/kv_engine-clang_tidy-neo/361/ : SUCCESS

https://cv.jenkins.couchbase.com/job/kv_engine-clang_format_9/20081/ : SUCCESS

https://cv.jenkins.couchbase.com/job/kv_engine-windows-neo/494/ : SUCCESS

https://cv.jenkins.couchbase.com/job/kv_engine-clang_analyzer-neo/353/ : SUCCESS

https://cv.jenkins.couchbase.com/job/kv_engine.linux/job/neo/376/ : SUCCESS

https://cv.jenkins.couchbase.com/job/kv_engine.ASan-UBSan/job/neo/377/ : SUCCESS

https://cv.jenkins.couchbase.com/job/kv_engine.libFuzzer/job/neo/364/ : SUCCESS

https://cv.jenkins.couchbase.com/job/kv_engine.linux-CE/job/neo/386/ : SUCCESS

https://cv.jenkins.couchbase.com/job/kv_engine.aarch64-linux/job/neo/361/ : SUCCESS

https://cv.jenkins.couchbase.com/job/kv_engine.threadsanitizer/job/neo/375/ : SUCCESS
----------------------------------------------------------------------------------------------------------------------
