======================================================================================================================
DESCRIPTION:

MB-47604: Add Nexus variant to KVStoreParam test

Change-Id: I79c76409b8bc872fa348a95fd853bb6b6523face

======================================================================================================================
COMMENTS
======================================================================================================================
Author: Ben Huddleston
Date: 2021-08-13 10:34:40.000000000
Message: 
Uploaded patch set 1.
----------------------------------------------------------------------------------------------------------------------
Author: Build Bot
Date: 2021-08-13 11:17:24.000000000
Message: 
Patch Set 1: Verified-1

Build Failed 

http://cv.jenkins.couchbase.com/job/kv_engine-windows-master/38594/ : FAILURE

Failure of an engine_testapp test:

<pre>
Running [0050/0157]: warmup stats...(164 ms) OK


99% tests passed, 2 tests failed out of 402

Total Test time (real) = 648.49 sec

The following tests FAIL
</pre>
 ( http://cv.jenkins.couchbase.com/job/kv_engine-windows-master/38594/ )

Timeout of a CTest test 402/402 Test #252: ep_testsuite.full_eviction.comp_passive .......................................................................................} ( http://cv.jenkins.couchbase.com/job/kv_engine-windows-master/38594/ )

http://cv.jenkins.couchbase.com/job/kv_engine-clang_analyzer-master/32908/ : FAILURE

Compile error at /home/couchbase/jenkins/workspace/kv_engine-clang_analyzer-master/kv_engine/engines/ep/src/kvstore/nexus-kvstore/nexus-kvstore-persistence-callback.h:34:29:
error: member access into incomplete type "const Item"
 ( http://cv.jenkins.couchbase.com/job/kv_engine-clang_analyzer-master/32908/ )

http://cv.jenkins.couchbase.com/job/kv_engine.linux-CE/job/master/12913/ : FAILURE

No problems were identified. If you know why this problem occurred, please add a suitable Cause for it. ( http://cv.jenkins.couchbase.com/job/kv_engine.linux-CE/job/master/12913/ )

http://cv.jenkins.couchbase.com/job/kv_engine.linux/job/master/13109/ : FAILURE

No problems were identified. If you know why this problem occurred, please add a suitable Cause for it. ( http://cv.jenkins.couchbase.com/job/kv_engine.linux/job/master/13109/ )

http://cv.jenkins.couchbase.com/job/kv_engine.threadsanitizer/job/master/13477/ : FAILURE

Failure of an engine_testapp test:

<pre>
Running [0016/0093]: test dcp replica stream one collection...../kv_engine/engines/ep/tests/ep_testsuite_dcp.cc:717 Test failed: `" (Expected `118", got `94" - Buffer Size did not get set correctly)
[2021-08-13T11:02:20.408Z] (48742 ms) FAIL
</pre>
 ( http://cv.jenkins.couchbase.com/job/kv_engine.threadsanitizer/job/master/13477/ )

http://cv.jenkins.couchbase.com/job/kv_engine.aarch64-linux/job/master/954/ : FAILURE

No problems were identified. If you know why this problem occurred, please add a suitable Cause for it. ( http://cv.jenkins.couchbase.com/job/kv_engine.aarch64-linux/job/master/954/ )

http://cv.jenkins.couchbase.com/job/kv_engine.macos/job/master/12030/ : FAILURE

No problems were identified. If you know why this problem occurred, please add a suitable Cause for it. ( http://cv.jenkins.couchbase.com/job/kv_engine.macos/job/master/12030/ )

http://cv.jenkins.couchbase.com/job/kv_engine.ASan-UBSan/job/master/21025/ : FAILURE

http://cv.jenkins.couchbase.com/job/kv_engine-clang_format_9/10010/ : SUCCESS

http://cv.jenkins.couchbase.com/job/kv_engine-clang_tidy-master/11314/ : SUCCESS

http://cv.jenkins.couchbase.com/job/kv_engine.libFuzzer/job/master/945/ : SUCCESS
----------------------------------------------------------------------------------------------------------------------
