======================================================================================================================
DESCRIPTION:

MB-53053: Add QuotaSharingItemPager

Added a new subclass of ItemPager which evicts items from a set of
buckets and stops eviction when sum(mem_used) < sum(low_wat).

Changed the ItemPager factory method to return an instance of the
QuotaSharingItemPager which is shared between quota sharing
configurations.

The QuotaSharingItemPager's schedulePagingVisitors implementation uses
the CrossBucketVisitorAdapter to schedule paging visitors for all
buckets sharing HT quotas.

The adapter round-robins which bucket's paging visitor gets to run.
This is done to avoid evicting more items from buckets which have more
items resident below the MFU eviction threshold (HTs more densely
populated with such items, which would be faster to evict from if we
were just running the visitors concurrently without syncronisation).

Change-Id: I5c285db14e438cf159cde181de91b838549b706a

======================================================================================================================
COMMENTS
======================================================================================================================
Author: Vesko Karaganev
Date: 2022-12-14 17:02:01.000000000
Message: 
Uploaded patch set 11.
----------------------------------------------------------------------------------------------------------------------
Author: Build Bot
Date: 2022-12-14 18:06:19.000000000
Message: 
Patch Set 11: Verified-1

Build Failed 

https://cv.jenkins.couchbase.com/job/kv_engine-windows-master/51506/ : FAILURE

Failure of GoogleTest "TransportProtocols/StatsTest.MB37147_TestEWBReturnFromStat/McbpSsl":

<pre>
[ RUN      ] TransportProtocols/StatsTest.MB37147_TestEWBReturnFromStat/McbpSsl
C:/Jenkins/workspace/kv_engine-windows-master/kv_engine/tests/testapp/testapp_stats.cc(302): error: Value of: stats.empty()
  Actual: true
Expected: false
[  FAILED  ] TransportProtocols/StatsTest.MB37147_TestEWBReturnFromStat/McbpSsl, where GetParam() = McbpSsl (4 ms)
TransportProtocols/StatsTest.MB37147_TestEWBReturnFromStat/McbpSsl
</pre>
 ( https://cv.jenkins.couchbase.com/job/kv_engine-windows-master/51506/ )

https://cv.jenkins.couchbase.com/job/kv_engine.libFuzzer/job/master/11915/ : FAILURE

Compile error at [2022-12-14T17:36:01.464Z] /home/couchbase/jenkins/workspace/kv_engine.libFuzzer_master/kv_engine/engines/ep/src/kvstore/magma-kvstore/magma-kvstore.cc:28:10:
fatal error: "magma-scan-result.h" file not found
 ( https://cv.jenkins.couchbase.com/job/kv_engine.libFuzzer/job/master/11915/ )

https://cv.jenkins.couchbase.com/job/kv_engine-clang_format_9/21791/ : SUCCESS

https://cv.jenkins.couchbase.com/job/kv_engine-clang_tidy-master/22198/ : SUCCESS

https://cv.jenkins.couchbase.com/job/kv_engine-clang_analyzer-master/43238/ : SUCCESS

https://cv.jenkins.couchbase.com/job/kv_engine.linux-debug/job/master/954/ : SUCCESS

https://cv.jenkins.couchbase.com/job/kv_engine.linux/job/master/24654/ : SUCCESS

https://cv.jenkins.couchbase.com/job/kv_engine.linux-CE/job/master/24239/ : SUCCESS

https://cv.jenkins.couchbase.com/job/kv_engine.threadsanitizer/job/master/25518/ : SUCCESS

https://cv.jenkins.couchbase.com/job/kv_engine.macos/job/master/23756/ : SUCCESS

https://cv.jenkins.couchbase.com/job/kv_engine.ASan-UBSan/job/master/32657/ : SUCCESS

https://cv.jenkins.couchbase.com/job/kv_engine.aarch64-linux/job/master/12005/ : SUCCESS
----------------------------------------------------------------------------------------------------------------------
Author: Build Bot
Date: 2022-12-15 08:19:09.000000000
Message: 
Patch Set 11: Verified-1

Build Failed 

https://cv.jenkins.couchbase.com/job/kv_engine-windows-master/51509/ : ABORTED

Build which was aborted due to a newer patch set being uploaded for the given review. ( https://cv.jenkins.couchbase.com/job/kv_engine-windows-master/51509/ )

https://cv.jenkins.couchbase.com/job/kv_engine-clang_format_9/21791/ : SUCCESS

https://cv.jenkins.couchbase.com/job/kv_engine-clang_tidy-master/22198/ : SUCCESS

https://cv.jenkins.couchbase.com/job/kv_engine-clang_analyzer-master/43238/ : SUCCESS

https://cv.jenkins.couchbase.com/job/kv_engine.linux-debug/job/master/954/ : SUCCESS

https://cv.jenkins.couchbase.com/job/kv_engine.linux/job/master/24654/ : SUCCESS

https://cv.jenkins.couchbase.com/job/kv_engine.linux-CE/job/master/24239/ : SUCCESS

https://cv.jenkins.couchbase.com/job/kv_engine.threadsanitizer/job/master/25518/ : SUCCESS

https://cv.jenkins.couchbase.com/job/kv_engine.macos/job/master/23756/ : SUCCESS

https://cv.jenkins.couchbase.com/job/kv_engine.libFuzzer/job/master/11917/ : SUCCESS

https://cv.jenkins.couchbase.com/job/kv_engine.ASan-UBSan/job/master/32657/ : SUCCESS

https://cv.jenkins.couchbase.com/job/kv_engine.aarch64-linux/job/master/12005/ : SUCCESS
----------------------------------------------------------------------------------------------------------------------
Author: Build Bot
Date: 2022-12-15 11:44:00.000000000
Message: 
Patch Set 11: Verified-1

Build Failed 

https://cv.jenkins.couchbase.com/job/kv_engine.libFuzzer/job/master/11915/ : FAILURE

Compile error at [2022-12-14T17:36:01.464Z] /home/couchbase/jenkins/workspace/kv_engine.libFuzzer_master/kv_engine/engines/ep/src/kvstore/magma-kvstore/magma-kvstore.cc:28:10:
fatal error: "magma-scan-result.h" file not found
 ( https://cv.jenkins.couchbase.com/job/kv_engine.libFuzzer/job/master/11915/ )

https://cv.jenkins.couchbase.com/job/kv_engine-clang_format_9/21791/ : SUCCESS

https://cv.jenkins.couchbase.com/job/kv_engine-clang_tidy-master/22198/ : SUCCESS

https://cv.jenkins.couchbase.com/job/kv_engine-clang_analyzer-master/43238/ : SUCCESS

https://cv.jenkins.couchbase.com/job/kv_engine.linux-debug/job/master/954/ : SUCCESS

https://cv.jenkins.couchbase.com/job/kv_engine.linux/job/master/24654/ : SUCCESS

https://cv.jenkins.couchbase.com/job/kv_engine.linux-CE/job/master/24239/ : SUCCESS

https://cv.jenkins.couchbase.com/job/kv_engine.threadsanitizer/job/master/25518/ : SUCCESS

https://cv.jenkins.couchbase.com/job/kv_engine.macos/job/master/23756/ : SUCCESS

https://cv.jenkins.couchbase.com/job/kv_engine.ASan-UBSan/job/master/32657/ : SUCCESS

https://cv.jenkins.couchbase.com/job/kv_engine.aarch64-linux/job/master/12005/ : SUCCESS

https://cv.jenkins.couchbase.com/job/kv_engine-windows-master/51520/ : SUCCESS
----------------------------------------------------------------------------------------------------------------------
