======================================================================================================================
DESCRIPTION:

Work around missing ssize_t for win32

As part of cleaning up the headers in platform we no
longer get ssize_t defined on win32 from one of the
headers there.

Change-Id: I593b9124c79660566b4e316a2e5f852351f3ded9

======================================================================================================================
COMMENTS
======================================================================================================================
Author: Trond Norbye
Date: 2019-03-12 11:42:53.000000000
Message: 
Uploaded patch set 2.
----------------------------------------------------------------------------------------------------------------------
Author: Build Bot
Date: 2019-03-12 12:14:59.000000000
Message: 
Patch Set 2: Verified-1

Build Failed 

http://cv.jenkins.couchbase.com/job/kv_engine-threadsanitizer-master/9450/ : ABORTED

Failure of a CTest test  57/173 Test  #57: ep_perfsuite.value_eviction ..................................................Child terminated ( http://cv.jenkins.couchbase.com/job/kv_engine-threadsanitizer-master/9450/ )

Build which was aborted due to a newer patch set being uploaded for the given review. ( http://cv.jenkins.couchbase.com/job/kv_engine-threadsanitizer-master/9450/ )

http://cv.jenkins.couchbase.com/job/kv_engine-clang_analyzer-master/15672/ : ABORTED

Build which was aborted due to a newer patch set being uploaded for the given review. ( http://cv.jenkins.couchbase.com/job/kv_engine-clang_analyzer-master/15672/ )

http://cv.jenkins.couchbase.com/job/kv_engine.ASan-UBSan/job/master/2177/ : ABORTED

Failure of a CTest test [2019-03-12T12:14:58.097Z]  39/174 Test  #41: ep_testsuite_dcp.full_eviction.comp_active ...................................Child terminated ( http://cv.jenkins.couchbase.com/job/kv_engine.ASan-UBSan/job/master/2177/ )

Build which was aborted due to a newer patch set being uploaded for the given review. ( http://cv.jenkins.couchbase.com/job/kv_engine.ASan-UBSan/job/master/2177/ )

http://cv.jenkins.couchbase.com/job/kv_engine-linux-master/17638/ : FAILURE

One of more core files found at the end of the build. Data for post-mortem saved to archived_core_dumps.tar.bz2 under "Build Artifacts". ( http://cv.jenkins.couchbase.com/job/kv_engine-linux-master/17638/ )

Failure of a CTest test  34/194 Test  #35: ep_testsuite.full_eviction.rocksdb ........................................... ( http://cv.jenkins.couchbase.com/job/kv_engine-linux-master/17638/ )

http://cv.jenkins.couchbase.com/job/kv_engine-windows-master/18322/ : FAILURE

Compile error at C:\Program Files (x86)\Microsoft Visual Studio\2017\Professional\VC\Tools\MSVC\14.16.27023\include\xtr1common(15): error C2061: syntax error: identifier "std" ( http://cv.jenkins.couchbase.com/job/kv_engine-windows-master/18322/ )

http://cv.jenkins.couchbase.com/job/kv-engine-cv-perf/9029/ : SUCCESS

http://cv.jenkins.couchbase.com/job/kv_engine-clang_format/16219/ : SUCCESS
----------------------------------------------------------------------------------------------------------------------
