======================================================================================================================
DESCRIPTION:

MB-46890: Add support for per-bucket audit filter

This patch does not add support for per scope/collection
filter

Change-Id: Ie9124f3edb9968512ee7f8799196812556a7af71

======================================================================================================================
COMMENTS
======================================================================================================================
Author: Trond Norbye
Date: 2022-10-27 12:48:24.000000000
Message: 
Uploaded patch set 14.
----------------------------------------------------------------------------------------------------------------------
Author: Build Bot
Date: 2022-10-27 13:37:31.000000000
Message: 
Patch Set 14: Verified-1

Build Failed 

https://cv.jenkins.couchbase.com/job/kv_engine-windows-master/50777/ : ABORTED

Build which was aborted due to a newer patch set being uploaded for the given review. ( https://cv.jenkins.couchbase.com/job/kv_engine-windows-master/50777/ )

https://cv.jenkins.couchbase.com/job/kv_engine.threadsanitizer/job/master/24832/ : ABORTED

Build which was aborted due to a newer patch set being uploaded for the given review. ( https://cv.jenkins.couchbase.com/job/kv_engine.threadsanitizer/job/master/24832/ )

https://cv.jenkins.couchbase.com/job/kv_engine.ASan-UBSan/job/master/32018/ : ABORTED

Build which was aborted due to a newer patch set being uploaded for the given review. ( https://cv.jenkins.couchbase.com/job/kv_engine.ASan-UBSan/job/master/32018/ )

https://cv.jenkins.couchbase.com/job/kv_engine.libFuzzer/job/master/11288/ : FAILURE

AddressSanitizer issue: heap-use-after-free /opt/gcc-10.2.0/lib/gcc/x86_64-pc-linux-gnu/10.2.0/../../../../include/c++/10.2.0/bits/hashtable.h:1573:31 in std::_Hashtable<unsigned int, std::pair<unsigned int const, EventDescriptor>, std::allocator<std::pair<unsigned int const, EventDescriptor> >, std::__detail::_Select1st, std::equal_to<unsigned int>, std::hash<unsigned int>, std::__detail::_Mod_range_hashing, std::__detail::_Default_ranged_hash, std::__detail::_Prime_rehash_policy, std::__detail::_Hashtable_traits<false, false, true> >::_M_find_before_node(unsigned long, unsigned int const&, unsigned long) const ( https://cv.jenkins.couchbase.com/job/kv_engine.libFuzzer/job/master/11288/ )

https://cv.jenkins.couchbase.com/job/kv_engine.linux/job/master/24001/ : FAILURE

Failure of an engine_testapp test:

<pre>
Running [159/160]: test bucket quota reduction...../kv_engine/engines/ep/tests/ep_testsuite.cc:8498 Test failed: `" (Expected `success", got `temporary failure" - We should be able to store an item as the BucketQuotaChangeTask should not enforce memory limits until memory usage is low enough.)
[2022-10-27T13:32:28.000Z] (526 ms) FAIL
</pre>
 ( https://cv.jenkins.couchbase.com/job/kv_engine.linux/job/master/24001/ )

https://cv.jenkins.couchbase.com/job/kv_engine-clang_format_9/20831/ : SUCCESS

https://cv.jenkins.couchbase.com/job/kv_engine-clang_tidy-master/21558/ : SUCCESS

https://cv.jenkins.couchbase.com/job/kv_engine-clang_analyzer-master/42624/ : SUCCESS

https://cv.jenkins.couchbase.com/job/kv_engine.linux-CE/job/master/23592/ : SUCCESS

https://cv.jenkins.couchbase.com/job/kv_engine.aarch64-linux/job/master/11379/ : SUCCESS

https://cv.jenkins.couchbase.com/job/kv_engine.macos/job/master/23021/ : SUCCESS

https://cv.jenkins.couchbase.com/job/kv_engine.linux-debug/job/master/291/ : SUCCESS
----------------------------------------------------------------------------------------------------------------------
