======================================================================================================================
DESCRIPTION:

MB-37387: Remove support for GATQ

Change-Id: I4e82f4db8dd80e6c9e1292d473a6bfc6dec2d7cd

======================================================================================================================
COMMENTS
======================================================================================================================
Author: Trond Norbye
Date: 2020-01-04 13:21:50.000000000
Message: 
Uploaded patch set 1.
----------------------------------------------------------------------------------------------------------------------
Author: Build Bot
Date: 2020-01-04 14:02:37.000000000
Message: 
Patch Set 1: Verified-1

Build Failed 

http://cv.jenkins.couchbase.com/job/kv_engine-windows-master/25270/ : ABORTED

Build which was aborted due to a newer patch set being uploaded for the given review. ( http://cv.jenkins.couchbase.com/job/kv_engine-windows-master/25270/ )

http://cv.jenkins.couchbase.com/job/kv-engine-cv-perf/14732/ : ABORTED

Build which was aborted due to a newer patch set being uploaded for the given review. ( http://cv.jenkins.couchbase.com/job/kv-engine-cv-perf/14732/ )

http://cv.jenkins.couchbase.com/job/kv_engine.ASan-UBSan/job/master/8792/ : ABORTED

Build which was aborted due to a newer patch set being uploaded for the given review. ( http://cv.jenkins.couchbase.com/job/kv_engine.ASan-UBSan/job/master/8792/ )

http://cv.jenkins.couchbase.com/job/kv_engine.linux/job/master/911/ : ABORTED

Failure of a CTest test [2020-01-04T14:02:16.473Z] 104/213 Test #106: memcached_mcbp_test .......................................................... ( http://cv.jenkins.couchbase.com/job/kv_engine.linux/job/master/911/ )

Build which was aborted due to a newer patch set being uploaded for the given review. ( http://cv.jenkins.couchbase.com/job/kv_engine.linux/job/master/911/ )

http://cv.jenkins.couchbase.com/job/kv_engine.threadsanitizer/job/master/976/ : ABORTED

http://cv.jenkins.couchbase.com/job/kv_engine.linux-CE/job/master/886/ : FAILURE

Failure of a CTest test [2020-01-04T13:57:45.829Z]  96/205 Test  #98: memcached_mcbp_test .......................................................... ( http://cv.jenkins.couchbase.com/job/kv_engine.linux-CE/job/master/886/ )

http://cv.jenkins.couchbase.com/job/kv_engine.macos/job/master/88/ : FAILURE

Failure of a CTest test [2020-01-04T13:33:55.566Z] 103/210 Test #103: memcached_mcbp_test .......................................................... ( http://cv.jenkins.couchbase.com/job/kv_engine.macos/job/master/88/ )

http://cv.jenkins.couchbase.com/job/kv_engine-clang_analyzer-master/21540/ : SUCCESS

http://cv.jenkins.couchbase.com/job/kv_engine-clang_format/23436/ : SUCCESS
----------------------------------------------------------------------------------------------------------------------
