======================================================================================================================
DESCRIPTION:

Upgrade to GTest 1.11.0 and use modern CMake

Change-Id: I45eb6295d85b1707201c2d197adcd8eb1cc5dd2b

======================================================================================================================
COMMENTS
======================================================================================================================
Author: Trond Norbye
Date: 2021-09-10 12:54:57.000000000
Message: 
Uploaded patch set 1.
----------------------------------------------------------------------------------------------------------------------
Author: Build Bot
Date: 2021-09-10 13:07:54.000000000
Message: 
Patch Set 1: Verified-1

Build Failed 

http://cv.jenkins.couchbase.com/job/kv_engine-clang_analyzer-master/33808/ : FAILURE

CMake error: tlm/cmake/Modules/FindCouchbaseGoogletest.cmake:20 (find_package) ( http://cv.jenkins.couchbase.com/job/kv_engine-clang_analyzer-master/33808/ )

http://cv.jenkins.couchbase.com/job/kv_engine-windows-master/39692/ : FAILURE

Link error: error LNK2038: mismatch detected for "RuntimeLibrary": value "MT_StaticRelease" doesn"t match value "MD_DynamicRelease" in test_main.cc.obj ( http://cv.jenkins.couchbase.com/job/kv_engine-windows-master/39692/ )

http://cv.jenkins.couchbase.com/job/kv_engine-clang_tidy-master/12228/ : FAILURE

CMake error: tlm/cmake/Modules/FindCouchbaseGoogletest.cmake:20 (find_package) ( http://cv.jenkins.couchbase.com/job/kv_engine-clang_tidy-master/12228/ )

http://cv.jenkins.couchbase.com/job/kv_engine.macos/job/master/12987/ : FAILURE

Compile error at [2021-09-10T13:07:38.183Z] ../kv_engine/engines/ep/tests/ep_testsuite_common.h:28:28:
error: use of overloaded operator "<<" is ambiguous (with operand types "basic_ostream<char, std::__1::char_traits<char> >" and "cb::mcbp::ClientOpcode")
 ( http://cv.jenkins.couchbase.com/job/kv_engine.macos/job/master/12987/ )

http://cv.jenkins.couchbase.com/job/kv_engine.ASan-UBSan/job/master/22075/ : FAILURE

No problems were identified. If you know why this problem occurred, please add a suitable Cause for it. ( http://cv.jenkins.couchbase.com/job/kv_engine.ASan-UBSan/job/master/22075/ )

http://cv.jenkins.couchbase.com/job/kv_engine.aarch64-linux/job/master/1890/ : FAILURE

http://cv.jenkins.couchbase.com/job/kv_engine.libFuzzer/job/master/1871/ : FAILURE

No problems were identified. If you know why this problem occurred, please add a suitable Cause for it. ( http://cv.jenkins.couchbase.com/job/kv_engine.libFuzzer/job/master/1871/ )

http://cv.jenkins.couchbase.com/job/kv_engine.linux-CE/job/master/13841/ : FAILURE

No problems were identified. If you know why this problem occurred, please add a suitable Cause for it. ( http://cv.jenkins.couchbase.com/job/kv_engine.linux-CE/job/master/13841/ )

http://cv.jenkins.couchbase.com/job/kv_engine.linux/job/master/14084/ : FAILURE

No problems were identified. If you know why this problem occurred, please add a suitable Cause for it. ( http://cv.jenkins.couchbase.com/job/kv_engine.linux/job/master/14084/ )

http://cv.jenkins.couchbase.com/job/kv_engine.threadsanitizer/job/master/14570/ : FAILURE

No problems were identified. If you know why this problem occurred, please add a suitable Cause for it. ( http://cv.jenkins.couchbase.com/job/kv_engine.threadsanitizer/job/master/14570/ )

http://cv.jenkins.couchbase.com/job/kv_engine-clang_format_9/11020/ : SUCCESS
----------------------------------------------------------------------------------------------------------------------
Author: Trond Norbye
Date: 2021-09-15 12:00:12.000000000
Message: 
Abandoned
----------------------------------------------------------------------------------------------------------------------
