======================================================================================================================
DESCRIPTION:

MB-30625: Removal of TAP remnants

Although cbstats was the main noticeable trigger, TAP-related stats
lingered in some other files eventhough TAP was removed in 5.0.
This commit aims to clean up those remnants.

Change-Id: I2d79ca50009663b6a4501c6f6a0feed03d71356f

======================================================================================================================
COMMENTS
======================================================================================================================
Author: Chris Farman
Date: 2018-07-26 10:57:09.000000000
Message: 
Uploaded patch set 5.
----------------------------------------------------------------------------------------------------------------------
Author: Build Bot
Date: 2018-07-26 11:16:14.000000000
Message: 
Patch Set 5: Verified-1

Build Failed 

http://cv.jenkins.couchbase.com/job/kv_engine-linux-master/10636/ : FAILURE

Compile error at /home/couchbase/jenkins/workspace/kv_engine-linux-master/kv_engine/protocol/mcbp/libmcbp/opcode.cc:27:12:
error: enumeration value "TapConnect" not handled in switch [-Werror=switch]
 ( http://cv.jenkins.couchbase.com/job/kv_engine-linux-master/10636/ )

http://cv.jenkins.couchbase.com/job/kv_engine-clang_analyzer-master/9472/ : FAILURE

Compile error at /home/couchbase/jenkins/workspace/kv_engine-clang_analyzer-master/kv_engine/protocol/mcbp/libmcbp/opcode.cc:27:13:
error: 9 enumeration values not handled in switch: "TapConnect", "TapMutation", "TapDelete"... [-Werror,-Wswitch]
 ( http://cv.jenkins.couchbase.com/job/kv_engine-clang_analyzer-master/9472/ )

http://cv.jenkins.couchbase.com/job/kv_engine-threadsanitizer-master/2513/ : FAILURE

Compile error at /home/couchbase/jenkins/workspace/kv_engine-threadsanitizer-master/kv_engine/protocol/mcbp/libmcbp/opcode.cc:27:12:
error: enumeration value "TapConnect" not handled in switch [-Werror=switch]
 ( http://cv.jenkins.couchbase.com/job/kv_engine-threadsanitizer-master/2513/ )

http://cv.jenkins.couchbase.com/job/kv_engine-windows-master/10774/ : FAILURE

Failure of a CTest test 130/160 Test #116: memcached_testapp.default.Transport/McdTestappTest ........................... ( http://cv.jenkins.couchbase.com/job/kv_engine-windows-master/10774/ )

Failure of a GoogleTest  ( http://cv.jenkins.couchbase.com/job/kv_engine-windows-master/10774/ )

http://cv.jenkins.couchbase.com/job/kv_engine-ASan-UBSan-master/351/ : FAILURE

Compile error at /home/couchbase/jenkins/workspace/kv_engine-ASan-UBSan-master/kv_engine/protocol/mcbp/libmcbp/opcode.cc:27:12:
error: enumeration value "TapConnect" not handled in switch [-Werror=switch]
 ( http://cv.jenkins.couchbase.com/job/kv_engine-ASan-UBSan-master/351/ )

http://cv.jenkins.couchbase.com/job/kv_engine-clang_format/9624/ : SUCCESS
----------------------------------------------------------------------------------------------------------------------
