======================================================================================================================
DESCRIPTION:

MB-44168: Remove duplicate config setup for ::replaceCouchKVStore()

Change-Id: Ia3ea4607017f74435c969dad4cb331b5cbe5e963

======================================================================================================================
COMMENTS
======================================================================================================================
Author: Paolo Cocchi
Date: 2021-03-05 15:29:33.000000000
Message: 
Uploaded patch set 5.
----------------------------------------------------------------------------------------------------------------------
Author: Build Bot
Date: 2021-03-05 15:58:55.000000000
Message: 
Patch Set 5: Verified-1

Build Failed 

http://cv.jenkins.couchbase.com/job/kv_engine-windows-master/34067/ : FAILURE

Failure of GoogleTest "PersistentAndEphemeral/StreamTest.BackfillSmallBuffer/persistent":

<pre>
[ RUN      ] PersistentAndEphemeral/StreamTest.BackfillSmallBuffer/persistent
unknown file: error: C++ exception with description "cb::io::rmrf: remove of file \\?\C:\Jenkins\workspace\kv_engine-windows-master\build\kv_engine\ep_engine_ep_unit_tests.db\test.393501\magma.1\wal\wal.1 under ep_engine_ep_unit_tests.db/test.393501 failed: The data is invalid." thrown in TearDown().
[  FAILED  ] PersistentAndEphemeral/StreamTest.BackfillSmallBuffer/persistent, where GetParam() = "persistent" (42 ms)
PersistentAndEphemeral/StreamTest.BackfillSmallBuffer/persistent
</pre>
 ( http://cv.jenkins.couchbase.com/job/kv_engine-windows-master/34067/ )

http://cv.jenkins.couchbase.com/job/kv_engine-clang_format_9/6010/ : SUCCESS

http://cv.jenkins.couchbase.com/job/kv_engine-clang_tidy/7472/ : SUCCESS

http://cv.jenkins.couchbase.com/job/kv_engine-clang_analyzer-master/29264/ : SUCCESS

http://cv.jenkins.couchbase.com/job/kv_engine.macos/job/master/8144/ : SUCCESS

http://cv.jenkins.couchbase.com/job/kv_engine.threadsanitizer/job/master/9441/ : SUCCESS

http://cv.jenkins.couchbase.com/job/kv_engine.linux-CE/job/master/9086/ : SUCCESS

http://cv.jenkins.couchbase.com/job/kv_engine.linux/job/master/9227/ : SUCCESS

http://cv.jenkins.couchbase.com/job/kv_engine.ASan-UBSan/job/master/16988/ : SUCCESS
----------------------------------------------------------------------------------------------------------------------
Author: Build Bot
Date: 2021-03-05 17:21:19.000000000
Message: 
Patch Set 5:

Build Failed 

http://cv.jenkins.couchbase.com/job/kv_engine-windows-master/34070/ : FAILURE

Failure of GoogleTest "PersistentAndEphemeral/StreamTest.test_verifyProducerCompressionStats/ephemeral":

<pre>
[ RUN      ] PersistentAndEphemeral/StreamTest.test_verifyProducerCompressionStats/ephemeral
unknown file: error: C++ exception with description "cb::io::rmrf: stat of file/directory \\?\C:\Jenkins\workspace\kv_engine-windows-master\build\kv_engine\ep_engine_ep_unit_tests.db\test.560702\stats.json.old under ep_engine_ep_unit_tests.db/test.560702 failed: The system cannot find the file specified." thrown in TearDown().
[  FAILED  ] PersistentAndEphemeral/StreamTest.test_verifyProducerCompressionStats/ephemeral, where GetParam() = "ephemeral" (26 ms)
PersistentAndEphemeral/StreamTest.test_verifyProducerCompressionStats/ephemeral
</pre>
 ( http://cv.jenkins.couchbase.com/job/kv_engine-windows-master/34070/ )

http://cv.jenkins.couchbase.com/job/kv_engine-clang_format_9/6010/ : SUCCESS

http://cv.jenkins.couchbase.com/job/kv_engine-clang_tidy/7472/ : SUCCESS

http://cv.jenkins.couchbase.com/job/kv_engine-clang_analyzer-master/29264/ : SUCCESS

http://cv.jenkins.couchbase.com/job/kv_engine.macos/job/master/8144/ : SUCCESS

http://cv.jenkins.couchbase.com/job/kv_engine.threadsanitizer/job/master/9441/ : SUCCESS

http://cv.jenkins.couchbase.com/job/kv_engine.linux-CE/job/master/9086/ : SUCCESS

http://cv.jenkins.couchbase.com/job/kv_engine.linux/job/master/9227/ : SUCCESS

http://cv.jenkins.couchbase.com/job/kv_engine.ASan-UBSan/job/master/16988/ : SUCCESS
----------------------------------------------------------------------------------------------------------------------
Author: Build Bot
Date: 2021-03-05 17:46:33.000000000
Message: 
Patch Set 5: Verified+1

Build Successful 

http://cv.jenkins.couchbase.com/job/kv_engine-clang_format_9/6010/ : SUCCESS

http://cv.jenkins.couchbase.com/job/kv_engine-clang_tidy/7472/ : SUCCESS

http://cv.jenkins.couchbase.com/job/kv_engine-clang_analyzer-master/29264/ : SUCCESS

http://cv.jenkins.couchbase.com/job/kv_engine.macos/job/master/8144/ : SUCCESS

http://cv.jenkins.couchbase.com/job/kv_engine.threadsanitizer/job/master/9441/ : SUCCESS

http://cv.jenkins.couchbase.com/job/kv_engine.linux-CE/job/master/9086/ : SUCCESS

http://cv.jenkins.couchbase.com/job/kv_engine.linux/job/master/9227/ : SUCCESS

http://cv.jenkins.couchbase.com/job/kv_engine.ASan-UBSan/job/master/16988/ : SUCCESS

http://cv.jenkins.couchbase.com/job/kv_engine-windows-master/34074/ : SUCCESS
----------------------------------------------------------------------------------------------------------------------
Author: Dave Rigby
Date: 2021-03-09 10:48:10.000000000
Message: 
Patch Set 5: Code-Review+2
----------------------------------------------------------------------------------------------------------------------
