======================================================================================================================
DESCRIPTION:

Remove unused parameter engine

Change-Id: Ief35a7582a1733e9231e90e5b1d336b71a56b91c

======================================================================================================================
COMMENTS
======================================================================================================================
Author: Trond Norbye
Date: 2021-08-18 16:02:00.000000000
Message: 
Uploaded patch set 4: Patch Set 3 was rebased.
----------------------------------------------------------------------------------------------------------------------
Author: Build Bot
Date: 2021-08-18 16:34:03.000000000
Message: 
Patch Set 4: Verified-1

Build Failed 

http://cv.jenkins.couchbase.com/job/kv_engine.linux/job/master/13214/ : FAILURE

No problems were identified. If you know why this problem occurred, please add a suitable Cause for it. ( http://cv.jenkins.couchbase.com/job/kv_engine.linux/job/master/13214/ )

http://cv.jenkins.couchbase.com/job/kv_engine.threadsanitizer/job/master/13585/ : FAILURE

Timeout of a CTest test [2021-08-18T16:27:31.740Z] 397/397 Test #226: ep-engine_ep_unit_tests.KVStoreParam/KVStoreParamTest .......................................................} ( http://cv.jenkins.couchbase.com/job/kv_engine.threadsanitizer/job/master/13585/ )

http://cv.jenkins.couchbase.com/job/kv_engine.ASan-UBSan/job/master/21122/ : FAILURE

http://cv.jenkins.couchbase.com/job/kv_engine-windows-master/38706/ : SUCCESS

http://cv.jenkins.couchbase.com/job/kv_engine-clang_tidy-master/11408/ : SUCCESS

http://cv.jenkins.couchbase.com/job/kv_engine-clang_analyzer-master/33002/ : SUCCESS

http://cv.jenkins.couchbase.com/job/kv_engine-clang_format_9/10120/ : SUCCESS

http://cv.jenkins.couchbase.com/job/kv_engine.libFuzzer/job/master/1039/ : SUCCESS

http://cv.jenkins.couchbase.com/job/kv_engine.linux-CE/job/master/13008/ : SUCCESS

http://cv.jenkins.couchbase.com/job/kv_engine.macos/job/master/12124/ : SUCCESS

http://cv.jenkins.couchbase.com/job/kv_engine.aarch64-linux/job/master/1049/ : SUCCESS
----------------------------------------------------------------------------------------------------------------------
Author: Build Bot
Date: 2021-08-19 06:03:15.000000000
Message: 
Patch Set 4:

Build Failed 

http://cv.jenkins.couchbase.com/job/kv_engine.linux/job/master/13214/ : FAILURE

No problems were identified. If you know why this problem occurred, please add a suitable Cause for it. ( http://cv.jenkins.couchbase.com/job/kv_engine.linux/job/master/13214/ )

http://cv.jenkins.couchbase.com/job/kv_engine.threadsanitizer/job/master/13585/ : FAILURE

Timeout of a CTest test [2021-08-18T16:27:31.740Z] 397/397 Test #226: ep-engine_ep_unit_tests.KVStoreParam/KVStoreParamTest .......................................................} ( http://cv.jenkins.couchbase.com/job/kv_engine.threadsanitizer/job/master/13585/ )

http://cv.jenkins.couchbase.com/job/kv_engine-windows-master/38706/ : SUCCESS

http://cv.jenkins.couchbase.com/job/kv_engine-clang_tidy-master/11408/ : SUCCESS

http://cv.jenkins.couchbase.com/job/kv_engine-clang_analyzer-master/33002/ : SUCCESS

http://cv.jenkins.couchbase.com/job/kv_engine-clang_format_9/10120/ : SUCCESS

http://cv.jenkins.couchbase.com/job/kv_engine.libFuzzer/job/master/1039/ : SUCCESS

http://cv.jenkins.couchbase.com/job/kv_engine.linux-CE/job/master/13008/ : SUCCESS

http://cv.jenkins.couchbase.com/job/kv_engine.macos/job/master/12124/ : SUCCESS

http://cv.jenkins.couchbase.com/job/kv_engine.aarch64-linux/job/master/1049/ : SUCCESS

http://cv.jenkins.couchbase.com/job/kv_engine.ASan-UBSan/job/master/21143/ : SUCCESS
----------------------------------------------------------------------------------------------------------------------
Author: Build Bot
Date: 2021-08-19 06:16:52.000000000
Message: 
Patch Set 4: Verified+1

Build Successful 

http://cv.jenkins.couchbase.com/job/kv_engine-windows-master/38706/ : SUCCESS

http://cv.jenkins.couchbase.com/job/kv_engine-clang_tidy-master/11408/ : SUCCESS

http://cv.jenkins.couchbase.com/job/kv_engine-clang_analyzer-master/33002/ : SUCCESS

http://cv.jenkins.couchbase.com/job/kv_engine-clang_format_9/10120/ : SUCCESS

http://cv.jenkins.couchbase.com/job/kv_engine.libFuzzer/job/master/1039/ : SUCCESS

http://cv.jenkins.couchbase.com/job/kv_engine.linux-CE/job/master/13008/ : SUCCESS

http://cv.jenkins.couchbase.com/job/kv_engine.threadsanitizer/job/master/13608/ : SUCCESS

http://cv.jenkins.couchbase.com/job/kv_engine.macos/job/master/12124/ : SUCCESS

http://cv.jenkins.couchbase.com/job/kv_engine.ASan-UBSan/job/master/21143/ : SUCCESS

http://cv.jenkins.couchbase.com/job/kv_engine.aarch64-linux/job/master/1049/ : SUCCESS

http://cv.jenkins.couchbase.com/job/kv_engine.linux/job/master/13235/ : SUCCESS
----------------------------------------------------------------------------------------------------------------------
Author: Jim Walker
Date: 2021-08-19 08:17:05.000000000
Message: 
Patch Set 4: Code-Review+2
----------------------------------------------------------------------------------------------------------------------
