======================================================================================================================
DESCRIPTION:

Byte swap network data

Change-Id: Ib00e55ede356cf92aa358a5f1904cb84cc0a19c6

======================================================================================================================
COMMENTS
======================================================================================================================
Author: Jim Walker
Date: 2017-09-22 13:27:09.000000000
Message: 
Uploaded patch set 9: Patch Set 8 was rebased.
----------------------------------------------------------------------------------------------------------------------
Author: Build Bot
Date: 2017-09-22 14:17:21.000000000
Message: 
Patch Set 9: Verified-1

Build Failed 

http://cv.jenkins.couchbase.com/job/kv_engine-windows-master/2781/ : FAILURE

Failure of a GoogleTest  ( http://cv.jenkins.couchbase.com/job/kv_engine-windows-master/2781/ )

Failure of a CTest test  10/102 Test  #16: ep-engine_ep_unit_tests ........................ ( http://cv.jenkins.couchbase.com/job/kv_engine-windows-master/2781/ )

http://cv.jenkins.couchbase.com/job/kv_engine-threadsanitizer-master/2760/ : FAILURE

Timeout of a CTest test 101/101 Test  #44: ep_perfsuite.value_eviction ......................} ( http://cv.jenkins.couchbase.com/job/kv_engine-threadsanitizer-master/2760/ )

Failure of a GoogleTest  ( http://cv.jenkins.couchbase.com/job/kv_engine-threadsanitizer-master/2760/ )

Failure of a CTest test  23/101 Test  #19: ep-engine_ep_unit_tests .......................... ( http://cv.jenkins.couchbase.com/job/kv_engine-threadsanitizer-master/2760/ )

http://cv.jenkins.couchbase.com/job/kv_engine-linux-master/2742/ : FAILURE

Failure of a GoogleTest  ( http://cv.jenkins.couchbase.com/job/kv_engine-linux-master/2742/ )

Failure of a CTest test  23/112 Test  #19: ep-engine_ep_unit_tests .......................... ( http://cv.jenkins.couchbase.com/job/kv_engine-linux-master/2742/ )

http://cv.jenkins.couchbase.com/job/kv_engine-addresssanitizer-master/2645/ : FAILURE

AddressSanitizer issue: heap-use-after-free /home/couchbase/jenkins/workspace/kv_engine-addresssanitizer-master/kv_engine/engines/ep/tests/mock/mock_dcp.cc:204:27 in mock_mutation(void const*, unsigned int, void*, unsigned short, unsigned long, unsigned long, unsigned int, void const*, unsigned short, unsigned char, unsigned char) ( http://cv.jenkins.couchbase.com/job/kv_engine-addresssanitizer-master/2645/ )

Failure of a CTest test 22/98 Test #18: ep-engine_ep_unit_tests .......................... ( http://cv.jenkins.couchbase.com/job/kv_engine-addresssanitizer-master/2645/ )

http://cv.jenkins.couchbase.com/job/kv_engine-clang_analyzer-master/2485/ : SUCCESS

http://cv.jenkins.couchbase.com/job/kv_engine-clang_format/1301/ : SUCCESS
----------------------------------------------------------------------------------------------------------------------
