======================================================================================================================
DESCRIPTION:

MB-53942: Fix checkpoint low/upper marks computation at quota reduction

Incorrect computation might also generate illegal values for the marks.

Code was already silently failing in successfull BucketQuotaChangeTest.
The same tests fail now (before the fix) by adding logic checks in
BucketQuotaChangeTask::prepareToReduceMemoryUsage().

Change-Id: I208cbc4c099972b8d8c7105fdb9c17b46f3c95fc

======================================================================================================================
COMMENTS
======================================================================================================================
Author: Paolo Cocchi
Date: 2022-10-05 11:34:20.000000000
Message: 
Uploaded patch set 5.
----------------------------------------------------------------------------------------------------------------------
Author: Build Bot
Date: 2022-10-05 11:58:33.000000000
Message: 
Patch Set 5: Verified-1

Build Failed 

https://cv.jenkins.couchbase.com/job/kv_engine-windows-master/49975/ : FAILURE

Failure of GoogleTest "TransportProtocols/PauseResumeTest.PauseFailsWhenPaused/McbpSsl":

<pre>
[ RUN      ] TransportProtocols/PauseResumeTest.PauseFailsWhenPaused/McbpSsl
unknown file: error: C++ exception with description "Select bucket [default] failed: Not found (1)" thrown in the test body.
[  FAILED  ] TransportProtocols/PauseResumeTest.PauseFailsWhenPaused/McbpSsl, where GetParam() = McbpSsl (1078 ms)
TransportProtocols/PauseResumeTest.PauseFailsWhenPaused/McbpSsl
</pre>
 ( https://cv.jenkins.couchbase.com/job/kv_engine-windows-master/49975/ )

https://cv.jenkins.couchbase.com/job/kv_engine.linux/job/master/23272/ : FAILURE

One of more core files found at the end of the build. Data for post-mortem saved to archived_core_dumps.tar.bz2 under "Build Artifacts". ( https://cv.jenkins.couchbase.com/job/kv_engine.linux/job/master/23272/ )

https://cv.jenkins.couchbase.com/job/kv_engine-clang_format_9/20119/ : SUCCESS

https://cv.jenkins.couchbase.com/job/kv_engine-clang_tidy-master/20887/ : SUCCESS

https://cv.jenkins.couchbase.com/job/kv_engine-clang_analyzer-master/41979/ : SUCCESS

https://cv.jenkins.couchbase.com/job/kv_engine.libFuzzer/job/master/10602/ : SUCCESS

https://cv.jenkins.couchbase.com/job/kv_engine.linux-CE/job/master/22875/ : SUCCESS

https://cv.jenkins.couchbase.com/job/kv_engine.threadsanitizer/job/master/24115/ : SUCCESS

https://cv.jenkins.couchbase.com/job/kv_engine.macos/job/master/22282/ : SUCCESS

https://cv.jenkins.couchbase.com/job/kv_engine.ASan-UBSan/job/master/31293/ : SUCCESS

https://cv.jenkins.couchbase.com/job/kv_engine.aarch64-linux/job/master/10703/ : SUCCESS
----------------------------------------------------------------------------------------------------------------------
Author: Build Bot
Date: 2022-10-05 13:03:37.000000000
Message: 
Patch Set 5: Verified+1

Build Successful 

https://cv.jenkins.couchbase.com/job/kv_engine-clang_format_9/20119/ : SUCCESS

https://cv.jenkins.couchbase.com/job/kv_engine-clang_tidy-master/20887/ : SUCCESS

https://cv.jenkins.couchbase.com/job/kv_engine-windows-master/49981/ : SUCCESS

https://cv.jenkins.couchbase.com/job/kv_engine-clang_analyzer-master/41979/ : SUCCESS

https://cv.jenkins.couchbase.com/job/kv_engine.libFuzzer/job/master/10602/ : SUCCESS

https://cv.jenkins.couchbase.com/job/kv_engine.linux-CE/job/master/22875/ : SUCCESS

https://cv.jenkins.couchbase.com/job/kv_engine.threadsanitizer/job/master/24115/ : SUCCESS

https://cv.jenkins.couchbase.com/job/kv_engine.macos/job/master/22282/ : SUCCESS

https://cv.jenkins.couchbase.com/job/kv_engine.ASan-UBSan/job/master/31293/ : SUCCESS

https://cv.jenkins.couchbase.com/job/kv_engine.aarch64-linux/job/master/10703/ : SUCCESS

https://cv.jenkins.couchbase.com/job/kv_engine.linux/job/master/23276/ : SUCCESS
----------------------------------------------------------------------------------------------------------------------
