======================================================================================================================
DESCRIPTION:

Add infrastructure for TTL accounting

Change-Id: I5c25d189dc73b8b213b7687e83a3e8df7177cd3c

======================================================================================================================
COMMENTS
======================================================================================================================
Author: Trond Norbye
Date: 2022-07-11 12:23:11.000000000
Message: 
Uploaded patch set 5.
----------------------------------------------------------------------------------------------------------------------
Author: Build Bot
Date: 2022-07-11 12:30:11.000000000
Message: 
Patch Set 5: Verified-1

Build Failed 

http://cv.jenkins.couchbase.com/job/kv_engine-windows-master/47752/ : ABORTED

Build which was aborted due to a newer patch set being uploaded for the given review. ( http://cv.jenkins.couchbase.com/job/kv_engine-windows-master/47752/ )

http://cv.jenkins.couchbase.com/job/kv_engine-clang_analyzer-master/40111/ : ABORTED

Build which was aborted due to a newer patch set being uploaded for the given review. ( http://cv.jenkins.couchbase.com/job/kv_engine-clang_analyzer-master/40111/ )

http://cv.jenkins.couchbase.com/job/kv_engine.macos/job/master/20076/ : ABORTED

Build which was aborted due to a newer patch set being uploaded for the given review. ( http://cv.jenkins.couchbase.com/job/kv_engine.macos/job/master/20076/ )

http://cv.jenkins.couchbase.com/job/kv_engine.aarch64-linux/job/master/8713/ : ABORTED

Build which was aborted due to a newer patch set being uploaded for the given review. ( http://cv.jenkins.couchbase.com/job/kv_engine.aarch64-linux/job/master/8713/ )

http://cv.jenkins.couchbase.com/job/kv_engine.libFuzzer/job/master/8616/ : ABORTED

Build which was aborted due to a newer patch set being uploaded for the given review. ( http://cv.jenkins.couchbase.com/job/kv_engine.libFuzzer/job/master/8616/ )

http://cv.jenkins.couchbase.com/job/kv_engine.linux/job/master/21191/ : ABORTED

Failure of GoogleTest "Subdoc/SubdocTestappTest.SubdocStatsMultiLookup/Mcbp_JsonYes":

<pre>
[ RUN      ] Subdoc/SubdocTestappTest.SubdocStatsMultiLookup/Mcbp_JsonYes
[2022-07-11T12:28:49.252Z] /home/couchbase/jenkins/workspace/kv_engine.linux_master/kv_engine/tests/testapp/testapp.cc:930: Failure
[2022-07-11T12:28:49.252Z] Expected: (0u) != (nr), actual: 0 vs 0
[2022-07-11T12:28:49.252Z] /home/couchbase/jenkins/workspace/kv_engine.linux_master/kv_engine/tests/testapp/testapp_binprot.cc:45: Failure
[2022-07-11T12:28:49.252Z] Expected equality of these values:
[2022-07-11T12:28:49.252Z]   cb::mcbp::Magic::ClientResponse
[2022-07-11T12:28:49.252Z]     Which is: 1-byte object <81>
[2022-07-11T12:28:49.252Z]   response.getMagic()
[2022-07-11T12:28:49.252Z]     Which is: 1-byte object <20>
[2022-07-11T12:28:49.252Z] unknown file: Failure
[2022-07-11T12:28:49.252Z] C++ exception with description "to_string(cb::mcbp::Status): Invalid status code: 43903" thrown in the test body.
[2022-07-11T12:28:49.252Z] [  FAILED  ] Subdoc/SubdocTestappTest.SubdocStatsMultiLookup/Mcbp_JsonYes, where GetParam() = (Mcbp, 4-byte object <00-00 00-00>) (3 ms)
Subdoc/SubdocTestappTest.SubdocStatsMultiLookup/Mcbp_JsonYes
</pre>
 ( http://cv.jenkins.couchbase.com/job/kv_engine.linux/job/master/21191/ )

Build which was aborted due to a newer patch set being uploaded for the given review. ( http://cv.jenkins.couchbase.com/job/kv_engine.linux/job/master/21191/ )

Test exceeded the timeout:
[2022-07-11T12:28:49.252Z] /usr/bin/timeout: the monitored command dumped core ( http://cv.jenkins.couchbase.com/job/kv_engine.linux/job/master/21191/ )

http://cv.jenkins.couchbase.com/job/kv_engine.linux-CE/job/master/20834/ : ABORTED

Failure of GoogleTest "Subdoc/SubdocTestappTest.SubdocStatsMultiLookup/Mcbp_JsonYes":

<pre>
[ RUN      ] Subdoc/SubdocTestappTest.SubdocStatsMultiLookup/Mcbp_JsonYes
[2022-07-11T12:28:24.721Z] /home/couchbase/jenkins/workspace/kv_engine.linux-CE_master/kv_engine/tests/testapp/testapp.cc:930: Failure
[2022-07-11T12:28:24.721Z] Expected: (0u) != (nr), actual: 0 vs 0
[2022-07-11T12:28:24.721Z] /home/couchbase/jenkins/workspace/kv_engine.linux-CE_master/kv_engine/tests/testapp/testapp_binprot.cc:45: Failure
[2022-07-11T12:28:24.721Z] Expected equality of these values:
[2022-07-11T12:28:24.721Z]   cb::mcbp::Magic::ClientResponse
[2022-07-11T12:28:24.721Z]     Which is: 1-byte object <81>
[2022-07-11T12:28:24.721Z]   response.getMagic()
[2022-07-11T12:28:24.721Z]     Which is: 1-byte object <20>
[2022-07-11T12:28:24.721Z] unknown file: Failure
[2022-07-11T12:28:24.721Z] C++ exception with description "to_string(cb::mcbp::Status): Invalid status code: 32512" thrown in the test body.
[2022-07-11T12:28:24.721Z] [  FAILED  ] Subdoc/SubdocTestappTest.SubdocStatsMultiLookup/Mcbp_JsonYes, where GetParam() = (Mcbp, 4-byte object <00-00 00-00>) (6 ms)
Subdoc/SubdocTestappTest.SubdocStatsMultiLookup/Mcbp_JsonYes
</pre>
 ( http://cv.jenkins.couchbase.com/job/kv_engine.linux-CE/job/master/20834/ )

Build which was aborted due to a newer patch set being uploaded for the given review. ( http://cv.jenkins.couchbase.com/job/kv_engine.linux-CE/job/master/20834/ )

Test exceeded the timeout:
[2022-07-11T12:28:24.721Z] /usr/bin/timeout: the monitored command dumped core ( http://cv.jenkins.couchbase.com/job/kv_engine.linux-CE/job/master/20834/ )

http://cv.jenkins.couchbase.com/job/kv_engine.threadsanitizer/job/master/21881/ : ABORTED

Build which was aborted due to a newer patch set being uploaded for the given review. ( http://cv.jenkins.couchbase.com/job/kv_engine.threadsanitizer/job/master/21881/ )

http://cv.jenkins.couchbase.com/job/kv_engine.ASan-UBSan/job/master/29231/ : ABORTED

Failure of GoogleTest "Subdoc/SubdocTestappTest.SubdocStatsMultiLookup/Mcbp_JsonYes":

<pre>
[ RUN      ] Subdoc/SubdocTestappTest.SubdocStatsMultiLookup/Mcbp_JsonYes
[2022-07-11T12:29:08.868Z] /home/couchbase/jenkins/workspace/kv_engine.ASan-UBSan_master/kv_engine/tests/testapp/testapp.cc:930: Failure
[2022-07-11T12:29:08.868Z] Expected: (0u) != (nr), actual: 0 vs 0
[2022-07-11T12:29:08.868Z] /home/couchbase/jenkins/workspace/kv_engine.ASan-UBSan_master/kv_engine/tests/testapp/testapp_binprot.cc:45: Failure
[2022-07-11T12:29:08.868Z] Expected equality of these values:
[2022-07-11T12:29:08.868Z]   cb::mcbp::Magic::ClientResponse
[2022-07-11T12:29:08.868Z]     Which is: 1-byte object <81>
[2022-07-11T12:29:08.868Z]   response.getMagic()
[2022-07-11T12:29:08.868Z]     Which is: 1-byte object <0E>
[2022-07-11T12:29:08.868Z] unknown file: Failure
[2022-07-11T12:29:08.868Z] C++ exception with description "to_string(cb::mcbp::Status): Invalid status code: 57455" thrown in the test body.
[2022-07-11T12:29:08.868Z] [  FAILED  ] Subdoc/SubdocTestappTest.SubdocStatsMultiLookup/Mcbp_JsonYes, where GetParam() = (Mcbp, 4-byte object <00-00 00-00>) (4 ms)
Subdoc/SubdocTestappTest.SubdocStatsMultiLookup/Mcbp_JsonYes
</pre>
 ( http://cv.jenkins.couchbase.com/job/kv_engine.ASan-UBSan/job/master/29231/ )

Build which was aborted due to a newer patch set being uploaded for the given review. ( http://cv.jenkins.couchbase.com/job/kv_engine.ASan-UBSan/job/master/29231/ )

Test exceeded the timeout:
[2022-07-11T12:29:08.868Z] /usr/bin/timeout: the monitored command dumped core ( http://cv.jenkins.couchbase.com/job/kv_engine.ASan-UBSan/job/master/29231/ )

http://cv.jenkins.couchbase.com/job/kv_engine-clang_format_9/18088/ : SUCCESS

http://cv.jenkins.couchbase.com/job/kv_engine-clang_tidy-master/18932/ : SUCCESS
----------------------------------------------------------------------------------------------------------------------
