======================================================================================================================
DESCRIPTION:

Charge the user for TTL expiration

Expirations should cost the same as delete

Change-Id: I5c25d189dc73b8b213b7687e83a3e8df7177cd3c

======================================================================================================================
COMMENTS
======================================================================================================================
Author: Trond Norbye
Date: 2022-07-12 13:52:11.000000000
Message: 
Uploaded patch set 11.
----------------------------------------------------------------------------------------------------------------------
Author: Build Bot
Date: 2022-07-12 14:32:40.000000000
Message: 
Patch Set 11: Verified-1

Build Failed 

http://cv.jenkins.couchbase.com/job/kv_engine-windows-master/47797/ : FAILURE

No problems were identified. If you know why this problem occurred, please add a suitable Cause for it. ( http://cv.jenkins.couchbase.com/job/kv_engine-windows-master/47797/ )

http://cv.jenkins.couchbase.com/job/kv_engine.linux/job/master/21234/ : FAILURE

Failure of GoogleTest "TransportProtocols/XattrTest.mb25928_SystemCantExceedSystemLimit/Mcbp_XattrYes_JsonYes_SnappyYes":

<pre>
[ RUN      ] TransportProtocols/XattrTest.mb25928_SystemCantExceedSystemLimit/Mcbp_XattrYes_JsonYes_SnappyYes
[2022-07-12T14:15:30.519Z] unknown file: Failure
[2022-07-12T14:15:30.519Z] C++ exception with description "Failed to store TransportProtocols_XattrTest_mb25928_SystemCantExceedSystemLimit_Mcbp_XattrYes_JsonYes_SnappyYes: Temporary failure (134)" thrown in SetUp().
[2022-07-12T14:15:30.519Z] [  FAILED  ] TransportProtocols/XattrTest.mb25928_SystemCantExceedSystemLimit/Mcbp_XattrYes_JsonYes_SnappyYes, where GetParam() = (Mcbp, XattrYes, 4-byte object <00-00 00-00>, 4-byte object <00-00 00-00>) (2 ms)
TransportProtocols/XattrTest.mb25928_SystemCantExceedSystemLimit/Mcbp_XattrYes_JsonYes_SnappyYes
</pre>
 ( http://cv.jenkins.couchbase.com/job/kv_engine.linux/job/master/21234/ )

One of more core files found at the end of the build. Data for post-mortem saved to archived_core_dumps.tar.bz2 under "Build Artifacts". ( http://cv.jenkins.couchbase.com/job/kv_engine.linux/job/master/21234/ )

http://cv.jenkins.couchbase.com/job/kv_engine.linux-CE/job/master/20877/ : FAILURE

One of more core files found at the end of the build. Data for post-mortem saved to archived_core_dumps.tar.bz2 under "Build Artifacts". ( http://cv.jenkins.couchbase.com/job/kv_engine.linux-CE/job/master/20877/ )

http://cv.jenkins.couchbase.com/job/kv_engine.threadsanitizer/job/master/21924/ : FAILURE

No problems were identified. If you know why this problem occurred, please add a suitable Cause for it. ( http://cv.jenkins.couchbase.com/job/kv_engine.threadsanitizer/job/master/21924/ )

http://cv.jenkins.couchbase.com/job/kv_engine.ASan-UBSan/job/master/29274/ : FAILURE

One of more core files found at the end of the build. Data for post-mortem saved to archived_core_dumps.tar.bz2 under "Build Artifacts". ( http://cv.jenkins.couchbase.com/job/kv_engine.ASan-UBSan/job/master/29274/ )

http://cv.jenkins.couchbase.com/job/kv_engine.aarch64-linux/job/master/8755/ : FAILURE

No problems were identified. If you know why this problem occurred, please add a suitable Cause for it. ( http://cv.jenkins.couchbase.com/job/kv_engine.aarch64-linux/job/master/8755/ )

http://cv.jenkins.couchbase.com/job/kv_engine.macos/job/master/20122/ : FAILURE

No problems were identified. If you know why this problem occurred, please add a suitable Cause for it. ( http://cv.jenkins.couchbase.com/job/kv_engine.macos/job/master/20122/ )

http://cv.jenkins.couchbase.com/job/kv_engine-clang_format_9/18133/ : SUCCESS

http://cv.jenkins.couchbase.com/job/kv_engine-clang_tidy-master/18975/ : SUCCESS

http://cv.jenkins.couchbase.com/job/kv_engine-clang_analyzer-master/40153/ : SUCCESS

http://cv.jenkins.couchbase.com/job/kv_engine.libFuzzer/job/master/8658/ : SUCCESS
----------------------------------------------------------------------------------------------------------------------
