======================================================================================================================
DESCRIPTION:

Refactor: No need to allocate subdoc and json validator

No need for the extra complexity (the memory overhead is that we'll
allocate an extra validator and subdoc op for the dispatcher object)

Change-Id: I3a492d68e9d34707ec20ef8dbe6d0864f13bd967

======================================================================================================================
COMMENTS
======================================================================================================================
Author: Trond Norbye
Date: 2018-01-11 16:06:54.000000000
Message: 
Patch Set 2: Patch Set 1 was rebased
----------------------------------------------------------------------------------------------------------------------
Author: Build Bot
Date: 2018-01-11 16:49:36.000000000
Message: 
Patch Set 2: Verified-1

Build Failed 

http://cv.jenkins.couchbase.com/job/kv_engine-linux-master/5842/ : FAILURE

No problems were identified. If you know why this problem occurred, please add a suitable Cause for it. ( http://cv.jenkins.couchbase.com/job/kv_engine-linux-master/5842/ )

http://cv.jenkins.couchbase.com/job/kv_engine-clang_format/4053/ : SUCCESS

http://cv.jenkins.couchbase.com/job/kv_engine-addresssanitizer-master/5285/ : SUCCESS

http://cv.jenkins.couchbase.com/job/kv_engine-windows-master/5541/ : SUCCESS

http://cv.jenkins.couchbase.com/job/kv_engine-clang_analyzer-master/5079/ : SUCCESS

http://cv.jenkins.couchbase.com/job/kv_engine-threadsanitizer-master/5478/ : SUCCESS
----------------------------------------------------------------------------------------------------------------------
Author: Build Bot
Date: 2018-01-11 18:09:58.000000000
Message: 
Patch Set 2:

Build Failed 

http://cv.jenkins.couchbase.com/job/kv_engine-linux-master/5849/ : FAILURE

Failure of a CTest test  1/87 MemCheck #47: memcached-arithmetic-ep-tests .................. ( http://cv.jenkins.couchbase.com/job/kv_engine-linux-master/5849/ )

Failure of a GoogleTest  ( http://cv.jenkins.couchbase.com/job/kv_engine-linux-master/5849/ )

http://cv.jenkins.couchbase.com/job/kv_engine-clang_format/4053/ : SUCCESS

http://cv.jenkins.couchbase.com/job/kv_engine-addresssanitizer-master/5285/ : SUCCESS

http://cv.jenkins.couchbase.com/job/kv_engine-windows-master/5541/ : SUCCESS

http://cv.jenkins.couchbase.com/job/kv_engine-clang_analyzer-master/5079/ : SUCCESS

http://cv.jenkins.couchbase.com/job/kv_engine-threadsanitizer-master/5478/ : SUCCESS
----------------------------------------------------------------------------------------------------------------------
