======================================================================================================================
DESCRIPTION:

MB-47604: Add NexusKVStore::snapshotVBucket functionality

Change-Id: I05a3236593aee99b8dbfebd97e05370286c5b3bf

======================================================================================================================
COMMENTS
======================================================================================================================
Author: Ben Huddleston
Date: 2021-08-17 19:42:27.000000000
Message: 
Uploaded patch set 7.
----------------------------------------------------------------------------------------------------------------------
Author: Build Bot
Date: 2021-08-17 20:13:55.000000000
Message: 
Patch Set 7: Verified-1

Build Failed 

http://cv.jenkins.couchbase.com/job/kv_engine-windows-master/38655/ : FAILURE

Failure of an engine_testapp test:

<pre>
Running [0112/0157]: test num persisted deletes (takeover stats)...(19 ms) SKIPPED_UNDER_MAGMA


99% tests passed, 1 tests failed out of 402

Total Test time (real) = 696.81 sec

The following tests FAIL
</pre>
 ( http://cv.jenkins.couchbase.com/job/kv_engine-windows-master/38655/ )

Timeout of a CTest test 402/402 Test #256: ep_testsuite.value_eviction.magma .............................................................................................} ( http://cv.jenkins.couchbase.com/job/kv_engine-windows-master/38655/ )

http://cv.jenkins.couchbase.com/job/kv_engine.ASan-UBSan/job/master/21077/ : FAILURE

One of more core files found at the end of the build. Data for post-mortem saved to archived_core_dumps.tar.bz2 under "Build Artifacts". ( http://cv.jenkins.couchbase.com/job/kv_engine.ASan-UBSan/job/master/21077/ )

Timeout of a CTest test [2021-08-17T20:00:21.555Z]  29/404 Test   #2: memcached-breakpad-test-std_exception_with_trace ............................................................} ( http://cv.jenkins.couchbase.com/job/kv_engine.ASan-UBSan/job/master/21077/ )

http://cv.jenkins.couchbase.com/job/kv_engine-clang_tidy-master/11364/ : SUCCESS

http://cv.jenkins.couchbase.com/job/kv_engine-clang_analyzer-master/32958/ : SUCCESS

http://cv.jenkins.couchbase.com/job/kv_engine-clang_format_9/10076/ : SUCCESS

http://cv.jenkins.couchbase.com/job/kv_engine.libFuzzer/job/master/995/ : SUCCESS

http://cv.jenkins.couchbase.com/job/kv_engine.linux-CE/job/master/12963/ : SUCCESS

http://cv.jenkins.couchbase.com/job/kv_engine.macos/job/master/12080/ : SUCCESS

http://cv.jenkins.couchbase.com/job/kv_engine.linux/job/master/13163/ : SUCCESS

http://cv.jenkins.couchbase.com/job/kv_engine.aarch64-linux/job/master/1005/ : SUCCESS

http://cv.jenkins.couchbase.com/job/kv_engine.threadsanitizer/job/master/13534/ : SUCCESS
----------------------------------------------------------------------------------------------------------------------
Author: Build Bot
Date: 2021-08-17 21:20:03.000000000
Message: 
Patch Set 7:

Build Failed 

http://cv.jenkins.couchbase.com/job/kv_engine-windows-master/38666/ : FAILURE

No problems were identified. If you know why this problem occurred, please add a suitable Cause for it. ( http://cv.jenkins.couchbase.com/job/kv_engine-windows-master/38666/ )

http://cv.jenkins.couchbase.com/job/kv_engine-clang_tidy-master/11364/ : SUCCESS

http://cv.jenkins.couchbase.com/job/kv_engine-clang_analyzer-master/32958/ : SUCCESS

http://cv.jenkins.couchbase.com/job/kv_engine-clang_format_9/10076/ : SUCCESS

http://cv.jenkins.couchbase.com/job/kv_engine.libFuzzer/job/master/995/ : SUCCESS

http://cv.jenkins.couchbase.com/job/kv_engine.linux-CE/job/master/12963/ : SUCCESS

http://cv.jenkins.couchbase.com/job/kv_engine.macos/job/master/12080/ : SUCCESS

http://cv.jenkins.couchbase.com/job/kv_engine.linux/job/master/13163/ : SUCCESS

http://cv.jenkins.couchbase.com/job/kv_engine.aarch64-linux/job/master/1005/ : SUCCESS

http://cv.jenkins.couchbase.com/job/kv_engine.threadsanitizer/job/master/13534/ : SUCCESS

http://cv.jenkins.couchbase.com/job/kv_engine.ASan-UBSan/job/master/21088/ : SUCCESS
----------------------------------------------------------------------------------------------------------------------
Author: Dave Rigby
Date: 2021-08-19 11:11:15.000000000
Message: 
Patch Set 7: Code-Review+2
----------------------------------------------------------------------------------------------------------------------
