======================================================================================================================
DESCRIPTION:

MB-27621: Stop server crash when trying to open an access log with an
invalid path

To do this we wrap the entire set up of the task in a try-catch and
log the exception produced if the creation fails. This allows the
task to be reshecduled at a later date.

Also adds an associated test.

Change-Id: I0ef2e833f431fee548bab477fe843ca9eb280477

======================================================================================================================
COMMENTS
======================================================================================================================
Author: Tim Bradgate
Date: 2018-01-22 16:27:16.000000000
Message: 
Patch Set 6: Patch Set 5 was rebased
----------------------------------------------------------------------------------------------------------------------
Author: Build Bot
Date: 2018-01-22 16:50:43.000000000
Message: 
Patch Set 6: Verified-1

Build Failed 

http://cv.jenkins.couchbase.com/job/kv_engine-linux-master/6301/ : FAILURE

Timeout of a CTest test 13/85 MemCheck #75: memcached-xattr-ep-tests .......................} ( http://cv.jenkins.couchbase.com/job/kv_engine-linux-master/6301/ )

http://cv.jenkins.couchbase.com/job/kv_engine-clang_format/4412/ : SUCCESS

http://cv.jenkins.couchbase.com/job/kv_engine-windows-master/5931/ : SUCCESS

http://cv.jenkins.couchbase.com/job/kv_engine-threadsanitizer-master/5857/ : SUCCESS

http://cv.jenkins.couchbase.com/job/kv_engine-addresssanitizer-master/5650/ : SUCCESS

http://cv.jenkins.couchbase.com/job/kv_engine-clang_analyzer-master/5432/ : SUCCESS

http://cv.jenkins.couchbase.com/job/kv-engine-cv-perf/208/ : SUCCESS
----------------------------------------------------------------------------------------------------------------------
Author: Build Bot
Date: 2018-01-22 17:24:06.000000000
Message: 
Patch Set 6:

Build Failed 

http://cv.jenkins.couchbase.com/job/kv_engine-linux-master/6302/ : FAILURE

Timeout of a CTest test 13/85 MemCheck #75: memcached-xattr-ep-tests .......................} ( http://cv.jenkins.couchbase.com/job/kv_engine-linux-master/6302/ )

http://cv.jenkins.couchbase.com/job/kv_engine-clang_format/4412/ : SUCCESS

http://cv.jenkins.couchbase.com/job/kv_engine-windows-master/5931/ : SUCCESS

http://cv.jenkins.couchbase.com/job/kv_engine-threadsanitizer-master/5857/ : SUCCESS

http://cv.jenkins.couchbase.com/job/kv_engine-addresssanitizer-master/5650/ : SUCCESS

http://cv.jenkins.couchbase.com/job/kv_engine-clang_analyzer-master/5432/ : SUCCESS

http://cv.jenkins.couchbase.com/job/kv-engine-cv-perf/208/ : SUCCESS
----------------------------------------------------------------------------------------------------------------------
Author: Build Bot
Date: 2018-01-23 10:44:27.000000000
Message: 
Patch Set 6:

Build Failed 

http://cv.jenkins.couchbase.com/job/kv_engine-linux-master/6346/ : ABORTED

No problems were identified. If you know why this problem occurred, please add a suitable Cause for it. ( http://cv.jenkins.couchbase.com/job/kv_engine-linux-master/6346/ )

http://cv.jenkins.couchbase.com/job/kv_engine-clang_format/4412/ : SUCCESS

http://cv.jenkins.couchbase.com/job/kv_engine-windows-master/5931/ : SUCCESS

http://cv.jenkins.couchbase.com/job/kv_engine-threadsanitizer-master/5857/ : SUCCESS

http://cv.jenkins.couchbase.com/job/kv_engine-addresssanitizer-master/5650/ : SUCCESS

http://cv.jenkins.couchbase.com/job/kv_engine-clang_analyzer-master/5432/ : SUCCESS

http://cv.jenkins.couchbase.com/job/kv-engine-cv-perf/208/ : SUCCESS
----------------------------------------------------------------------------------------------------------------------
