======================================================================================================================
DESCRIPTION:

MB-32784: 3/5 Switch to new meta-data for dropping collections

Note this patch maintains two concurrent collection's meta-data
mechanisms and partially changing over to use the new. This patch
deliberately does not delete all of the code which is managing the old.
Complete removal of the old mechanism will happen in a later patch to
keep the diff size more manageable.

This patch switches over to the new persisted meta-data with two major
areas affected.

The VB::Manifest now has a more stream-lined task, it is no longer
re-used in VB::ScanContext and VB::EraseContext for collection drop
and backfill 'pruning', the object now just manages the flow of CRUD
operations at the front of house. The VB::Manifest no longer has to
manage a collection state from open -> deleting -> gone, the
VB::Manifest now only stores open collections. The fallout from this
change is the removal of a number of bits of the VB::Manifest such
as completeDeletion(), nDeletingCollections and the greatestEndSeqno
"optimisation" (never proven to make a difference anyway...). The
CRUD paths now just need to lock the manifest and if the requested
collection-ID is in the map, the collection is writable.
isLogicallyDeleted still utilises seqno comparison for certain paths so
we can support collection flush.

The second major affected is KVStore, with couch-kvstore now
utilising the new meta-data for dropping a collection from storage.

Change-Id: Ib0aca6c9cded8f3ee01f2dfecec93b180adea045

======================================================================================================================
COMMENTS
======================================================================================================================
Author: Jim Walker
Date: 2019-02-22 12:24:28.000000000
Message: 
Uploaded patch set 15.
----------------------------------------------------------------------------------------------------------------------
Author: Build Bot
Date: 2019-02-22 13:07:14.000000000
Message: 
Patch Set 15: Verified-1

Build Failed 

http://cv.jenkins.couchbase.com/job/kv_engine-threadsanitizer-master/8774/ : FAILURE

Failure of a CTest test  24/173 Test  #26: ep_testsuite.value_eviction.comp_active ......................................Child aborted ( http://cv.jenkins.couchbase.com/job/kv_engine-threadsanitizer-master/8774/ )

http://cv.jenkins.couchbase.com/job/kv_engine-windows-master/17609/ : FAILURE

Failure of a CTest test  ( http://cv.jenkins.couchbase.com/job/kv_engine-windows-master/17609/ )

http://cv.jenkins.couchbase.com/job/kv_engine-linux-master/16998/ : FAILURE

One of more core files found at the end of the build. Data for post-mortem saved to archived_core_dumps.tar.bz2 under "Build Artifacts". ( http://cv.jenkins.couchbase.com/job/kv_engine-linux-master/16998/ )

Failure of a CTest test  28/194 Test  #28: ep_testsuite.value_eviction.comp_passive .....................................Child aborted ( http://cv.jenkins.couchbase.com/job/kv_engine-linux-master/16998/ )

http://cv.jenkins.couchbase.com/job/kv_engine.ASan-UBSan/job/master/1426/ : FAILURE

Failure of a CTest test  25/174 Test  #26: ep_testsuite.value_eviction.comp_passive .....................................Child aborted ( http://cv.jenkins.couchbase.com/job/kv_engine.ASan-UBSan/job/master/1426/ )

http://cv.jenkins.couchbase.com/job/kv_engine-clang_analyzer-master/15070/ : SUCCESS

http://cv.jenkins.couchbase.com/job/kv-engine-cv-perf/8437/ : SUCCESS

http://cv.jenkins.couchbase.com/job/kv_engine-clang_format/15550/ : SUCCESS
----------------------------------------------------------------------------------------------------------------------
Author: Build Bot
Date: 2019-02-22 14:26:53.000000000
Message: 
Patch Set 15:

Build Failed 

http://cv.jenkins.couchbase.com/job/kv_engine-threadsanitizer-master/8779/ : FAILURE

Failure of a CTest test  23/173 Test  #25: ep_testsuite.value_eviction.comp_passive .....................................Child aborted ( http://cv.jenkins.couchbase.com/job/kv_engine-threadsanitizer-master/8779/ )

http://cv.jenkins.couchbase.com/job/kv_engine-windows-master/17614/ : FAILURE

Failure of a CTest test  ( http://cv.jenkins.couchbase.com/job/kv_engine-windows-master/17614/ )

http://cv.jenkins.couchbase.com/job/kv_engine-linux-master/17003/ : FAILURE

One of more core files found at the end of the build. Data for post-mortem saved to archived_core_dumps.tar.bz2 under "Build Artifacts". ( http://cv.jenkins.couchbase.com/job/kv_engine-linux-master/17003/ )

Failure of a CTest test  28/194 Test  #28: ep_testsuite.value_eviction.comp_passive .....................................Child aborted ( http://cv.jenkins.couchbase.com/job/kv_engine-linux-master/17003/ )

http://cv.jenkins.couchbase.com/job/kv_engine.ASan-UBSan/job/master/1431/ : FAILURE

Failure of a CTest test  25/174 Test  #26: ep_testsuite.value_eviction.comp_passive .....................................Child aborted ( http://cv.jenkins.couchbase.com/job/kv_engine.ASan-UBSan/job/master/1431/ )

http://cv.jenkins.couchbase.com/job/kv_engine-clang_analyzer-master/15075/ : SUCCESS

http://cv.jenkins.couchbase.com/job/kv-engine-cv-perf/8442/ : SUCCESS

http://cv.jenkins.couchbase.com/job/kv_engine-clang_format/15555/ : SUCCESS
----------------------------------------------------------------------------------------------------------------------
