======================================================================================================================
DESCRIPTION:

MB-29297, MB-29298, MB-29299: Modernize and simplify cbsasl

* Move the client/server API to C++
* MB-29298: remove unused parameters
* MB-29299: Support restricting mechanisms
* clang-format the source

Change-Id: I5ad799792da9b7c8dc3f9ce6a8eecbb3b104f4f7

======================================================================================================================
COMMENTS
======================================================================================================================
Author: Trond Norbye
Date: 2018-04-20 19:46:17.000000000
Message: 
Uploaded patch set 2.
----------------------------------------------------------------------------------------------------------------------
Author: Build Bot
Date: 2018-04-20 19:51:48.000000000
Message: 
Patch Set 2: Verified-1

Build Failed 

http://cv.jenkins.couchbase.com/job/kv_engine-clang_analyzer-master/8148/ : FAILURE

Compile error at /home/couchbase/jenkins/workspace/kv_engine-clang_analyzer-master/kv_engine/cbsasl/mechanism.cc:30:10:
error: no member named "transform" in namespace "std"
 ( http://cv.jenkins.couchbase.com/job/kv_engine-clang_analyzer-master/8148/ )

http://cv.jenkins.couchbase.com/job/kv_engine-linux-master/9217/ : FAILURE

Compile error at /home/couchbase/jenkins/workspace/kv_engine-linux-master/kv_engine/cbsasl/mechanism.cc:30:10:
error: "transform" is not a member of "std"
 ( http://cv.jenkins.couchbase.com/job/kv_engine-linux-master/9217/ )

http://cv.jenkins.couchbase.com/job/kv_engine-windows-master/9065/ : FAILURE

Compile error at ..\kv_engine\cbsasl\mechanism.cc(30): error C2039: "transform": is not a member of "std" ( http://cv.jenkins.couchbase.com/job/kv_engine-windows-master/9065/ )

http://cv.jenkins.couchbase.com/job/kv_engine-addresssanitizer-master/968/ : FAILURE

Compile error at /home/couchbase/jenkins/workspace/kv_engine-addresssanitizer-master/kv_engine/cbsasl/mechanism.cc:30:10:
error: "transform" is not a member of "std"
 ( http://cv.jenkins.couchbase.com/job/kv_engine-addresssanitizer-master/968/ )

http://cv.jenkins.couchbase.com/job/kv_engine-threadsanitizer-master/949/ : FAILURE

Compile error at /home/couchbase/jenkins/workspace/kv_engine-threadsanitizer-master/kv_engine/cbsasl/mechanism.cc:30:10:
error: "transform" is not a member of "std"
 ( http://cv.jenkins.couchbase.com/job/kv_engine-threadsanitizer-master/949/ )

http://cv.jenkins.couchbase.com/job/kv_engine-undefinedsanitizer-master/72/ : FAILURE

Compile error at /home/couchbase/jenkins/workspace/kv_engine-undefinedsanitizer-master/kv_engine/cbsasl/mechanism.cc:30:10:
error: "transform" is not a member of "std"
 ( http://cv.jenkins.couchbase.com/job/kv_engine-undefinedsanitizer-master/72/ )

http://cv.jenkins.couchbase.com/job/kv_engine-clang_format/7443/ : SUCCESS
----------------------------------------------------------------------------------------------------------------------
