======================================================================================================================
DESCRIPTION:

MB-48577: Replace operations blocked until traffic enabled

Commit makes replace behave like set/add with respect to enable
traffic.

Change-Id: I4e4f58e4ee0033ba87966302fb8323cbf95d72c1

======================================================================================================================
COMMENTS
======================================================================================================================
Author: Jim Walker
Date: 2021-09-28 09:20:37.000000000
Message: 
Uploaded patch set 1.
----------------------------------------------------------------------------------------------------------------------
Author: Build Bot
Date: 2021-09-28 09:41:35.000000000
Message: 
Patch Set 1: Verified-1

Build Failed 

http://cv.jenkins.couchbase.com/job/kv_engine-clang_analyzer-master/34452/ : FAILURE

No problems were identified. If you know why this problem occurred, please add a suitable Cause for it. ( http://cv.jenkins.couchbase.com/job/kv_engine-clang_analyzer-master/34452/ )

http://cv.jenkins.couchbase.com/job/kv_engine-windows-master/40487/ : FAILURE

No problems were identified. If you know why this problem occurred, please add a suitable Cause for it. ( http://cv.jenkins.couchbase.com/job/kv_engine-windows-master/40487/ )

http://cv.jenkins.couchbase.com/job/kv_engine-clang_tidy-master/12903/ : FAILURE

No problems were identified. If you know why this problem occurred, please add a suitable Cause for it. ( http://cv.jenkins.couchbase.com/job/kv_engine-clang_tidy-master/12903/ )

http://cv.jenkins.couchbase.com/job/kv_engine-clang_format_9/11693/ : FAILURE

No problems were identified. If you know why this problem occurred, please add a suitable Cause for it. ( http://cv.jenkins.couchbase.com/job/kv_engine-clang_format_9/11693/ )

http://cv.jenkins.couchbase.com/job/kv_engine.threadsanitizer/job/master/15319/ : FAILURE

Failure of an engine_testapp test:

<pre>
Running [0015/0093]: test dcp replica stream one collection with mutations just from disk...../kv_engine/engines/ep/tests/ep_testsuite_dcp.cc:717 Test failed: `" (Expected `414", got `390" - Buffer Size did not get set correctly)
[2021-09-28T09:33:35.519Z] (21525 ms) FAIL
</pre>
 ( http://cv.jenkins.couchbase.com/job/kv_engine.threadsanitizer/job/master/15319/ )

http://cv.jenkins.couchbase.com/job/kv_engine.macos/job/master/13660/ : FAILURE

Failure of GoogleTest "TransportProtocols/InterfacesTest.MB_47707_LocalhostNotWhitelisted/Mcbp":

<pre>
[ RUN      ] TransportProtocols/InterfacesTest.MB_47707_LocalhostNotWhitelisted/Mcbp
[2021-09-28T09:33:05.251Z] unknown file: Failure
[2021-09-28T09:33:05.251Z] C++ exception with description "MemcachedConnection::recvFrame(): Timed out after waiting 0ms for a response for CONFIG_RELOAD" thrown in the test body.
[2021-09-28T09:33:05.251Z] [  FAILED  ] TransportProtocols/InterfacesTest.MB_47707_LocalhostNotWhitelisted/Mcbp, where GetParam() = Mcbp (2600 ms)
TransportProtocols/InterfacesTest.MB_47707_LocalhostNotWhitelisted/Mcbp
</pre>
 ( http://cv.jenkins.couchbase.com/job/kv_engine.macos/job/master/13660/ )

http://cv.jenkins.couchbase.com/job/kv_engine.libFuzzer/job/master/2535/ : SUCCESS

http://cv.jenkins.couchbase.com/job/kv_engine.linux-CE/job/master/14512/ : SUCCESS

http://cv.jenkins.couchbase.com/job/kv_engine.linux/job/master/14773/ : SUCCESS

http://cv.jenkins.couchbase.com/job/kv_engine.ASan-UBSan/job/master/22787/ : SUCCESS

http://cv.jenkins.couchbase.com/job/kv_engine.aarch64-linux/job/master/2569/ : SUCCESS
----------------------------------------------------------------------------------------------------------------------
