======================================================================================================================
DESCRIPTION:

CV TEST - pipeline

Change-Id: I80b7e83fb71cd4e2752bed5375ebd25fa77ac4aa

======================================================================================================================
COMMENTS
======================================================================================================================
Author: James H
Date: 2018-08-22 16:15:36.000000000
Message: 
Uploaded patch set 9.
----------------------------------------------------------------------------------------------------------------------
Author: Build Bot
Date: 2018-08-22 16:47:41.000000000
Message: 
Patch Set 9: Verified-1

Build Failed 

http://cv.jenkins.couchbase.com/job/kv_engine.ASan-UBSan.JEH/job/master/30/ : ABORTED

No problems were identified. If you know why this problem occurred, please add a suitable Cause for it. ( http://cv.jenkins.couchbase.com/job/kv_engine.ASan-UBSan.JEH/job/master/30/ )

http://cv.jenkins.couchbase.com/job/kv_engine.clang_analyzer.JEH/job/master/4/ : ABORTED

No problems were identified. If you know why this problem occurred, please add a suitable Cause for it. ( http://cv.jenkins.couchbase.com/job/kv_engine.clang_analyzer.JEH/job/master/4/ )

http://cv.jenkins.couchbase.com/job/kv_engine-threadsanitizer-master/3116/ : FAILURE

ThreadSanitizer issue: data race /home/couchbase/jenkins/workspace/kv_engine-threadsanitizer-master/kv_engine/engines/ep/src/objectregistry.cc:104 in ObjectRegistry::onDeleteBlob(Blob const*)  ( http://cv.jenkins.couchbase.com/job/kv_engine-threadsanitizer-master/3116/ )

Failure of a CTest test  44/159 Test  #42: ep_testsuite_dcp.ephemeral.comp_active ....................................... ( http://cv.jenkins.couchbase.com/job/kv_engine-threadsanitizer-master/3116/ )

http://cv.jenkins.couchbase.com/job/kv_engine-ASan-UBSan-master/967/ : FAILURE

Failure of a CTest test  25/160 Test  #24: ep-engine_ep_unit_tests ...................................................... ( http://cv.jenkins.couchbase.com/job/kv_engine-ASan-UBSan-master/967/ )

Undefined Sanitizer: home/couchbase/jenkins/workspace/kv_engine-ASan-UBSan-master/kv_engine/engines/ep/src/dcp/backfill-manager.cc:139:62: runtime error: member call on address 0x6210004fb100 which does not point to an object of type "DcpConnMap" ( http://cv.jenkins.couchbase.com/job/kv_engine-ASan-UBSan-master/967/ )

http://cv.jenkins.couchbase.com/job/kv_engine-clang_format/10234/ : SUCCESS

http://cv.jenkins.couchbase.com/job/kv_engine-linux-master/11240/ : SUCCESS

http://cv.jenkins.couchbase.com/job/kv_engine-clang_analyzer-master/10038/ : SUCCESS

http://cv.jenkins.couchbase.com/job/kv_engine-windows-master/11431/ : SUCCESS
----------------------------------------------------------------------------------------------------------------------
