======================================================================================================================
DESCRIPTION:

MB-35397: Add RangeScanComplete status code

The final response from a RangeScan will include the RangeScanComplete
status, so the client knows there will be no need to further continue
a scan.

Change-Id: I61831a8d8b9919e3539efc81bfdd9e237e9582f5
Reviewed-on: https://review.couchbase.org/c/kv_engine/+/174833
Reviewed-by: Dave Rigby <daver@couchbase.com>
Tested-by: Build Bot <build@couchbase.com>

======================================================================================================================
COMMENTS
======================================================================================================================
Author: Jim Walker
Date: 2022-05-16 18:42:19.000000000
Message: 
Change has been successfully cherry-picked as 562da947d5d07b218c1bc643ff168c2fcf66b71a
----------------------------------------------------------------------------------------------------------------------
Author: Build Bot
Date: 2022-05-16 18:42:25.000000000
Message: 
Patch Set 3:

Build Started http://cv.jenkins.couchbase.com/job/kv_engine-post-commit-master/11142/ (1/2)
----------------------------------------------------------------------------------------------------------------------
Author: Build Bot
Date: 2022-05-16 18:42:26.000000000
Message: 
Patch Set 3:

Build Started http://cv.jenkins.couchbase.com/job/kv_engine-post-commit-TSan-master/7257/ (2/2)
----------------------------------------------------------------------------------------------------------------------
Author: Build Bot
Date: 2022-05-16 18:49:18.000000000
Message: 
Patch Set 3:

Build Failed 

http://cv.jenkins.couchbase.com/job/kv_engine-post-commit-master/11142/ : FAILURE

CMake error: /home/couchbase/jenkins/workspace/kv_engine-post-commit-master/tlm/cmake/Modules/go-modbuild.cmake:152 (MESSAGE) ( http://cv.jenkins.couchbase.com/job/kv_engine-post-commit-master/11142/ )

http://cv.jenkins.couchbase.com/job/kv_engine-post-commit-TSan-master/7257/ : FAILURE

CMake error: /home/couchbase/jenkins/workspace/kv_engine-post-commit-TSan-master/tlm/cmake/Modules/go-modbuild.cmake:152 (MESSAGE) ( http://cv.jenkins.couchbase.com/job/kv_engine-post-commit-TSan-master/7257/ )
----------------------------------------------------------------------------------------------------------------------
