======================================================================================================================
DESCRIPTION:

MB-40285: Take testing maxFailoverEntries from configuration

It's confusing that tests have a different default value to the
configuration so make the test use the default from the configuration.

Change-Id: If41f65ae46e80836cfc31d30d44797ba13ce77cd

======================================================================================================================
COMMENTS
======================================================================================================================
Author: Ben Huddleston
Date: 2020-09-30 14:08:33.000000000
Message: 
Uploaded patch set 2: Patch Set 1 was rebased.
----------------------------------------------------------------------------------------------------------------------
Author: Build Bot
Date: 2020-09-30 14:28:47.000000000
Message: 
Patch Set 2: Verified-1

Build Failed 

http://cv.jenkins.couchbase.com/job/kv_engine-windows-master/30754/ : FAILURE

CMake error: build/tlm/deps/openssl.exploded/CMakeLists.txt:1 (FILE) ( http://cv.jenkins.couchbase.com/job/kv_engine-windows-master/30754/ )

http://cv.jenkins.couchbase.com/job/kv_engine-clang_format_9/3320/ : SUCCESS

http://cv.jenkins.couchbase.com/job/kv_engine-clang_tidy/4793/ : SUCCESS

http://cv.jenkins.couchbase.com/job/kv_engine-clang_analyzer-master/26590/ : SUCCESS

http://cv.jenkins.couchbase.com/job/kv_engine.threadsanitizer/job/master/6310/ : SUCCESS

http://cv.jenkins.couchbase.com/job/kv_engine.linux-CE/job/master/6085/ : SUCCESS

http://cv.jenkins.couchbase.com/job/kv_engine.macos/job/master/5160/ : SUCCESS

http://cv.jenkins.couchbase.com/job/kv_engine.linux/job/master/6204/ : SUCCESS

http://cv.jenkins.couchbase.com/job/kv_engine.ASan-UBSan/job/master/13976/ : SUCCESS
----------------------------------------------------------------------------------------------------------------------
Author: Build Bot
Date: 2020-09-30 20:00:24.000000000
Message: 
Patch Set 2:

Build Failed 

http://cv.jenkins.couchbase.com/job/kv_engine-windows-master/30772/ : FAILURE

CMake error: build/tlm/deps/openssl.exploded/CMakeLists.txt:1 (FILE) ( http://cv.jenkins.couchbase.com/job/kv_engine-windows-master/30772/ )

http://cv.jenkins.couchbase.com/job/kv_engine-clang_format_9/3320/ : SUCCESS

http://cv.jenkins.couchbase.com/job/kv_engine-clang_tidy/4793/ : SUCCESS

http://cv.jenkins.couchbase.com/job/kv_engine-clang_analyzer-master/26590/ : SUCCESS

http://cv.jenkins.couchbase.com/job/kv_engine.threadsanitizer/job/master/6310/ : SUCCESS

http://cv.jenkins.couchbase.com/job/kv_engine.linux-CE/job/master/6085/ : SUCCESS

http://cv.jenkins.couchbase.com/job/kv_engine.macos/job/master/5160/ : SUCCESS

http://cv.jenkins.couchbase.com/job/kv_engine.linux/job/master/6204/ : SUCCESS

http://cv.jenkins.couchbase.com/job/kv_engine.ASan-UBSan/job/master/13976/ : SUCCESS
----------------------------------------------------------------------------------------------------------------------
Author: Build Bot
Date: 2020-10-01 07:11:08.000000000
Message: 
Patch Set 2: Verified+1

Build Successful 

http://cv.jenkins.couchbase.com/job/kv_engine-clang_format_9/3320/ : SUCCESS

http://cv.jenkins.couchbase.com/job/kv_engine-clang_tidy/4793/ : SUCCESS

http://cv.jenkins.couchbase.com/job/kv_engine-clang_analyzer-master/26590/ : SUCCESS

http://cv.jenkins.couchbase.com/job/kv_engine.threadsanitizer/job/master/6310/ : SUCCESS

http://cv.jenkins.couchbase.com/job/kv_engine.linux-CE/job/master/6085/ : SUCCESS

http://cv.jenkins.couchbase.com/job/kv_engine.macos/job/master/5160/ : SUCCESS

http://cv.jenkins.couchbase.com/job/kv_engine.linux/job/master/6204/ : SUCCESS

http://cv.jenkins.couchbase.com/job/kv_engine.ASan-UBSan/job/master/13976/ : SUCCESS

http://cv.jenkins.couchbase.com/job/kv_engine-windows-master/30775/ : SUCCESS
----------------------------------------------------------------------------------------------------------------------
Author: Dave Rigby
Date: 2020-10-01 12:23:20.000000000
Message: 
Patch Set 2: Code-Review+2
----------------------------------------------------------------------------------------------------------------------
