======================================================================================================================
DESCRIPTION:

MB-16181: Use isInSystemCollection EPBucket

Change a number of places where a full leb128 decode is used when
looking for system collection keys.

Change-Id: I3d44e568dceeeaebdda72b8f956815bf271ec524

======================================================================================================================
COMMENTS
======================================================================================================================
Author: Jim Walker
Date: 2020-06-30 19:29:14.000000000
Message: 
Patch Set 3: Patch Set 2 was rebased
----------------------------------------------------------------------------------------------------------------------
Author: Build Bot
Date: 2020-06-30 20:20:07.000000000
Message: 
Patch Set 3: Verified-1

Build Failed 

http://cv.jenkins.couchbase.com/job/kv_engine-windows-master/28914/ : FAILURE

Failure of GoogleTest "DocKeyTest.golden":

<pre>
[ RUN      ] DocKeyTest.golden
..\kv_engine\tests\dockey\dockey_test.cc(112): error: Value of: key.isInDefaultCollection()
  Actual: false
Expected: true
..\kv_engine\tests\dockey\dockey_test.cc(112): error: Value of: key.isInDefaultCollection()
  Actual: false
Expected: true
[  FAILED  ] DocKeyTest.golden (1 ms)
DocKeyTest.golden
</pre>
 ( http://cv.jenkins.couchbase.com/job/kv_engine-windows-master/28914/ )

Failure of a CTest test 270/393 Test #277: memcached_dockey_test ......................................................................................................... ( http://cv.jenkins.couchbase.com/job/kv_engine-windows-master/28914/ )

http://cv.jenkins.couchbase.com/job/kv_engine.macos/job/master/3571/ : FAILURE

Failure of an engine_testapp test:

<pre>
Running [0039/0045]: test CAS regeneration seqno del_with_meta seqno...../kv_engine/engines/ep/tests/ep_testsuite_xdcr.cc:2804 Test failed: `" (Expected `1593546676916584448" to not equal `1593546676916584448" - CAS was not regenerated)
[2020-06-30T19:51:17.038Z] (45 ms) FAIL
</pre>
 ( http://cv.jenkins.couchbase.com/job/kv_engine.macos/job/master/3571/ )

Failure of GoogleTest "DocKeyTest.golden":

<pre>
[ RUN      ] DocKeyTest.golden
[2020-06-30T19:46:05.397Z] ../kv_engine/tests/dockey/dockey_test.cc:112: Failure
[2020-06-30T19:46:05.397Z] Value of: key.isInDefaultCollection()
[2020-06-30T19:46:05.397Z]   Actual: false
[2020-06-30T19:46:05.397Z] Expected: true
[2020-06-30T19:46:05.397Z] ../kv_engine/tests/dockey/dockey_test.cc:112: Failure
[2020-06-30T19:46:05.397Z] Value of: key.isInDefaultCollection()
[2020-06-30T19:46:05.397Z]   Actual: false
[2020-06-30T19:46:05.397Z] Expected: true
[2020-06-30T19:46:05.397Z] [  FAILED  ] DocKeyTest.golden (1 ms)
DocKeyTest.golden
</pre>
 ( http://cv.jenkins.couchbase.com/job/kv_engine.macos/job/master/3571/ )

Failure of a CTest test [2020-06-30T19:46:05.397Z]   1/407 Test #288: memcached_dockey_test ....................................................................................... ( http://cv.jenkins.couchbase.com/job/kv_engine.macos/job/master/3571/ )

http://cv.jenkins.couchbase.com/job/kv_engine.linux-CE/job/master/4466/ : FAILURE

Failure of a CTest test [2020-06-30T19:53:01.178Z] 278/398 Test #279: memcached_dockey_test ....................................................................................... ( http://cv.jenkins.couchbase.com/job/kv_engine.linux-CE/job/master/4466/ )

http://cv.jenkins.couchbase.com/job/kv_engine.linux/job/master/4532/ : FAILURE

Failure of GoogleTest "DocKeyTest.golden":

<pre>
[ RUN      ] DocKeyTest.golden
[2020-06-30T20:09:03.992Z] ../kv_engine/tests/dockey/dockey_test.cc:112: Failure
[2020-06-30T20:09:03.992Z] Value of: key.isInDefaultCollection()
[2020-06-30T20:09:03.992Z]   Actual: false
[2020-06-30T20:09:03.992Z] Expected: true
[2020-06-30T20:09:03.992Z] ../kv_engine/tests/dockey/dockey_test.cc:112: Failure
[2020-06-30T20:09:03.992Z] Value of: key.isInDefaultCollection()
[2020-06-30T20:09:03.992Z]   Actual: false
[2020-06-30T20:09:03.992Z] Expected: true
[2020-06-30T20:09:03.992Z] [  FAILED  ] DocKeyTest.golden (0 ms)
DocKeyTest.golden
</pre>
 ( http://cv.jenkins.couchbase.com/job/kv_engine.linux/job/master/4532/ )

Failure of a CTest test [2020-06-30T20:09:03.991Z] 289/410 Test #291: memcached_dockey_test ....................................................................................... ( http://cv.jenkins.couchbase.com/job/kv_engine.linux/job/master/4532/ )

http://cv.jenkins.couchbase.com/job/kv_engine.ASan-UBSan/job/master/12356/ : FAILURE

http://cv.jenkins.couchbase.com/job/kv_engine.threadsanitizer/job/master/4630/ : FAILURE

Failure of a CTest test [2020-06-30T20:02:25.375Z] 333/388 Test #270: memcached_dockey_test ....................................................................................... ( http://cv.jenkins.couchbase.com/job/kv_engine.threadsanitizer/job/master/4630/ )

http://cv.jenkins.couchbase.com/job/kv_engine-clang_format_9/1608/ : SUCCESS

http://cv.jenkins.couchbase.com/job/kv_engine-clang_analyzer-master/24926/ : SUCCESS

http://cv.jenkins.couchbase.com/job/kv_engine-clang_tidy/3102/ : SUCCESS
----------------------------------------------------------------------------------------------------------------------
