======================================================================================================================
DESCRIPTION:

MB-37008: Track numLoadedVb for magma

Track numLoadedVb for magma and add a test for the stat.

Change-Id: Id3564a24fc1cf34fd08330597c3560e9136593c4

======================================================================================================================
COMMENTS
======================================================================================================================
Author: Ben Huddleston
Date: 2020-09-01 15:55:47.000000000
Message: 
Uploaded patch set 1.
----------------------------------------------------------------------------------------------------------------------
Author: Build Bot
Date: 2020-09-01 16:11:46.000000000
Message: 
Patch Set 1: Verified-1

Build Failed 

http://cv.jenkins.couchbase.com/job/kv_engine.linux-CE/job/master/5344/ : FAILURE

Failure of GoogleTest "AllBackends/DurabilityEPBucketTest.PersistPrepareWrite/persistentRocksdb_value_only":

<pre>
[ RUN      ] AllBackends/DurabilityEPBucketTest.PersistPrepareWrite/persistentRocksdb_value_only
[2020-09-01T16:06:05.561Z] ../kv_engine/engines/ep/tests/module_tests/evp_store_durability_test.cc:474: Failure
[2020-09-01T16:06:05.561Z] Expected equality of these values:
[2020-09-01T16:06:05.561Z]   1
[2020-09-01T16:06:05.561Z]   ckptList.size()
[2020-09-01T16:06:05.561Z]     Which is: 2
[2020-09-01T16:06:05.561Z] [  FAILED  ] AllBackends/DurabilityEPBucketTest.PersistPrepareWrite/persistentRocksdb_value_only, where GetParam() = ("persistentRocksdb", "value_only") (9577 ms)
AllBackends/DurabilityEPBucketTest.PersistPrepareWrite/persistentRocksdb_value_only
</pre>
 ( http://cv.jenkins.couchbase.com/job/kv_engine.linux-CE/job/master/5344/ )

Timeout of a CTest test [2020-09-01T16:07:11.013Z] 149/400 Test #209: ep-engine_ep_unit_tests.EphemeralOrPersistent/STItemPagerTest ...............................................} ( http://cv.jenkins.couchbase.com/job/kv_engine.linux-CE/job/master/5344/ )

Failure of a CTest test [2020-09-01T16:06:05.561Z]  13/400 Test #175: ep-engine_ep_unit_tests.AllBackends/DurabilityEPBucketTest .................................................. ( http://cv.jenkins.couchbase.com/job/kv_engine.linux-CE/job/master/5344/ )

http://cv.jenkins.couchbase.com/job/kv_engine-clang_tidy/4122/ : SUCCESS

http://cv.jenkins.couchbase.com/job/kv_engine-windows-master/29924/ : SUCCESS

http://cv.jenkins.couchbase.com/job/kv_engine-clang_analyzer-master/25943/ : SUCCESS

http://cv.jenkins.couchbase.com/job/kv_engine-clang_format_9/2646/ : SUCCESS

http://cv.jenkins.couchbase.com/job/kv_engine.macos/job/master/4456/ : SUCCESS

http://cv.jenkins.couchbase.com/job/kv_engine.linux/job/master/5437/ : SUCCESS

http://cv.jenkins.couchbase.com/job/kv_engine.threadsanitizer/job/master/5548/ : SUCCESS

http://cv.jenkins.couchbase.com/job/kv_engine.ASan-UBSan/job/master/13258/ : SUCCESS
----------------------------------------------------------------------------------------------------------------------
Author: Build Bot
Date: 2020-09-01 16:35:34.000000000
Message: 
Patch Set 1: Verified+1

Build Successful 

http://cv.jenkins.couchbase.com/job/kv_engine-clang_tidy/4122/ : SUCCESS

http://cv.jenkins.couchbase.com/job/kv_engine-windows-master/29924/ : SUCCESS

http://cv.jenkins.couchbase.com/job/kv_engine-clang_analyzer-master/25943/ : SUCCESS

http://cv.jenkins.couchbase.com/job/kv_engine-clang_format_9/2646/ : SUCCESS

http://cv.jenkins.couchbase.com/job/kv_engine.macos/job/master/4456/ : SUCCESS

http://cv.jenkins.couchbase.com/job/kv_engine.linux/job/master/5437/ : SUCCESS

http://cv.jenkins.couchbase.com/job/kv_engine.threadsanitizer/job/master/5548/ : SUCCESS

http://cv.jenkins.couchbase.com/job/kv_engine.ASan-UBSan/job/master/13258/ : SUCCESS

http://cv.jenkins.couchbase.com/job/kv_engine.linux-CE/job/master/5347/ : SUCCESS
----------------------------------------------------------------------------------------------------------------------
Author: Dave Rigby
Date: 2020-09-02 13:32:55.000000000
Message: 
Patch Set 1: Code-Review+2
----------------------------------------------------------------------------------------------------------------------
