======================================================================================================================
DESCRIPTION:

MB-31972: Test

Change-Id: Ifa20c193c4e7608da7028368c7dccdcc3094f418

======================================================================================================================
COMMENTS
======================================================================================================================
Author: Paolo Cocchi
Date: 2020-07-02 05:45:26.000000000
Message: 
Uploaded patch set 2.
----------------------------------------------------------------------------------------------------------------------
Author: Build Bot
Date: 2020-07-02 06:41:10.000000000
Message: 
Patch Set 2: Verified-1

Build Failed 

http://cv.jenkins.couchbase.com/job/kv_engine-windows-master/28952/ : FAILURE

Failure of GoogleTest "AllBucketTypes/SingleThreadedActiveStreamTest.BackfillSequential/ephemeral_auto_delete":

<pre>
[ RUN      ] AllBucketTypes/SingleThreadedActiveStreamTest.BackfillSequential/ephemeral_auto_delete
..\kv_engine\engines\ep\tests\module_tests\dcp_stream_test.cc(1916): error: Expected equality of these values:
  3
  bfm.getNumBackfills()
    Which is: 2
[  FAILED  ] AllBucketTypes/SingleThreadedActiveStreamTest.BackfillSequential/ephemeral_auto_delete, where GetParam() = ("ephemeral", "auto_delete") (3 ms)
AllBucketTypes/SingleThreadedActiveStreamTest.BackfillSequential/ephemeral_auto_delete
</pre>
 ( http://cv.jenkins.couchbase.com/job/kv_engine-windows-master/28952/ )

Failure of a CTest test 158/393 Test #150: ep-engine_ep_unit_tests.AllBucketTypes/SingleThreadedActiveStreamTest ......................................................... ( http://cv.jenkins.couchbase.com/job/kv_engine-windows-master/28952/ )

http://cv.jenkins.couchbase.com/job/kv_engine.macos/job/master/3608/ : FAILURE

Failure of GoogleTest "AllBucketTypes/SingleThreadedActiveStreamTest.BackfillSequential/ephemeral_auto_delete":

<pre>
[ RUN      ] AllBucketTypes/SingleThreadedActiveStreamTest.BackfillSequential/ephemeral_auto_delete
[2020-07-02T05:53:37.298Z] ../kv_engine/engines/ep/tests/module_tests/dcp_stream_test.cc:1916: Failure
[2020-07-02T05:53:37.298Z] Expected equality of these values:
[2020-07-02T05:53:37.298Z]   3
[2020-07-02T05:53:37.298Z]   bfm.getNumBackfills()
[2020-07-02T05:53:37.298Z]     Which is: 2
[2020-07-02T05:53:37.298Z] [  FAILED  ] AllBucketTypes/SingleThreadedActiveStreamTest.BackfillSequential/ephemeral_auto_delete, where GetParam() = ("ephemeral", "auto_delete") (2 ms)
AllBucketTypes/SingleThreadedActiveStreamTest.BackfillSequential/ephemeral_auto_delete
</pre>
 ( http://cv.jenkins.couchbase.com/job/kv_engine.macos/job/master/3608/ )

Failure of a CTest test [2020-07-02T05:53:37.298Z] 100/407 Test #151: ep-engine_ep_unit_tests.AllBucketTypes/SingleThreadedActiveStreamTest ....................................... ( http://cv.jenkins.couchbase.com/job/kv_engine.macos/job/master/3608/ )

http://cv.jenkins.couchbase.com/job/kv_engine.linux/job/master/4572/ : FAILURE

Failure of GoogleTest "AllBucketTypes/SingleThreadedActiveStreamTest.BackfillSequential/ephemeral_auto_delete":

<pre>
[ RUN      ] AllBucketTypes/SingleThreadedActiveStreamTest.BackfillSequential/ephemeral_auto_delete
[2020-07-02T06:22:10.629Z] ../kv_engine/engines/ep/tests/module_tests/dcp_stream_test.cc:1916: Failure
[2020-07-02T06:22:10.629Z] Expected equality of these values:
[2020-07-02T06:22:10.629Z]   3
[2020-07-02T06:22:10.629Z]   bfm.getNumBackfills()
[2020-07-02T06:22:10.629Z]     Which is: 2
[2020-07-02T06:22:10.629Z] [  FAILED  ] AllBucketTypes/SingleThreadedActiveStreamTest.BackfillSequential/ephemeral_auto_delete, where GetParam() = ("ephemeral", "auto_delete") (3 ms)
AllBucketTypes/SingleThreadedActiveStreamTest.BackfillSequential/ephemeral_auto_delete
</pre>
 ( http://cv.jenkins.couchbase.com/job/kv_engine.linux/job/master/4572/ )

Failure of a CTest test [2020-07-02T06:22:10.629Z]  79/410 Test #154: ep-engine_ep_unit_tests.AllBucketTypes/SingleThreadedActiveStreamTest ....................................... ( http://cv.jenkins.couchbase.com/job/kv_engine.linux/job/master/4572/ )

http://cv.jenkins.couchbase.com/job/kv_engine.linux-CE/job/master/4503/ : FAILURE

Failure of GoogleTest "AllBucketTypes/SingleThreadedActiveStreamTest.BackfillSequential/ephemeral_auto_delete":

<pre>
[ RUN      ] AllBucketTypes/SingleThreadedActiveStreamTest.BackfillSequential/ephemeral_auto_delete
[2020-07-02T06:11:32.638Z] ../kv_engine/engines/ep/tests/module_tests/dcp_stream_test.cc:1916: Failure
[2020-07-02T06:11:32.638Z] Expected equality of these values:
[2020-07-02T06:11:32.638Z]   3
[2020-07-02T06:11:32.638Z]   bfm.getNumBackfills()
[2020-07-02T06:11:32.638Z]     Which is: 2
[2020-07-02T06:11:32.638Z] [  FAILED  ] AllBucketTypes/SingleThreadedActiveStreamTest.BackfillSequential/ephemeral_auto_delete, where GetParam() = ("ephemeral", "auto_delete") (4 ms)
AllBucketTypes/SingleThreadedActiveStreamTest.BackfillSequential/ephemeral_auto_delete
</pre>
 ( http://cv.jenkins.couchbase.com/job/kv_engine.linux-CE/job/master/4503/ )

Failure of a CTest test [2020-07-02T06:11:32.638Z] 114/398 Test #153: ep-engine_ep_unit_tests.AllBucketTypes/SingleThreadedActiveStreamTest ....................................... ( http://cv.jenkins.couchbase.com/job/kv_engine.linux-CE/job/master/4503/ )

http://cv.jenkins.couchbase.com/job/kv_engine.threadsanitizer/job/master/4670/ : FAILURE

http://cv.jenkins.couchbase.com/job/kv_engine.ASan-UBSan/job/master/12396/ : FAILURE

No problems were identified. If you know why this problem occurred, please add a suitable Cause for it. ( http://cv.jenkins.couchbase.com/job/kv_engine.ASan-UBSan/job/master/12396/ )

http://cv.jenkins.couchbase.com/job/kv_engine-clang_format_9/1646/ : SUCCESS

http://cv.jenkins.couchbase.com/job/kv_engine-clang_analyzer-master/24963/ : SUCCESS

http://cv.jenkins.couchbase.com/job/kv_engine-clang_tidy/3139/ : SUCCESS
----------------------------------------------------------------------------------------------------------------------
