======================================================================================================================
DESCRIPTION:

MB-36546: Skip ActiveCommittedSyncWrite for rocksdb

Was previously only skipping for full_eviction, now seen failing
for value eviction.

Change-Id: I7b261267b02d82ac9bbcbd8d860a0cc01254d562

======================================================================================================================
COMMENTS
======================================================================================================================
Author: Jim Walker
Date: 2019-12-10 14:03:55.000000000
Message: 
Uploaded patch set 1.
----------------------------------------------------------------------------------------------------------------------
Author: Build Bot
Date: 2019-12-10 16:21:38.000000000
Message: 
Patch Set 1: Verified-1

Build Failed 

http://cv.jenkins.couchbase.com/job/kv_engine-windows-master/25041/ : FAILURE

Failure of a GoogleTest test:

DurabilityTest.MB34780 (792 ms) ( http://cv.jenkins.couchbase.com/job/kv_engine-windows-master/25041/ )

Failure of a CTest test 189/191 Test #188: cluster_test ................................................................. ( http://cv.jenkins.couchbase.com/job/kv_engine-windows-master/25041/ )

http://cv.jenkins.couchbase.com/job/kv_engine.linux/job/master/703/ : FAILURE

Failure of a CTest test [2019-12-10T15:07:48.453Z]  32/211 Test  #34: ep_testsuite.value_eviction.rocksdb .......................................... ( http://cv.jenkins.couchbase.com/job/kv_engine.linux/job/master/703/ )

http://cv.jenkins.couchbase.com/job/kv_engine-clang_analyzer-master/21350/ : SUCCESS

http://cv.jenkins.couchbase.com/job/kv-engine-cv-perf/14555/ : SUCCESS

http://cv.jenkins.couchbase.com/job/kv_engine-clang_format/23170/ : SUCCESS

http://cv.jenkins.couchbase.com/job/kv_engine.linux-CE/job/master/687/ : SUCCESS

http://cv.jenkins.couchbase.com/job/kv_engine.threadsanitizer/job/master/766/ : SUCCESS

http://cv.jenkins.couchbase.com/job/kv_engine.ASan-UBSan/job/master/8588/ : SUCCESS
----------------------------------------------------------------------------------------------------------------------
Author: Build Bot
Date: 2019-12-11 13:52:50.000000000
Message: 
Patch Set 1: Verified+1

Build Successful 

http://cv.jenkins.couchbase.com/job/kv_engine-clang_analyzer-master/21350/ : SUCCESS

http://cv.jenkins.couchbase.com/job/kv-engine-cv-perf/14555/ : SUCCESS

http://cv.jenkins.couchbase.com/job/kv_engine-clang_format/23170/ : SUCCESS

http://cv.jenkins.couchbase.com/job/kv_engine.linux-CE/job/master/687/ : SUCCESS

http://cv.jenkins.couchbase.com/job/kv_engine.linux/job/master/714/ : SUCCESS

http://cv.jenkins.couchbase.com/job/kv_engine.threadsanitizer/job/master/766/ : SUCCESS

http://cv.jenkins.couchbase.com/job/kv_engine.ASan-UBSan/job/master/8588/ : SUCCESS

http://cv.jenkins.couchbase.com/job/kv_engine-windows-master/25056/ : SUCCESS
----------------------------------------------------------------------------------------------------------------------
Author: Dave Rigby
Date: 2019-12-11 13:59:00.000000000
Message: 
Patch Set 1: Code-Review+2
----------------------------------------------------------------------------------------------------------------------
