======================================================================================================================
DESCRIPTION:

MB-37449: Remove support for mcd cmd line option

-t, -R and -v may all be set through the configuration
file.

Change-Id: I7763f439c315bc713231aa9bc17925c470967b04

======================================================================================================================
COMMENTS
======================================================================================================================
Author: Trond Norbye
Date: 2020-01-10 06:22:50.000000000
Message: 
Uploaded patch set 3.
----------------------------------------------------------------------------------------------------------------------
Author: Build Bot
Date: 2020-01-10 06:51:27.000000000
Message: 
Patch Set 3: Verified-1

Build Failed 

http://cv.jenkins.couchbase.com/job/kv_engine-windows-master/25424/ : FAILURE

Failure of a GoogleTest test:

DurabilityTest.Set (0 ms) ( http://cv.jenkins.couchbase.com/job/kv_engine-windows-master/25424/ )

Failure of a CTest test  44/193 Test  #46: ep_testsuite_dcp.full_eviction.magma ......................................... ( http://cv.jenkins.couchbase.com/job/kv_engine-windows-master/25424/ )

http://cv.jenkins.couchbase.com/job/kv_engine.macos/job/master/234/ : FAILURE

Failure of a CTest test [2020-01-10T06:29:51.654Z] 106/210 Test #108: memcached_testapp.default.SslCertTest ........................................ ( http://cv.jenkins.couchbase.com/job/kv_engine.macos/job/master/234/ )

http://cv.jenkins.couchbase.com/job/kv_engine.linux-CE/job/master/1034/ : FAILURE

Failure of a CTest test [2020-01-10T06:36:36.044Z]   1/205 Test   #1: memcached-breakpad-test-segfault ............................................. ( http://cv.jenkins.couchbase.com/job/kv_engine.linux-CE/job/master/1034/ )

http://cv.jenkins.couchbase.com/job/kv_engine.threadsanitizer/job/master/1123/ : FAILURE

Failure of a CTest test [2020-01-10T06:38:56.889Z]  86/190 Test  #88: memcached_testapp.default.SslCertTest ........................................ ( http://cv.jenkins.couchbase.com/job/kv_engine.threadsanitizer/job/master/1123/ )

http://cv.jenkins.couchbase.com/job/kv_engine.linux/job/master/1063/ : FAILURE

Failure of a CTest test [2020-01-10T06:42:59.559Z]   1/213 Test   #1: memcached-breakpad-test-segfault ............................................. ( http://cv.jenkins.couchbase.com/job/kv_engine.linux/job/master/1063/ )

http://cv.jenkins.couchbase.com/job/kv_engine.ASan-UBSan/job/master/8954/ : FAILURE

Undefined Sanitizer: 7.3.0/bits/char_traits.h:320:29: runtime error: null pointer passed as argument 1, which is declared to never be null ( http://cv.jenkins.couchbase.com/job/kv_engine.ASan-UBSan/job/master/8954/ )

Failure of a CTest test [2020-01-10T06:30:25.899Z]  11/194 Test   #2: memcached-breakpad-test-unknown-exception .................................... ( http://cv.jenkins.couchbase.com/job/kv_engine.ASan-UBSan/job/master/8954/ )

http://cv.jenkins.couchbase.com/job/kv_engine-clang_analyzer-master/21680/ : SUCCESS

http://cv.jenkins.couchbase.com/job/kv-engine-cv-perf/14854/ : SUCCESS

http://cv.jenkins.couchbase.com/job/kv_engine-clang_format/23598/ : SUCCESS
----------------------------------------------------------------------------------------------------------------------
