======================================================================================================================
DESCRIPTION:

MB-37387: Remove support for APPENDQ/PREPENDQ

The commands is not used by any of the SDKs

Change-Id: Iff65056d5752ba8762c8e98848e63a32da0aa553

======================================================================================================================
COMMENTS
======================================================================================================================
Author: Trond Norbye
Date: 2020-01-06 06:25:20.000000000
Message: 
Uploaded patch set 3.
----------------------------------------------------------------------------------------------------------------------
Author: Build Bot
Date: 2020-01-06 07:13:52.000000000
Message: 
Patch Set 3: Verified-1

Build Failed 

http://cv.jenkins.couchbase.com/job/kv_engine-windows-master/25290/ : FAILURE

Failure of a GoogleTest test:

GATOpcodes/GATValidatorTest.CorrectMessage/2, where GetParam() = (GATQ, false) (1 ms) ( http://cv.jenkins.couchbase.com/job/kv_engine-windows-master/25290/ )

Failure of a CTest test  82/189 Test  #85: memcached_mcbp_test .......................................................... ( http://cv.jenkins.couchbase.com/job/kv_engine-windows-master/25290/ )

http://cv.jenkins.couchbase.com/job/kv_engine.linux/job/master/930/ : FAILURE

Failure of a CTest test [2020-01-06T06:57:24.248Z]  97/205 Test  #98: memcached_mcbp_test .......................................................... ( http://cv.jenkins.couchbase.com/job/kv_engine.linux/job/master/930/ )

http://cv.jenkins.couchbase.com/job/kv_engine.macos/job/master/107/ : FAILURE

Failure of a CTest test [2020-01-06T06:31:21.937Z]  92/202 Test  #95: memcached_mcbp_test .......................................................... ( http://cv.jenkins.couchbase.com/job/kv_engine.macos/job/master/107/ )

http://cv.jenkins.couchbase.com/job/kv_engine.threadsanitizer/job/master/994/ : FAILURE

Failure of a CTest test [2020-01-06T06:41:32.544Z]  76/184 Test  #78: memcached_mcbp_test .......................................................... ( http://cv.jenkins.couchbase.com/job/kv_engine.threadsanitizer/job/master/994/ )

http://cv.jenkins.couchbase.com/job/kv_engine.ASan-UBSan/job/master/8817/ : FAILURE

http://cv.jenkins.couchbase.com/job/kv_engine.linux-CE/job/master/905/ : FAILURE

Failure of a CTest test [2020-01-06T06:50:16.983Z]  96/205 Test  #98: memcached_mcbp_test .......................................................... ( http://cv.jenkins.couchbase.com/job/kv_engine.linux-CE/job/master/905/ )

http://cv.jenkins.couchbase.com/job/kv_engine-clang_analyzer-master/21558/ : SUCCESS

http://cv.jenkins.couchbase.com/job/kv-engine-cv-perf/14749/ : SUCCESS

http://cv.jenkins.couchbase.com/job/kv_engine-clang_format/23454/ : SUCCESS
----------------------------------------------------------------------------------------------------------------------
