======================================================================================================================
DESCRIPTION:

MB-29441

Change-Id: I06bc9ff4ab494a8e8a0205708534dfccbb5f3cf0

======================================================================================================================
COMMENTS
======================================================================================================================
Author: Daniel Owen
Date: 2018-05-03 10:15:26.000000000
Message: 
Uploaded patch set 5.
----------------------------------------------------------------------------------------------------------------------
Author: Build Bot
Date: 2018-05-03 10:15:37.000000000
Message: 
Patch Set 5: Well-Formed+1

Permission granted to commit: 

http://server.jenkins.couchbase.com/job/restricted-branch-check/88705/artifact/restricted.html : SUCCESS
----------------------------------------------------------------------------------------------------------------------
Author: Build Bot
Date: 2018-05-03 10:55:09.000000000
Message: 
Patch Set 5: Verified-1

Build Failed 

http://cv.jenkins.couchbase.com/job/kv_engine-linux-spock/934/ : FAILURE

One of more core files found at the end of the build. Data for post-mortem saved to archived_core_dumps.tar.bz2 under "Build Artifacts". ( http://cv.jenkins.couchbase.com/job/kv_engine-linux-spock/934/ )

Failure of a CTest test  19/100 Test  #14: ep-engine_ep_unit_tests ........................ ( http://cv.jenkins.couchbase.com/job/kv_engine-linux-spock/934/ )

http://cv.jenkins.couchbase.com/job/kv_engine-threadsanitizer-spock/886/ : FAILURE

Failure of a CTest test 19/89 Test #14: ep-engine_ep_unit_tests ........................ ( http://cv.jenkins.couchbase.com/job/kv_engine-threadsanitizer-spock/886/ )

http://cv.jenkins.couchbase.com/job/kv_engine-windows-spock/906/ : FAILURE

Failure of a GoogleTest  ( http://cv.jenkins.couchbase.com/job/kv_engine-windows-spock/906/ )

Failure of a CTest test  1/95 Test #25: ep_testsuite_dcp.ephemeral ..................... ( http://cv.jenkins.couchbase.com/job/kv_engine-windows-spock/906/ )

http://cv.jenkins.couchbase.com/job/kv_engine-addresssanitizer-spock/884/ : FAILURE

AddressSanitizer issue: SEGV /home/couchbase/jenkins/workspace/kv_engine-addresssanitizer-spock/kv_engine/engines/ep/src/dcp/consumer.cc:1110:15 in DcpConsumer::handleNoop(dcp_message_producers*) ( http://cv.jenkins.couchbase.com/job/kv_engine-addresssanitizer-spock/884/ )

Failure of a CTest test 15/88 Test #13: ep-engine_ep_unit_tests ........................ ( http://cv.jenkins.couchbase.com/job/kv_engine-addresssanitizer-spock/884/ )

http://cv.jenkins.couchbase.com/job/kv_engine-clang_format/7753/ : SUCCESS
----------------------------------------------------------------------------------------------------------------------
