======================================================================================================================
DESCRIPTION:

Add throttle_wait_time to the bucket stats

Return the number of microseconds commands was throttled for
a bucket.

Change-Id: Ida99f19c1ba64f4a5f0e1ab803dae35f0396bcb7

======================================================================================================================
COMMENTS
======================================================================================================================
Author: Trond Norbye
Date: 2022-05-11 17:39:35.000000000
Message: 
Uploaded patch set 6: Patch Set 5 was rebased.
----------------------------------------------------------------------------------------------------------------------
Author: Build Bot
Date: 2022-05-11 17:50:15.000000000
Message: 
Patch Set 6: Verified-1

Build Failed 

http://cv.jenkins.couchbase.com/job/kv_engine-windows-master/46082/ : ABORTED

Build which was aborted due to a newer patch set being uploaded for the given review. ( http://cv.jenkins.couchbase.com/job/kv_engine-windows-master/46082/ )

http://cv.jenkins.couchbase.com/job/kv_engine.libFuzzer/job/master/7050/ : ABORTED

Build which was aborted due to a newer patch set being uploaded for the given review. ( http://cv.jenkins.couchbase.com/job/kv_engine.libFuzzer/job/master/7050/ )

Clang linker error: linker command failed due to signal (use -v to see invocation) ( http://cv.jenkins.couchbase.com/job/kv_engine.libFuzzer/job/master/7050/ )

http://cv.jenkins.couchbase.com/job/kv_engine.macos/job/master/18405/ : ABORTED

Build which was aborted due to a newer patch set being uploaded for the given review. ( http://cv.jenkins.couchbase.com/job/kv_engine.macos/job/master/18405/ )

http://cv.jenkins.couchbase.com/job/kv_engine.linux-CE/job/master/19201/ : ABORTED

Failure of GoogleTest "TransportProtocols/ArithmeticTest.TestOperateOnStoredDocument/McbpSsl_XattrNo_JsonYes_SnappyNo":

<pre>
[ RUN      ] TransportProtocols/ArithmeticTest.TestOperateOnStoredDocument/McbpSsl_XattrNo_JsonYes_SnappyNo
[2022-05-11T17:50:05.333Z] unknown file: Failure
[2022-05-11T17:50:05.333Z] C++ exception with description "AsyncSocketException: write() called with socket in invalid state (peer=<uninitialized address>, local=<uninitialized address>), type = Socket not open" thrown in SetUp().
[2022-05-11T17:50:05.333Z] [  FAILED  ] TransportProtocols/ArithmeticTest.TestOperateOnStoredDocument/McbpSsl_XattrNo_JsonYes_SnappyNo, where GetParam() = (McbpSsl, XattrNo, 4-byte object <00-00 00-00>, 4-byte object <01-00 00-00>) (0 ms)
TransportProtocols/ArithmeticTest.TestOperateOnStoredDocument/McbpSsl_XattrNo_JsonYes_SnappyNo
</pre>
 ( http://cv.jenkins.couchbase.com/job/kv_engine.linux-CE/job/master/19201/ )

Build which was aborted due to a newer patch set being uploaded for the given review. ( http://cv.jenkins.couchbase.com/job/kv_engine.linux-CE/job/master/19201/ )

http://cv.jenkins.couchbase.com/job/kv_engine.linux/job/master/19543/ : ABORTED

Build which was aborted due to a newer patch set being uploaded for the given review. ( http://cv.jenkins.couchbase.com/job/kv_engine.linux/job/master/19543/ )

http://cv.jenkins.couchbase.com/job/kv_engine.aarch64-linux/job/master/7143/ : ABORTED

Build which was aborted due to a newer patch set being uploaded for the given review. ( http://cv.jenkins.couchbase.com/job/kv_engine.aarch64-linux/job/master/7143/ )

http://cv.jenkins.couchbase.com/job/kv_engine.threadsanitizer/job/master/20225/ : ABORTED

Build which was aborted due to a newer patch set being uploaded for the given review. ( http://cv.jenkins.couchbase.com/job/kv_engine.threadsanitizer/job/master/20225/ )

http://cv.jenkins.couchbase.com/job/kv_engine.ASan-UBSan/job/master/27601/ : ABORTED

Build which was aborted due to a newer patch set being uploaded for the given review. ( http://cv.jenkins.couchbase.com/job/kv_engine.ASan-UBSan/job/master/27601/ )

http://cv.jenkins.couchbase.com/job/kv_engine-clang_format_9/16457/ : SUCCESS

http://cv.jenkins.couchbase.com/job/kv_engine-clang_tidy-master/17436/ : SUCCESS

http://cv.jenkins.couchbase.com/job/kv_engine-clang_analyzer-master/38703/ : SUCCESS
----------------------------------------------------------------------------------------------------------------------
