======================================================================================================================
DESCRIPTION:

MB-40915: Enable, disabled tests for magma

To do this set checkpoint interval config parameters for magma

Change-Id: Ie9286da01dfa954d00e9b4c7568ed46ea55f6f61

======================================================================================================================
COMMENTS
======================================================================================================================
Author: Richard de Mellow
Date: 2021-07-01 15:35:40.000000000
Message: 
Uploaded patch set 1.
----------------------------------------------------------------------------------------------------------------------
Author: Dave Rigby
Date: 2021-07-01 15:41:46.000000000
Message: 
Patch Set 1: Code-Review-1

(1 comment)
Line:8667, engines/ep/tests/ep_testsuite_dcp.cc -> Can you document why magma_checkpoint_interval must be zero here (and similar for the other test below).

----------------------------------------------------------------------------------------------------------------------
Author: Build Bot
Date: 2021-07-01 15:55:52.000000000
Message: 
Patch Set 1: Verified-1

Build Failed 

http://cv.jenkins.couchbase.com/job/kv_engine-windows-master/37465/ : FAILURE

Failure of GoogleTest "EPBucketTestCouchstore/EPBucketTestCouchstore.CompactionWithPurgeOptions/persistent_value_only":

<pre>
[ RUN      ] EPBucketTestCouchstore/EPBucketTestCouchstore.CompactionWithPurgeOptions/persistent_value_only
..\kv_engine\engines\ep\tests\module_tests\evp_store_test.cc(1804): error: Expected equality of these values:
  1
  vb->getNumPersistedDeletes()
    Which is: 2
..\kv_engine\engines\ep\tests\module_tests\evp_store_test.cc(1797): error: Expected equality of these values:
  2
  vb->getNumPersistedDeletes()
    Which is: 1
[  FAILED  ] EPBucketTestCouchstore/EPBucketTestCouchstore.CompactionWithPurgeOptions/persistent_value_only, where GetParam() = ("persistent", "value_only") (69 ms)
EPBucketTestCouchstore/EPBucketTestCouchstore.CompactionWithPurgeOptions/persistent_value_only
</pre>
 ( http://cv.jenkins.couchbase.com/job/kv_engine-windows-master/37465/ )

http://cv.jenkins.couchbase.com/job/kv_engine-clang_tidy-master/10357/ : SUCCESS

http://cv.jenkins.couchbase.com/job/kv_engine-clang_analyzer-master/31957/ : SUCCESS

http://cv.jenkins.couchbase.com/job/kv_engine-clang_format_9/8974/ : SUCCESS

http://cv.jenkins.couchbase.com/job/kv_engine.macos/job/master/11009/ : SUCCESS

http://cv.jenkins.couchbase.com/job/kv_engine.linux-CE/job/master/11927/ : SUCCESS

http://cv.jenkins.couchbase.com/job/kv_engine.linux/job/master/12080/ : SUCCESS

http://cv.jenkins.couchbase.com/job/kv_engine.ASan-UBSan/job/master/19974/ : SUCCESS

http://cv.jenkins.couchbase.com/job/kv_engine.threadsanitizer/job/master/12420/ : SUCCESS
----------------------------------------------------------------------------------------------------------------------
Author: Richard de Mellow
Date: 2021-07-01 15:55:12.000000000
MISMATCHED INLINE COMMENT
Line:8667, engines/ep/tests/ep_testsuite_dcp.cc -> Done
----------------------------------------------------------------------------------------------------------------------
