======================================================================================================================
DESCRIPTION:

MB-33463: Add support for delVBucket and reset for magma API

Beefed up the test in module_tests/kvstore_test.cc to be more thorough
in covering the possible cases that can happen when a delVbucket occurs.

Change-Id: I3fa14ead20fc6f26acc82e1d86d47e2188c80f8b

======================================================================================================================
COMMENTS
======================================================================================================================
Author: Scott Lashley
Date: 2019-06-13 22:05:30.000000000
Message: 
Uploaded patch set 4.
----------------------------------------------------------------------------------------------------------------------
Author: Build Bot
Date: 2019-06-13 22:36:02.000000000
Message: 
Patch Set 4: Verified-1

Build Failed 

http://cv.jenkins.couchbase.com/job/kv-engine-cv-perf/11411/ : FAILURE

Compile error at /home/couchbase/jenkins/workspace/kv-engine-cv-perf/kv_engine/engines/ep/tests/module_tests/kvstore_test.cc:2129:34:
error: "MagmaKVStoreConfig" was not declared in this scope
 ( http://cv.jenkins.couchbase.com/job/kv-engine-cv-perf/11411/ )

http://cv.jenkins.couchbase.com/job/kv_engine-clang_analyzer-master/18094/ : FAILURE

Compile error at /home/couchbase/jenkins/workspace/kv_engine-clang_analyzer-master/kv_engine/engines/ep/src/magma-kvstore/magma-kvstore.cc:437:28:
error: no member named "CoordinatedKVStoreUpdates" in "magma::Magma::Config"
 ( http://cv.jenkins.couchbase.com/job/kv_engine-clang_analyzer-master/18094/ )

http://cv.jenkins.couchbase.com/job/kv_engine-threadsanitizer-master/12115/ : FAILURE

Compile error at /home/couchbase/jenkins/workspace/kv_engine-threadsanitizer-master/kv_engine/engines/ep/src/magma-kvstore/magma-kvstore.cc:437:28:
error: ?struct magma::Magma::Config? has no member named ?CoordinatedKVStoreUpdates?
 ( http://cv.jenkins.couchbase.com/job/kv_engine-threadsanitizer-master/12115/ )

http://cv.jenkins.couchbase.com/job/kv_engine-windows-master/21124/ : FAILURE

Compile error at ..\kv_engine\engines\ep\src\magma-kvstore\magma-kvstore.cc(437): error C2039: "CoordinatedKVStoreUpdates": is not a member of "magma::Magma::Config" ( http://cv.jenkins.couchbase.com/job/kv_engine-windows-master/21124/ )

http://cv.jenkins.couchbase.com/job/kv_engine-linux-master/20350/ : FAILURE

Compile error at /home/couchbase/jenkins/workspace/kv_engine-linux-master/kv_engine/engines/ep/src/magma-kvstore/magma-kvstore.cc:437:28:
error: ?struct magma::Magma::Config? has no member named ?CoordinatedKVStoreUpdates?
 ( http://cv.jenkins.couchbase.com/job/kv_engine-linux-master/20350/ )

http://cv.jenkins.couchbase.com/job/kv_engine-linux-master-CE/1992/ : FAILURE

Compile error at /home/couchbase/jenkins/workspace/kv_engine-linux-master-CE/kv_engine/engines/ep/tests/module_tests/kvstore_test.cc:2129:34:
error: ?MagmaKVStoreConfig? was not declared in this scope
 ( http://cv.jenkins.couchbase.com/job/kv_engine-linux-master-CE/1992/ )

http://cv.jenkins.couchbase.com/job/kv_engine.ASan-UBSan/job/master/4911/ : FAILURE

Compile error at [2019-06-13T22:34:42.994Z] /home/couchbase/jenkins/workspace/kv_engine.ASan-UBSan_master/kv_engine/engines/ep/src/magma-kvstore/magma-kvstore.cc:437:28:
error: ?struct magma::Magma::Config? has no member named ?CoordinatedKVStoreUpdates?
 ( http://cv.jenkins.couchbase.com/job/kv_engine.ASan-UBSan/job/master/4911/ )

http://cv.jenkins.couchbase.com/job/kv_engine-clang_format/18926/ : SUCCESS
----------------------------------------------------------------------------------------------------------------------
