======================================================================================================================
DESCRIPTION:

MB-18650: ep_perfsuite: Reduce iteration count for ThreadSanitizer

When running under ThreadSaniziter, use a reduced iteration count, as
it runs ~20x slower than without TSan.

This reduces the runtime of ep_perfsuite under ThreadSanitizer to
~30s, down from 500s.

Change-Id: I5525b0b20db2973133e6f165336e6b88e92acf42

======================================================================================================================
COMMENTS
======================================================================================================================
Author: Dave Rigby
Date: 2016-03-10 14:23:25.000000000
Message: 
Uploaded patch set 3: Patch Set 2 was rebased.
----------------------------------------------------------------------------------------------------------------------
Author: Build Bot
Date: 2016-03-10 14:23:41.000000000
Message: 
Patch Set 3:

Build Started http://cv.jenkins.couchbase.com/job/ep-engine-gerrit-watson/75/ (1/3)
----------------------------------------------------------------------------------------------------------------------
Author: Build Bot
Date: 2016-03-10 14:30:04.000000000
Message: 
Patch Set 3:

Build Started http://cv.jenkins.couchbase.com/job/ep-engine-clang_analyzer-watson/46/ (2/3)
----------------------------------------------------------------------------------------------------------------------
Author: Build Bot
Date: 2016-03-10 14:31:32.000000000
Message: 
Patch Set 3:

Build Started http://cv.jenkins.couchbase.com/job/ep-engine-threadsanitizer-watson/92/ (3/3)
----------------------------------------------------------------------------------------------------------------------
Author: Build Bot
Date: 2016-03-10 14:45:21.000000000
Message: 
Patch Set 3: Verified-1

Build Failed 

http://cv.jenkins.couchbase.com/job/ep-engine-clang_analyzer-watson/46/ : FAILURE

Compile error at /home/couchbase/jenkins/workspace/ep-engine-clang_analyzer-watson/ep-engine/tests/ep_perfsuite.cc:50:44: error: missing binary operator before token "("
 ( http://cv.jenkins.couchbase.com//job/ep-engine-clang_analyzer-watson/46/ )

http://cv.jenkins.couchbase.com/job/ep-engine-gerrit-watson/75/ : FAILURE

http://cv.jenkins.couchbase.com/job/ep-engine-threadsanitizer-watson/92/ : SUCCESS
----------------------------------------------------------------------------------------------------------------------
Author: Gerrit Code Review
Date: 2016-03-10 17:58:23.000000000
Message: 
Change has been successfully cherry-picked as 65109ef6cd90b3724ed0d85d39d58f15e98a22a7
----------------------------------------------------------------------------------------------------------------------
