======================================================================================================================
DESCRIPTION:

MB-46738: Make dcp_conn_buffer_ratio dynamic

The config param was already declared dynamic, but then we missed to
reflect config changes into the cached FlowControl state.

With this patch the cbepctl path is complete.

Change-Id: Idaa45a7f6c039c30793b03c1ab33a0517d948f51

======================================================================================================================
COMMENTS
======================================================================================================================
Author: Paolo Cocchi
Date: 2022-07-28 08:08:30.000000000
Message: 
Uploaded patch set 7.
----------------------------------------------------------------------------------------------------------------------
Author: Build Bot
Date: 2022-07-28 08:35:00.000000000
Message: 
Patch Set 7: Verified-1

Build Failed 

http://cv.jenkins.couchbase.com/job/kv_engine.threadsanitizer/job/master/22145/ : FAILURE

Failure of GoogleTest "MeteringTest.TTL_Expiry":

<pre>
[ RUN      ] MeteringTest.TTL_Expiry
[2022-07-28T08:32:19.615Z] /home/couchbase/jenkins/workspace/kv_engine.threadsanitizer_master/kv_engine/tests/testapp_serverless/metering_test.cc:2653: Failure
[2022-07-28T08:32:19.615Z] Expected equality of these values:
[2022-07-28T08:32:19.615Z]   cb::mcbp::Status::KeyEnoent
[2022-07-28T08:32:19.615Z]     Which is: Not found
[2022-07-28T08:32:19.615Z]   rsp.getStatus()
[2022-07-28T08:32:19.615Z]     Which is: Success
[2022-07-28T08:32:19.615Z] should have been TTL expired
[2022-07-28T08:32:19.615Z] /home/couchbase/jenkins/workspace/kv_engine.threadsanitizer_master/kv_engine/tests/testapp_serverless/metering_test.cc:2661: Failure
[2022-07-28T08:32:19.615Z] Expected equality of these values:
[2022-07-28T08:32:19.615Z]   1
[2022-07-28T08:32:19.615Z]   after["wu"].get<std::size_t>() - before["wu"].get<std::size_t>()
[2022-07-28T08:32:19.615Z]     Which is: 0
[2022-07-28T08:32:19.615Z] [  FAILED  ] MeteringTest.TTL_Expiry (493 ms)
MeteringTest.TTL_Expiry
</pre>
 ( http://cv.jenkins.couchbase.com/job/kv_engine.threadsanitizer/job/master/22145/ )

ThreadSanitizer issue: signal-unsafe call inside of a signal (/opt/gcc-10.2.0/lib64/libtsan.so.0+0x33081) in __interceptor_malloc  ( http://cv.jenkins.couchbase.com/job/kv_engine.threadsanitizer/job/master/22145/ )

http://cv.jenkins.couchbase.com/job/kv_engine.linux/job/master/21431/ : FAILURE

One of more core files found at the end of the build. Data for post-mortem saved to archived_core_dumps.tar.bz2 under "Build Artifacts". ( http://cv.jenkins.couchbase.com/job/kv_engine.linux/job/master/21431/ )

http://cv.jenkins.couchbase.com/job/kv_engine-clang_format_9/18325/ : SUCCESS

http://cv.jenkins.couchbase.com/job/kv_engine-windows-master/47996/ : SUCCESS

http://cv.jenkins.couchbase.com/job/kv_engine-clang_tidy-master/19159/ : SUCCESS

http://cv.jenkins.couchbase.com/job/kv_engine-clang_analyzer-master/40333/ : SUCCESS

http://cv.jenkins.couchbase.com/job/kv_engine.ASan-UBSan/job/master/29462/ : SUCCESS

http://cv.jenkins.couchbase.com/job/kv_engine.aarch64-linux/job/master/8942/ : SUCCESS

http://cv.jenkins.couchbase.com/job/kv_engine.libFuzzer/job/master/8845/ : SUCCESS

http://cv.jenkins.couchbase.com/job/kv_engine.macos/job/master/20314/ : SUCCESS

http://cv.jenkins.couchbase.com/job/kv_engine.linux-CE/job/master/21069/ : SUCCESS
----------------------------------------------------------------------------------------------------------------------
Author: Build Bot
Date: 2022-08-04 07:25:23.000000000
Message: 
Patch Set 7: Verified+1

Build Successful 

http://cv.jenkins.couchbase.com/job/kv_engine-clang_format_9/18325/ : SUCCESS

http://cv.jenkins.couchbase.com/job/kv_engine-windows-master/47996/ : SUCCESS

http://cv.jenkins.couchbase.com/job/kv_engine-clang_tidy-master/19159/ : SUCCESS

http://cv.jenkins.couchbase.com/job/kv_engine-clang_analyzer-master/40333/ : SUCCESS

http://cv.jenkins.couchbase.com/job/kv_engine.threadsanitizer/job/master/22218/ : SUCCESS

http://cv.jenkins.couchbase.com/job/kv_engine.ASan-UBSan/job/master/29462/ : SUCCESS

http://cv.jenkins.couchbase.com/job/kv_engine.aarch64-linux/job/master/8942/ : SUCCESS

http://cv.jenkins.couchbase.com/job/kv_engine.libFuzzer/job/master/8845/ : SUCCESS

http://cv.jenkins.couchbase.com/job/kv_engine.macos/job/master/20314/ : SUCCESS

http://cv.jenkins.couchbase.com/job/kv_engine.linux-CE/job/master/21069/ : SUCCESS

http://cv.jenkins.couchbase.com/job/kv_engine.linux/job/master/21497/ : SUCCESS
----------------------------------------------------------------------------------------------------------------------
Author: Paolo Cocchi
Date: 2022-08-04 09:53:28.000000000
Message: 
Patch Set 7:

(1 comment)
----------------------------------------------------------------------------------------------------------------------
Author: Paolo Cocchi
Date: 2022-08-04 10:24:34.000000000
Message: 
Patch Set 7:

(1 comment)
File Comment: /PATCHSET_LEVEL -> ping
----------------------------------------------------------------------------------------------------------------------
