======================================================================================================================
DESCRIPTION:

MB-33463: Add missing durability changes

Found some missing durability changes and added those to magma.

Change-Id: Ib407ff52a29ad40aa5429f054009149cf8475e55

======================================================================================================================
COMMENTS
======================================================================================================================
Author: Scott Lashley
Date: 2019-09-11 00:41:44.000000000
Message: 
Uploaded patch set 2: Patch Set 1 was rebased.
----------------------------------------------------------------------------------------------------------------------
Author: Build Bot
Date: 2019-09-11 02:03:42.000000000
Message: 
Patch Set 2: Verified-1

Build Failed 

http://cv.jenkins.couchbase.com/job/kv_engine-windows-master/23211/ : FAILURE

Failure of a GoogleTest test:

Persistent/DurabilityPassiveStreamPersistentTest.DiskSnapshotHCSNotPersistedBeforeCkptEnd/persistent_value_only, where GetParam() = ("persistent", "value_only") (29 ms) ( http://cv.jenkins.couchbase.com/job/kv_engine-windows-master/23211/ )

Failure of a CTest test  29/194 Test  #23: ep-engine_ep_unit_tests ...................................................... ( http://cv.jenkins.couchbase.com/job/kv_engine-windows-master/23211/ )

http://cv.jenkins.couchbase.com/job/kv_engine-linux-master/22245/ : FAILURE

Failure of a GoogleTest test:

Persistent/DurabilityPassiveStreamPersistentTest.DiskSnapshotHCSNotPersistedBeforeCkptEnd/persistent_value_only, where GetParam() = ("persistent", "value_only") (7 ms) ( http://cv.jenkins.couchbase.com/job/kv_engine-linux-master/22245/ )

Failure of a CTest test  27/210 Test  #26: ep-engine_ep_unit_tests ...................................................... ( http://cv.jenkins.couchbase.com/job/kv_engine-linux-master/22245/ )

http://cv.jenkins.couchbase.com/job/kv_engine-linux-master-CE/3913/ : FAILURE

Failure of a GoogleTest test:

Persistent/DurabilityPassiveStreamPersistentTest.DiskSnapshotHCSNotPersistedBeforeCkptEnd/persistent_value_only, where GetParam() = ("persistent", "value_only") (6 ms) ( http://cv.jenkins.couchbase.com/job/kv_engine-linux-master-CE/3913/ )

Failure of a CTest test  27/200 Test  #26: ep-engine_ep_unit_tests ...................................................... ( http://cv.jenkins.couchbase.com/job/kv_engine-linux-master-CE/3913/ )

http://cv.jenkins.couchbase.com/job/kv_engine-threadsanitizer-master/14151/ : FAILURE

Failure of a GoogleTest test:

Persistent/DurabilityPassiveStreamPersistentTest.DiskSnapshotHCSNotPersistedBeforeCkptEnd/persistent_value_only, where GetParam() = ("persistent", "value_only") (148 ms) ( http://cv.jenkins.couchbase.com/job/kv_engine-threadsanitizer-master/14151/ )

Failure of a CTest test  30/189 Test  #23: ep-engine_ep_unit_tests ...................................................... ( http://cv.jenkins.couchbase.com/job/kv_engine-threadsanitizer-master/14151/ )

http://cv.jenkins.couchbase.com/job/kv_engine.ASan-UBSan/job/master/6868/ : FAILURE

AddressSanitizer issue: 2917 byte(s) leaked in 22 allocation(s). ( http://cv.jenkins.couchbase.com/job/kv_engine.ASan-UBSan/job/master/6868/ )

Failure of a CTest test [2019-09-11T01:56:35.882Z]  28/191 Test  #25: ep-engine_ep_unit_tests ...................................................... ( http://cv.jenkins.couchbase.com/job/kv_engine.ASan-UBSan/job/master/6868/ )

http://cv.jenkins.couchbase.com/job/kv_engine-clang_analyzer-master/19820/ : SUCCESS

http://cv.jenkins.couchbase.com/job/kv_engine-clang_format/20845/ : SUCCESS

http://cv.jenkins.couchbase.com/job/kv-engine-cv-perf/13117/ : SUCCESS
----------------------------------------------------------------------------------------------------------------------
