======================================================================================================================
DESCRIPTION:

[Refactor] delete BinprotGenericCommand() constructor

A command should have an opcode; delete the constructor which
could create commands without opcodes

Change-Id: I208378bbbf51e597170f310094ebef65afb9581f
Reviewed-on: https://review.couchbase.org/c/kv_engine/+/174776
Tested-by: Build Bot <build@couchbase.com>
Reviewed-by: Jim Walker <jim@couchbase.com>

======================================================================================================================
COMMENTS
======================================================================================================================
Author: Trond Norbye
Date: 2022-05-16 16:28:45.000000000
Message: 
Change has been successfully cherry-picked as 3245de918015c09cc5932803fcfdaf46b7e07e44
----------------------------------------------------------------------------------------------------------------------
Author: Build Bot
Date: 2022-05-16 16:28:55.000000000
Message: 
Patch Set 3:

Build Started http://cv.jenkins.couchbase.com/job/kv_engine-post-commit-TSan-master/7255/ (1/2)
----------------------------------------------------------------------------------------------------------------------
Author: Build Bot
Date: 2022-05-16 16:29:44.000000000
Message: 
Patch Set 3:

Build Started http://cv.jenkins.couchbase.com/job/kv_engine-post-commit-master/11140/ (2/2)
----------------------------------------------------------------------------------------------------------------------
Author: Build Bot
Date: 2022-05-16 16:37:24.000000000
Message: 
Patch Set 3:

Build Failed 

http://cv.jenkins.couchbase.com/job/kv_engine-post-commit-master/11140/ : FAILURE

CMake error: /home/couchbase/jenkins/workspace/kv_engine-post-commit-master/tlm/cmake/Modules/go-modbuild.cmake:152 (MESSAGE) ( http://cv.jenkins.couchbase.com/job/kv_engine-post-commit-master/11140/ )

http://cv.jenkins.couchbase.com/job/kv_engine-post-commit-TSan-master/7255/ : FAILURE

CMake error: /home/couchbase/jenkins/workspace/kv_engine-post-commit-TSan-master/tlm/cmake/Modules/go-modbuild.cmake:152 (MESSAGE) ( http://cv.jenkins.couchbase.com/job/kv_engine-post-commit-TSan-master/7255/ )
----------------------------------------------------------------------------------------------------------------------
