======================================================================================================================
DESCRIPTION:

MB-16181: Use isInSystemCollection inEphemeralVBucket

Change a number of places where a full leb128 decode is used when
looking for system collection keys.

Change-Id: I416f5e263f7f6225d1365399c85924cc4876acc9

======================================================================================================================
COMMENTS
======================================================================================================================
Author: Jim Walker
Date: 2020-06-30 14:39:35.000000000
Message: 
Patch Set 2: Patch Set 1 was rebased
----------------------------------------------------------------------------------------------------------------------
Author: James H
Date: 2020-06-30 14:44:00.000000000
Message: 
Patch Set 2: Code-Review+2
----------------------------------------------------------------------------------------------------------------------
Author: Build Bot
Date: 2020-06-30 16:32:54.000000000
Message: 
Patch Set 2: Verified-1

Build Failed 

http://cv.jenkins.couchbase.com/job/kv_engine-clang_format_9/1596/ : FAILURE

No problems were identified. If you know why this problem occurred, please add a suitable Cause for it. ( http://cv.jenkins.couchbase.com/job/kv_engine-clang_format_9/1596/ )

http://cv.jenkins.couchbase.com/job/kv_engine-windows-master/28902/ : FAILURE

Failure of GoogleTest "DocKeyTest.invalid":

<pre>
[ RUN      ] DocKeyTest.invalid
unknown file: error: SEH exception with code 0xc0000005 thrown in the test body.
[  FAILED  ] DocKeyTest.invalid (0 ms)
DocKeyTest.invalid
</pre>
 ( http://cv.jenkins.couchbase.com/job/kv_engine-windows-master/28902/ )

Failure of an engine_testapp test:

<pre>
Running [0002/0047]: test max_size - water_mark changes...Uncaught std::exception. what():cb::io::rmrf: remove of directory ./ep_testsuite_basic.ephemeral.comp_active.db failed: unknown error
(95 ms) DIED
</pre>
 ( http://cv.jenkins.couchbase.com/job/kv_engine-windows-master/28902/ )

Failure of a CTest test 237/393 Test #240: ep_testsuite_basic.ephemeral.comp_active ...................................................................................... ( http://cv.jenkins.couchbase.com/job/kv_engine-windows-master/28902/ )

http://cv.jenkins.couchbase.com/job/kv_engine-clang_tidy/3090/ : FAILURE

No problems were identified. If you know why this problem occurred, please add a suitable Cause for it. ( http://cv.jenkins.couchbase.com/job/kv_engine-clang_tidy/3090/ )

http://cv.jenkins.couchbase.com/job/kv_engine.linux-CE/job/master/4454/ : FAILURE

No problems were identified. If you know why this problem occurred, please add a suitable Cause for it. ( http://cv.jenkins.couchbase.com/job/kv_engine.linux-CE/job/master/4454/ )

http://cv.jenkins.couchbase.com/job/kv_engine.ASan-UBSan/job/master/12344/ : FAILURE

No problems were identified. If you know why this problem occurred, please add a suitable Cause for it. ( http://cv.jenkins.couchbase.com/job/kv_engine.ASan-UBSan/job/master/12344/ )

http://cv.jenkins.couchbase.com/job/kv_engine.macos/job/master/3559/ : FAILURE

Failure of a CTest test [2020-06-30T15:35:38.590Z]   1/407 Test #288: memcached_dockey_test ....................................................................................... ( http://cv.jenkins.couchbase.com/job/kv_engine.macos/job/master/3559/ )

http://cv.jenkins.couchbase.com/job/kv_engine.threadsanitizer/job/master/4618/ : FAILURE

No problems were identified. If you know why this problem occurred, please add a suitable Cause for it. ( http://cv.jenkins.couchbase.com/job/kv_engine.threadsanitizer/job/master/4618/ )

http://cv.jenkins.couchbase.com/job/kv_engine.linux/job/master/4520/ : FAILURE

No problems were identified. If you know why this problem occurred, please add a suitable Cause for it. ( http://cv.jenkins.couchbase.com/job/kv_engine.linux/job/master/4520/ )

http://cv.jenkins.couchbase.com/job/kv_engine-clang_analyzer-master/24914/ : SUCCESS
----------------------------------------------------------------------------------------------------------------------
