======================================================================================================================
DESCRIPTION:

Clang-Tidy: Clang Tidy warmup.(h/cc)

Change-Id: I7a234e88fffe38472601ce88d044267a24787179

======================================================================================================================
COMMENTS
======================================================================================================================
Author: Richard de Mellow
Date: 2021-01-25 14:22:15.000000000
Message: 
Uploaded patch set 1.
----------------------------------------------------------------------------------------------------------------------
Author: Build Bot
Date: 2021-01-25 15:33:43.000000000
Message: 
Patch Set 1: Verified-1

Build Failed 

http://cv.jenkins.couchbase.com/job/kv_engine-windows-master/33113/ : FAILURE

CMake error: C:/Jenkins/workspace/kv_engine-windows-master/tlm/cmake/Modules/CouchbaseGoogleTestAddTests.cmake:40 (message) ( http://cv.jenkins.couchbase.com/job/kv_engine-windows-master/33113/ )

http://cv.jenkins.couchbase.com/job/kv_engine.linux-CE/job/master/8229/ : FAILURE

Test exceeded the timeout:
[2021-01-25T14:29:33.043Z] Running [0000/0158]: expiry pager settings.../usr/bin/timeout: the monitored command dumped core ( http://cv.jenkins.couchbase.com/job/kv_engine.linux-CE/job/master/8229/ )

http://cv.jenkins.couchbase.com/job/kv_engine.linux/job/master/8359/ : FAILURE

Test exceeded the timeout:
[2021-01-25T14:44:49.231Z] Running [0002/0047]: test max_size - water_mark changes.../usr/bin/timeout: the monitored command dumped core ( http://cv.jenkins.couchbase.com/job/kv_engine.linux/job/master/8359/ )

http://cv.jenkins.couchbase.com/job/kv_engine-clang_format_9/5236/ : SUCCESS

http://cv.jenkins.couchbase.com/job/kv_engine-clang_tidy/6700/ : SUCCESS

http://cv.jenkins.couchbase.com/job/kv_engine-clang_analyzer-master/28497/ : SUCCESS

http://cv.jenkins.couchbase.com/job/kv_engine.macos/job/master/7319/ : SUCCESS

http://cv.jenkins.couchbase.com/job/kv_engine.threadsanitizer/job/master/8616/ : SUCCESS

http://cv.jenkins.couchbase.com/job/kv_engine.ASan-UBSan/job/master/16165/ : SUCCESS
----------------------------------------------------------------------------------------------------------------------
Author: Build Bot
Date: 2021-01-25 16:55:50.000000000
Message: 
Patch Set 1: Verified+1

Build Successful 

http://cv.jenkins.couchbase.com/job/kv_engine-clang_format_9/5236/ : SUCCESS

http://cv.jenkins.couchbase.com/job/kv_engine-clang_tidy/6700/ : SUCCESS

http://cv.jenkins.couchbase.com/job/kv_engine-clang_analyzer-master/28497/ : SUCCESS

http://cv.jenkins.couchbase.com/job/kv_engine.macos/job/master/7319/ : SUCCESS

http://cv.jenkins.couchbase.com/job/kv_engine.linux-CE/job/master/8235/ : SUCCESS

http://cv.jenkins.couchbase.com/job/kv_engine.linux/job/master/8364/ : SUCCESS

http://cv.jenkins.couchbase.com/job/kv_engine.threadsanitizer/job/master/8616/ : SUCCESS

http://cv.jenkins.couchbase.com/job/kv_engine.ASan-UBSan/job/master/16165/ : SUCCESS

http://cv.jenkins.couchbase.com/job/kv_engine-windows-master/33120/ : SUCCESS
----------------------------------------------------------------------------------------------------------------------
