======================================================================================================================
DESCRIPTION:

MB-27661 [2/n]: Fix MSCV warnings

Change-Id: I7b65db5bbd7dfe2e1146f64125bf1d2b010d700e

======================================================================================================================
COMMENTS
======================================================================================================================
Author: Tim Bradgate
Date: 2018-02-20 15:10:15.000000000
Message: 
Uploaded patch set 5.
----------------------------------------------------------------------------------------------------------------------
Author: Build Bot
Date: 2018-02-20 15:50:22.000000000
Message: 
Patch Set 5: Verified-1

Build Failed 

http://cv.jenkins.couchbase.com/job/kv_engine-addresssanitizer-master/6695/ : FAILURE

AddressSanitizer issue: 280 byte(s) leaked in 1 allocation(s). ( http://cv.jenkins.couchbase.com/job/kv_engine-addresssanitizer-master/6695/ )

Failure of a CTest test  28/113 Test  #24: ep-engine_ep_unit_tests .......................... ( http://cv.jenkins.couchbase.com/job/kv_engine-addresssanitizer-master/6695/ )

Failure of a GoogleTest  ( http://cv.jenkins.couchbase.com/job/kv_engine-addresssanitizer-master/6695/ )

http://cv.jenkins.couchbase.com/job/kv_engine-threadsanitizer-master/6906/ : FAILURE

Failure of a CTest test  30/115 Test  #25: ep-engine_ep_unit_tests .......................... ( http://cv.jenkins.couchbase.com/job/kv_engine-threadsanitizer-master/6906/ )

Failure of a GoogleTest  ( http://cv.jenkins.couchbase.com/job/kv_engine-threadsanitizer-master/6906/ )

http://cv.jenkins.couchbase.com/job/kv_engine-windows-master/7092/ : FAILURE

Failure of a CTest test  26/118 Test  #22: ep-engine_ep_unit_tests ........................ ( http://cv.jenkins.couchbase.com/job/kv_engine-windows-master/7092/ )

Failure of a GoogleTest  ( http://cv.jenkins.couchbase.com/job/kv_engine-windows-master/7092/ )

http://cv.jenkins.couchbase.com/job/kv_engine-linux-master/7437/ : FAILURE

Failure of a CTest test  28/133 Test  #25: ep-engine_ep_unit_tests .......................... ( http://cv.jenkins.couchbase.com/job/kv_engine-linux-master/7437/ )

Failure of a GoogleTest  ( http://cv.jenkins.couchbase.com/job/kv_engine-linux-master/7437/ )

http://cv.jenkins.couchbase.com/job/kv_engine-clang_format/5521/ : SUCCESS

http://cv.jenkins.couchbase.com/job/kv_engine-clang_analyzer-master/6435/ : SUCCESS
----------------------------------------------------------------------------------------------------------------------
