======================================================================================================================
DESCRIPTION:

Merge 'couchbase/spock' into 'couchbase/master'

* MB-28850: Fix regression in append stat tracking

Change-Id: I01ced16465527a77c82493aa50f4dd59d9f321ae

======================================================================================================================
COMMENTS
======================================================================================================================
Author: Jim Walker
Date: 2018-04-09 12:27:36.000000000
Message: 
Uploaded patch set 1.
----------------------------------------------------------------------------------------------------------------------
Author: Jim Walker
Date: 2018-04-09 12:28:25.000000000
Message: 
Patch Set 1:

This change was committed to spock and master as separate commits, hence when joining the history we have no differences.
----------------------------------------------------------------------------------------------------------------------
Author: Jim Walker
Date: 2018-04-09 12:42:57.000000000
Message: 
Patch Set 1: Verified+1

overriding verified for this logically empty change
----------------------------------------------------------------------------------------------------------------------
Author: Jim Walker
Date: 2018-04-09 12:43:17.000000000
Message: 
Patch Set 1: -Verified

hmm tests are actually running :D
----------------------------------------------------------------------------------------------------------------------
Author: Build Bot
Date: 2018-04-09 13:00:45.000000000
Message: 
Patch Set 1: Verified-1

Build Failed 

http://cv.jenkins.couchbase.com/job/kv_engine-windows-master/8780/ : FAILURE

Failure of a CTest test 139/147 Test #142: memcached_testapp.ep.TransportProtocols/TuneMcbpSla .......................... ( http://cv.jenkins.couchbase.com/job/kv_engine-windows-master/8780/ )

http://cv.jenkins.couchbase.com/job/kv-engine-cv-perf/2288/ : SUCCESS

http://cv.jenkins.couchbase.com/job/kv_engine-addresssanitizer-master-gcc7/717/ : SUCCESS

http://cv.jenkins.couchbase.com/job/kv_engine-clang_analyzer-master/7904/ : SUCCESS

http://cv.jenkins.couchbase.com/job/kv_engine-clang_format/7134/ : SUCCESS

http://cv.jenkins.couchbase.com/job/kv_engine-linux-master/8960/ : SUCCESS
----------------------------------------------------------------------------------------------------------------------
Author: Build Bot
Date: 2018-04-09 13:34:10.000000000
Message: 
Patch Set 1: Verified+1

Build Successful 

http://cv.jenkins.couchbase.com/job/kv-engine-cv-perf/2288/ : SUCCESS

http://cv.jenkins.couchbase.com/job/kv_engine-addresssanitizer-master-gcc7/717/ : SUCCESS

http://cv.jenkins.couchbase.com/job/kv_engine-clang_analyzer-master/7904/ : SUCCESS

http://cv.jenkins.couchbase.com/job/kv_engine-clang_format/7134/ : SUCCESS

http://cv.jenkins.couchbase.com/job/kv_engine-linux-master/8960/ : SUCCESS

http://cv.jenkins.couchbase.com/job/kv_engine-windows-master/8785/ : SUCCESS
----------------------------------------------------------------------------------------------------------------------
Author: Dave Rigby
Date: 2018-04-09 13:41:19.000000000
Message: 
Patch Set 1: Code-Review+2
----------------------------------------------------------------------------------------------------------------------
Author: Dave Rigby
Date: 2018-04-09 13:41:25.000000000
Message: 
Change has been successfully merged by Dave Rigby
----------------------------------------------------------------------------------------------------------------------
Author: Build Bot
Date: 2018-04-09 14:56:24.000000000
Message: 
Patch Set 1:

Build Started http://cv.jenkins.couchbase.com/job/kv-engine-master-post-commit/3733/ (2/2)
----------------------------------------------------------------------------------------------------------------------
Author: Build Bot
Date: 2018-04-09 15:48:42.000000000
Message: 
Patch Set 1:

Build Failed 

http://cv.jenkins.couchbase.com/job/kv-engine-master-perf/473/ : FAILURE

No problems were identified. If you know why this problem occurred, please add a suitable Cause for it. ( http://cv.jenkins.couchbase.com/job/kv-engine-master-perf/473/ )

http://cv.jenkins.couchbase.com/job/kv-engine-master-post-commit/3733/ : SUCCESS
----------------------------------------------------------------------------------------------------------------------
Author: Build Bot
Date: 2018-04-09 17:00:47.000000000
Message: 
Patch Set 1:

Build Failed 

http://cv.jenkins.couchbase.com/job/kv-engine-master-perf/474/ : ABORTED

No problems were identified. If you know why this problem occurred, please add a suitable Cause for it. ( http://cv.jenkins.couchbase.com/job/kv-engine-master-perf/474/ )
----------------------------------------------------------------------------------------------------------------------
Author: Build Bot
Date: 2018-04-09 18:54:15.000000000
Message: 
Patch Set 1:

Build Successful 

http://cv.jenkins.couchbase.com/job/kv-engine-master-perf/475/ : SUCCESS
----------------------------------------------------------------------------------------------------------------------
