======================================================================================================================
DESCRIPTION:

MB-43202: move tls configuration off interfaces

Change-Id: If23283ca4b3fd0148a9c9180622bea78f6c0a849

======================================================================================================================
COMMENTS
======================================================================================================================
Author: Trond Norbye
Date: 2020-12-10 13:50:57.000000000
Message: 
Uploaded patch set 2.
----------------------------------------------------------------------------------------------------------------------
Author: Build Bot
Date: 2020-12-10 14:34:31.000000000
Message: 
Patch Set 2: Verified-1

Build Failed 

http://cv.jenkins.couchbase.com/job/kv_engine-windows-master/32477/ : FAILURE

Timeout of a CTest test 396/396 Test #393: cluster_test ..................................................................................................................} ( http://cv.jenkins.couchbase.com/job/kv_engine-windows-master/32477/ )

http://cv.jenkins.couchbase.com/job/kv_engine.linux/job/master/7793/ : FAILURE

No problems were identified. If you know why this problem occurred, please add a suitable Cause for it. ( http://cv.jenkins.couchbase.com/job/kv_engine.linux/job/master/7793/ )

http://cv.jenkins.couchbase.com/job/kv_engine.threadsanitizer/job/master/8064/ : FAILURE

No problems were identified. If you know why this problem occurred, please add a suitable Cause for it. ( http://cv.jenkins.couchbase.com/job/kv_engine.threadsanitizer/job/master/8064/ )

http://cv.jenkins.couchbase.com/job/kv_engine.linux-CE/job/master/7670/ : FAILURE

No problems were identified. If you know why this problem occurred, please add a suitable Cause for it. ( http://cv.jenkins.couchbase.com/job/kv_engine.linux-CE/job/master/7670/ )

http://cv.jenkins.couchbase.com/job/kv_engine.macos/job/master/6734/ : FAILURE

No problems were identified. If you know why this problem occurred, please add a suitable Cause for it. ( http://cv.jenkins.couchbase.com/job/kv_engine.macos/job/master/6734/ )

http://cv.jenkins.couchbase.com/job/kv_engine.ASan-UBSan/job/master/15607/ : FAILURE

Undefined Sanitizer: kv_engine/tests/testapp_cluster/collection_tests.cc:32:32: runtime error: member call on null pointer of type "cb::test::Cluster" ( http://cv.jenkins.couchbase.com/job/kv_engine.ASan-UBSan/job/master/15607/ )

http://cv.jenkins.couchbase.com/job/kv_engine-clang_format_9/4734/ : SUCCESS

http://cv.jenkins.couchbase.com/job/kv_engine-clang_analyzer-master/27991/ : SUCCESS

http://cv.jenkins.couchbase.com/job/kv_engine-clang_tidy/6199/ : SUCCESS
----------------------------------------------------------------------------------------------------------------------
