======================================================================================================================
DESCRIPTION:

WIP DOESN'T BUILD: Correctly mark CommittedViaPrepare SVs

Change-Id: I74fcc53fe0d8de431ddee65de84995ac2ed28052

======================================================================================================================
COMMENTS
======================================================================================================================
Author: Dave Rigby
Date: 2019-01-09 13:53:15.000000000
Message: 
Uploaded patch set 1.
----------------------------------------------------------------------------------------------------------------------
Author: Build Bot
Date: 2019-01-09 14:58:48.000000000
Message: 
Patch Set 1: Verified-1

Build Failed 

http://cv.jenkins.couchbase.com/job/kv-engine-cv-perf/7077/ : FAILURE

Compile error at /home/couchbase/jenkins/workspace/kv-engine-cv-perf/kv_engine/engines/ep/src/vbucket.cc:782:5:
error: "XXX" was not declared in this scope
 ( http://cv.jenkins.couchbase.com/job/kv-engine-cv-perf/7077/ )

http://cv.jenkins.couchbase.com/job/kv_engine-linux-master/15173/ : FAILURE

Compile error at /home/couchbase/jenkins/workspace/kv_engine-linux-master/kv_engine/engines/ep/src/vbucket.cc:782:5:
error: "XXX" was not declared in this scope
 ( http://cv.jenkins.couchbase.com/job/kv_engine-linux-master/15173/ )

http://cv.jenkins.couchbase.com/job/kv_engine-ASan-UBSan-master/4701/ : FAILURE

Compile error at /home/couchbase/jenkins/workspace/kv_engine-ASan-UBSan-master/kv_engine/engines/ep/src/vbucket.cc:782:5:
error: "XXX" was not declared in this scope
 ( http://cv.jenkins.couchbase.com/job/kv_engine-ASan-UBSan-master/4701/ )

http://cv.jenkins.couchbase.com/job/kv_engine-windows-master/15663/ : FAILURE

Compile error at ..\kv_engine\engines\ep\src\vbucket.cc(782): error C2065: "XXX": undeclared identifier ( http://cv.jenkins.couchbase.com/job/kv_engine-windows-master/15663/ )

http://cv.jenkins.couchbase.com/job/kv_engine-threadsanitizer-master/7086/ : FAILURE

Compile error at /home/couchbase/jenkins/workspace/kv_engine-threadsanitizer-master/kv_engine/engines/ep/src/vbucket.cc:782:5:
error: "XXX" was not declared in this scope
 ( http://cv.jenkins.couchbase.com/job/kv_engine-threadsanitizer-master/7086/ )

http://cv.jenkins.couchbase.com/job/kv_engine-clang_analyzer-master/13568/ : FAILURE

Compile error at /home/couchbase/jenkins/workspace/kv_engine-clang_analyzer-master/kv_engine/engines/ep/src/vbucket.cc:782:5:
error: unknown type name "XXX"
 ( http://cv.jenkins.couchbase.com/job/kv_engine-clang_analyzer-master/13568/ )

http://cv.jenkins.couchbase.com/job/kv_engine-clang_format/13910/ : SUCCESS
----------------------------------------------------------------------------------------------------------------------
Author: Dave Rigby
Date: 2019-01-09 17:51:03.000000000
Message: 
Abandoned
----------------------------------------------------------------------------------------------------------------------
