======================================================================================================================
DESCRIPTION:

MB-37291: Don't inflate multiple times

Inflate as part of the validator and keep the inflated version around
for reuse in the other steps of processing the request.

Change-Id: I8c214aad3c3974c480495c321def459de78c19fd

======================================================================================================================
COMMENTS
======================================================================================================================
Author: Trond Norbye
Date: 2019-12-19 16:20:54.000000000
Message: 
Uploaded patch set 7.
----------------------------------------------------------------------------------------------------------------------
Author: Build Bot
Date: 2019-12-19 16:26:28.000000000
Message: 
Patch Set 7: Verified-1

Build Failed 

http://cv.jenkins.couchbase.com/job/kv_engine-windows-master/25165/ : ABORTED

Build which was aborted due to a newer patch set being uploaded for the given review. ( http://cv.jenkins.couchbase.com/job/kv_engine-windows-master/25165/ )

http://cv.jenkins.couchbase.com/job/kv_engine-clang_analyzer-master/21450/ : ABORTED

Build which was aborted due to a newer patch set being uploaded for the given review. ( http://cv.jenkins.couchbase.com/job/kv_engine-clang_analyzer-master/21450/ )

http://cv.jenkins.couchbase.com/job/kv_engine.ASan-UBSan/job/master/8695/ : ABORTED

Compile error at [2019-12-19T16:26:11.236Z] /home/couchbase/jenkins/workspace/kv_engine.ASan-UBSan_master/kv_engine/engines/ep/tests/module_tests/dcp_test.cc:1529:7:
error: cannot declare variable ?scapi? to be of abstract type ?ConnectionTest_test_mb20716_connmap_notify_on_delete_Test::TestBody()::MockServerCookieApi?
 ( http://cv.jenkins.couchbase.com/job/kv_engine.ASan-UBSan/job/master/8695/ )

Build which was aborted due to a newer patch set being uploaded for the given review. ( http://cv.jenkins.couchbase.com/job/kv_engine.ASan-UBSan/job/master/8695/ )

http://cv.jenkins.couchbase.com/job/kv-engine-cv-perf/14652/ : FAILURE

Compile error at /home/couchbase/jenkins/workspace/kv-engine-cv-perf/kv_engine/engines/ep/tests/module_tests/dcp_test.cc:1529:7:
error: cannot declare variable "scapi" to be of abstract type "ConnectionTest_test_mb20716_connmap_notify_on_delete_Test::TestBody()::MockServerCookieApi"
 ( http://cv.jenkins.couchbase.com/job/kv-engine-cv-perf/14652/ )

http://cv.jenkins.couchbase.com/job/kv_engine.linux/job/master/816/ : FAILURE

Compile error at [2019-12-19T16:24:30.693Z] /home/couchbase/jenkins/workspace/kv_engine.linux_master/kv_engine/engines/ep/tests/module_tests/dcp_test.cc:1529:7:
error: cannot declare variable ?scapi? to be of abstract type ?ConnectionTest_test_mb20716_connmap_notify_on_delete_Test::TestBody()::MockServerCookieApi?
 ( http://cv.jenkins.couchbase.com/job/kv_engine.linux/job/master/816/ )

http://cv.jenkins.couchbase.com/job/kv_engine.threadsanitizer/job/master/882/ : FAILURE

Compile error at [2019-12-19T16:24:09.652Z] /home/couchbase/jenkins/workspace/kv_engine.threadsanitizer_master/kv_engine/engines/ep/tests/module_tests/dcp_test.cc:1529:7:
error: cannot declare variable ?scapi? to be of abstract type ?ConnectionTest_test_mb20716_connmap_notify_on_delete_Test::TestBody()::MockServerCookieApi?
 ( http://cv.jenkins.couchbase.com/job/kv_engine.threadsanitizer/job/master/882/ )

http://cv.jenkins.couchbase.com/job/kv_engine.linux-CE/job/master/792/ : FAILURE

Compile error at [2019-12-19T16:23:57.562Z] /home/couchbase/jenkins/workspace/kv_engine.linux-CE_master/kv_engine/engines/ep/tests/module_tests/dcp_test.cc:1529:7:
error: cannot declare variable ?scapi? to be of abstract type ?ConnectionTest_test_mb20716_connmap_notify_on_delete_Test::TestBody()::MockServerCookieApi?
 ( http://cv.jenkins.couchbase.com/job/kv_engine.linux-CE/job/master/792/ )

http://cv.jenkins.couchbase.com/job/kv_engine-clang_format/23337/ : SUCCESS
----------------------------------------------------------------------------------------------------------------------
