======================================================================================================================
DESCRIPTION:

MB-50874: Replica to active with de-duped checkpoint [master]

Test cherry-picked to tip of master branch.

Change-Id: I38c683677a32c87226048f8fe632362f0ed13aee

======================================================================================================================
COMMENTS
======================================================================================================================
Author: Dave Rigby
Date: 2022-02-10 10:06:59.000000000
Message: 
Uploaded patch set 2.
----------------------------------------------------------------------------------------------------------------------
Author: Build Bot
Date: 2022-02-10 10:47:47.000000000
Message: 
Patch Set 2: Verified-1

Build Failed 

http://cv.jenkins.couchbase.com/job/kv_engine-windows-master/43769/ : FAILURE

Failure of an engine_testapp test:

<pre>
Running [0034/0159]: test access scanner settings.....\kv_engine\engines\ep\tests\ep_testsuite.cc:3354 Test failed: `" (Expected `0", got `-1" - Initial time incorrect, expect: 02:00, actual: 01:59)
(128 ms) FAIL
</pre>
 ( http://cv.jenkins.couchbase.com/job/kv_engine-windows-master/43769/ )

Timeout of a CTest test 422/422 Test #276: ep_testsuite.ephemeral.comp_active ............................................................................................} ( http://cv.jenkins.couchbase.com/job/kv_engine-windows-master/43769/ )

http://cv.jenkins.couchbase.com/job/kv_engine.linux-CE/job/master/17212/ : FAILURE

One of more core files found at the end of the build. Data for post-mortem saved to archived_core_dumps.tar.bz2 under "Build Artifacts". ( http://cv.jenkins.couchbase.com/job/kv_engine.linux-CE/job/master/17212/ )

http://cv.jenkins.couchbase.com/job/kv_engine.libFuzzer/job/master/5129/ : FAILURE

The warnings threshold for this job was exceeded - <a href="warningsResult">1 warnings</a> found. ( http://cv.jenkins.couchbase.com/job/kv_engine.libFuzzer/job/master/5129/ )

http://cv.jenkins.couchbase.com/job/kv_engine.macos/job/master/16298/ : FAILURE

No problems were identified. If you know why this problem occurred, please add a suitable Cause for it. ( http://cv.jenkins.couchbase.com/job/kv_engine.macos/job/master/16298/ )

http://cv.jenkins.couchbase.com/job/kv_engine.aarch64-linux/job/master/5188/ : FAILURE

No problems were identified. If you know why this problem occurred, please add a suitable Cause for it. ( http://cv.jenkins.couchbase.com/job/kv_engine.aarch64-linux/job/master/5188/ )

http://cv.jenkins.couchbase.com/job/kv_engine.linux/job/master/17519/ : FAILURE

One of more core files found at the end of the build. Data for post-mortem saved to archived_core_dumps.tar.bz2 under "Build Artifacts". ( http://cv.jenkins.couchbase.com/job/kv_engine.linux/job/master/17519/ )

http://cv.jenkins.couchbase.com/job/kv_engine.threadsanitizer/job/master/18257/ : FAILURE

http://cv.jenkins.couchbase.com/job/kv_engine.ASan-UBSan/job/master/25619/ : FAILURE

One of more core files found at the end of the build. Data for post-mortem saved to archived_core_dumps.tar.bz2 under "Build Artifacts". ( http://cv.jenkins.couchbase.com/job/kv_engine.ASan-UBSan/job/master/25619/ )

http://cv.jenkins.couchbase.com/job/kv_engine-clang_format_9/14323/ : SUCCESS

http://cv.jenkins.couchbase.com/job/kv_engine-clang_tidy-master/15479/ : SUCCESS

http://cv.jenkins.couchbase.com/job/kv_engine-clang_analyzer-master/36918/ : SUCCESS
----------------------------------------------------------------------------------------------------------------------
