======================================================================================================================
DESCRIPTION:

MB-54553: Expand EPBucketCDCTest with per-collection item count checks

Change-Id: I53eb0e8322133278ecba0f23de31017fe2ea2895

======================================================================================================================
COMMENTS
======================================================================================================================
Author: Paolo Cocchi
Date: 2023-01-17 09:49:37.000000000
Message: 
Uploaded patch set 4.
----------------------------------------------------------------------------------------------------------------------
Author: Restriction Checker
Date: 2023-01-17 09:49:47.000000000
Message: 
Patch Set 4: Well-Formed-1

Branch restricted. PLEASE READ this URL: 

https://server.jenkins.couchbase.com/job/restricted-branch-check/332815/artifact/restricted.html : FAILURE
----------------------------------------------------------------------------------------------------------------------
Author: Paolo Cocchi
Date: 2023-01-17 09:53:18.000000000
Message: 
Patch Set 4:

(1 comment)
File Comment: /PATCHSET_LEVEL -> check-approval
----------------------------------------------------------------------------------------------------------------------
Author: Paolo Cocchi
Date: 2023-01-17 10:11:50.000000000
Message: 
Patch Set 4:

(1 comment)
File Comment: /PATCHSET_LEVEL -> check approval
----------------------------------------------------------------------------------------------------------------------
Author: Restriction Checker
Date: 2023-01-17 10:12:03.000000000
Message: 
Patch Set 4:

Branch restricted. PLEASE READ this URL: 

https://server.jenkins.couchbase.com/job/restricted-branch-check/332821/artifact/restricted.html : FAILURE
----------------------------------------------------------------------------------------------------------------------
Author: Build Bot
Date: 2023-01-17 11:04:46.000000000
Message: 
Patch Set 4: Verified-1

Build Failed 

https://cv.jenkins.couchbase.com/job/kv_engine-windows-neo/1017/ : FAILURE

Failure of an engine_testapp test:

<pre>
Running [78/160]: disk>RAM delete bgfetch race (skipped)...(9 ms) SKIPPED


99% tests passed, 2 tests failed out of 428

Total Test time (real) = 684.48 sec

The following tests FAIL
</pre>
 ( https://cv.jenkins.couchbase.com/job/kv_engine-windows-neo/1017/ )

Timeout of a CTest test 427/428 Test #278: ep_testsuite.value_eviction.comp_active .......................................................................................} ( https://cv.jenkins.couchbase.com/job/kv_engine-windows-neo/1017/ )

https://cv.jenkins.couchbase.com/job/kv_engine.macos/job/neo/1127/ : FAILURE

No problems were identified. If you know why this problem occurred, please add a suitable Cause for it. ( https://cv.jenkins.couchbase.com/job/kv_engine.macos/job/neo/1127/ )

https://cv.jenkins.couchbase.com/job/kv_engine-clang_format_9/22227/ : SUCCESS

https://cv.jenkins.couchbase.com/job/kv_engine-clang_tidy-neo/839/ : SUCCESS

https://cv.jenkins.couchbase.com/job/kv_engine-clang_analyzer-neo/810/ : SUCCESS

https://cv.jenkins.couchbase.com/job/kv_engine.ASan-UBSan/job/neo/851/ : SUCCESS

https://cv.jenkins.couchbase.com/job/kv_engine.linux-CE/job/neo/860/ : SUCCESS

https://cv.jenkins.couchbase.com/job/kv_engine.threadsanitizer/job/neo/859/ : SUCCESS

https://cv.jenkins.couchbase.com/job/kv_engine.libFuzzer/job/neo/831/ : SUCCESS

https://cv.jenkins.couchbase.com/job/kv_engine.aarch64-linux/job/neo/845/ : SUCCESS

https://cv.jenkins.couchbase.com/job/kv_engine.linux/job/neo/850/ : SUCCESS
----------------------------------------------------------------------------------------------------------------------
Author: Restriction Checker
Date: 2023-01-17 11:21:37.000000000
Message: 
Patch Set 4: Well-Formed+1

Permission granted to commit: 

https://server.jenkins.couchbase.com/job/restricted-branch-check/332830/artifact/restricted.html : SUCCESS
----------------------------------------------------------------------------------------------------------------------
Author: Jim Walker
Date: 2023-01-17 14:55:59.000000000
Message: 
Patch Set 4: Code-Review+2
----------------------------------------------------------------------------------------------------------------------
Author: Build Bot
Date: 2023-01-17 15:27:44.000000000
Message: 
Patch Set 4: Verified+1

Build Successful 

https://cv.jenkins.couchbase.com/job/kv_engine-clang_format_9/22227/ : SUCCESS

https://cv.jenkins.couchbase.com/job/kv_engine-clang_tidy-neo/839/ : SUCCESS

https://cv.jenkins.couchbase.com/job/kv_engine-clang_analyzer-neo/810/ : SUCCESS

https://cv.jenkins.couchbase.com/job/kv_engine.ASan-UBSan/job/neo/851/ : SUCCESS

https://cv.jenkins.couchbase.com/job/kv_engine.linux-CE/job/neo/860/ : SUCCESS

https://cv.jenkins.couchbase.com/job/kv_engine.threadsanitizer/job/neo/859/ : SUCCESS

https://cv.jenkins.couchbase.com/job/kv_engine.libFuzzer/job/neo/831/ : SUCCESS

https://cv.jenkins.couchbase.com/job/kv_engine.aarch64-linux/job/neo/845/ : SUCCESS

https://cv.jenkins.couchbase.com/job/kv_engine.macos/job/neo/1140/ : SUCCESS

https://cv.jenkins.couchbase.com/job/kv_engine.linux/job/neo/850/ : SUCCESS

https://cv.jenkins.couchbase.com/job/kv_engine-windows-neo/1030/ : SUCCESS
----------------------------------------------------------------------------------------------------------------------
