======================================================================================================================
DESCRIPTION:

Add Checkpoint Iterator

Change-Id: Ia63aef3cde88354e3a990ebdd5e80980e9d81a3b

======================================================================================================================
COMMENTS
======================================================================================================================
Author: Daniel Owen
Date: 2018-12-11 12:21:55.000000000
Message: 
Uploaded patch set 22.
----------------------------------------------------------------------------------------------------------------------
Author: Build Bot
Date: 2018-12-11 12:26:51.000000000
Message: 
Patch Set 22: Verified-1

Build Failed 

http://cv.jenkins.couchbase.com/job/kv_engine-ASan-UBSan-master/4116/ : ABORTED

Compile error at /home/couchbase/jenkins/workspace/kv_engine-ASan-UBSan-master/couchstore/src/dbdump.cc:14:10:
fatal error: collections/vbucket_serialised_manifest_entry_generated.h: No such file or directory
 ( http://cv.jenkins.couchbase.com/job/kv_engine-ASan-UBSan-master/4116/ )

http://cv.jenkins.couchbase.com/job/kv_engine-clang_analyzer-master/13022/ : ABORTED

No problems were identified. If you know why this problem occurred, please add a suitable Cause for it. ( http://cv.jenkins.couchbase.com/job/kv_engine-clang_analyzer-master/13022/ )

http://cv.jenkins.couchbase.com/job/kv_engine-windows-master/14998/ : FAILURE

Compile error at ..\couchstore\src\dbdump.cc(14): fatal error C1083: Cannot open include file: "collections/vbucket_serialised_manifest_entry_generated.h": No such file or directory ( http://cv.jenkins.couchbase.com/job/kv_engine-windows-master/14998/ )

http://cv.jenkins.couchbase.com/job/kv_engine-threadsanitizer-master/6439/ : FAILURE

Compile error at /home/couchbase/jenkins/workspace/kv_engine-threadsanitizer-master/couchstore/src/dbdump.cc:14:10:
fatal error: collections/vbucket_serialised_manifest_entry_generated.h: No such file or directory
 ( http://cv.jenkins.couchbase.com/job/kv_engine-threadsanitizer-master/6439/ )

http://cv.jenkins.couchbase.com/job/kv_engine-linux-master/14508/ : FAILURE

Compile error at /home/couchbase/jenkins/workspace/kv_engine-linux-master/couchstore/src/dbdump.cc:14:10:
fatal error: collections/vbucket_serialised_manifest_entry_generated.h: No such file or directory
 ( http://cv.jenkins.couchbase.com/job/kv_engine-linux-master/14508/ )

http://cv.jenkins.couchbase.com/job/kv_engine-clang_format/13358/ : SUCCESS
----------------------------------------------------------------------------------------------------------------------
