======================================================================================================================
DESCRIPTION:

[Refactor] call Cookie::checkForPrivilegeAtLeastInOneCollection

The mock and the real cookie called the same virtual function
and there is no allocation so the wrapper layer didn't add anything
useful

Change-Id: If568bb1036f6caf32db25c3bf4e9ed8f4aa4fdc8

======================================================================================================================
COMMENTS
======================================================================================================================
Author: Trond Norbye
Date: 2022-10-13 05:31:34.000000000
Message: 
Uploaded patch set 1.
----------------------------------------------------------------------------------------------------------------------
Author: Build Bot
Date: 2022-10-13 05:59:35.000000000
Message: 
Patch Set 1: Verified-1

Build Failed 

https://cv.jenkins.couchbase.com/job/kv_engine-windows-master/50279/ : FAILURE

Failure of GoogleTest "TransportProtocols/XattrTest.mb25928_SystemCanExceedDocumentLimit/Mcbp_XattrYes_JsonNo_SnappyYes":

<pre>
[ RUN      ] TransportProtocols/XattrTest.mb25928_SystemCanExceedDocumentLimit/Mcbp_XattrYes_JsonNo_SnappyYes
C:/Jenkins/workspace/kv_engine-windows-master/kv_engine/tests/testapp/testapp_xattr.cc(1929): error: Value of: resp.isSuccess()
  Actual: false
Expected: true
Expected to be able to store system xattrs
[  FAILED  ] TransportProtocols/XattrTest.mb25928_SystemCanExceedDocumentLimit/Mcbp_XattrYes_JsonNo_SnappyYes, where GetParam() = (Mcbp, XattrYes, 4-byte object <01-00 00-00>, 4-byte object <00-00 00-00>) (172 ms)
TransportProtocols/XattrTest.mb25928_SystemCanExceedDocumentLimit/Mcbp_XattrYes_JsonNo_SnappyYes
</pre>
 ( https://cv.jenkins.couchbase.com/job/kv_engine-windows-master/50279/ )

https://cv.jenkins.couchbase.com/job/kv_engine.linux-CE/job/master/23117/ : FAILURE

Failure of GoogleTest "TransportProtocols/XattrTest.mb25928_SystemCanExceedDocumentLimit/Mcbp_XattrYes_JsonNo_SnappyYes":

<pre>
[ RUN      ] TransportProtocols/XattrTest.mb25928_SystemCanExceedDocumentLimit/Mcbp_XattrYes_JsonNo_SnappyYes
[2022-10-13T05:58:50.078Z] unknown file: Failure
[2022-10-13T05:58:50.078Z] C++ exception with description "Failed to store TransportProtocols_XattrTest_mb25928_SystemCanExceedDocumentLimit_Mcbp_XattrYes_JsonNo_SnappyYes: Temporary failure (134)" thrown in SetUp().
[2022-10-13T05:58:50.078Z] [  FAILED  ] TransportProtocols/XattrTest.mb25928_SystemCanExceedDocumentLimit/Mcbp_XattrYes_JsonNo_SnappyYes, where GetParam() = (Mcbp, XattrYes, 4-byte object <01-00 00-00>, 4-byte object <00-00 00-00>) (1 ms)
TransportProtocols/XattrTest.mb25928_SystemCanExceedDocumentLimit/Mcbp_XattrYes_JsonNo_SnappyYes
</pre>
 ( https://cv.jenkins.couchbase.com/job/kv_engine.linux-CE/job/master/23117/ )

https://cv.jenkins.couchbase.com/job/kv_engine-clang_format_9/20345/ : SUCCESS

https://cv.jenkins.couchbase.com/job/kv_engine-clang_tidy-master/21099/ : SUCCESS

https://cv.jenkins.couchbase.com/job/kv_engine-clang_analyzer-master/42189/ : SUCCESS

https://cv.jenkins.couchbase.com/job/kv_engine.libFuzzer/job/master/10829/ : SUCCESS

https://cv.jenkins.couchbase.com/job/kv_engine.threadsanitizer/job/master/24349/ : SUCCESS

https://cv.jenkins.couchbase.com/job/kv_engine.macos/job/master/22527/ : SUCCESS

https://cv.jenkins.couchbase.com/job/kv_engine.ASan-UBSan/job/master/31528/ : SUCCESS

https://cv.jenkins.couchbase.com/job/kv_engine.linux/job/master/23512/ : SUCCESS

https://cv.jenkins.couchbase.com/job/kv_engine.aarch64-linux/job/master/10927/ : SUCCESS
----------------------------------------------------------------------------------------------------------------------
Author: Build Bot
Date: 2022-10-13 06:16:41.000000000
Message: 
Patch Set 1: Verified-1

Build Failed 

https://cv.jenkins.couchbase.com/job/kv_engine.linux-CE/job/master/23119/ : ABORTED

Build which was aborted due to a newer patch set being uploaded for the given review. ( https://cv.jenkins.couchbase.com/job/kv_engine.linux-CE/job/master/23119/ )

https://cv.jenkins.couchbase.com/job/kv_engine-windows-master/50281/ : ABORTED

Build which was aborted due to a newer patch set being uploaded for the given review. ( https://cv.jenkins.couchbase.com/job/kv_engine-windows-master/50281/ )

https://cv.jenkins.couchbase.com/job/kv_engine-clang_format_9/20345/ : SUCCESS

https://cv.jenkins.couchbase.com/job/kv_engine-clang_tidy-master/21099/ : SUCCESS

https://cv.jenkins.couchbase.com/job/kv_engine-clang_analyzer-master/42189/ : SUCCESS

https://cv.jenkins.couchbase.com/job/kv_engine.libFuzzer/job/master/10829/ : SUCCESS

https://cv.jenkins.couchbase.com/job/kv_engine.threadsanitizer/job/master/24349/ : SUCCESS

https://cv.jenkins.couchbase.com/job/kv_engine.macos/job/master/22527/ : SUCCESS

https://cv.jenkins.couchbase.com/job/kv_engine.ASan-UBSan/job/master/31528/ : SUCCESS

https://cv.jenkins.couchbase.com/job/kv_engine.linux/job/master/23512/ : SUCCESS

https://cv.jenkins.couchbase.com/job/kv_engine.aarch64-linux/job/master/10927/ : SUCCESS
----------------------------------------------------------------------------------------------------------------------
