======================================================================================================================
DESCRIPTION:

MB-19707: Test stats for SeqnoVbStats

Add new module test for the stats code.
Contains a test for ensuring we can
successfully add SeqnoVbStats.

Change-Id: Ia1dee0aa5146ef53393d7ad638fb49250072fdb4

======================================================================================================================
COMMENTS
======================================================================================================================
Author: Daniel Owen
Date: 2016-09-07 13:32:49.000000000
Message: 
Uploaded patch set 9.
----------------------------------------------------------------------------------------------------------------------
Author: Build Bot
Date: 2016-09-07 13:32:55.000000000
Message: 
Patch Set 9:

Build Started http://cv.jenkins.couchbase.com/job/ep-engine-gerrit-master/1281/ (1/4)
----------------------------------------------------------------------------------------------------------------------
Author: Daniel Owen
Date: 2016-09-07 13:35:39.000000000
Message: 
Patch Set 9: Code-Review-2
----------------------------------------------------------------------------------------------------------------------
Author: Build Bot
Date: 2016-09-07 13:44:19.000000000
Message: 
Patch Set 9:

Build Started http://cv.jenkins.couchbase.com/job/ep-engine-addresssanitizer-master/89/ (2/4)
----------------------------------------------------------------------------------------------------------------------
Author: Build Bot
Date: 2016-09-07 13:44:26.000000000
Message: 
Patch Set 9:

Build Started http://cv.jenkins.couchbase.com/job/ep-engine-threadsanitizer-master/1191/ (3/4)
----------------------------------------------------------------------------------------------------------------------
Author: Build Bot
Date: 2016-09-07 14:27:51.000000000
Message: 
Patch Set 9:

Build Started http://cv.jenkins.couchbase.com/job/ep-engine-clang_analyzer-master/1011/ (4/4)
----------------------------------------------------------------------------------------------------------------------
Author: Build Bot
Date: 2016-09-07 14:34:15.000000000
Message: 
Patch Set 9: Verified-1

Build Failed 

http://cv.jenkins.couchbase.com/job/ep-engine-addresssanitizer-master/89/ : FAILURE

Timeout of a CTest test 32/32 Test #24: ep-engine_dcp_tests ...................} ( http://cv.jenkins.couchbase.com//job/ep-engine-addresssanitizer-master/89/ )

Failure of a CTest test  ( http://cv.jenkins.couchbase.com//job/ep-engine-addresssanitizer-master/89/ )

http://cv.jenkins.couchbase.com/job/ep-engine-threadsanitizer-master/1191/ : FAILURE

Failure of a CTest test 17/32 Test  #8: ep-engine_ep_unit_tests ............... ( http://cv.jenkins.couchbase.com//job/ep-engine-threadsanitizer-master/1191/ )

http://cv.jenkins.couchbase.com/job/ep-engine-gerrit-master/1281/ : FAILURE

http://cv.jenkins.couchbase.com/job/ep-engine-clang_analyzer-master/1011/ : SUCCESS
----------------------------------------------------------------------------------------------------------------------
Author: Gerrit Code Review
Date: 2016-09-13 08:02:06.000000000
Message: 
Change has been successfully cherry-picked as b2b5dd19944218fe261f81c6a16f90010470ebdf by Dave Rigby
----------------------------------------------------------------------------------------------------------------------
