======================================================================================================================
DESCRIPTION:

MB-45654: Update purge seqno during Magma implicit compaction

Change-Id: I230667da1bb9aff202e97ffc84cd51afc572043c

======================================================================================================================
COMMENTS
======================================================================================================================
Author: Richard de Mellow
Date: 2021-08-31 11:21:00.000000000
Message: 
Uploaded patch set 2.
----------------------------------------------------------------------------------------------------------------------
Author: Build Bot
Date: 2021-08-31 12:09:27.000000000
Message: 
Patch Set 2: Verified-1

Build Failed 

http://cv.jenkins.couchbase.com/job/kv_engine-windows-master/39230/ : FAILURE

Failure of an engine_testapp test:

<pre>
Running [0116/0157]: mb-3466...(21 ms) OK


99% tests passed, 2 tests failed out of 403

Total Test time (real) = 675.47 sec

The following tests FAIL
</pre>
 ( http://cv.jenkins.couchbase.com/job/kv_engine-windows-master/39230/ )

Timeout of a CTest test 402/403 Test #271: ep_testsuite_dcp.ephemeral.comp_passive .......................................................................................} ( http://cv.jenkins.couchbase.com/job/kv_engine-windows-master/39230/ )

http://cv.jenkins.couchbase.com/job/kv_engine.ASan-UBSan/job/master/21594/ : FAILURE

http://cv.jenkins.couchbase.com/job/kv_engine.linux/job/master/13665/ : FAILURE

No problems were identified. If you know why this problem occurred, please add a suitable Cause for it. ( http://cv.jenkins.couchbase.com/job/kv_engine.linux/job/master/13665/ )

http://cv.jenkins.couchbase.com/job/kv_engine-clang_tidy-master/11822/ : SUCCESS

http://cv.jenkins.couchbase.com/job/kv_engine-clang_analyzer-master/33412/ : SUCCESS

http://cv.jenkins.couchbase.com/job/kv_engine-clang_format_9/10605/ : SUCCESS

http://cv.jenkins.couchbase.com/job/kv_engine.threadsanitizer/job/master/14085/ : SUCCESS

http://cv.jenkins.couchbase.com/job/kv_engine.aarch64-linux/job/master/1481/ : SUCCESS

http://cv.jenkins.couchbase.com/job/kv_engine.macos/job/master/12579/ : SUCCESS

http://cv.jenkins.couchbase.com/job/kv_engine.libFuzzer/job/master/1465/ : SUCCESS

http://cv.jenkins.couchbase.com/job/kv_engine.linux-CE/job/master/13433/ : SUCCESS
----------------------------------------------------------------------------------------------------------------------
Author: Build Bot
Date: 2021-08-31 12:31:12.000000000
Message: 
Patch Set 2:

Build Failed 

http://cv.jenkins.couchbase.com/job/kv_engine-windows-master/39232/ : FAILURE

Failure of GoogleTest "FullAndvalueEviction/EPBucketTest.GetKeyStatsEjected/persistent_nexus_couchstore_magma_full_eviction":

<pre>
[ RUN      ] FullAndvalueEviction/EPBucketTest.GetKeyStatsEjected/persistent_nexus_couchstore_magma_full_eviction
unknown file: error: C++ exception with description "boost::filesystem::create_directory: Access is denied: "\\?\C:\Jenkins\workspace\kv_engine-windows-master\build\kv_engine\ep_engine_ep_unit_tests.db\test.714602\nexus-primary"" thrown in SetUp().
unknown file: error: SEH exception with code 0xc0000005 thrown in TearDown().
[  FAILED  ] FullAndvalueEviction/EPBucketTest.GetKeyStatsEjected/persistent_nexus_couchstore_magma_full_eviction, where GetParam() = ("persistent_nexus_couchstore_magma", "full_eviction") (4 ms)
FullAndvalueEviction/EPBucketTest.GetKeyStatsEjected/persistent_nexus_couchstore_magma_full_eviction
</pre>
 ( http://cv.jenkins.couchbase.com/job/kv_engine-windows-master/39232/ )

http://cv.jenkins.couchbase.com/job/kv_engine-clang_tidy-master/11822/ : SUCCESS

http://cv.jenkins.couchbase.com/job/kv_engine-clang_analyzer-master/33412/ : SUCCESS

http://cv.jenkins.couchbase.com/job/kv_engine-clang_format_9/10605/ : SUCCESS

http://cv.jenkins.couchbase.com/job/kv_engine.threadsanitizer/job/master/14085/ : SUCCESS

http://cv.jenkins.couchbase.com/job/kv_engine.aarch64-linux/job/master/1481/ : SUCCESS

http://cv.jenkins.couchbase.com/job/kv_engine.macos/job/master/12579/ : SUCCESS

http://cv.jenkins.couchbase.com/job/kv_engine.libFuzzer/job/master/1465/ : SUCCESS

http://cv.jenkins.couchbase.com/job/kv_engine.linux-CE/job/master/13433/ : SUCCESS

http://cv.jenkins.couchbase.com/job/kv_engine.linux/job/master/13667/ : SUCCESS

http://cv.jenkins.couchbase.com/job/kv_engine.ASan-UBSan/job/master/21596/ : SUCCESS
----------------------------------------------------------------------------------------------------------------------
