======================================================================================================================
DESCRIPTION:

MB-45756: Persist stats at end of EventuallyPersistentEngine::destroy()

Change-Id: Ia05cafcbcc0c225fe373d0ccfebf135a5c012c6e

======================================================================================================================
COMMENTS
======================================================================================================================
Author: Richard de Mellow
Date: 2021-05-07 11:14:21.000000000
Message: 
Uploaded patch set 8.
----------------------------------------------------------------------------------------------------------------------
Author: Build Bot
Date: 2021-05-07 11:54:16.000000000
Message: 
Patch Set 8: Verified-1

Build Failed 

http://cv.jenkins.couchbase.com/job/kv_engine.linux/job/master/10535/ : FAILURE

Failure of GoogleTest "WarmupDiskTest.noDataFileCollectionCountsTest":

<pre>
[ RUN      ] WarmupDiskTest.noDataFileCollectionCountsTest
[2021-05-07T11:22:23.872Z] ../kv_engine/engines/ep/tests/module_tests/evp_store_warmup_test.cc:2351: Failure
[2021-05-07T11:22:23.872Z] Expected equality of these values:
[2021-05-07T11:22:23.872Z]   WarmupState::State::LoadingCollectionCounts
[2021-05-07T11:22:23.872Z]     Which is: 4-byte object <02-00 00-00>
[2021-05-07T11:22:23.872Z]   getKVBucket()->getWarmup()->getWarmupState()
[2021-05-07T11:22:23.872Z]     Which is: 4-byte object <0B-00 00-00>
[2021-05-07T11:22:23.872Z] [  FAILED  ] WarmupDiskTest.noDataFileCollectionCountsTest (10 ms)
WarmupDiskTest.noDataFileCollectionCountsTest
</pre>
 ( http://cv.jenkins.couchbase.com/job/kv_engine.linux/job/master/10535/ )

http://cv.jenkins.couchbase.com/job/kv_engine.ASan-UBSan/job/master/18345/ : FAILURE

http://cv.jenkins.couchbase.com/job/kv_engine-clang_analyzer-master/30508/ : UNSTABLE

Clang Analyser identified one or more potential bugs - see <a href="clangScanBuildBugs">clangScanBuildBugs</a> ( http://cv.jenkins.couchbase.com/job/kv_engine-clang_analyzer-master/30508/ )

http://cv.jenkins.couchbase.com/job/kv_engine-clang_tidy/8848/ : SUCCESS

http://cv.jenkins.couchbase.com/job/kv_engine-clang_format_9/7400/ : SUCCESS

http://cv.jenkins.couchbase.com/job/kv_engine-windows-master/35676/ : SUCCESS

http://cv.jenkins.couchbase.com/job/kv_engine.macos/job/master/9465/ : SUCCESS

http://cv.jenkins.couchbase.com/job/kv_engine.linux-CE/job/master/10394/ : SUCCESS

http://cv.jenkins.couchbase.com/job/kv_engine.threadsanitizer/job/master/10785/ : SUCCESS
----------------------------------------------------------------------------------------------------------------------
Author: Build Bot
Date: 2021-05-07 12:23:38.000000000
Message: 
Patch Set 8:

Build Failed 

http://cv.jenkins.couchbase.com/job/kv_engine.linux/job/master/10542/ : FAILURE

Failure of GoogleTest "WarmupDiskTest.noDataFileCollectionCountsTest":

<pre>
[ RUN      ] WarmupDiskTest.noDataFileCollectionCountsTest
[2021-05-07T12:15:39.673Z] ../kv_engine/engines/ep/tests/module_tests/evp_store_warmup_test.cc:2351: Failure
[2021-05-07T12:15:39.673Z] Expected equality of these values:
[2021-05-07T12:15:39.673Z]   WarmupState::State::LoadingCollectionCounts
[2021-05-07T12:15:39.673Z]     Which is: 4-byte object <02-00 00-00>
[2021-05-07T12:15:39.673Z]   getKVBucket()->getWarmup()->getWarmupState()
[2021-05-07T12:15:39.673Z]     Which is: 4-byte object <0B-00 00-00>
[2021-05-07T12:15:39.673Z] [  FAILED  ] WarmupDiskTest.noDataFileCollectionCountsTest (11 ms)
WarmupDiskTest.noDataFileCollectionCountsTest
</pre>
 ( http://cv.jenkins.couchbase.com/job/kv_engine.linux/job/master/10542/ )

http://cv.jenkins.couchbase.com/job/kv_engine-clang_analyzer-master/30508/ : UNSTABLE

Clang Analyser identified one or more potential bugs - see <a href="clangScanBuildBugs">clangScanBuildBugs</a> ( http://cv.jenkins.couchbase.com/job/kv_engine-clang_analyzer-master/30508/ )

http://cv.jenkins.couchbase.com/job/kv_engine-clang_tidy/8848/ : SUCCESS

http://cv.jenkins.couchbase.com/job/kv_engine-clang_format_9/7400/ : SUCCESS

http://cv.jenkins.couchbase.com/job/kv_engine-windows-master/35676/ : SUCCESS

http://cv.jenkins.couchbase.com/job/kv_engine.macos/job/master/9465/ : SUCCESS

http://cv.jenkins.couchbase.com/job/kv_engine.linux-CE/job/master/10394/ : SUCCESS

http://cv.jenkins.couchbase.com/job/kv_engine.threadsanitizer/job/master/10785/ : SUCCESS

http://cv.jenkins.couchbase.com/job/kv_engine.ASan-UBSan/job/master/18352/ : SUCCESS
----------------------------------------------------------------------------------------------------------------------
