======================================================================================================================
DESCRIPTION:

Use target definition file for maven build

Change-Id: I1044751c600e7725fd2cb02578c28d5f45de1854
Signed-off-by: Marc-Andre Laperle <marc-andre.laperle@ericsson.com>

======================================================================================================================
COMMENTS
======================================================================================================================
Author: Marc-André Laperle
Date: 2014-05-30 22:59:48.000000000
Message: 
Uploaded patch set 1.
----------------------------------------------------------------------------------------------------------------------
Author: CI Bot
Date: 2014-05-30 22:59:53.000000000
Message: 
Patch Set 1:

Build Started https://hudson.eclipse.org/cdt/job/cdt-verify/736/
----------------------------------------------------------------------------------------------------------------------
Author: CI Bot
Date: 2014-05-30 23:00:07.000000000
Message: 
Patch Set 1: Verified-1

Build Failed 

https://hudson.eclipse.org/cdt/job/cdt-verify/736/ : FAILURE
----------------------------------------------------------------------------------------------------------------------
Author: Marc-André Laperle
Date: 2014-05-30 23:01:58.000000000
Message: 
Patch Set 1: Code-Review-1

The builds fails locally for me in codan, mysteriously. I want to see how it behaves on Hudson.
----------------------------------------------------------------------------------------------------------------------
Author: Marc-André Laperle
Date: 2014-05-30 23:02:34.000000000
Message: 
Patch Set 1:

I get:

Failed tests:   testInMethodCall(org.eclipse.cdt.codan.internal.checkers.ui.quickfix.CreateLocalVariableQuickFixTest): Text <char aChar> not found in <class Foo {  void 
bar(char);};void func() {Foo foo;foo.bar(aChar);}>
----------------------------------------------------------------------------------------------------------------------
Author: CI Bot
Date: 2014-05-30 23:03:01.000000000
Message: 
Patch Set 1: -Verified

Build Started https://hudson.eclipse.org/cdt/job/cdt-verify/737/
----------------------------------------------------------------------------------------------------------------------
Author: CI Bot
Date: 2014-05-30 23:03:09.000000000
Message: 
Patch Set 1: Verified-1

Build Failed 

https://hudson.eclipse.org/cdt/job/cdt-verify/737/ : FAILURE
----------------------------------------------------------------------------------------------------------------------
