======================================================================================================================
DESCRIPTION:

Test linked commit for C++17 upgrade

Change-Id: I68c7f129ea23156514ed6b600d0b75cde56dc694

======================================================================================================================
COMMENTS
======================================================================================================================
Author: Dave Rigby
Date: 2020-03-02 17:26:02.000000000
Message: 
Patch Set 2: Patch Set 1 was rebased
----------------------------------------------------------------------------------------------------------------------
Author: Build Bot
Date: 2020-03-02 19:29:46.000000000
Message: 
Patch Set 2: Verified-1

Build Failed 

http://cv.jenkins.couchbase.com/job/kv_engine-windows-master/26538/ : FAILURE

Link error: error LNK2019: unresolved external symbol "__declspec(dllimport) public: __cdecl google::base::CheckOpMessageBuilder::CheckOpMessageBuilder(char const *)" (__imp_??0CheckOpMessageBuilder@base@google@@QEAA@PEBD@Z) referenced in function "class std::basic_string<char,struct std::char_traits<char>,class std::allocator<char> > * __cdecl google::MakeCheckOpString<double,double>(double const &,double const &,char const *)" (??$MakeCheckOpString@NN@google@@YAPEAV?$basic_string@DU?$char_traits@D@std@@V?$allocator@D@2@@std@@AEBN0PEBD@Z) ( http://cv.jenkins.couchbase.com/job/kv_engine-windows-master/26538/ )

http://cv.jenkins.couchbase.com/job/kv_engine.linux/job/master/2223/ : FAILURE

No problems were identified. If you know why this problem occurred, please add a suitable Cause for it. ( http://cv.jenkins.couchbase.com/job/kv_engine.linux/job/master/2223/ )

http://cv.jenkins.couchbase.com/job/kv_engine.linux-CE/job/master/2184/ : FAILURE

No problems were identified. If you know why this problem occurred, please add a suitable Cause for it. ( http://cv.jenkins.couchbase.com/job/kv_engine.linux-CE/job/master/2184/ )

http://cv.jenkins.couchbase.com/job/kv_engine.threadsanitizer/job/master/2232/ : FAILURE

No problems were identified. If you know why this problem occurred, please add a suitable Cause for it. ( http://cv.jenkins.couchbase.com/job/kv_engine.threadsanitizer/job/master/2232/ )

http://cv.jenkins.couchbase.com/job/kv_engine.ASan-UBSan/job/master/10073/ : FAILURE

No problems were identified. If you know why this problem occurred, please add a suitable Cause for it. ( http://cv.jenkins.couchbase.com/job/kv_engine.ASan-UBSan/job/master/10073/ )

http://cv.jenkins.couchbase.com/job/kv_engine-clang_format/24935/ : SUCCESS

http://cv.jenkins.couchbase.com/job/kv-engine-cv-perf/15755/ : SUCCESS

http://cv.jenkins.couchbase.com/job/kv_engine-clang_analyzer-master/22690/ : SUCCESS

http://cv.jenkins.couchbase.com/job/kv_engine-clang_tidy/873/ : SUCCESS

http://cv.jenkins.couchbase.com/job/kv_engine.macos/job/master/1305/ : SUCCESS
----------------------------------------------------------------------------------------------------------------------
Author: Build Bot
Date: 2020-03-03 10:40:04.000000000
Message: 
Patch Set 2:

Build Failed 

http://cv.jenkins.couchbase.com/job/kv_engine.linux/job/master/2231/ : FAILURE

Failure of a CTest test [2020-03-03T09:57:30.528Z]  64/208 Test  #62: ep_testsuite_dcp.full_eviction.magma ......................................... ( http://cv.jenkins.couchbase.com/job/kv_engine.linux/job/master/2231/ )

http://cv.jenkins.couchbase.com/job/kv_engine-clang_format/24935/ : SUCCESS

http://cv.jenkins.couchbase.com/job/kv-engine-cv-perf/15755/ : SUCCESS

http://cv.jenkins.couchbase.com/job/kv_engine-clang_analyzer-master/22690/ : SUCCESS

http://cv.jenkins.couchbase.com/job/kv_engine-clang_tidy/873/ : SUCCESS

http://cv.jenkins.couchbase.com/job/kv_engine.macos/job/master/1305/ : SUCCESS

http://cv.jenkins.couchbase.com/job/kv_engine.linux-CE/job/master/2192/ : SUCCESS

http://cv.jenkins.couchbase.com/job/kv_engine.threadsanitizer/job/master/2242/ : SUCCESS

http://cv.jenkins.couchbase.com/job/kv_engine.ASan-UBSan/job/master/10081/ : SUCCESS

http://cv.jenkins.couchbase.com/job/kv_engine-windows-master/26548/ : SUCCESS
----------------------------------------------------------------------------------------------------------------------
Author: Build Bot
Date: 2020-03-03 11:03:21.000000000
Message: 
Patch Set 2:

Build Failed 

http://cv.jenkins.couchbase.com/job/kv_engine.linux/job/master/2242/ : FAILURE

http://cv.jenkins.couchbase.com/job/kv_engine-clang_format/24935/ : SUCCESS

http://cv.jenkins.couchbase.com/job/kv-engine-cv-perf/15755/ : SUCCESS

http://cv.jenkins.couchbase.com/job/kv_engine-clang_analyzer-master/22690/ : SUCCESS

http://cv.jenkins.couchbase.com/job/kv_engine-clang_tidy/873/ : SUCCESS

http://cv.jenkins.couchbase.com/job/kv_engine.macos/job/master/1305/ : SUCCESS

http://cv.jenkins.couchbase.com/job/kv_engine.linux-CE/job/master/2192/ : SUCCESS

http://cv.jenkins.couchbase.com/job/kv_engine.threadsanitizer/job/master/2242/ : SUCCESS

http://cv.jenkins.couchbase.com/job/kv_engine.ASan-UBSan/job/master/10081/ : SUCCESS

http://cv.jenkins.couchbase.com/job/kv_engine-windows-master/26548/ : SUCCESS
----------------------------------------------------------------------------------------------------------------------
Author: Build Bot
Date: 2020-03-03 11:13:59.000000000
Message: 
Patch Set 2:

Build Failed 

http://cv.jenkins.couchbase.com/job/kv_engine.linux/job/master/2243/ : FAILURE

http://cv.jenkins.couchbase.com/job/kv_engine-clang_format/24935/ : SUCCESS

http://cv.jenkins.couchbase.com/job/kv-engine-cv-perf/15755/ : SUCCESS

http://cv.jenkins.couchbase.com/job/kv_engine-clang_analyzer-master/22690/ : SUCCESS

http://cv.jenkins.couchbase.com/job/kv_engine-clang_tidy/873/ : SUCCESS

http://cv.jenkins.couchbase.com/job/kv_engine.macos/job/master/1305/ : SUCCESS

http://cv.jenkins.couchbase.com/job/kv_engine.linux-CE/job/master/2192/ : SUCCESS

http://cv.jenkins.couchbase.com/job/kv_engine.threadsanitizer/job/master/2242/ : SUCCESS

http://cv.jenkins.couchbase.com/job/kv_engine.ASan-UBSan/job/master/10081/ : SUCCESS

http://cv.jenkins.couchbase.com/job/kv_engine-windows-master/26548/ : SUCCESS
----------------------------------------------------------------------------------------------------------------------
Author: Build Bot
Date: 2020-03-03 11:20:06.000000000
Message: 
Patch Set 2:

Build Failed 

http://cv.jenkins.couchbase.com/job/kv_engine.linux/job/master/2244/ : FAILURE

http://cv.jenkins.couchbase.com/job/kv_engine-clang_format/24935/ : SUCCESS

http://cv.jenkins.couchbase.com/job/kv-engine-cv-perf/15755/ : SUCCESS

http://cv.jenkins.couchbase.com/job/kv_engine-clang_analyzer-master/22690/ : SUCCESS

http://cv.jenkins.couchbase.com/job/kv_engine-clang_tidy/873/ : SUCCESS

http://cv.jenkins.couchbase.com/job/kv_engine.macos/job/master/1305/ : SUCCESS

http://cv.jenkins.couchbase.com/job/kv_engine.linux-CE/job/master/2192/ : SUCCESS

http://cv.jenkins.couchbase.com/job/kv_engine.threadsanitizer/job/master/2242/ : SUCCESS

http://cv.jenkins.couchbase.com/job/kv_engine.ASan-UBSan/job/master/10081/ : SUCCESS

http://cv.jenkins.couchbase.com/job/kv_engine-windows-master/26548/ : SUCCESS
----------------------------------------------------------------------------------------------------------------------
Author: Build Bot
Date: 2020-03-03 12:05:48.000000000
Message: 
Patch Set 2:

Build Failed 

http://cv.jenkins.couchbase.com/job/kv_engine.linux/job/master/2245/ : FAILURE

http://cv.jenkins.couchbase.com/job/kv_engine-clang_format/24935/ : SUCCESS

http://cv.jenkins.couchbase.com/job/kv-engine-cv-perf/15755/ : SUCCESS

http://cv.jenkins.couchbase.com/job/kv_engine-clang_analyzer-master/22690/ : SUCCESS

http://cv.jenkins.couchbase.com/job/kv_engine-clang_tidy/873/ : SUCCESS

http://cv.jenkins.couchbase.com/job/kv_engine.macos/job/master/1305/ : SUCCESS

http://cv.jenkins.couchbase.com/job/kv_engine.linux-CE/job/master/2192/ : SUCCESS

http://cv.jenkins.couchbase.com/job/kv_engine.threadsanitizer/job/master/2242/ : SUCCESS

http://cv.jenkins.couchbase.com/job/kv_engine.ASan-UBSan/job/master/10081/ : SUCCESS

http://cv.jenkins.couchbase.com/job/kv_engine-windows-master/26548/ : SUCCESS
----------------------------------------------------------------------------------------------------------------------
Author: Build Bot
Date: 2020-03-03 14:03:01.000000000
Message: 
Patch Set 2:

Build Failed 

http://cv.jenkins.couchbase.com/job/kv_engine.linux/job/master/2253/ : FAILURE

http://cv.jenkins.couchbase.com/job/kv_engine-clang_format/24935/ : SUCCESS

http://cv.jenkins.couchbase.com/job/kv-engine-cv-perf/15755/ : SUCCESS

http://cv.jenkins.couchbase.com/job/kv_engine-clang_analyzer-master/22690/ : SUCCESS

http://cv.jenkins.couchbase.com/job/kv_engine-clang_tidy/873/ : SUCCESS

http://cv.jenkins.couchbase.com/job/kv_engine.macos/job/master/1305/ : SUCCESS

http://cv.jenkins.couchbase.com/job/kv_engine.linux-CE/job/master/2192/ : SUCCESS

http://cv.jenkins.couchbase.com/job/kv_engine.threadsanitizer/job/master/2242/ : SUCCESS

http://cv.jenkins.couchbase.com/job/kv_engine.ASan-UBSan/job/master/10081/ : SUCCESS

http://cv.jenkins.couchbase.com/job/kv_engine-windows-master/26548/ : SUCCESS
----------------------------------------------------------------------------------------------------------------------
Author: Build Bot
Date: 2020-03-03 17:07:21.000000000
Message: 
Patch Set 2:

Build Failed 

http://cv.jenkins.couchbase.com/job/kv_engine.linux/job/master/2268/ : FAILURE

http://cv.jenkins.couchbase.com/job/kv_engine-clang_format/24935/ : SUCCESS

http://cv.jenkins.couchbase.com/job/kv-engine-cv-perf/15755/ : SUCCESS

http://cv.jenkins.couchbase.com/job/kv_engine-clang_analyzer-master/22690/ : SUCCESS

http://cv.jenkins.couchbase.com/job/kv_engine-clang_tidy/873/ : SUCCESS

http://cv.jenkins.couchbase.com/job/kv_engine.macos/job/master/1305/ : SUCCESS

http://cv.jenkins.couchbase.com/job/kv_engine.linux-CE/job/master/2192/ : SUCCESS

http://cv.jenkins.couchbase.com/job/kv_engine.threadsanitizer/job/master/2242/ : SUCCESS

http://cv.jenkins.couchbase.com/job/kv_engine.ASan-UBSan/job/master/10081/ : SUCCESS

http://cv.jenkins.couchbase.com/job/kv_engine-windows-master/26548/ : SUCCESS
----------------------------------------------------------------------------------------------------------------------
