======================================================================================================================
DESCRIPTION:

MB-30271: Add protocol spec for requesting RBAC data from ns_server

This patch reserves the opcode for the command to request
privilege context from ns_server, and the feature the
daemon may use to notify memcached that it may be used to
request RBAC information.

Change-Id: I25d5e8bf6100685d138a947fba2eff08e23abb01

======================================================================================================================
COMMENTS
======================================================================================================================
Author: Dave Rigby
Date: 2018-07-12 14:41:55.000000000
Message: 
Patch Set 12: Patch Set 11 was rebased
----------------------------------------------------------------------------------------------------------------------
Author: Build Bot
Date: 2018-07-12 15:49:20.000000000
Message: 
Patch Set 12: Verified-1

Build Failed 

http://cv.jenkins.couchbase.com/job/kv_engine-linux-master/10313/ : FAILURE

One of more core files found at the end of the build. Data for post-mortem saved to archived_core_dumps.tar.bz2 under "Build Artifacts". ( http://cv.jenkins.couchbase.com/job/kv_engine-linux-master/10313/ )

Failure of a CTest test  40/194 Test  #38: ep_testsuite.full_eviction.rocksdb ........................................... ( http://cv.jenkins.couchbase.com/job/kv_engine-linux-master/10313/ )

http://cv.jenkins.couchbase.com/job/kv_engine-addresssanitizer-master/2057/ : FAILURE

Failure of a CTest test 166/174 Test #164: memcached_testapp.ep.Subdoc/SubdocTestappTest ................................ ( http://cv.jenkins.couchbase.com/job/kv_engine-addresssanitizer-master/2057/ )

Failure of a GoogleTest  ( http://cv.jenkins.couchbase.com/job/kv_engine-addresssanitizer-master/2057/ )

http://cv.jenkins.couchbase.com/job/kv_engine-threadsanitizer-master/2160/ : FAILURE

Failure of a CTest test  54/173 Test  #51: ep_testsuite_dcp.ephemeral.comp_active ....................................... ( http://cv.jenkins.couchbase.com/job/kv_engine-threadsanitizer-master/2160/ )

http://cv.jenkins.couchbase.com/job/kv_engine-undefinedsanitizer-master/1424/ : FAILURE

One of more core files found at the end of the build. Data for post-mortem saved to archived_core_dumps.tar.bz2 under "Build Artifacts". ( http://cv.jenkins.couchbase.com/job/kv_engine-undefinedsanitizer-master/1424/ )

Failure of a CTest test  51/175 Test  #49: ep_testsuite_dcp.full_eviction.comp_active ................................... ( http://cv.jenkins.couchbase.com/job/kv_engine-undefinedsanitizer-master/1424/ )

http://cv.jenkins.couchbase.com/job/kv_engine-clang_format/9283/ : SUCCESS

http://cv.jenkins.couchbase.com/job/kv_engine-clang_analyzer-master/9166/ : SUCCESS

http://cv.jenkins.couchbase.com/job/kv_engine-windows-master/10425/ : SUCCESS
----------------------------------------------------------------------------------------------------------------------
