======================================================================================================================
DESCRIPTION:

dcp

Change-Id: Ie6bba5ba09dc23152c43473f305a7a46775a4c24

======================================================================================================================
COMMENTS
======================================================================================================================
Author: Trond Norbye
Date: 2022-07-08 05:56:52.000000000
Message: 
Uploaded patch set 2.
----------------------------------------------------------------------------------------------------------------------
Author: Build Bot
Date: 2022-07-08 07:16:20.000000000
Message: 
Patch Set 2: Verified-1

Build Failed 

http://cv.jenkins.couchbase.com/job/kv_engine.linux-CE/job/master/20766/ : FAILURE

Failure of GoogleTest "TransportProtocols/XattrTest.mb25928_SystemCanExceedDocumentLimit/Mcbp_XattrYes_JsonYes_SnappyYes":

<pre>
[ RUN      ] TransportProtocols/XattrTest.mb25928_SystemCanExceedDocumentLimit/Mcbp_XattrYes_JsonYes_SnappyYes
[2022-07-08T06:22:03.277Z] /home/couchbase/jenkins/workspace/kv_engine.linux-CE_master/kv_engine/tests/testapp/testapp_xattr.cc:1929: Failure
[2022-07-08T06:22:03.277Z] Value of: resp.isSuccess()
[2022-07-08T06:22:03.277Z]   Actual: false
[2022-07-08T06:22:03.277Z] Expected: true
[2022-07-08T06:22:03.277Z] Expected to be able to store system xattrs
[2022-07-08T06:22:03.277Z] [  FAILED  ] TransportProtocols/XattrTest.mb25928_SystemCanExceedDocumentLimit/Mcbp_XattrYes_JsonYes_SnappyYes, where GetParam() = (Mcbp, XattrYes, 4-byte object <00-00 00-00>, 4-byte object <00-00 00-00>) (147 ms)
TransportProtocols/XattrTest.mb25928_SystemCanExceedDocumentLimit/Mcbp_XattrYes_JsonYes_SnappyYes
</pre>
 ( http://cv.jenkins.couchbase.com/job/kv_engine.linux-CE/job/master/20766/ )

One of more core files found at the end of the build. Data for post-mortem saved to archived_core_dumps.tar.bz2 under "Build Artifacts". ( http://cv.jenkins.couchbase.com/job/kv_engine.linux-CE/job/master/20766/ )

http://cv.jenkins.couchbase.com/job/kv_engine.threadsanitizer/job/master/21812/ : FAILURE

Failure of GoogleTest "MeteringTest.MeterArithmeticMethods":

<pre>
[ RUN      ] MeteringTest.MeterArithmeticMethods
[2022-07-08T06:46:26.870Z] unknown file: Failure
[2022-07-08T06:46:26.870Z] C++ exception with description "MemcachedConnection::recvFrame(): Timed out after waiting 2000ms for a response for INCREMENT" thrown in the test body.
[2022-07-08T06:46:26.870Z] [  FAILED  ] MeteringTest.MeterArithmeticMethods (2409 ms)
MeteringTest.MeterArithmeticMethods
</pre>
 ( http://cv.jenkins.couchbase.com/job/kv_engine.threadsanitizer/job/master/21812/ )

Timeout of a CTest test [2022-07-08T06:46:26.866Z] 424/424 Test #422: serverless_test .........................................................................................} ( http://cv.jenkins.couchbase.com/job/kv_engine.threadsanitizer/job/master/21812/ )

ThreadSanitizer issue: data race (/opt/gcc-10.2.0/lib64/libtsan.so.0+0x38f1a) in pthread_mutex_destroy  ( http://cv.jenkins.couchbase.com/job/kv_engine.threadsanitizer/job/master/21812/ )

http://cv.jenkins.couchbase.com/job/kv_engine.macos/job/master/20009/ : FAILURE

Failure of an engine_testapp test:

<pre>
Running [76/160]: disk>RAM delete paged-out...../kv_engine/engines/ep/tests/ep_testsuite.cc:4367 Test failed: `" (Expected `0", got `1" - Unexpected bg_fetched after del/get)
[2022-07-08T06:12:04.255Z] (220 ms) FAIL
</pre>
 ( http://cv.jenkins.couchbase.com/job/kv_engine.macos/job/master/20009/ )

http://cv.jenkins.couchbase.com/job/kv_engine.ASan-UBSan/job/master/29164/ : FAILURE

Failure of GoogleTest "MeteringTest.MeterArithmeticMethods":

<pre>
[ RUN      ] MeteringTest.MeterArithmeticMethods
[2022-07-08T06:45:26.083Z] unknown file: Failure
[2022-07-08T06:45:26.083Z] C++ exception with description "MemcachedConnection::recvFrame(): Timed out after waiting 2000ms for a response for INCREMENT" thrown in the test body.
[2022-07-08T06:45:26.083Z] [  FAILED  ] MeteringTest.MeterArithmeticMethods (2097 ms)
MeteringTest.MeterArithmeticMethods
</pre>
 ( http://cv.jenkins.couchbase.com/job/kv_engine.ASan-UBSan/job/master/29164/ )

One of more core files found at the end of the build. Data for post-mortem saved to archived_core_dumps.tar.bz2 under "Build Artifacts". ( http://cv.jenkins.couchbase.com/job/kv_engine.ASan-UBSan/job/master/29164/ )

Timeout of a CTest test [2022-07-08T06:45:26.082Z] 432/432 Test #430: serverless_test .........................................................................................} ( http://cv.jenkins.couchbase.com/job/kv_engine.ASan-UBSan/job/master/29164/ )

http://cv.jenkins.couchbase.com/job/kv_engine-clang_format_9/18024/ : SUCCESS

http://cv.jenkins.couchbase.com/job/kv_engine-windows-master/47679/ : SUCCESS

http://cv.jenkins.couchbase.com/job/kv_engine-clang_tidy-master/18867/ : SUCCESS

http://cv.jenkins.couchbase.com/job/kv_engine-clang_analyzer-master/40053/ : SUCCESS

http://cv.jenkins.couchbase.com/job/kv_engine.libFuzzer/job/master/8551/ : SUCCESS

http://cv.jenkins.couchbase.com/job/kv_engine.linux/job/master/21124/ : SUCCESS

http://cv.jenkins.couchbase.com/job/kv_engine.aarch64-linux/job/master/8648/ : SUCCESS
----------------------------------------------------------------------------------------------------------------------
Author: Trond Norbye
Date: 2022-07-08 07:31:35.000000000
Message: 
Abandoned
----------------------------------------------------------------------------------------------------------------------
