======================================================================================================================
DESCRIPTION:

_POSIX_PTHREAD_SEMANTICS is defined by tlm

Change-Id: I8efb307132be105e595dc8b73762b86689765f8b

======================================================================================================================
COMMENTS
======================================================================================================================
Author: Trond Norbye
Date: 2018-06-13 09:06:30.000000000
Message: 
Uploaded patch set 2: Patch Set 1 was rebased.
----------------------------------------------------------------------------------------------------------------------
Author: Build Bot
Date: 2018-06-13 09:55:01.000000000
Message: 
Patch Set 2: Verified-1

Build Failed 

http://cv.jenkins.couchbase.com/job/kv_engine-linux-master/9724/ : FAILURE

Timeout of a CTest test 163/163 Test  #90: memcached_testapp.default.WorkerConcurrencyTest ..............................} ( http://cv.jenkins.couchbase.com/job/kv_engine-linux-master/9724/ )

http://cv.jenkins.couchbase.com/job/kv_engine-clang_analyzer-master/8613/ : SUCCESS

http://cv.jenkins.couchbase.com/job/kv_engine-clang_format/8606/ : SUCCESS

http://cv.jenkins.couchbase.com/job/kv_engine-windows-master/9718/ : SUCCESS

http://cv.jenkins.couchbase.com/job/kv_engine-addresssanitizer-master/1462/ : SUCCESS

http://cv.jenkins.couchbase.com/job/kv_engine-threadsanitizer-master/1527/ : SUCCESS

http://cv.jenkins.couchbase.com/job/kv_engine-undefinedsanitizer-master/631/ : SUCCESS
----------------------------------------------------------------------------------------------------------------------
Author: Dave Rigby
Date: 2018-06-13 12:00:25.000000000
Message: 
Patch Set 2: Code-Review+2
----------------------------------------------------------------------------------------------------------------------
Author: Build Bot
Date: 2018-06-13 12:26:56.000000000
Message: 
Patch Set 2:

Build Failed 

http://cv.jenkins.couchbase.com/job/kv_engine-linux-master/9727/ : FAILURE

One of more core files found at the end of the build. Data for post-mortem saved to archived_core_dumps.tar.bz2 under "Build Artifacts". ( http://cv.jenkins.couchbase.com/job/kv_engine-linux-master/9727/ )

Failure of a CTest test 132/163 Test #133: memcached_testapp.ep.TransportProtocols/BucketTest ........................... ( http://cv.jenkins.couchbase.com/job/kv_engine-linux-master/9727/ )

http://cv.jenkins.couchbase.com/job/kv_engine-clang_analyzer-master/8613/ : SUCCESS

http://cv.jenkins.couchbase.com/job/kv_engine-clang_format/8606/ : SUCCESS

http://cv.jenkins.couchbase.com/job/kv_engine-windows-master/9718/ : SUCCESS

http://cv.jenkins.couchbase.com/job/kv_engine-addresssanitizer-master/1462/ : SUCCESS

http://cv.jenkins.couchbase.com/job/kv_engine-threadsanitizer-master/1527/ : SUCCESS

http://cv.jenkins.couchbase.com/job/kv_engine-undefinedsanitizer-master/631/ : SUCCESS
----------------------------------------------------------------------------------------------------------------------
Author: Build Bot
Date: 2018-06-13 12:36:51.000000000
Message: 
Patch Set 2:

Build Failed 

http://cv.jenkins.couchbase.com/job/kv_engine-linux-master/9728/ : FAILURE

One of more core files found at the end of the build. Data for post-mortem saved to archived_core_dumps.tar.bz2 under "Build Artifacts". ( http://cv.jenkins.couchbase.com/job/kv_engine-linux-master/9728/ )

Failure of a GoogleTest  ( http://cv.jenkins.couchbase.com/job/kv_engine-linux-master/9728/ )

Failure of a CTest test 131/163 Test #133: memcached_testapp.ep.TransportProtocols/BucketTest ........................... ( http://cv.jenkins.couchbase.com/job/kv_engine-linux-master/9728/ )

http://cv.jenkins.couchbase.com/job/kv_engine-clang_analyzer-master/8613/ : SUCCESS

http://cv.jenkins.couchbase.com/job/kv_engine-clang_format/8606/ : SUCCESS

http://cv.jenkins.couchbase.com/job/kv_engine-windows-master/9718/ : SUCCESS

http://cv.jenkins.couchbase.com/job/kv_engine-addresssanitizer-master/1462/ : SUCCESS

http://cv.jenkins.couchbase.com/job/kv_engine-threadsanitizer-master/1527/ : SUCCESS

http://cv.jenkins.couchbase.com/job/kv_engine-undefinedsanitizer-master/631/ : SUCCESS
----------------------------------------------------------------------------------------------------------------------
Author: Build Bot
Date: 2018-06-13 12:48:47.000000000
Message: 
Patch Set 2: Verified+1

Build Successful 

http://cv.jenkins.couchbase.com/job/kv_engine-clang_analyzer-master/8613/ : SUCCESS

http://cv.jenkins.couchbase.com/job/kv_engine-clang_format/8606/ : SUCCESS

http://cv.jenkins.couchbase.com/job/kv_engine-windows-master/9718/ : SUCCESS

http://cv.jenkins.couchbase.com/job/kv_engine-addresssanitizer-master/1462/ : SUCCESS

http://cv.jenkins.couchbase.com/job/kv_engine-threadsanitizer-master/1527/ : SUCCESS

http://cv.jenkins.couchbase.com/job/kv_engine-undefinedsanitizer-master/631/ : SUCCESS

http://cv.jenkins.couchbase.com/job/kv_engine-linux-master/9730/ : SUCCESS
----------------------------------------------------------------------------------------------------------------------
